[0.316s] DEBUG:colcon:Command line arguments: ['/usr/bin/colcon', 'build', '--symlink-install']
[0.317s] DEBUG:colcon:Parsed command line arguments: Namespace(log_base=None, log_level=None, verb_name='build', build_base='build', install_base='install', merge_install=False, symlink_install=True, test_result_base=None, continue_on_error=False, executor='parallel', parallel_workers=12, event_handlers=None, ignore_user_meta=False, metas=['./colcon.meta'], base_paths=['.'], packages_ignore=None, packages_ignore_regex=None, paths=None, packages_up_to=None, packages_up_to_regex=None, packages_above=None, packages_above_and_dependencies=None, packages_above_depth=None, packages_select_by_dep=None, packages_skip_by_dep=None, packages_skip_up_to=None, packages_select_build_failed=False, packages_skip_build_finished=False, packages_select_test_failures=False, packages_skip_test_passed=False, packages_select=None, packages_skip=None, packages_select_regex=None, packages_skip_regex=None, packages_start=None, packages_end=None, allow_overriding=[], cmake_args=None, cmake_target=None, cmake_target_skip_unavailable=False, cmake_clean_cache=False, cmake_clean_first=False, cmake_force_configure=False, ament_cmake_args=None, catkin_cmake_args=None, catkin_skip_building_tests=False, verb_parser=<colcon_defaults.argument_parser.defaults.DefaultArgumentsDecorator object at 0x7896bdad70a0>, verb_extension=<colcon_core.verb.build.BuildVerb object at 0x7896bdca84c0>, main=<bound method BuildVerb.main of <colcon_core.verb.build.BuildVerb object at 0x7896bdca84c0>>)
[0.603s] Level 1:colcon.colcon_core.package_discovery:discover_packages(colcon_meta) check parameters
[0.604s] Level 1:colcon.colcon_core.package_discovery:discover_packages(recursive) check parameters
[0.605s] Level 1:colcon.colcon_core.package_discovery:discover_packages(ignore) check parameters
[0.605s] Level 1:colcon.colcon_core.package_discovery:discover_packages(path) check parameters
[0.606s] Level 1:colcon.colcon_core.package_discovery:discover_packages(colcon_meta) discover
[0.606s] Level 1:colcon.colcon_core.package_discovery:discover_packages(recursive) discover
[0.607s] INFO:colcon.colcon_core.package_discovery:Crawling recursively for packages in '/home/ubuntu/ros_ws/ros2/project/turtlebot3_gazebo'
[0.612s] Level 1:colcon.colcon_core.package_identification:_identify(.) by extensions ['ignore', 'ignore_ament_install']
[0.613s] Level 1:colcon.colcon_core.package_identification:_identify(.) by extension 'ignore'
[0.614s] Level 1:colcon.colcon_core.package_identification:_identify(.) by extension 'ignore_ament_install'
[0.616s] Level 1:colcon.colcon_core.package_identification:_identify(.) by extensions ['colcon_pkg']
[0.616s] Level 1:colcon.colcon_core.package_identification:_identify(.) by extension 'colcon_pkg'
[0.618s] Level 1:colcon.colcon_core.package_identification:_identify(.) by extensions ['colcon_meta']
[0.618s] Level 1:colcon.colcon_core.package_identification:_identify(.) by extension 'colcon_meta'
[0.619s] Level 1:colcon.colcon_core.package_identification:_identify(.) by extensions ['ros']
[0.620s] Level 1:colcon.colcon_core.package_identification:_identify(.) by extension 'ros'
[0.656s] DEBUG:colcon.colcon_core.package_identification:Package '.' with type 'ros.ament_cmake' and name 'turtlebot3_gazebo'
[0.657s] Level 1:colcon.colcon_core.package_discovery:discover_packages(recursive) using defaults
[0.658s] Level 1:colcon.colcon_core.package_discovery:discover_packages(ignore) discover
[0.658s] Level 1:colcon.colcon_core.package_discovery:discover_packages(ignore) using defaults
[0.659s] Level 1:colcon.colcon_core.package_discovery:discover_packages(path) discover
[0.660s] Level 1:colcon.colcon_core.package_discovery:discover_packages(path) using defaults
[0.690s] Level 1:colcon.colcon_core.package_discovery:discover_packages(prefix_path) check parameters
[0.691s] Level 1:colcon.colcon_core.package_discovery:discover_packages(prefix_path) discover
[0.935s] DEBUG:colcon.colcon_installed_package_information.package_discovery:Found 1 installed packages in /home/ubuntu/ros_ws/ros2/project/turtlebot3_gazebo/install
[0.942s] DEBUG:colcon.colcon_installed_package_information.package_discovery:Found 302 installed packages in /opt/ros/humble
[0.987s] Level 1:colcon.colcon_core.package_discovery:discover_packages(prefix_path) using defaults
[1.198s] Level 5:colcon.colcon_core.verb:set package 'turtlebot3_gazebo' build argument 'cmake_args' from command line to 'None'
[1.200s] Level 5:colcon.colcon_core.verb:set package 'turtlebot3_gazebo' build argument 'cmake_target' from command line to 'None'
[1.201s] Level 5:colcon.colcon_core.verb:set package 'turtlebot3_gazebo' build argument 'cmake_target_skip_unavailable' from command line to 'False'
[1.202s] Level 5:colcon.colcon_core.verb:set package 'turtlebot3_gazebo' build argument 'cmake_clean_cache' from command line to 'False'
[1.204s] Level 5:colcon.colcon_core.verb:set package 'turtlebot3_gazebo' build argument 'cmake_clean_first' from command line to 'False'
[1.205s] Level 5:colcon.colcon_core.verb:set package 'turtlebot3_gazebo' build argument 'cmake_force_configure' from command line to 'False'
[1.206s] Level 5:colcon.colcon_core.verb:set package 'turtlebot3_gazebo' build argument 'ament_cmake_args' from command line to 'None'
[1.208s] Level 5:colcon.colcon_core.verb:set package 'turtlebot3_gazebo' build argument 'catkin_cmake_args' from command line to 'None'
[1.209s] Level 5:colcon.colcon_core.verb:set package 'turtlebot3_gazebo' build argument 'catkin_skip_building_tests' from command line to 'False'
[1.210s] DEBUG:colcon.colcon_core.verb:Building package 'turtlebot3_gazebo' with the following arguments: {'ament_cmake_args': None, 'build_base': '/home/ubuntu/ros_ws/ros2/project/turtlebot3_gazebo/build/turtlebot3_gazebo', 'catkin_cmake_args': None, 'catkin_skip_building_tests': False, 'cmake_args': None, 'cmake_clean_cache': False, 'cmake_clean_first': False, 'cmake_force_configure': False, 'cmake_target': None, 'cmake_target_skip_unavailable': False, 'install_base': '/home/ubuntu/ros_ws/ros2/project/turtlebot3_gazebo/install/turtlebot3_gazebo', 'merge_install': False, 'path': '/home/ubuntu/ros_ws/ros2/project/turtlebot3_gazebo', 'symlink_install': True, 'test_result_base': None}
[1.212s] INFO:colcon.colcon_core.executor:Executing jobs using 'parallel' executor
[1.217s] DEBUG:colcon.colcon_parallel_executor.executor.parallel:run_until_complete
[1.219s] INFO:colcon.colcon_ros.task.ament_cmake.build:Building ROS package in '/home/ubuntu/ros_ws/ros2/project/turtlebot3_gazebo' with build type 'ament_cmake'
[1.220s] INFO:colcon.colcon_cmake.task.cmake.build:Building CMake package in '/home/ubuntu/ros_ws/ros2/project/turtlebot3_gazebo'
[1.231s] INFO:colcon.colcon_core.plugin_system:Skipping extension 'colcon_core.shell.bat': Not used on non-Windows systems
[1.233s] INFO:colcon.colcon_core.shell:Skip shell extension 'powershell' for command environment: Not usable outside of PowerShell
[1.234s] DEBUG:colcon.colcon_core.shell:Skip shell extension 'dsv' for command environment
[1.849s] DEBUG:colcon.colcon_core.event_handler.log_command:Invoking command in '/home/ubuntu/ros_ws/ros2/project/turtlebot3_gazebo/build/turtlebot3_gazebo': CMAKE_PREFIX_PATH=${CMAKE_PREFIX_PATH}:/opt/ros/humble /usr/bin/cmake --build /home/ubuntu/ros_ws/ros2/project/turtlebot3_gazebo/build/turtlebot3_gazebo -- -j12 -l12
[3.845s] DEBUG:colcon.colcon_core.event_handler.log_command:Invoked command in '/home/ubuntu/ros_ws/ros2/project/turtlebot3_gazebo/build/turtlebot3_gazebo' returned '0': CMAKE_PREFIX_PATH=${CMAKE_PREFIX_PATH}:/opt/ros/humble /usr/bin/cmake --build /home/ubuntu/ros_ws/ros2/project/turtlebot3_gazebo/build/turtlebot3_gazebo -- -j12 -l12
[4.034s] DEBUG:colcon.colcon_core.event_handler.log_command:Invoking command in '/home/ubuntu/ros_ws/ros2/project/turtlebot3_gazebo/build/turtlebot3_gazebo': CMAKE_PREFIX_PATH=${CMAKE_PREFIX_PATH}:/opt/ros/humble /usr/bin/cmake --install /home/ubuntu/ros_ws/ros2/project/turtlebot3_gazebo/build/turtlebot3_gazebo
[29.234s] Level 1:colcon.colcon_core.environment:create_environment_scripts_only(turtlebot3_gazebo)
[29.240s] DEBUG:colcon.colcon_core.event_handler.log_command:Invoked command in '/home/ubuntu/ros_ws/ros2/project/turtlebot3_gazebo/build/turtlebot3_gazebo' returned '0': CMAKE_PREFIX_PATH=${CMAKE_PREFIX_PATH}:/opt/ros/humble /usr/bin/cmake --install /home/ubuntu/ros_ws/ros2/project/turtlebot3_gazebo/build/turtlebot3_gazebo
[29.245s] Level 1:colcon.colcon_core.environment:checking '/home/ubuntu/ros_ws/ros2/project/turtlebot3_gazebo/install/turtlebot3_gazebo' for CMake module files
[29.608s] Level 1:colcon.colcon_core.environment:checking '/home/ubuntu/ros_ws/ros2/project/turtlebot3_gazebo/install/turtlebot3_gazebo' for CMake config files
[29.942s] Level 1:colcon.colcon_core.shell:create_environment_hook('turtlebot3_gazebo', 'cmake_prefix_path')
[29.943s] INFO:colcon.colcon_core.shell:Creating environment hook '/home/ubuntu/ros_ws/ros2/project/turtlebot3_gazebo/install/turtlebot3_gazebo/share/turtlebot3_gazebo/hook/cmake_prefix_path.ps1'
[29.977s] INFO:colcon.colcon_core.shell:Creating environment descriptor '/home/ubuntu/ros_ws/ros2/project/turtlebot3_gazebo/install/turtlebot3_gazebo/share/turtlebot3_gazebo/hook/cmake_prefix_path.dsv'
[30.005s] INFO:colcon.colcon_core.shell:Creating environment hook '/home/ubuntu/ros_ws/ros2/project/turtlebot3_gazebo/install/turtlebot3_gazebo/share/turtlebot3_gazebo/hook/cmake_prefix_path.sh'
[30.051s] Level 1:colcon.colcon_core.environment:checking '/home/ubuntu/ros_ws/ros2/project/turtlebot3_gazebo/install/turtlebot3_gazebo/lib'
[30.062s] Level 1:colcon.colcon_core.environment:checking '/home/ubuntu/ros_ws/ros2/project/turtlebot3_gazebo/install/turtlebot3_gazebo/bin'
[30.065s] Level 1:colcon.colcon_core.environment:checking '/home/ubuntu/ros_ws/ros2/project/turtlebot3_gazebo/install/turtlebot3_gazebo/lib/pkgconfig/turtlebot3_gazebo.pc'
[30.070s] Level 1:colcon.colcon_core.environment:checking '/home/ubuntu/ros_ws/ros2/project/turtlebot3_gazebo/install/turtlebot3_gazebo/lib/python3.10/site-packages'
[30.075s] Level 1:colcon.colcon_core.environment:checking '/home/ubuntu/ros_ws/ros2/project/turtlebot3_gazebo/install/turtlebot3_gazebo/bin'
[30.078s] INFO:colcon.colcon_core.shell:Creating package script '/home/ubuntu/ros_ws/ros2/project/turtlebot3_gazebo/install/turtlebot3_gazebo/share/turtlebot3_gazebo/package.ps1'
[30.110s] INFO:colcon.colcon_core.shell:Creating package descriptor '/home/ubuntu/ros_ws/ros2/project/turtlebot3_gazebo/install/turtlebot3_gazebo/share/turtlebot3_gazebo/package.dsv'
[30.148s] INFO:colcon.colcon_core.shell:Creating package script '/home/ubuntu/ros_ws/ros2/project/turtlebot3_gazebo/install/turtlebot3_gazebo/share/turtlebot3_gazebo/package.sh'
[30.181s] INFO:colcon.colcon_core.shell:Creating package script '/home/ubuntu/ros_ws/ros2/project/turtlebot3_gazebo/install/turtlebot3_gazebo/share/turtlebot3_gazebo/package.bash'
[30.210s] INFO:colcon.colcon_core.shell:Creating package script '/home/ubuntu/ros_ws/ros2/project/turtlebot3_gazebo/install/turtlebot3_gazebo/share/turtlebot3_gazebo/package.zsh'
[30.239s] Level 1:colcon.colcon_core.environment:create_file_with_runtime_dependencies(/home/ubuntu/ros_ws/ros2/project/turtlebot3_gazebo/install/turtlebot3_gazebo/share/colcon-core/packages/turtlebot3_gazebo)
[30.301s] Level 1:colcon.colcon_core.environment:create_environment_scripts_only(turtlebot3_gazebo)
[30.302s] Level 1:colcon.colcon_core.environment:checking '/home/ubuntu/ros_ws/ros2/project/turtlebot3_gazebo/install/turtlebot3_gazebo' for CMake module files
[30.752s] Level 1:colcon.colcon_core.environment:checking '/home/ubuntu/ros_ws/ros2/project/turtlebot3_gazebo/install/turtlebot3_gazebo' for CMake config files
[31.320s] Level 1:colcon.colcon_core.shell:create_environment_hook('turtlebot3_gazebo', 'cmake_prefix_path')
[31.321s] INFO:colcon.colcon_core.shell:Creating environment hook '/home/ubuntu/ros_ws/ros2/project/turtlebot3_gazebo/install/turtlebot3_gazebo/share/turtlebot3_gazebo/hook/cmake_prefix_path.ps1'
[31.374s] INFO:colcon.colcon_core.shell:Creating environment descriptor '/home/ubuntu/ros_ws/ros2/project/turtlebot3_gazebo/install/turtlebot3_gazebo/share/turtlebot3_gazebo/hook/cmake_prefix_path.dsv'
[31.443s] INFO:colcon.colcon_core.shell:Creating environment hook '/home/ubuntu/ros_ws/ros2/project/turtlebot3_gazebo/install/turtlebot3_gazebo/share/turtlebot3_gazebo/hook/cmake_prefix_path.sh'
[31.534s] Level 1:colcon.colcon_core.environment:checking '/home/ubuntu/ros_ws/ros2/project/turtlebot3_gazebo/install/turtlebot3_gazebo/lib'
[31.554s] Level 1:colcon.colcon_core.environment:checking '/home/ubuntu/ros_ws/ros2/project/turtlebot3_gazebo/install/turtlebot3_gazebo/bin'
[31.559s] Level 1:colcon.colcon_core.environment:checking '/home/ubuntu/ros_ws/ros2/project/turtlebot3_gazebo/install/turtlebot3_gazebo/lib/pkgconfig/turtlebot3_gazebo.pc'
[31.569s] Level 1:colcon.colcon_core.environment:checking '/home/ubuntu/ros_ws/ros2/project/turtlebot3_gazebo/install/turtlebot3_gazebo/lib/python3.10/site-packages'
[31.581s] Level 1:colcon.colcon_core.environment:checking '/home/ubuntu/ros_ws/ros2/project/turtlebot3_gazebo/install/turtlebot3_gazebo/bin'
[31.591s] INFO:colcon.colcon_core.shell:Creating package script '/home/ubuntu/ros_ws/ros2/project/turtlebot3_gazebo/install/turtlebot3_gazebo/share/turtlebot3_gazebo/package.ps1'
[31.653s] INFO:colcon.colcon_core.shell:Creating package descriptor '/home/ubuntu/ros_ws/ros2/project/turtlebot3_gazebo/install/turtlebot3_gazebo/share/turtlebot3_gazebo/package.dsv'
[31.708s] INFO:colcon.colcon_core.shell:Creating package script '/home/ubuntu/ros_ws/ros2/project/turtlebot3_gazebo/install/turtlebot3_gazebo/share/turtlebot3_gazebo/package.sh'
[31.738s] INFO:colcon.colcon_core.shell:Creating package script '/home/ubuntu/ros_ws/ros2/project/turtlebot3_gazebo/install/turtlebot3_gazebo/share/turtlebot3_gazebo/package.bash'
[31.780s] INFO:colcon.colcon_core.shell:Creating package script '/home/ubuntu/ros_ws/ros2/project/turtlebot3_gazebo/install/turtlebot3_gazebo/share/turtlebot3_gazebo/package.zsh'
[31.830s] Level 1:colcon.colcon_core.environment:create_file_with_runtime_dependencies(/home/ubuntu/ros_ws/ros2/project/turtlebot3_gazebo/install/turtlebot3_gazebo/share/colcon-core/packages/turtlebot3_gazebo)
[31.902s] DEBUG:colcon.colcon_parallel_executor.executor.parallel:closing loop
[31.905s] DEBUG:colcon.colcon_parallel_executor.executor.parallel:loop closed
[31.907s] DEBUG:colcon.colcon_parallel_executor.executor.parallel:run_until_complete finished with '0'
[31.909s] DEBUG:colcon.colcon_core.event_reactor:joining thread
[32.001s] INFO:colcon.colcon_core.plugin_system:Skipping extension 'colcon_notification.desktop_notification.terminal_notifier': Not used on non-Darwin systems
[32.003s] INFO:colcon.colcon_core.plugin_system:Skipping extension 'colcon_notification.desktop_notification.win32': Not used on non-Windows systems
[32.005s] INFO:colcon.colcon_notification.desktop_notification:Sending desktop notification using 'notify2'
[32.846s] DEBUG:colcon.colcon_core.event_reactor:joined thread
[32.848s] INFO:colcon.colcon_core.shell:Creating prefix script '/home/ubuntu/ros_ws/ros2/project/turtlebot3_gazebo/install/local_setup.ps1'
[32.871s] INFO:colcon.colcon_core.shell:Creating prefix util module '/home/ubuntu/ros_ws/ros2/project/turtlebot3_gazebo/install/_local_setup_util_ps1.py'
[32.894s] INFO:colcon.colcon_core.shell:Creating prefix chain script '/home/ubuntu/ros_ws/ros2/project/turtlebot3_gazebo/install/setup.ps1'
[32.992s] INFO:colcon.colcon_core.shell:Creating prefix script '/home/ubuntu/ros_ws/ros2/project/turtlebot3_gazebo/install/local_setup.sh'
[33.016s] INFO:colcon.colcon_core.shell:Creating prefix util module '/home/ubuntu/ros_ws/ros2/project/turtlebot3_gazebo/install/_local_setup_util_sh.py'
[33.031s] INFO:colcon.colcon_core.shell:Creating prefix chain script '/home/ubuntu/ros_ws/ros2/project/turtlebot3_gazebo/install/setup.sh'
[33.084s] INFO:colcon.colcon_core.shell:Creating prefix script '/home/ubuntu/ros_ws/ros2/project/turtlebot3_gazebo/install/local_setup.bash'
[33.102s] INFO:colcon.colcon_core.shell:Creating prefix chain script '/home/ubuntu/ros_ws/ros2/project/turtlebot3_gazebo/install/setup.bash'
[33.134s] INFO:colcon.colcon_core.shell:Creating prefix script '/home/ubuntu/ros_ws/ros2/project/turtlebot3_gazebo/install/local_setup.zsh'
[33.146s] INFO:colcon.colcon_core.shell:Creating prefix chain script '/home/ubuntu/ros_ws/ros2/project/turtlebot3_gazebo/install/setup.zsh'
