[0.107s] Invoking command in '/home/ubuntu/ros_ws/ros2/project/turtlebot3_gazebo/build/turtlebot3_gazebo': CMAKE_PREFIX_PATH=${CMAKE_PREFIX_PATH}:/opt/ros/humble /usr/bin/cmake --build /home/ubuntu/ros_ws/ros2/project/turtlebot3_gazebo/build/turtlebot3_gazebo -- -j12 -l12
[0.397s] [ 16%] Built target turtlebot3_drive
[0.449s] [ 58%] Built target obstacle2
[0.463s] [100%] Built target traffic_light_plugin
[0.464s] [100%] Built target obstacle1
[0.466s] [100%] Built target traffic_bar_plugin
[0.467s] [100%] Built target obstacles
[0.550s] Invoked command in '/home/ubuntu/ros_ws/ros2/project/turtlebot3_gazebo/build/turtlebot3_gazebo' returned '0': CMAKE_PREFIX_PATH=${CMAKE_PREFIX_PATH}:/opt/ros/humble /usr/bin/cmake --build /home/ubuntu/ros_ws/ros2/project/turtlebot3_gazebo/build/turtlebot3_gazebo -- -j12 -l12
[0.592s] Invoking command in '/home/ubuntu/ros_ws/ros2/project/turtlebot3_gazebo/build/turtlebot3_gazebo': CMAKE_PREFIX_PATH=${CMAKE_PREFIX_PATH}:/opt/ros/humble /usr/bin/cmake --install /home/ubuntu/ros_ws/ros2/project/turtlebot3_gazebo/build/turtlebot3_gazebo
[0.605s] -- Install configuration: ""
[0.618s] -- Execute custom install script
[0.648s] -- Up-to-date symlink: /home/ubuntu/ros_ws/ros2/project/turtlebot3_gazebo/install/turtlebot3_gazebo/lib/turtlebot3_gazebo/turtlebot3_drive
[0.716s] -- Up-to-date symlink: /home/ubuntu/ros_ws/ros2/project/turtlebot3_gazebo/install/turtlebot3_gazebo/share/turtlebot3_gazebo//launch/empty_world.launch.py
[0.747s] -- Up-to-date symlink: /home/ubuntu/ros_ws/ros2/project/turtlebot3_gazebo/install/turtlebot3_gazebo/share/turtlebot3_gazebo//launch/multi_robot.launch.py
[0.772s] -- Up-to-date symlink: /home/ubuntu/ros_ws/ros2/project/turtlebot3_gazebo/install/turtlebot3_gazebo/share/turtlebot3_gazebo//launch/multi_spawn_turtlebot3.launch.py
[0.802s] -- Up-to-date symlink: /home/ubuntu/ros_ws/ros2/project/turtlebot3_gazebo/install/turtlebot3_gazebo/share/turtlebot3_gazebo//launch/robot_state_publisher.launch.py
[0.837s] -- Up-to-date symlink: /home/ubuntu/ros_ws/ros2/project/turtlebot3_gazebo/install/turtlebot3_gazebo/share/turtlebot3_gazebo//launch/spawn_turtlebot3.launch.py
[0.867s] -- Up-to-date symlink: /home/ubuntu/ros_ws/ros2/project/turtlebot3_gazebo/install/turtlebot3_gazebo/share/turtlebot3_gazebo//launch/turtlebot3_autorace_2020.launch.py
[0.898s] -- Up-to-date symlink: /home/ubuntu/ros_ws/ros2/project/turtlebot3_gazebo/install/turtlebot3_gazebo/share/turtlebot3_gazebo//launch/turtlebot3_dqn_stage1.launch.py
[0.928s] -- Up-to-date symlink: /home/ubuntu/ros_ws/ros2/project/turtlebot3_gazebo/install/turtlebot3_gazebo/share/turtlebot3_gazebo//launch/turtlebot3_dqn_stage2.launch.py
[0.956s] -- Up-to-date symlink: /home/ubuntu/ros_ws/ros2/project/turtlebot3_gazebo/install/turtlebot3_gazebo/share/turtlebot3_gazebo//launch/turtlebot3_dqn_stage3.launch.py
[0.988s] -- Up-to-date symlink: /home/ubuntu/ros_ws/ros2/project/turtlebot3_gazebo/install/turtlebot3_gazebo/share/turtlebot3_gazebo//launch/turtlebot3_dqn_stage4.launch.py
[1.015s] -- Up-to-date symlink: /home/ubuntu/ros_ws/ros2/project/turtlebot3_gazebo/install/turtlebot3_gazebo/share/turtlebot3_gazebo//launch/turtlebot3_house.launch.py
[1.044s] -- Up-to-date symlink: /home/ubuntu/ros_ws/ros2/project/turtlebot3_gazebo/install/turtlebot3_gazebo/share/turtlebot3_gazebo//launch/turtlebot3_world.launch.py
[2.316s] -- Up-to-date symlink: /home/ubuntu/ros_ws/ros2/project/turtlebot3_gazebo/install/turtlebot3_gazebo/share/turtlebot3_gazebo//models/turtlebot3_autorace_2020/checker/materials/checker.png
[2.389s] -- Up-to-date symlink: /home/ubuntu/ros_ws/ros2/project/turtlebot3_gazebo/install/turtlebot3_gazebo/share/turtlebot3_gazebo//models/turtlebot3_autorace_2020/checker/materials/scripts/checker.material
[2.471s] -- Up-to-date symlink: /home/ubuntu/ros_ws/ros2/project/turtlebot3_gazebo/install/turtlebot3_gazebo/share/turtlebot3_gazebo//models/turtlebot3_autorace_2020/checker/materials/textures/checker.png
[2.518s] -- Up-to-date symlink: /home/ubuntu/ros_ws/ros2/project/turtlebot3_gazebo/install/turtlebot3_gazebo/share/turtlebot3_gazebo//models/turtlebot3_autorace_2020/checker/model.config
[2.568s] -- Up-to-date symlink: /home/ubuntu/ros_ws/ros2/project/turtlebot3_gazebo/install/turtlebot3_gazebo/share/turtlebot3_gazebo//models/turtlebot3_autorace_2020/checker/model.sdf
[2.641s] -- Up-to-date symlink: /home/ubuntu/ros_ws/ros2/project/turtlebot3_gazebo/install/turtlebot3_gazebo/share/turtlebot3_gazebo//models/turtlebot3_autorace_2020/course/materials/scripts/course.material
[2.712s] -- Up-to-date symlink: /home/ubuntu/ros_ws/ros2/project/turtlebot3_gazebo/install/turtlebot3_gazebo/share/turtlebot3_gazebo//models/turtlebot3_autorace_2020/course/materials/textures/course.png
[2.766s] -- Up-to-date symlink: /home/ubuntu/ros_ws/ros2/project/turtlebot3_gazebo/install/turtlebot3_gazebo/share/turtlebot3_gazebo//models/turtlebot3_autorace_2020/course/model.config
[2.815s] -- Up-to-date symlink: /home/ubuntu/ros_ws/ros2/project/turtlebot3_gazebo/install/turtlebot3_gazebo/share/turtlebot3_gazebo//models/turtlebot3_autorace_2020/course/model.sdf
[2.889s] -- Up-to-date symlink: /home/ubuntu/ros_ws/ros2/project/turtlebot3_gazebo/install/turtlebot3_gazebo/share/turtlebot3_gazebo//models/turtlebot3_autorace_2020/traffic_bar/materials/scripts/traffic_bar.material
[2.966s] -- Up-to-date symlink: /home/ubuntu/ros_ws/ros2/project/turtlebot3_gazebo/install/turtlebot3_gazebo/share/turtlebot3_gazebo//models/turtlebot3_autorace_2020/traffic_bar/materials/textures/traffic_bar.png
[3.017s] -- Up-to-date symlink: /home/ubuntu/ros_ws/ros2/project/turtlebot3_gazebo/install/turtlebot3_gazebo/share/turtlebot3_gazebo//models/turtlebot3_autorace_2020/traffic_bar/model.config
[3.067s] -- Up-to-date symlink: /home/ubuntu/ros_ws/ros2/project/turtlebot3_gazebo/install/turtlebot3_gazebo/share/turtlebot3_gazebo//models/turtlebot3_autorace_2020/traffic_bar/model.sdf
[3.143s] -- Up-to-date symlink: /home/ubuntu/ros_ws/ros2/project/turtlebot3_gazebo/install/turtlebot3_gazebo/share/turtlebot3_gazebo//models/turtlebot3_autorace_2020/traffic_construction/materials/scripts/traffic_construction.material
[3.219s] -- Up-to-date symlink: /home/ubuntu/ros_ws/ros2/project/turtlebot3_gazebo/install/turtlebot3_gazebo/share/turtlebot3_gazebo//models/turtlebot3_autorace_2020/traffic_construction/materials/textures/traffic_construction.png
[3.269s] -- Up-to-date symlink: /home/ubuntu/ros_ws/ros2/project/turtlebot3_gazebo/install/turtlebot3_gazebo/share/turtlebot3_gazebo//models/turtlebot3_autorace_2020/traffic_construction/model.config
[3.317s] -- Up-to-date symlink: /home/ubuntu/ros_ws/ros2/project/turtlebot3_gazebo/install/turtlebot3_gazebo/share/turtlebot3_gazebo//models/turtlebot3_autorace_2020/traffic_construction/model.sdf
[3.387s] -- Up-to-date symlink: /home/ubuntu/ros_ws/ros2/project/turtlebot3_gazebo/install/turtlebot3_gazebo/share/turtlebot3_gazebo//models/turtlebot3_autorace_2020/traffic_intersection/materials/scripts/traffic_intersection.material
[3.457s] -- Up-to-date symlink: /home/ubuntu/ros_ws/ros2/project/turtlebot3_gazebo/install/turtlebot3_gazebo/share/turtlebot3_gazebo//models/turtlebot3_autorace_2020/traffic_intersection/materials/textures/traffic_intersection.png
[3.503s] -- Up-to-date symlink: /home/ubuntu/ros_ws/ros2/project/turtlebot3_gazebo/install/turtlebot3_gazebo/share/turtlebot3_gazebo//models/turtlebot3_autorace_2020/traffic_intersection/model.config
[3.560s] -- Up-to-date symlink: /home/ubuntu/ros_ws/ros2/project/turtlebot3_gazebo/install/turtlebot3_gazebo/share/turtlebot3_gazebo//models/turtlebot3_autorace_2020/traffic_intersection/model.sdf
[3.658s] -- Up-to-date symlink: /home/ubuntu/ros_ws/ros2/project/turtlebot3_gazebo/install/turtlebot3_gazebo/share/turtlebot3_gazebo//models/turtlebot3_autorace_2020/traffic_left/materials/scripts/traffic_is_left.material
[3.751s] -- Up-to-date symlink: /home/ubuntu/ros_ws/ros2/project/turtlebot3_gazebo/install/turtlebot3_gazebo/share/turtlebot3_gazebo//models/turtlebot3_autorace_2020/traffic_left/materials/textures/traffic_left.png
[3.818s] -- Up-to-date symlink: /home/ubuntu/ros_ws/ros2/project/turtlebot3_gazebo/install/turtlebot3_gazebo/share/turtlebot3_gazebo//models/turtlebot3_autorace_2020/traffic_left/model.config
[3.885s] -- Up-to-date symlink: /home/ubuntu/ros_ws/ros2/project/turtlebot3_gazebo/install/turtlebot3_gazebo/share/turtlebot3_gazebo//models/turtlebot3_autorace_2020/traffic_left/model.sdf
[3.984s] -- Up-to-date symlink: /home/ubuntu/ros_ws/ros2/project/turtlebot3_gazebo/install/turtlebot3_gazebo/share/turtlebot3_gazebo//models/turtlebot3_autorace_2020/traffic_light/materials/scripts/traffic_light.material
[4.069s] -- Up-to-date symlink: /home/ubuntu/ros_ws/ros2/project/turtlebot3_gazebo/install/turtlebot3_gazebo/share/turtlebot3_gazebo//models/turtlebot3_autorace_2020/traffic_light/materials/textures/traffic_light.png
[4.157s] -- Up-to-date symlink: /home/ubuntu/ros_ws/ros2/project/turtlebot3_gazebo/install/turtlebot3_gazebo/share/turtlebot3_gazebo//models/turtlebot3_autorace_2020/traffic_light/materials/textures/traffic_light_green.png
[4.240s] -- Up-to-date symlink: /home/ubuntu/ros_ws/ros2/project/turtlebot3_gazebo/install/turtlebot3_gazebo/share/turtlebot3_gazebo//models/turtlebot3_autorace_2020/traffic_light/materials/textures/traffic_light_red.png
[4.328s] -- Up-to-date symlink: /home/ubuntu/ros_ws/ros2/project/turtlebot3_gazebo/install/turtlebot3_gazebo/share/turtlebot3_gazebo//models/turtlebot3_autorace_2020/traffic_light/materials/textures/traffic_light_yellow.png
[4.383s] -- Up-to-date symlink: /home/ubuntu/ros_ws/ros2/project/turtlebot3_gazebo/install/turtlebot3_gazebo/share/turtlebot3_gazebo//models/turtlebot3_autorace_2020/traffic_light/model.config
[4.431s] -- Up-to-date symlink: /home/ubuntu/ros_ws/ros2/project/turtlebot3_gazebo/install/turtlebot3_gazebo/share/turtlebot3_gazebo//models/turtlebot3_autorace_2020/traffic_light/model.sdf
[4.519s] -- Up-to-date symlink: /home/ubuntu/ros_ws/ros2/project/turtlebot3_gazebo/install/turtlebot3_gazebo/share/turtlebot3_gazebo//models/turtlebot3_autorace_2020/traffic_noentry/materials/scripts/traffic_noentry.material
[4.600s] -- Up-to-date symlink: /home/ubuntu/ros_ws/ros2/project/turtlebot3_gazebo/install/turtlebot3_gazebo/share/turtlebot3_gazebo//models/turtlebot3_autorace_2020/traffic_noentry/materials/textures/traffic_noentry.png
[4.676s] -- Up-to-date symlink: /home/ubuntu/ros_ws/ros2/project/turtlebot3_gazebo/install/turtlebot3_gazebo/share/turtlebot3_gazebo//models/turtlebot3_autorace_2020/traffic_noentry/model.config
[4.750s] -- Up-to-date symlink: /home/ubuntu/ros_ws/ros2/project/turtlebot3_gazebo/install/turtlebot3_gazebo/share/turtlebot3_gazebo//models/turtlebot3_autorace_2020/traffic_noentry/model.sdf
[4.853s] -- Up-to-date symlink: /home/ubuntu/ros_ws/ros2/project/turtlebot3_gazebo/install/turtlebot3_gazebo/share/turtlebot3_gazebo//models/turtlebot3_autorace_2020/traffic_parking/materials/scripts/traffic_parking.material
[4.961s] -- Up-to-date symlink: /home/ubuntu/ros_ws/ros2/project/turtlebot3_gazebo/install/turtlebot3_gazebo/share/turtlebot3_gazebo//models/turtlebot3_autorace_2020/traffic_parking/materials/textures/traffic_parking.png
[5.037s] -- Up-to-date symlink: /home/ubuntu/ros_ws/ros2/project/turtlebot3_gazebo/install/turtlebot3_gazebo/share/turtlebot3_gazebo//models/turtlebot3_autorace_2020/traffic_parking/model.config
[5.119s] -- Up-to-date symlink: /home/ubuntu/ros_ws/ros2/project/turtlebot3_gazebo/install/turtlebot3_gazebo/share/turtlebot3_gazebo//models/turtlebot3_autorace_2020/traffic_parking/model.sdf
[5.211s] -- Up-to-date symlink: /home/ubuntu/ros_ws/ros2/project/turtlebot3_gazebo/install/turtlebot3_gazebo/share/turtlebot3_gazebo//models/turtlebot3_autorace_2020/traffic_pl_left/materials/scripts/traffic_pl_left.material
[5.304s] -- Up-to-date symlink: /home/ubuntu/ros_ws/ros2/project/turtlebot3_gazebo/install/turtlebot3_gazebo/share/turtlebot3_gazebo//models/turtlebot3_autorace_2020/traffic_pl_left/materials/textures/traffic_pl_left.png
[5.368s] -- Up-to-date symlink: /home/ubuntu/ros_ws/ros2/project/turtlebot3_gazebo/install/turtlebot3_gazebo/share/turtlebot3_gazebo//models/turtlebot3_autorace_2020/traffic_pl_left/model.config
[5.437s] -- Up-to-date symlink: /home/ubuntu/ros_ws/ros2/project/turtlebot3_gazebo/install/turtlebot3_gazebo/share/turtlebot3_gazebo//models/turtlebot3_autorace_2020/traffic_pl_left/model.sdf
[5.541s] -- Up-to-date symlink: /home/ubuntu/ros_ws/ros2/project/turtlebot3_gazebo/install/turtlebot3_gazebo/share/turtlebot3_gazebo//models/turtlebot3_autorace_2020/traffic_right/materials/scripts/traffic_right.material
[5.642s] -- Up-to-date symlink: /home/ubuntu/ros_ws/ros2/project/turtlebot3_gazebo/install/turtlebot3_gazebo/share/turtlebot3_gazebo//models/turtlebot3_autorace_2020/traffic_right/materials/textures/traffic_right.png
[5.715s] -- Up-to-date symlink: /home/ubuntu/ros_ws/ros2/project/turtlebot3_gazebo/install/turtlebot3_gazebo/share/turtlebot3_gazebo//models/turtlebot3_autorace_2020/traffic_right/model.config
[5.782s] -- Up-to-date symlink: /home/ubuntu/ros_ws/ros2/project/turtlebot3_gazebo/install/turtlebot3_gazebo/share/turtlebot3_gazebo//models/turtlebot3_autorace_2020/traffic_right/model.sdf
[5.882s] -- Up-to-date symlink: /home/ubuntu/ros_ws/ros2/project/turtlebot3_gazebo/install/turtlebot3_gazebo/share/turtlebot3_gazebo//models/turtlebot3_autorace_2020/traffic_stop/materials/scripts/traffic_stop.material
[5.995s] -- Up-to-date symlink: /home/ubuntu/ros_ws/ros2/project/turtlebot3_gazebo/install/turtlebot3_gazebo/share/turtlebot3_gazebo//models/turtlebot3_autorace_2020/traffic_stop/materials/textures/traffic_stop.png
[6.087s] -- Up-to-date symlink: /home/ubuntu/ros_ws/ros2/project/turtlebot3_gazebo/install/turtlebot3_gazebo/share/turtlebot3_gazebo//models/turtlebot3_autorace_2020/traffic_stop/model.config
[6.158s] -- Up-to-date symlink: /home/ubuntu/ros_ws/ros2/project/turtlebot3_gazebo/install/turtlebot3_gazebo/share/turtlebot3_gazebo//models/turtlebot3_autorace_2020/traffic_stop/model.sdf
[6.275s] -- Up-to-date symlink: /home/ubuntu/ros_ws/ros2/project/turtlebot3_gazebo/install/turtlebot3_gazebo/share/turtlebot3_gazebo//models/turtlebot3_autorace_2020/traffic_tunnel/materials/scripts/tunnel.material
[6.386s] -- Up-to-date symlink: /home/ubuntu/ros_ws/ros2/project/turtlebot3_gazebo/install/turtlebot3_gazebo/share/turtlebot3_gazebo//models/turtlebot3_autorace_2020/traffic_tunnel/materials/textures/tunnel.png
[6.442s] -- Up-to-date symlink: /home/ubuntu/ros_ws/ros2/project/turtlebot3_gazebo/install/turtlebot3_gazebo/share/turtlebot3_gazebo//models/turtlebot3_autorace_2020/traffic_tunnel/model.config
[6.507s] -- Up-to-date symlink: /home/ubuntu/ros_ws/ros2/project/turtlebot3_gazebo/install/turtlebot3_gazebo/share/turtlebot3_gazebo//models/turtlebot3_autorace_2020/traffic_tunnel/model.sdf
[6.564s] -- Up-to-date symlink: /home/ubuntu/ros_ws/ros2/project/turtlebot3_gazebo/install/turtlebot3_gazebo/share/turtlebot3_gazebo//models/turtlebot3_burger/model-1_4.sdf
[6.635s] -- Up-to-date symlink: /home/ubuntu/ros_ws/ros2/project/turtlebot3_gazebo/install/turtlebot3_gazebo/share/turtlebot3_gazebo//models/turtlebot3_burger/model.config
[6.690s] -- Up-to-date symlink: /home/ubuntu/ros_ws/ros2/project/turtlebot3_gazebo/install/turtlebot3_gazebo/share/turtlebot3_gazebo//models/turtlebot3_burger/model.sdf
[6.767s] -- Up-to-date symlink: /home/ubuntu/ros_ws/ros2/project/turtlebot3_gazebo/install/turtlebot3_gazebo/share/turtlebot3_gazebo//models/turtlebot3_burger_cam/model-1_4.sdf
[6.812s] -- Up-to-date symlink: /home/ubuntu/ros_ws/ros2/project/turtlebot3_gazebo/install/turtlebot3_gazebo/share/turtlebot3_gazebo//models/turtlebot3_burger_cam/model.config
[6.865s] -- Up-to-date symlink: /home/ubuntu/ros_ws/ros2/project/turtlebot3_gazebo/install/turtlebot3_gazebo/share/turtlebot3_gazebo//models/turtlebot3_burger_cam/model.sdf
[6.943s] -- Up-to-date symlink: /home/ubuntu/ros_ws/ros2/project/turtlebot3_gazebo/install/turtlebot3_gazebo/share/turtlebot3_gazebo//models/turtlebot3_common/meshes/bases/burger_base.stl
[7.033s] -- Up-to-date symlink: /home/ubuntu/ros_ws/ros2/project/turtlebot3_gazebo/install/turtlebot3_gazebo/share/turtlebot3_gazebo//models/turtlebot3_common/meshes/bases/waffle_base.stl
[7.107s] -- Up-to-date symlink: /home/ubuntu/ros_ws/ros2/project/turtlebot3_gazebo/install/turtlebot3_gazebo/share/turtlebot3_gazebo//models/turtlebot3_common/meshes/bases/waffle_pi_base.stl
[7.185s] -- Up-to-date symlink: /home/ubuntu/ros_ws/ros2/project/turtlebot3_gazebo/install/turtlebot3_gazebo/share/turtlebot3_gazebo//models/turtlebot3_common/meshes/burger_base.dae
[7.274s] -- Up-to-date symlink: /home/ubuntu/ros_ws/ros2/project/turtlebot3_gazebo/install/turtlebot3_gazebo/share/turtlebot3_gazebo//models/turtlebot3_common/meshes/lds.dae
[7.349s] -- Up-to-date symlink: /home/ubuntu/ros_ws/ros2/project/turtlebot3_gazebo/install/turtlebot3_gazebo/share/turtlebot3_gazebo//models/turtlebot3_common/meshes/r200.dae
[7.428s] -- Up-to-date symlink: /home/ubuntu/ros_ws/ros2/project/turtlebot3_gazebo/install/turtlebot3_gazebo/share/turtlebot3_gazebo//models/turtlebot3_common/meshes/sensors/astra.dae
[7.496s] -- Up-to-date symlink: /home/ubuntu/ros_ws/ros2/project/turtlebot3_gazebo/install/turtlebot3_gazebo/share/turtlebot3_gazebo//models/turtlebot3_common/meshes/sensors/astra.jpg
[7.568s] -- Up-to-date symlink: /home/ubuntu/ros_ws/ros2/project/turtlebot3_gazebo/install/turtlebot3_gazebo/share/turtlebot3_gazebo//models/turtlebot3_common/meshes/sensors/lds.stl
[7.643s] -- Up-to-date symlink: /home/ubuntu/ros_ws/ros2/project/turtlebot3_gazebo/install/turtlebot3_gazebo/share/turtlebot3_gazebo//models/turtlebot3_common/meshes/sensors/r200.dae
[7.711s] -- Up-to-date symlink: /home/ubuntu/ros_ws/ros2/project/turtlebot3_gazebo/install/turtlebot3_gazebo/share/turtlebot3_gazebo//models/turtlebot3_common/meshes/sensors/r200.jpg
[7.770s] -- Up-to-date symlink: /home/ubuntu/ros_ws/ros2/project/turtlebot3_gazebo/install/turtlebot3_gazebo/share/turtlebot3_gazebo//models/turtlebot3_common/meshes/tire.dae
[7.822s] -- Up-to-date symlink: /home/ubuntu/ros_ws/ros2/project/turtlebot3_gazebo/install/turtlebot3_gazebo/share/turtlebot3_gazebo//models/turtlebot3_common/meshes/waffle_base.dae
[7.885s] -- Up-to-date symlink: /home/ubuntu/ros_ws/ros2/project/turtlebot3_gazebo/install/turtlebot3_gazebo/share/turtlebot3_gazebo//models/turtlebot3_common/meshes/waffle_pi_base.dae
[7.949s] -- Up-to-date symlink: /home/ubuntu/ros_ws/ros2/project/turtlebot3_gazebo/install/turtlebot3_gazebo/share/turtlebot3_gazebo//models/turtlebot3_common/meshes/wheels/left_tire.stl
[8.010s] -- Up-to-date symlink: /home/ubuntu/ros_ws/ros2/project/turtlebot3_gazebo/install/turtlebot3_gazebo/share/turtlebot3_gazebo//models/turtlebot3_common/meshes/wheels/right_tire.stl
[8.048s] -- Up-to-date symlink: /home/ubuntu/ros_ws/ros2/project/turtlebot3_gazebo/install/turtlebot3_gazebo/share/turtlebot3_gazebo//models/turtlebot3_common/model.config
[8.101s] -- Up-to-date symlink: /home/ubuntu/ros_ws/ros2/project/turtlebot3_gazebo/install/turtlebot3_gazebo/share/turtlebot3_gazebo//models/turtlebot3_dqn_world/goal_box/model.config
[8.149s] -- Up-to-date symlink: /home/ubuntu/ros_ws/ros2/project/turtlebot3_gazebo/install/turtlebot3_gazebo/share/turtlebot3_gazebo//models/turtlebot3_dqn_world/goal_box/model.sdf
[8.206s] -- Up-to-date symlink: /home/ubuntu/ros_ws/ros2/project/turtlebot3_gazebo/install/turtlebot3_gazebo/share/turtlebot3_gazebo//models/turtlebot3_dqn_world/inner_walls/model.config
[8.260s] -- Up-to-date symlink: /home/ubuntu/ros_ws/ros2/project/turtlebot3_gazebo/install/turtlebot3_gazebo/share/turtlebot3_gazebo//models/turtlebot3_dqn_world/inner_walls/model.sdf
[8.313s] -- Up-to-date symlink: /home/ubuntu/ros_ws/ros2/project/turtlebot3_gazebo/install/turtlebot3_gazebo/share/turtlebot3_gazebo//models/turtlebot3_dqn_world/model.config
[8.366s] -- Up-to-date symlink: /home/ubuntu/ros_ws/ros2/project/turtlebot3_gazebo/install/turtlebot3_gazebo/share/turtlebot3_gazebo//models/turtlebot3_dqn_world/model.sdf
[8.415s] -- Up-to-date symlink: /home/ubuntu/ros_ws/ros2/project/turtlebot3_gazebo/install/turtlebot3_gazebo/share/turtlebot3_gazebo//models/turtlebot3_dqn_world/obstacle1/model.config
[8.473s] -- Up-to-date symlink: /home/ubuntu/ros_ws/ros2/project/turtlebot3_gazebo/install/turtlebot3_gazebo/share/turtlebot3_gazebo//models/turtlebot3_dqn_world/obstacle1/model.sdf
[8.526s] -- Up-to-date symlink: /home/ubuntu/ros_ws/ros2/project/turtlebot3_gazebo/install/turtlebot3_gazebo/share/turtlebot3_gazebo//models/turtlebot3_dqn_world/obstacle2/model.config
[8.577s] -- Up-to-date symlink: /home/ubuntu/ros_ws/ros2/project/turtlebot3_gazebo/install/turtlebot3_gazebo/share/turtlebot3_gazebo//models/turtlebot3_dqn_world/obstacle2/model.sdf
[8.632s] -- Up-to-date symlink: /home/ubuntu/ros_ws/ros2/project/turtlebot3_gazebo/install/turtlebot3_gazebo/share/turtlebot3_gazebo//models/turtlebot3_dqn_world/obstacles/model.config
[8.683s] -- Up-to-date symlink: /home/ubuntu/ros_ws/ros2/project/turtlebot3_gazebo/install/turtlebot3_gazebo/share/turtlebot3_gazebo//models/turtlebot3_dqn_world/obstacles/model.sdf
[8.721s] -- Up-to-date symlink: /home/ubuntu/ros_ws/ros2/project/turtlebot3_gazebo/install/turtlebot3_gazebo/share/turtlebot3_gazebo//models/turtlebot3_house/model.config
[8.761s] -- Up-to-date symlink: /home/ubuntu/ros_ws/ros2/project/turtlebot3_gazebo/install/turtlebot3_gazebo/share/turtlebot3_gazebo//models/turtlebot3_house/model.sdf
[8.804s] -- Up-to-date symlink: /home/ubuntu/ros_ws/ros2/project/turtlebot3_gazebo/install/turtlebot3_gazebo/share/turtlebot3_gazebo//models/turtlebot3_waffle/model-1_4.sdf
[8.844s] -- Up-to-date symlink: /home/ubuntu/ros_ws/ros2/project/turtlebot3_gazebo/install/turtlebot3_gazebo/share/turtlebot3_gazebo//models/turtlebot3_waffle/model.config
[8.885s] -- Up-to-date symlink: /home/ubuntu/ros_ws/ros2/project/turtlebot3_gazebo/install/turtlebot3_gazebo/share/turtlebot3_gazebo//models/turtlebot3_waffle/model.sdf
[8.923s] -- Up-to-date symlink: /home/ubuntu/ros_ws/ros2/project/turtlebot3_gazebo/install/turtlebot3_gazebo/share/turtlebot3_gazebo//models/turtlebot3_waffle_pi/model-1_4_.sdf
[8.962s] -- Up-to-date symlink: /home/ubuntu/ros_ws/ros2/project/turtlebot3_gazebo/install/turtlebot3_gazebo/share/turtlebot3_gazebo//models/turtlebot3_waffle_pi/model.config
[9.003s] -- Up-to-date symlink: /home/ubuntu/ros_ws/ros2/project/turtlebot3_gazebo/install/turtlebot3_gazebo/share/turtlebot3_gazebo//models/turtlebot3_waffle_pi/model.sdf
[9.052s] -- Up-to-date symlink: /home/ubuntu/ros_ws/ros2/project/turtlebot3_gazebo/install/turtlebot3_gazebo/share/turtlebot3_gazebo//models/turtlebot3_world/meshes/hexagon.dae
[9.106s] -- Up-to-date symlink: /home/ubuntu/ros_ws/ros2/project/turtlebot3_gazebo/install/turtlebot3_gazebo/share/turtlebot3_gazebo//models/turtlebot3_world/meshes/wall.dae
[9.153s] -- Up-to-date symlink: /home/ubuntu/ros_ws/ros2/project/turtlebot3_gazebo/install/turtlebot3_gazebo/share/turtlebot3_gazebo//models/turtlebot3_world/model-1_4.sdf
[9.193s] -- Up-to-date symlink: /home/ubuntu/ros_ws/ros2/project/turtlebot3_gazebo/install/turtlebot3_gazebo/share/turtlebot3_gazebo//models/turtlebot3_world/model.config
[9.241s] -- Up-to-date symlink: /home/ubuntu/ros_ws/ros2/project/turtlebot3_gazebo/install/turtlebot3_gazebo/share/turtlebot3_gazebo//models/turtlebot3_world/model.sdf
[9.293s] -- Up-to-date symlink: /home/ubuntu/ros_ws/ros2/project/turtlebot3_gazebo/install/turtlebot3_gazebo/share/turtlebot3_gazebo//rviz/tb3_gazebo.rviz
[9.352s] -- Up-to-date symlink: /home/ubuntu/ros_ws/ros2/project/turtlebot3_gazebo/install/turtlebot3_gazebo/share/turtlebot3_gazebo//urdf/common_properties.urdf
[9.382s] -- Up-to-date symlink: /home/ubuntu/ros_ws/ros2/project/turtlebot3_gazebo/install/turtlebot3_gazebo/share/turtlebot3_gazebo//urdf/turtlebot3_burger.urdf
[9.412s] -- Up-to-date symlink: /home/ubuntu/ros_ws/ros2/project/turtlebot3_gazebo/install/turtlebot3_gazebo/share/turtlebot3_gazebo//urdf/turtlebot3_burger_cam.urdf
[9.447s] -- Up-to-date symlink: /home/ubuntu/ros_ws/ros2/project/turtlebot3_gazebo/install/turtlebot3_gazebo/share/turtlebot3_gazebo//urdf/turtlebot3_waffle.urdf
[9.478s] -- Up-to-date symlink: /home/ubuntu/ros_ws/ros2/project/turtlebot3_gazebo/install/turtlebot3_gazebo/share/turtlebot3_gazebo//urdf/turtlebot3_waffle_pi.urdf
[9.539s] -- Up-to-date symlink: /home/ubuntu/ros_ws/ros2/project/turtlebot3_gazebo/install/turtlebot3_gazebo/share/turtlebot3_gazebo//worlds/empty_world.world
[9.566s] -- Up-to-date symlink: /home/ubuntu/ros_ws/ros2/project/turtlebot3_gazebo/install/turtlebot3_gazebo/share/turtlebot3_gazebo//worlds/turtlebot3_autorace_2020.world
[9.597s] -- Up-to-date symlink: /home/ubuntu/ros_ws/ros2/project/turtlebot3_gazebo/install/turtlebot3_gazebo/share/turtlebot3_gazebo//worlds/turtlebot3_dqn_stage1.world
[9.626s] -- Up-to-date symlink: /home/ubuntu/ros_ws/ros2/project/turtlebot3_gazebo/install/turtlebot3_gazebo/share/turtlebot3_gazebo//worlds/turtlebot3_dqn_stage2.world
[9.655s] -- Up-to-date symlink: /home/ubuntu/ros_ws/ros2/project/turtlebot3_gazebo/install/turtlebot3_gazebo/share/turtlebot3_gazebo//worlds/turtlebot3_dqn_stage3.world
[9.683s] -- Up-to-date symlink: /home/ubuntu/ros_ws/ros2/project/turtlebot3_gazebo/install/turtlebot3_gazebo/share/turtlebot3_gazebo//worlds/turtlebot3_dqn_stage4.world
[9.715s] -- Up-to-date symlink: /home/ubuntu/ros_ws/ros2/project/turtlebot3_gazebo/install/turtlebot3_gazebo/share/turtlebot3_gazebo//worlds/turtlebot3_house.world
[9.746s] -- Up-to-date symlink: /home/ubuntu/ros_ws/ros2/project/turtlebot3_gazebo/install/turtlebot3_gazebo/share/turtlebot3_gazebo//worlds/turtlebot3_world.world
[9.815s] -- Up-to-date symlink: /home/ubuntu/ros_ws/ros2/project/turtlebot3_gazebo/install/turtlebot3_gazebo/include//turtlebot3_gazebo/obstacle1.hpp
[9.847s] -- Up-to-date symlink: /home/ubuntu/ros_ws/ros2/project/turtlebot3_gazebo/install/turtlebot3_gazebo/include//turtlebot3_gazebo/obstacle2.hpp
[9.878s] -- Up-to-date symlink: /home/ubuntu/ros_ws/ros2/project/turtlebot3_gazebo/install/turtlebot3_gazebo/include//turtlebot3_gazebo/obstacles.hpp
[9.908s] -- Up-to-date symlink: /home/ubuntu/ros_ws/ros2/project/turtlebot3_gazebo/install/turtlebot3_gazebo/include//turtlebot3_gazebo/traffic_bar_plugin.hpp
[9.935s] -- Up-to-date symlink: /home/ubuntu/ros_ws/ros2/project/turtlebot3_gazebo/install/turtlebot3_gazebo/include//turtlebot3_gazebo/traffic_light_plugin.hpp
[9.966s] -- Up-to-date symlink: /home/ubuntu/ros_ws/ros2/project/turtlebot3_gazebo/install/turtlebot3_gazebo/include//turtlebot3_gazebo/turtlebot3_drive.hpp
[10.048s] -- Up-to-date symlink: /home/ubuntu/ros_ws/ros2/project/turtlebot3_gazebo/install/turtlebot3_gazebo/share/ament_index/resource_index/package_run_dependencies/turtlebot3_gazebo
[10.110s] -- Up-to-date symlink: /home/ubuntu/ros_ws/ros2/project/turtlebot3_gazebo/install/turtlebot3_gazebo/share/ament_index/resource_index/parent_prefix_path/turtlebot3_gazebo
[10.143s] -- Up-to-date symlink: /home/ubuntu/ros_ws/ros2/project/turtlebot3_gazebo/install/turtlebot3_gazebo/share/turtlebot3_gazebo/environment/ament_prefix_path.sh
[10.169s] -- Up-to-date symlink: /home/ubuntu/ros_ws/ros2/project/turtlebot3_gazebo/install/turtlebot3_gazebo/share/turtlebot3_gazebo/environment/ament_prefix_path.dsv
[10.194s] -- Up-to-date symlink: /home/ubuntu/ros_ws/ros2/project/turtlebot3_gazebo/install/turtlebot3_gazebo/share/turtlebot3_gazebo/environment/path.sh
[10.230s] -- Up-to-date symlink: /home/ubuntu/ros_ws/ros2/project/turtlebot3_gazebo/install/turtlebot3_gazebo/share/turtlebot3_gazebo/environment/path.dsv
[10.258s] -- Up-to-date symlink: /home/ubuntu/ros_ws/ros2/project/turtlebot3_gazebo/install/turtlebot3_gazebo/share/turtlebot3_gazebo/local_setup.bash
[10.284s] -- Up-to-date symlink: /home/ubuntu/ros_ws/ros2/project/turtlebot3_gazebo/install/turtlebot3_gazebo/share/turtlebot3_gazebo/local_setup.sh
[10.310s] -- Up-to-date symlink: /home/ubuntu/ros_ws/ros2/project/turtlebot3_gazebo/install/turtlebot3_gazebo/share/turtlebot3_gazebo/local_setup.zsh
[10.341s] -- Up-to-date symlink: /home/ubuntu/ros_ws/ros2/project/turtlebot3_gazebo/install/turtlebot3_gazebo/share/turtlebot3_gazebo/local_setup.dsv
[10.352s] -- Symlinking: /home/ubuntu/ros_ws/ros2/project/turtlebot3_gazebo/install/turtlebot3_gazebo/share/turtlebot3_gazebo/package.dsv
[10.455s] -- Up-to-date symlink: /home/ubuntu/ros_ws/ros2/project/turtlebot3_gazebo/install/turtlebot3_gazebo/share/ament_index/resource_index/packages/turtlebot3_gazebo
[10.484s] -- Up-to-date symlink: /home/ubuntu/ros_ws/ros2/project/turtlebot3_gazebo/install/turtlebot3_gazebo/share/turtlebot3_gazebo/cmake/ament_cmake_export_include_directories-extras.cmake
[10.514s] -- Up-to-date symlink: /home/ubuntu/ros_ws/ros2/project/turtlebot3_gazebo/install/turtlebot3_gazebo/share/turtlebot3_gazebo/cmake/ament_cmake_export_dependencies-extras.cmake
[10.544s] -- Up-to-date symlink: /home/ubuntu/ros_ws/ros2/project/turtlebot3_gazebo/install/turtlebot3_gazebo/share/turtlebot3_gazebo/cmake/turtlebot3_gazeboConfig.cmake
[10.572s] -- Up-to-date symlink: /home/ubuntu/ros_ws/ros2/project/turtlebot3_gazebo/install/turtlebot3_gazebo/share/turtlebot3_gazebo/cmake/turtlebot3_gazeboConfig-version.cmake
[10.598s] -- Up-to-date symlink: /home/ubuntu/ros_ws/ros2/project/turtlebot3_gazebo/install/turtlebot3_gazebo/share/turtlebot3_gazebo/package.xml
[10.604s] Invoked command in '/home/ubuntu/ros_ws/ros2/project/turtlebot3_gazebo/build/turtlebot3_gazebo' returned '0': CMAKE_PREFIX_PATH=${CMAKE_PREFIX_PATH}:/opt/ros/humble /usr/bin/cmake --install /home/ubuntu/ros_ws/ros2/project/turtlebot3_gazebo/build/turtlebot3_gazebo
