[0.000000] (-) TimerEvent: {}
[0.000815] (turtlebot3_gazebo) JobQueued: {'identifier': 'turtlebot3_gazebo', 'dependencies': OrderedDict()}
[0.001244] (turtlebot3_gazebo) JobStarted: {'identifier': 'turtlebot3_gazebo'}
[0.096906] (-) TimerEvent: {}
[0.106133] (turtlebot3_gazebo) JobProgress: {'identifier': 'turtlebot3_gazebo', 'progress': 'cmake'}
[0.168187] (turtlebot3_gazebo) JobProgress: {'identifier': 'turtlebot3_gazebo', 'progress': 'build'}
[0.178011] (turtlebot3_gazebo) Command: {'cmd': ['/usr/bin/cmake', '--build', '/home/ubuntu/ros_ws/ros2/project/turtlebot3_gazebo/build/turtlebot3_gazebo', '--', '-j12', '-l12'], 'cwd': '/home/ubuntu/ros_ws/ros2/project/turtlebot3_gazebo/build/turtlebot3_gazebo', 'env': OrderedDict([('USER', 'ubuntu'), ('HOSTNAME', 'b150323c0b6d'), ('GIT_ASKPASS', '/home/ubuntu/.vscode-server/bin/8b640eef5a6c6089c029249d48efa5c99adf7d51/extensions/git/dist/askpass.sh'), ('SHLVL', '2'), ('LD_LIBRARY_PATH', '/usr/lib/x86_64-linux-gnu/gazebo-11/plugins:/opt/ros/humble/opt/rviz_ogre_vendor/lib:/opt/ros/humble/lib/x86_64-linux-gnu:/opt/ros/humble/lib'), ('BROWSER', '/home/ubuntu/.vscode-server/bin/8b640eef5a6c6089c029249d48efa5c99adf7d51/bin/helpers/browser.sh'), ('HOME', '/home/ubuntu'), ('OLDPWD', '/home/ubuntu/ros_ws/ros2/project'), ('TERM_PROGRAM_VERSION', '1.119.0'), ('VSCODE_IPC_HOOK_CLI', '/tmp/vscode-ipc-0fa137ad-5b8a-4fa1-80ee-8fac8ea28a79.sock'), ('ROS_PYTHON_VERSION', '3'), ('GTK_MODULES', 'appmenu-gtk-module'), ('VSCODE_GIT_ASKPASS_MAIN', '/home/ubuntu/.vscode-server/bin/8b640eef5a6c6089c029249d48efa5c99adf7d51/extensions/git/dist/askpass-main.js'), ('VSCODE_GIT_ASKPASS_NODE', '/home/ubuntu/.vscode-server/bin/8b640eef5a6c6089c029249d48efa5c99adf7d51/node'), ('LC_CTYPE', 'C.UTF-8'), ('VSCODE_PYTHON_AUTOACTIVATE_GUARD', '1'), ('COLORTERM', 'truecolor'), ('REMOTE_CONTAINERS', 'true'), ('UBUNTU_MENUPROXY', '1'), ('COLCON_PREFIX_PATH', '/home/ubuntu/ros_ws/ros2/project/turtlebot3_gazebo/install'), ('ROS_DISTRO', 'humble'), ('REMOTE_CONTAINERS_IPC', '/tmp/vscode-remote-containers-ipc-23d825ec-b171-49e9-be9a-eb78ec22de4b.sock'), ('_', '/usr/bin/colcon'), ('ROS_VERSION', '2'), ('TERM', 'xterm-256color'), ('ROS_LOCALHOST_ONLY', '0'), ('PATH', '/opt/ros/humble/bin:/home/ubuntu/.vscode-server/bin/8b640eef5a6c6089c029249d48efa5c99adf7d51/bin/remote-cli:/usr/local/sbin:/usr/local/bin:/usr/sbin:/usr/bin:/sbin:/bin:/snap/bin'), ('REMOTE_CONTAINERS_SOCKETS', '["/tmp/.X11-unix/X6","/home/ubuntu/.gnupg/S.gpg-agent"]'), ('DISPLAY', ':6'), ('LANG', 'en_US.UTF-8'), ('VSCODE_GIT_IPC_HANDLE', '/tmp/vscode-git-d39315ff29.sock'), ('TERM_PROGRAM', 'vscode'), ('AMENT_PREFIX_PATH', '/home/ubuntu/ros_ws/ros2/project/turtlebot3_gazebo/install/turtlebot3_gazebo:/opt/ros/humble'), ('REMOTE_CONTAINERS_DISPLAY_SOCK', '/tmp/.X11-unix/X6'), ('SHELL', '/bin/bash'), ('PASSWD', 'ubuntu'), ('VSCODE_GIT_ASKPASS_EXTRA_ARGS', ''), ('PWD', '/home/ubuntu/ros_ws/ros2/project/turtlebot3_gazebo/build/turtlebot3_gazebo'), ('TURTLEBOT3_MODEL', 'waffle_pi'), ('XDG_DATA_DIRS', '/usr/share/gnome:/home/ubuntu/.local/share/flatpak/exports/share:/var/lib/flatpak/exports/share:/usr/local/share:/usr/share:/var/lib/snapd/desktop'), ('PYTHONPATH', '/opt/ros/humble/lib/python3.10/site-packages:/opt/ros/humble/local/lib/python3.10/dist-packages'), ('COLCON', '1'), ('CMAKE_PREFIX_PATH', '/home/ubuntu/ros_ws/ros2/project/turtlebot3_gazebo/install/turtlebot3_gazebo:/opt/ros/humble')]), 'shell': False}
[0.238286] (-) TimerEvent: {}
[0.339951] (-) TimerEvent: {}
[0.441035] (-) TimerEvent: {}
[0.542380] (-) TimerEvent: {}
[0.606547] (turtlebot3_gazebo) StdoutLine: {'line': b'[ 16%] Built target turtlebot3_drive\n'}
[0.642907] (-) TimerEvent: {}
[0.744378] (-) TimerEvent: {}
[0.779117] (turtlebot3_gazebo) StdoutLine: {'line': b'[ 91%] Built target obstacles\n'}
[0.784539] (turtlebot3_gazebo) StdoutLine: {'line': b'[ 91%] Built target traffic_light_plugin\n'}
[0.789705] (turtlebot3_gazebo) StdoutLine: {'line': b'[ 91%] Built target obstacle1\n'}
[0.794052] (turtlebot3_gazebo) StdoutLine: {'line': b'[ 91%] Built target traffic_bar_plugin\n'}
[0.806354] (turtlebot3_gazebo) StdoutLine: {'line': b'[100%] Built target obstacle2\n'}
[0.844643] (-) TimerEvent: {}
[0.946117] (-) TimerEvent: {}
[1.000908] (turtlebot3_gazebo) CommandEnded: {'returncode': 0}
[1.046604] (-) TimerEvent: {}
[1.049262] (turtlebot3_gazebo) JobProgress: {'identifier': 'turtlebot3_gazebo', 'progress': 'install'}
[1.073918] (turtlebot3_gazebo) Command: {'cmd': ['/usr/bin/cmake', '--install', '/home/ubuntu/ros_ws/ros2/project/turtlebot3_gazebo/build/turtlebot3_gazebo'], 'cwd': '/home/ubuntu/ros_ws/ros2/project/turtlebot3_gazebo/build/turtlebot3_gazebo', 'env': OrderedDict([('USER', 'ubuntu'), ('HOSTNAME', 'b150323c0b6d'), ('GIT_ASKPASS', '/home/ubuntu/.vscode-server/bin/8b640eef5a6c6089c029249d48efa5c99adf7d51/extensions/git/dist/askpass.sh'), ('SHLVL', '2'), ('LD_LIBRARY_PATH', '/usr/lib/x86_64-linux-gnu/gazebo-11/plugins:/opt/ros/humble/opt/rviz_ogre_vendor/lib:/opt/ros/humble/lib/x86_64-linux-gnu:/opt/ros/humble/lib'), ('BROWSER', '/home/ubuntu/.vscode-server/bin/8b640eef5a6c6089c029249d48efa5c99adf7d51/bin/helpers/browser.sh'), ('HOME', '/home/ubuntu'), ('OLDPWD', '/home/ubuntu/ros_ws/ros2/project'), ('TERM_PROGRAM_VERSION', '1.119.0'), ('VSCODE_IPC_HOOK_CLI', '/tmp/vscode-ipc-0fa137ad-5b8a-4fa1-80ee-8fac8ea28a79.sock'), ('ROS_PYTHON_VERSION', '3'), ('GTK_MODULES', 'appmenu-gtk-module'), ('VSCODE_GIT_ASKPASS_MAIN', '/home/ubuntu/.vscode-server/bin/8b640eef5a6c6089c029249d48efa5c99adf7d51/extensions/git/dist/askpass-main.js'), ('VSCODE_GIT_ASKPASS_NODE', '/home/ubuntu/.vscode-server/bin/8b640eef5a6c6089c029249d48efa5c99adf7d51/node'), ('LC_CTYPE', 'C.UTF-8'), ('VSCODE_PYTHON_AUTOACTIVATE_GUARD', '1'), ('COLORTERM', 'truecolor'), ('REMOTE_CONTAINERS', 'true'), ('UBUNTU_MENUPROXY', '1'), ('COLCON_PREFIX_PATH', '/home/ubuntu/ros_ws/ros2/project/turtlebot3_gazebo/install'), ('ROS_DISTRO', 'humble'), ('REMOTE_CONTAINERS_IPC', '/tmp/vscode-remote-containers-ipc-23d825ec-b171-49e9-be9a-eb78ec22de4b.sock'), ('_', '/usr/bin/colcon'), ('ROS_VERSION', '2'), ('TERM', 'xterm-256color'), ('ROS_LOCALHOST_ONLY', '0'), ('PATH', '/opt/ros/humble/bin:/home/ubuntu/.vscode-server/bin/8b640eef5a6c6089c029249d48efa5c99adf7d51/bin/remote-cli:/usr/local/sbin:/usr/local/bin:/usr/sbin:/usr/bin:/sbin:/bin:/snap/bin'), ('REMOTE_CONTAINERS_SOCKETS', '["/tmp/.X11-unix/X6","/home/ubuntu/.gnupg/S.gpg-agent"]'), ('DISPLAY', ':6'), ('LANG', 'en_US.UTF-8'), ('VSCODE_GIT_IPC_HANDLE', '/tmp/vscode-git-d39315ff29.sock'), ('TERM_PROGRAM', 'vscode'), ('AMENT_PREFIX_PATH', '/home/ubuntu/ros_ws/ros2/project/turtlebot3_gazebo/install/turtlebot3_gazebo:/opt/ros/humble'), ('REMOTE_CONTAINERS_DISPLAY_SOCK', '/tmp/.X11-unix/X6'), ('SHELL', '/bin/bash'), ('PASSWD', 'ubuntu'), ('VSCODE_GIT_ASKPASS_EXTRA_ARGS', ''), ('PWD', '/home/ubuntu/ros_ws/ros2/project/turtlebot3_gazebo/build/turtlebot3_gazebo'), ('TURTLEBOT3_MODEL', 'waffle_pi'), ('XDG_DATA_DIRS', '/usr/share/gnome:/home/ubuntu/.local/share/flatpak/exports/share:/var/lib/flatpak/exports/share:/usr/local/share:/usr/share:/var/lib/snapd/desktop'), ('PYTHONPATH', '/opt/ros/humble/lib/python3.10/site-packages:/opt/ros/humble/local/lib/python3.10/dist-packages'), ('COLCON', '1'), ('CMAKE_PREFIX_PATH', '/home/ubuntu/ros_ws/ros2/project/turtlebot3_gazebo/install/turtlebot3_gazebo:/opt/ros/humble')]), 'shell': False}
[1.102154] (turtlebot3_gazebo) StdoutLine: {'line': b'-- Install configuration: ""\n'}
[1.127624] (turtlebot3_gazebo) StdoutLine: {'line': b'-- Execute custom install script\n'}
[1.147984] (-) TimerEvent: {}
[1.192750] (turtlebot3_gazebo) StdoutLine: {'line': b'-- Up-to-date symlink: /home/ubuntu/ros_ws/ros2/project/turtlebot3_gazebo/install/turtlebot3_gazebo/lib/turtlebot3_gazebo/turtlebot3_drive\n'}
[1.248314] (-) TimerEvent: {}
[1.349795] (-) TimerEvent: {}
[1.373559] (turtlebot3_gazebo) StdoutLine: {'line': b'-- Up-to-date symlink: /home/ubuntu/ros_ws/ros2/project/turtlebot3_gazebo/install/turtlebot3_gazebo/share/turtlebot3_gazebo//launch/empty_world.launch.py\n'}
[1.450715] (-) TimerEvent: {}
[1.452493] (turtlebot3_gazebo) StdoutLine: {'line': b'-- Up-to-date symlink: /home/ubuntu/ros_ws/ros2/project/turtlebot3_gazebo/install/turtlebot3_gazebo/share/turtlebot3_gazebo//launch/multi_robot.launch.py\n'}
[1.542019] (turtlebot3_gazebo) StdoutLine: {'line': b'-- Up-to-date symlink: /home/ubuntu/ros_ws/ros2/project/turtlebot3_gazebo/install/turtlebot3_gazebo/share/turtlebot3_gazebo//launch/multi_spawn_turtlebot3.launch.py\n'}
[1.551630] (-) TimerEvent: {}
[1.606395] (turtlebot3_gazebo) StdoutLine: {'line': b'-- Up-to-date symlink: /home/ubuntu/ros_ws/ros2/project/turtlebot3_gazebo/install/turtlebot3_gazebo/share/turtlebot3_gazebo//launch/robot_state_publisher.launch.py\n'}
[1.652562] (-) TimerEvent: {}
[1.701469] (turtlebot3_gazebo) StdoutLine: {'line': b'-- Up-to-date symlink: /home/ubuntu/ros_ws/ros2/project/turtlebot3_gazebo/install/turtlebot3_gazebo/share/turtlebot3_gazebo//launch/spawn_turtlebot3.launch.py\n'}
[1.752940] (-) TimerEvent: {}
[1.764026] (turtlebot3_gazebo) StdoutLine: {'line': b'-- Up-to-date symlink: /home/ubuntu/ros_ws/ros2/project/turtlebot3_gazebo/install/turtlebot3_gazebo/share/turtlebot3_gazebo//launch/turtlebot3_autorace_2020.launch.py\n'}
[1.818083] (turtlebot3_gazebo) StdoutLine: {'line': b'-- Up-to-date symlink: /home/ubuntu/ros_ws/ros2/project/turtlebot3_gazebo/install/turtlebot3_gazebo/share/turtlebot3_gazebo//launch/turtlebot3_dqn_stage1.launch.py\n'}
[1.854990] (-) TimerEvent: {}
[1.895978] (turtlebot3_gazebo) StdoutLine: {'line': b'-- Up-to-date symlink: /home/ubuntu/ros_ws/ros2/project/turtlebot3_gazebo/install/turtlebot3_gazebo/share/turtlebot3_gazebo//launch/turtlebot3_dqn_stage2.launch.py\n'}
[1.955754] (-) TimerEvent: {}
[2.008482] (turtlebot3_gazebo) StdoutLine: {'line': b'-- Up-to-date symlink: /home/ubuntu/ros_ws/ros2/project/turtlebot3_gazebo/install/turtlebot3_gazebo/share/turtlebot3_gazebo//launch/turtlebot3_dqn_stage3.launch.py\n'}
[2.056481] (-) TimerEvent: {}
[2.116832] (turtlebot3_gazebo) StdoutLine: {'line': b'-- Up-to-date symlink: /home/ubuntu/ros_ws/ros2/project/turtlebot3_gazebo/install/turtlebot3_gazebo/share/turtlebot3_gazebo//launch/turtlebot3_dqn_stage4.launch.py\n'}
[2.156854] (-) TimerEvent: {}
[2.213477] (turtlebot3_gazebo) StdoutLine: {'line': b'-- Up-to-date symlink: /home/ubuntu/ros_ws/ros2/project/turtlebot3_gazebo/install/turtlebot3_gazebo/share/turtlebot3_gazebo//launch/turtlebot3_house.launch.py\n'}
[2.257405] (-) TimerEvent: {}
[2.269452] (turtlebot3_gazebo) StdoutLine: {'line': b'-- Up-to-date symlink: /home/ubuntu/ros_ws/ros2/project/turtlebot3_gazebo/install/turtlebot3_gazebo/share/turtlebot3_gazebo//launch/turtlebot3_world.launch.py\n'}
[2.357793] (-) TimerEvent: {}
[2.459531] (-) TimerEvent: {}
[2.560523] (-) TimerEvent: {}
[2.661534] (-) TimerEvent: {}
[2.763070] (-) TimerEvent: {}
[2.865016] (-) TimerEvent: {}
[2.966072] (-) TimerEvent: {}
[3.068820] (-) TimerEvent: {}
[3.169870] (-) TimerEvent: {}
[3.271655] (-) TimerEvent: {}
[3.372576] (-) TimerEvent: {}
[3.474714] (-) TimerEvent: {}
[3.576019] (-) TimerEvent: {}
[3.676871] (-) TimerEvent: {}
[3.777771] (-) TimerEvent: {}
[3.878866] (-) TimerEvent: {}
[3.980170] (-) TimerEvent: {}
[4.080992] (-) TimerEvent: {}
[4.182351] (-) TimerEvent: {}
[4.283811] (-) TimerEvent: {}
[4.384803] (-) TimerEvent: {}
[4.403863] (turtlebot3_gazebo) StdoutLine: {'line': b'-- Up-to-date symlink: /home/ubuntu/ros_ws/ros2/project/turtlebot3_gazebo/install/turtlebot3_gazebo/share/turtlebot3_gazebo//models/turtlebot3_autorace_2020/checker/materials/checker.png\n'}
[4.485227] (-) TimerEvent: {}
[4.493089] (turtlebot3_gazebo) StdoutLine: {'line': b'-- Up-to-date symlink: /home/ubuntu/ros_ws/ros2/project/turtlebot3_gazebo/install/turtlebot3_gazebo/share/turtlebot3_gazebo//models/turtlebot3_autorace_2020/checker/materials/scripts/checker.material\n'}
[4.585752] (-) TimerEvent: {}
[4.644529] (turtlebot3_gazebo) StdoutLine: {'line': b'-- Up-to-date symlink: /home/ubuntu/ros_ws/ros2/project/turtlebot3_gazebo/install/turtlebot3_gazebo/share/turtlebot3_gazebo//models/turtlebot3_autorace_2020/checker/materials/textures/checker.png\n'}
[4.686102] (-) TimerEvent: {}
[4.725806] (turtlebot3_gazebo) StdoutLine: {'line': b'-- Up-to-date symlink: /home/ubuntu/ros_ws/ros2/project/turtlebot3_gazebo/install/turtlebot3_gazebo/share/turtlebot3_gazebo//models/turtlebot3_autorace_2020/checker/model.config\n'}
[4.788112] (-) TimerEvent: {}
[4.826813] (turtlebot3_gazebo) StdoutLine: {'line': b'-- Up-to-date symlink: /home/ubuntu/ros_ws/ros2/project/turtlebot3_gazebo/install/turtlebot3_gazebo/share/turtlebot3_gazebo//models/turtlebot3_autorace_2020/checker/model.sdf\n'}
[4.889989] (-) TimerEvent: {}
[4.968262] (turtlebot3_gazebo) StdoutLine: {'line': b'-- Up-to-date symlink: /home/ubuntu/ros_ws/ros2/project/turtlebot3_gazebo/install/turtlebot3_gazebo/share/turtlebot3_gazebo//models/turtlebot3_autorace_2020/course/materials/scripts/course.material\n'}
[4.991502] (-) TimerEvent: {}
[5.067733] (turtlebot3_gazebo) StdoutLine: {'line': b'-- Up-to-date symlink: /home/ubuntu/ros_ws/ros2/project/turtlebot3_gazebo/install/turtlebot3_gazebo/share/turtlebot3_gazebo//models/turtlebot3_autorace_2020/course/materials/textures/course.png\n'}
[5.093211] (-) TimerEvent: {}
[5.144697] (turtlebot3_gazebo) StdoutLine: {'line': b'-- Up-to-date symlink: /home/ubuntu/ros_ws/ros2/project/turtlebot3_gazebo/install/turtlebot3_gazebo/share/turtlebot3_gazebo//models/turtlebot3_autorace_2020/course/model.config\n'}
[5.193374] (-) TimerEvent: {}
[5.199561] (turtlebot3_gazebo) StdoutLine: {'line': b'-- Up-to-date symlink: /home/ubuntu/ros_ws/ros2/project/turtlebot3_gazebo/install/turtlebot3_gazebo/share/turtlebot3_gazebo//models/turtlebot3_autorace_2020/course/model.sdf\n'}
[5.293766] (-) TimerEvent: {}
[5.380616] (turtlebot3_gazebo) StdoutLine: {'line': b'-- Up-to-date symlink: /home/ubuntu/ros_ws/ros2/project/turtlebot3_gazebo/install/turtlebot3_gazebo/share/turtlebot3_gazebo//models/turtlebot3_autorace_2020/traffic_bar/materials/scripts/traffic_bar.material\n'}
[5.394048] (-) TimerEvent: {}
[5.495527] (-) TimerEvent: {}
[5.545243] (turtlebot3_gazebo) StdoutLine: {'line': b'-- Up-to-date symlink: /home/ubuntu/ros_ws/ros2/project/turtlebot3_gazebo/install/turtlebot3_gazebo/share/turtlebot3_gazebo//models/turtlebot3_autorace_2020/traffic_bar/materials/textures/traffic_bar.png\n'}
[5.595853] (-) TimerEvent: {}
[5.658990] (turtlebot3_gazebo) StdoutLine: {'line': b'-- Up-to-date symlink: /home/ubuntu/ros_ws/ros2/project/turtlebot3_gazebo/install/turtlebot3_gazebo/share/turtlebot3_gazebo//models/turtlebot3_autorace_2020/traffic_bar/model.config\n'}
[5.695959] (-) TimerEvent: {}
[5.755502] (turtlebot3_gazebo) StdoutLine: {'line': b'-- Up-to-date symlink: /home/ubuntu/ros_ws/ros2/project/turtlebot3_gazebo/install/turtlebot3_gazebo/share/turtlebot3_gazebo//models/turtlebot3_autorace_2020/traffic_bar/model.sdf\n'}
[5.796272] (-) TimerEvent: {}
[5.898012] (-) TimerEvent: {}
[5.937718] (turtlebot3_gazebo) StdoutLine: {'line': b'-- Up-to-date symlink: /home/ubuntu/ros_ws/ros2/project/turtlebot3_gazebo/install/turtlebot3_gazebo/share/turtlebot3_gazebo//models/turtlebot3_autorace_2020/traffic_construction/materials/scripts/traffic_construction.material\n'}
[5.998454] (-) TimerEvent: {}
[6.051227] (turtlebot3_gazebo) StdoutLine: {'line': b'-- Up-to-date symlink: /home/ubuntu/ros_ws/ros2/project/turtlebot3_gazebo/install/turtlebot3_gazebo/share/turtlebot3_gazebo//models/turtlebot3_autorace_2020/traffic_construction/materials/textures/traffic_construction.png\n'}
[6.099022] (-) TimerEvent: {}
[6.115760] (turtlebot3_gazebo) StdoutLine: {'line': b'-- Up-to-date symlink: /home/ubuntu/ros_ws/ros2/project/turtlebot3_gazebo/install/turtlebot3_gazebo/share/turtlebot3_gazebo//models/turtlebot3_autorace_2020/traffic_construction/model.config\n'}
[6.199657] (-) TimerEvent: {}
[6.275897] (turtlebot3_gazebo) StdoutLine: {'line': b'-- Up-to-date symlink: /home/ubuntu/ros_ws/ros2/project/turtlebot3_gazebo/install/turtlebot3_gazebo/share/turtlebot3_gazebo//models/turtlebot3_autorace_2020/traffic_construction/model.sdf\n'}
[6.300105] (-) TimerEvent: {}
[6.402016] (-) TimerEvent: {}
[6.503631] (-) TimerEvent: {}
[6.557702] (turtlebot3_gazebo) StdoutLine: {'line': b'-- Up-to-date symlink: /home/ubuntu/ros_ws/ros2/project/turtlebot3_gazebo/install/turtlebot3_gazebo/share/turtlebot3_gazebo//models/turtlebot3_autorace_2020/traffic_intersection/materials/scripts/traffic_intersection.material\n'}
[6.604318] (-) TimerEvent: {}
[6.705590] (-) TimerEvent: {}
[6.730162] (turtlebot3_gazebo) StdoutLine: {'line': b'-- Up-to-date symlink: /home/ubuntu/ros_ws/ros2/project/turtlebot3_gazebo/install/turtlebot3_gazebo/share/turtlebot3_gazebo//models/turtlebot3_autorace_2020/traffic_intersection/materials/textures/traffic_intersection.png\n'}
[6.805798] (-) TimerEvent: {}
[6.806598] (turtlebot3_gazebo) StdoutLine: {'line': b'-- Up-to-date symlink: /home/ubuntu/ros_ws/ros2/project/turtlebot3_gazebo/install/turtlebot3_gazebo/share/turtlebot3_gazebo//models/turtlebot3_autorace_2020/traffic_intersection/model.config\n'}
[6.879066] (turtlebot3_gazebo) StdoutLine: {'line': b'-- Up-to-date symlink: /home/ubuntu/ros_ws/ros2/project/turtlebot3_gazebo/install/turtlebot3_gazebo/share/turtlebot3_gazebo//models/turtlebot3_autorace_2020/traffic_intersection/model.sdf\n'}
[6.906618] (-) TimerEvent: {}
[6.975844] (turtlebot3_gazebo) StdoutLine: {'line': b'-- Up-to-date symlink: /home/ubuntu/ros_ws/ros2/project/turtlebot3_gazebo/install/turtlebot3_gazebo/share/turtlebot3_gazebo//models/turtlebot3_autorace_2020/traffic_left/materials/scripts/traffic_is_left.material\n'}
[7.006982] (-) TimerEvent: {}
[7.066473] (turtlebot3_gazebo) StdoutLine: {'line': b'-- Up-to-date symlink: /home/ubuntu/ros_ws/ros2/project/turtlebot3_gazebo/install/turtlebot3_gazebo/share/turtlebot3_gazebo//models/turtlebot3_autorace_2020/traffic_left/materials/textures/traffic_left.png\n'}
[7.107644] (-) TimerEvent: {}
[7.132603] (turtlebot3_gazebo) StdoutLine: {'line': b'-- Up-to-date symlink: /home/ubuntu/ros_ws/ros2/project/turtlebot3_gazebo/install/turtlebot3_gazebo/share/turtlebot3_gazebo//models/turtlebot3_autorace_2020/traffic_left/model.config\n'}
[7.194348] (turtlebot3_gazebo) StdoutLine: {'line': b'-- Up-to-date symlink: /home/ubuntu/ros_ws/ros2/project/turtlebot3_gazebo/install/turtlebot3_gazebo/share/turtlebot3_gazebo//models/turtlebot3_autorace_2020/traffic_left/model.sdf\n'}
[7.207665] (-) TimerEvent: {}
[7.300013] (turtlebot3_gazebo) StdoutLine: {'line': b'-- Up-to-date symlink: /home/ubuntu/ros_ws/ros2/project/turtlebot3_gazebo/install/turtlebot3_gazebo/share/turtlebot3_gazebo//models/turtlebot3_autorace_2020/traffic_light/materials/scripts/traffic_light.material\n'}
[7.307822] (-) TimerEvent: {}
[7.408719] (-) TimerEvent: {}
[7.429968] (turtlebot3_gazebo) StdoutLine: {'line': b'-- Up-to-date symlink: /home/ubuntu/ros_ws/ros2/project/turtlebot3_gazebo/install/turtlebot3_gazebo/share/turtlebot3_gazebo//models/turtlebot3_autorace_2020/traffic_light/materials/textures/traffic_light.png\n'}
[7.509188] (-) TimerEvent: {}
[7.608437] (turtlebot3_gazebo) StdoutLine: {'line': b'-- Up-to-date symlink: /home/ubuntu/ros_ws/ros2/project/turtlebot3_gazebo/install/turtlebot3_gazebo/share/turtlebot3_gazebo//models/turtlebot3_autorace_2020/traffic_light/materials/textures/traffic_light_green.png\n'}
[7.611400] (-) TimerEvent: {}
[7.712722] (-) TimerEvent: {}
[7.787963] (turtlebot3_gazebo) StdoutLine: {'line': b'-- Up-to-date symlink: /home/ubuntu/ros_ws/ros2/project/turtlebot3_gazebo/install/turtlebot3_gazebo/share/turtlebot3_gazebo//models/turtlebot3_autorace_2020/traffic_light/materials/textures/traffic_light_red.png\n'}
[7.814210] (-) TimerEvent: {}
[7.921506] (-) TimerEvent: {}
[7.937147] (turtlebot3_gazebo) StdoutLine: {'line': b'-- Up-to-date symlink: /home/ubuntu/ros_ws/ros2/project/turtlebot3_gazebo/install/turtlebot3_gazebo/share/turtlebot3_gazebo//models/turtlebot3_autorace_2020/traffic_light/materials/textures/traffic_light_yellow.png\n'}
[8.005797] (turtlebot3_gazebo) StdoutLine: {'line': b'-- Up-to-date symlink: /home/ubuntu/ros_ws/ros2/project/turtlebot3_gazebo/install/turtlebot3_gazebo/share/turtlebot3_gazebo//models/turtlebot3_autorace_2020/traffic_light/model.config\n'}
[8.021980] (-) TimerEvent: {}
[8.089000] (turtlebot3_gazebo) StdoutLine: {'line': b'-- Up-to-date symlink: /home/ubuntu/ros_ws/ros2/project/turtlebot3_gazebo/install/turtlebot3_gazebo/share/turtlebot3_gazebo//models/turtlebot3_autorace_2020/traffic_light/model.sdf\n'}
[8.122368] (-) TimerEvent: {}
[8.198254] (turtlebot3_gazebo) StdoutLine: {'line': b'-- Up-to-date symlink: /home/ubuntu/ros_ws/ros2/project/turtlebot3_gazebo/install/turtlebot3_gazebo/share/turtlebot3_gazebo//models/turtlebot3_autorace_2020/traffic_noentry/materials/scripts/traffic_noentry.material\n'}
[8.224294] (-) TimerEvent: {}
[8.312604] (turtlebot3_gazebo) StdoutLine: {'line': b'-- Up-to-date symlink: /home/ubuntu/ros_ws/ros2/project/turtlebot3_gazebo/install/turtlebot3_gazebo/share/turtlebot3_gazebo//models/turtlebot3_autorace_2020/traffic_noentry/materials/textures/traffic_noentry.png\n'}
[8.325075] (-) TimerEvent: {}
[8.383783] (turtlebot3_gazebo) StdoutLine: {'line': b'-- Up-to-date symlink: /home/ubuntu/ros_ws/ros2/project/turtlebot3_gazebo/install/turtlebot3_gazebo/share/turtlebot3_gazebo//models/turtlebot3_autorace_2020/traffic_noentry/model.config\n'}
[8.425522] (-) TimerEvent: {}
[8.528281] (-) TimerEvent: {}
[8.545968] (turtlebot3_gazebo) StdoutLine: {'line': b'-- Up-to-date symlink: /home/ubuntu/ros_ws/ros2/project/turtlebot3_gazebo/install/turtlebot3_gazebo/share/turtlebot3_gazebo//models/turtlebot3_autorace_2020/traffic_noentry/model.sdf\n'}
[8.630023] (-) TimerEvent: {}
[8.684093] (turtlebot3_gazebo) StdoutLine: {'line': b'-- Up-to-date symlink: /home/ubuntu/ros_ws/ros2/project/turtlebot3_gazebo/install/turtlebot3_gazebo/share/turtlebot3_gazebo//models/turtlebot3_autorace_2020/traffic_parking/materials/scripts/traffic_parking.material\n'}
[8.730451] (-) TimerEvent: {}
[8.833829] (-) TimerEvent: {}
[8.892498] (turtlebot3_gazebo) StdoutLine: {'line': b'-- Up-to-date symlink: /home/ubuntu/ros_ws/ros2/project/turtlebot3_gazebo/install/turtlebot3_gazebo/share/turtlebot3_gazebo//models/turtlebot3_autorace_2020/traffic_parking/materials/textures/traffic_parking.png\n'}
[8.935835] (-) TimerEvent: {}
[9.029085] (turtlebot3_gazebo) StdoutLine: {'line': b'-- Up-to-date symlink: /home/ubuntu/ros_ws/ros2/project/turtlebot3_gazebo/install/turtlebot3_gazebo/share/turtlebot3_gazebo//models/turtlebot3_autorace_2020/traffic_parking/model.config\n'}
[9.036004] (-) TimerEvent: {}
[9.134778] (turtlebot3_gazebo) StdoutLine: {'line': b'-- Up-to-date symlink: /home/ubuntu/ros_ws/ros2/project/turtlebot3_gazebo/install/turtlebot3_gazebo/share/turtlebot3_gazebo//models/turtlebot3_autorace_2020/traffic_parking/model.sdf\n'}
[9.136959] (-) TimerEvent: {}
[9.239687] (-) TimerEvent: {}
[9.244185] (turtlebot3_gazebo) StdoutLine: {'line': b'-- Up-to-date symlink: /home/ubuntu/ros_ws/ros2/project/turtlebot3_gazebo/install/turtlebot3_gazebo/share/turtlebot3_gazebo//models/turtlebot3_autorace_2020/traffic_pl_left/materials/scripts/traffic_pl_left.material\n'}
[9.345188] (-) TimerEvent: {}
[9.435320] (turtlebot3_gazebo) StdoutLine: {'line': b'-- Up-to-date symlink: /home/ubuntu/ros_ws/ros2/project/turtlebot3_gazebo/install/turtlebot3_gazebo/share/turtlebot3_gazebo//models/turtlebot3_autorace_2020/traffic_pl_left/materials/textures/traffic_pl_left.png\n'}
[9.445946] (-) TimerEvent: {}
[9.543998] (turtlebot3_gazebo) StdoutLine: {'line': b'-- Up-to-date symlink: /home/ubuntu/ros_ws/ros2/project/turtlebot3_gazebo/install/turtlebot3_gazebo/share/turtlebot3_gazebo//models/turtlebot3_autorace_2020/traffic_pl_left/model.config\n'}
[9.546011] (-) TimerEvent: {}
[9.648324] (-) TimerEvent: {}
[9.666797] (turtlebot3_gazebo) StdoutLine: {'line': b'-- Up-to-date symlink: /home/ubuntu/ros_ws/ros2/project/turtlebot3_gazebo/install/turtlebot3_gazebo/share/turtlebot3_gazebo//models/turtlebot3_autorace_2020/traffic_pl_left/model.sdf\n'}
[9.748821] (-) TimerEvent: {}
[9.851206] (-) TimerEvent: {}
[9.921325] (turtlebot3_gazebo) StdoutLine: {'line': b'-- Up-to-date symlink: /home/ubuntu/ros_ws/ros2/project/turtlebot3_gazebo/install/turtlebot3_gazebo/share/turtlebot3_gazebo//models/turtlebot3_autorace_2020/traffic_right/materials/scripts/traffic_right.material\n'}
[9.953287] (-) TimerEvent: {}
[10.044440] (turtlebot3_gazebo) StdoutLine: {'line': b'-- Up-to-date symlink: /home/ubuntu/ros_ws/ros2/project/turtlebot3_gazebo/install/turtlebot3_gazebo/share/turtlebot3_gazebo//models/turtlebot3_autorace_2020/traffic_right/materials/textures/traffic_right.png\n'}
[10.053922] (-) TimerEvent: {}
[10.157966] (-) TimerEvent: {}
[10.170307] (turtlebot3_gazebo) StdoutLine: {'line': b'-- Up-to-date symlink: /home/ubuntu/ros_ws/ros2/project/turtlebot3_gazebo/install/turtlebot3_gazebo/share/turtlebot3_gazebo//models/turtlebot3_autorace_2020/traffic_right/model.config\n'}
[10.259939] (-) TimerEvent: {}
[10.347837] (turtlebot3_gazebo) StdoutLine: {'line': b'-- Up-to-date symlink: /home/ubuntu/ros_ws/ros2/project/turtlebot3_gazebo/install/turtlebot3_gazebo/share/turtlebot3_gazebo//models/turtlebot3_autorace_2020/traffic_right/model.sdf\n'}
[10.360880] (-) TimerEvent: {}
[10.462427] (-) TimerEvent: {}
[10.569646] (-) TimerEvent: {}
[10.636007] (turtlebot3_gazebo) StdoutLine: {'line': b'-- Up-to-date symlink: /home/ubuntu/ros_ws/ros2/project/turtlebot3_gazebo/install/turtlebot3_gazebo/share/turtlebot3_gazebo//models/turtlebot3_autorace_2020/traffic_stop/materials/scripts/traffic_stop.material\n'}
[10.671841] (-) TimerEvent: {}
[10.773605] (-) TimerEvent: {}
[10.876728] (-) TimerEvent: {}
[10.898316] (turtlebot3_gazebo) StdoutLine: {'line': b'-- Up-to-date symlink: /home/ubuntu/ros_ws/ros2/project/turtlebot3_gazebo/install/turtlebot3_gazebo/share/turtlebot3_gazebo//models/turtlebot3_autorace_2020/traffic_stop/materials/textures/traffic_stop.png\n'}
[10.978671] (-) TimerEvent: {}
[11.046167] (turtlebot3_gazebo) StdoutLine: {'line': b'-- Up-to-date symlink: /home/ubuntu/ros_ws/ros2/project/turtlebot3_gazebo/install/turtlebot3_gazebo/share/turtlebot3_gazebo//models/turtlebot3_autorace_2020/traffic_stop/model.config\n'}
[11.080516] (-) TimerEvent: {}
[11.159026] (turtlebot3_gazebo) StdoutLine: {'line': b'-- Up-to-date symlink: /home/ubuntu/ros_ws/ros2/project/turtlebot3_gazebo/install/turtlebot3_gazebo/share/turtlebot3_gazebo//models/turtlebot3_autorace_2020/traffic_stop/model.sdf\n'}
[11.181980] (-) TimerEvent: {}
[11.289599] (-) TimerEvent: {}
[11.386894] (turtlebot3_gazebo) StdoutLine: {'line': b'-- Up-to-date symlink: /home/ubuntu/ros_ws/ros2/project/turtlebot3_gazebo/install/turtlebot3_gazebo/share/turtlebot3_gazebo//models/turtlebot3_autorace_2020/traffic_tunnel/materials/scripts/tunnel.material\n'}
[11.390805] (-) TimerEvent: {}
[11.493066] (-) TimerEvent: {}
[11.595019] (-) TimerEvent: {}
[11.643930] (turtlebot3_gazebo) StdoutLine: {'line': b'-- Up-to-date symlink: /home/ubuntu/ros_ws/ros2/project/turtlebot3_gazebo/install/turtlebot3_gazebo/share/turtlebot3_gazebo//models/turtlebot3_autorace_2020/traffic_tunnel/materials/textures/tunnel.png\n'}
[11.696109] (-) TimerEvent: {}
[11.720624] (turtlebot3_gazebo) StdoutLine: {'line': b'-- Up-to-date symlink: /home/ubuntu/ros_ws/ros2/project/turtlebot3_gazebo/install/turtlebot3_gazebo/share/turtlebot3_gazebo//models/turtlebot3_autorace_2020/traffic_tunnel/model.config\n'}
[11.796434] (-) TimerEvent: {}
[11.880234] (turtlebot3_gazebo) StdoutLine: {'line': b'-- Up-to-date symlink: /home/ubuntu/ros_ws/ros2/project/turtlebot3_gazebo/install/turtlebot3_gazebo/share/turtlebot3_gazebo//models/turtlebot3_autorace_2020/traffic_tunnel/model.sdf\n'}
[11.896812] (-) TimerEvent: {}
[11.998533] (-) TimerEvent: {}
[11.999626] (turtlebot3_gazebo) StdoutLine: {'line': b'-- Up-to-date symlink: /home/ubuntu/ros_ws/ros2/project/turtlebot3_gazebo/install/turtlebot3_gazebo/share/turtlebot3_gazebo//models/turtlebot3_burger/model-1_4.sdf\n'}
[12.061874] (turtlebot3_gazebo) StdoutLine: {'line': b'-- Up-to-date symlink: /home/ubuntu/ros_ws/ros2/project/turtlebot3_gazebo/install/turtlebot3_gazebo/share/turtlebot3_gazebo//models/turtlebot3_burger/model.config\n'}
[12.099256] (-) TimerEvent: {}
[12.154563] (turtlebot3_gazebo) StdoutLine: {'line': b'-- Up-to-date symlink: /home/ubuntu/ros_ws/ros2/project/turtlebot3_gazebo/install/turtlebot3_gazebo/share/turtlebot3_gazebo//models/turtlebot3_burger/model.sdf\n'}
[12.199820] (-) TimerEvent: {}
[12.302268] (-) TimerEvent: {}
[12.308733] (turtlebot3_gazebo) StdoutLine: {'line': b'-- Up-to-date symlink: /home/ubuntu/ros_ws/ros2/project/turtlebot3_gazebo/install/turtlebot3_gazebo/share/turtlebot3_gazebo//models/turtlebot3_burger_cam/model-1_4.sdf\n'}
[12.403610] (-) TimerEvent: {}
[12.450444] (turtlebot3_gazebo) StdoutLine: {'line': b'-- Up-to-date symlink: /home/ubuntu/ros_ws/ros2/project/turtlebot3_gazebo/install/turtlebot3_gazebo/share/turtlebot3_gazebo//models/turtlebot3_burger_cam/model.config\n'}
[12.504503] (-) TimerEvent: {}
[12.592682] (turtlebot3_gazebo) StdoutLine: {'line': b'-- Up-to-date symlink: /home/ubuntu/ros_ws/ros2/project/turtlebot3_gazebo/install/turtlebot3_gazebo/share/turtlebot3_gazebo//models/turtlebot3_burger_cam/model.sdf\n'}
[12.605228] (-) TimerEvent: {}
[12.708272] (-) TimerEvent: {}
[12.809815] (-) TimerEvent: {}
[12.820024] (turtlebot3_gazebo) StdoutLine: {'line': b'-- Up-to-date symlink: /home/ubuntu/ros_ws/ros2/project/turtlebot3_gazebo/install/turtlebot3_gazebo/share/turtlebot3_gazebo//models/turtlebot3_common/meshes/bases/burger_base.stl\n'}
[12.910998] (-) TimerEvent: {}
[13.008347] (turtlebot3_gazebo) StdoutLine: {'line': b'-- Up-to-date symlink: /home/ubuntu/ros_ws/ros2/project/turtlebot3_gazebo/install/turtlebot3_gazebo/share/turtlebot3_gazebo//models/turtlebot3_common/meshes/bases/waffle_base.stl\n'}
[13.011181] (-) TimerEvent: {}
[13.110042] (turtlebot3_gazebo) StdoutLine: {'line': b'-- Up-to-date symlink: /home/ubuntu/ros_ws/ros2/project/turtlebot3_gazebo/install/turtlebot3_gazebo/share/turtlebot3_gazebo//models/turtlebot3_common/meshes/bases/waffle_pi_base.stl\n'}
[13.112629] (-) TimerEvent: {}
[13.215180] (-) TimerEvent: {}
[13.309118] (turtlebot3_gazebo) StdoutLine: {'line': b'-- Up-to-date symlink: /home/ubuntu/ros_ws/ros2/project/turtlebot3_gazebo/install/turtlebot3_gazebo/share/turtlebot3_gazebo//models/turtlebot3_common/meshes/burger_base.dae\n'}
[13.315666] (-) TimerEvent: {}
[13.418527] (-) TimerEvent: {}
[13.470691] (turtlebot3_gazebo) StdoutLine: {'line': b'-- Up-to-date symlink: /home/ubuntu/ros_ws/ros2/project/turtlebot3_gazebo/install/turtlebot3_gazebo/share/turtlebot3_gazebo//models/turtlebot3_common/meshes/lds.dae\n'}
[13.521747] (-) TimerEvent: {}
[13.611321] (turtlebot3_gazebo) StdoutLine: {'line': b'-- Up-to-date symlink: /home/ubuntu/ros_ws/ros2/project/turtlebot3_gazebo/install/turtlebot3_gazebo/share/turtlebot3_gazebo//models/turtlebot3_common/meshes/r200.dae\n'}
[13.621991] (-) TimerEvent: {}
[13.724304] (-) TimerEvent: {}
[13.813828] (turtlebot3_gazebo) StdoutLine: {'line': b'-- Up-to-date symlink: /home/ubuntu/ros_ws/ros2/project/turtlebot3_gazebo/install/turtlebot3_gazebo/share/turtlebot3_gazebo//models/turtlebot3_common/meshes/sensors/astra.dae\n'}
[13.824595] (-) TimerEvent: {}
[13.926569] (-) TimerEvent: {}
[14.002033] (turtlebot3_gazebo) StdoutLine: {'line': b'-- Up-to-date symlink: /home/ubuntu/ros_ws/ros2/project/turtlebot3_gazebo/install/turtlebot3_gazebo/share/turtlebot3_gazebo//models/turtlebot3_common/meshes/sensors/astra.jpg\n'}
[14.027008] (-) TimerEvent: {}
[14.092084] (turtlebot3_gazebo) StdoutLine: {'line': b'-- Up-to-date symlink: /home/ubuntu/ros_ws/ros2/project/turtlebot3_gazebo/install/turtlebot3_gazebo/share/turtlebot3_gazebo//models/turtlebot3_common/meshes/sensors/lds.stl\n'}
[14.128588] (-) TimerEvent: {}
[14.169146] (turtlebot3_gazebo) StdoutLine: {'line': b'-- Up-to-date symlink: /home/ubuntu/ros_ws/ros2/project/turtlebot3_gazebo/install/turtlebot3_gazebo/share/turtlebot3_gazebo//models/turtlebot3_common/meshes/sensors/r200.dae\n'}
[14.229046] (-) TimerEvent: {}
[14.259261] (turtlebot3_gazebo) StdoutLine: {'line': b'-- Up-to-date symlink: /home/ubuntu/ros_ws/ros2/project/turtlebot3_gazebo/install/turtlebot3_gazebo/share/turtlebot3_gazebo//models/turtlebot3_common/meshes/sensors/r200.jpg\n'}
[14.330524] (-) TimerEvent: {}
[14.339353] (turtlebot3_gazebo) StdoutLine: {'line': b'-- Up-to-date symlink: /home/ubuntu/ros_ws/ros2/project/turtlebot3_gazebo/install/turtlebot3_gazebo/share/turtlebot3_gazebo//models/turtlebot3_common/meshes/tire.dae\n'}
[14.409186] (turtlebot3_gazebo) StdoutLine: {'line': b'-- Up-to-date symlink: /home/ubuntu/ros_ws/ros2/project/turtlebot3_gazebo/install/turtlebot3_gazebo/share/turtlebot3_gazebo//models/turtlebot3_common/meshes/waffle_base.dae\n'}
[14.431960] (-) TimerEvent: {}
[14.539053] (-) TimerEvent: {}
[14.541510] (turtlebot3_gazebo) StdoutLine: {'line': b'-- Up-to-date symlink: /home/ubuntu/ros_ws/ros2/project/turtlebot3_gazebo/install/turtlebot3_gazebo/share/turtlebot3_gazebo//models/turtlebot3_common/meshes/waffle_pi_base.dae\n'}
[14.640534] (-) TimerEvent: {}
[14.710276] (turtlebot3_gazebo) StdoutLine: {'line': b'-- Up-to-date symlink: /home/ubuntu/ros_ws/ros2/project/turtlebot3_gazebo/install/turtlebot3_gazebo/share/turtlebot3_gazebo//models/turtlebot3_common/meshes/wheels/left_tire.stl\n'}
[14.742187] (-) TimerEvent: {}
[14.843899] (-) TimerEvent: {}
[14.911002] (turtlebot3_gazebo) StdoutLine: {'line': b'-- Up-to-date symlink: /home/ubuntu/ros_ws/ros2/project/turtlebot3_gazebo/install/turtlebot3_gazebo/share/turtlebot3_gazebo//models/turtlebot3_common/meshes/wheels/right_tire.stl\n'}
[14.944120] (-) TimerEvent: {}
[15.007915] (turtlebot3_gazebo) StdoutLine: {'line': b'-- Up-to-date symlink: /home/ubuntu/ros_ws/ros2/project/turtlebot3_gazebo/install/turtlebot3_gazebo/share/turtlebot3_gazebo//models/turtlebot3_common/model.config\n'}
[15.044567] (-) TimerEvent: {}
[15.131409] (turtlebot3_gazebo) StdoutLine: {'line': b'-- Up-to-date symlink: /home/ubuntu/ros_ws/ros2/project/turtlebot3_gazebo/install/turtlebot3_gazebo/share/turtlebot3_gazebo//models/turtlebot3_dqn_world/goal_box/model.config\n'}
[15.145493] (-) TimerEvent: {}
[15.247291] (-) TimerEvent: {}
[15.256834] (turtlebot3_gazebo) StdoutLine: {'line': b'-- Up-to-date symlink: /home/ubuntu/ros_ws/ros2/project/turtlebot3_gazebo/install/turtlebot3_gazebo/share/turtlebot3_gazebo//models/turtlebot3_dqn_world/goal_box/model.sdf\n'}
[15.347686] (-) TimerEvent: {}
[15.406622] (turtlebot3_gazebo) StdoutLine: {'line': b'-- Up-to-date symlink: /home/ubuntu/ros_ws/ros2/project/turtlebot3_gazebo/install/turtlebot3_gazebo/share/turtlebot3_gazebo//models/turtlebot3_dqn_world/inner_walls/model.config\n'}
[15.449323] (-) TimerEvent: {}
[15.511919] (turtlebot3_gazebo) StdoutLine: {'line': b'-- Up-to-date symlink: /home/ubuntu/ros_ws/ros2/project/turtlebot3_gazebo/install/turtlebot3_gazebo/share/turtlebot3_gazebo//models/turtlebot3_dqn_world/inner_walls/model.sdf\n'}
[15.549617] (-) TimerEvent: {}
[15.618110] (turtlebot3_gazebo) StdoutLine: {'line': b'-- Up-to-date symlink: /home/ubuntu/ros_ws/ros2/project/turtlebot3_gazebo/install/turtlebot3_gazebo/share/turtlebot3_gazebo//models/turtlebot3_dqn_world/model.config\n'}
[15.650363] (-) TimerEvent: {}
[15.762021] (turtlebot3_gazebo) StdoutLine: {'line': b'-- Up-to-date symlink: /home/ubuntu/ros_ws/ros2/project/turtlebot3_gazebo/install/turtlebot3_gazebo/share/turtlebot3_gazebo//models/turtlebot3_dqn_world/model.sdf\n'}
[15.764096] (-) TimerEvent: {}
[15.865247] (-) TimerEvent: {}
[15.961213] (turtlebot3_gazebo) StdoutLine: {'line': b'-- Up-to-date symlink: /home/ubuntu/ros_ws/ros2/project/turtlebot3_gazebo/install/turtlebot3_gazebo/share/turtlebot3_gazebo//models/turtlebot3_dqn_world/obstacle1/model.config\n'}
[15.965649] (-) TimerEvent: {}
[16.067653] (-) TimerEvent: {}
[16.157871] (turtlebot3_gazebo) StdoutLine: {'line': b'-- Up-to-date symlink: /home/ubuntu/ros_ws/ros2/project/turtlebot3_gazebo/install/turtlebot3_gazebo/share/turtlebot3_gazebo//models/turtlebot3_dqn_world/obstacle1/model.sdf\n'}
[16.168214] (-) TimerEvent: {}
[16.270125] (-) TimerEvent: {}
[16.279855] (turtlebot3_gazebo) StdoutLine: {'line': b'-- Up-to-date symlink: /home/ubuntu/ros_ws/ros2/project/turtlebot3_gazebo/install/turtlebot3_gazebo/share/turtlebot3_gazebo//models/turtlebot3_dqn_world/obstacle2/model.config\n'}
[16.371071] (-) TimerEvent: {}
[16.416126] (turtlebot3_gazebo) StdoutLine: {'line': b'-- Up-to-date symlink: /home/ubuntu/ros_ws/ros2/project/turtlebot3_gazebo/install/turtlebot3_gazebo/share/turtlebot3_gazebo//models/turtlebot3_dqn_world/obstacle2/model.sdf\n'}
[16.471428] (-) TimerEvent: {}
[16.512427] (turtlebot3_gazebo) StdoutLine: {'line': b'-- Up-to-date symlink: /home/ubuntu/ros_ws/ros2/project/turtlebot3_gazebo/install/turtlebot3_gazebo/share/turtlebot3_gazebo//models/turtlebot3_dqn_world/obstacles/model.config\n'}
[16.572133] (-) TimerEvent: {}
[16.675141] (-) TimerEvent: {}
[16.684818] (turtlebot3_gazebo) StdoutLine: {'line': b'-- Up-to-date symlink: /home/ubuntu/ros_ws/ros2/project/turtlebot3_gazebo/install/turtlebot3_gazebo/share/turtlebot3_gazebo//models/turtlebot3_dqn_world/obstacles/model.sdf\n'}
[16.775861] (-) TimerEvent: {}
[16.836262] (turtlebot3_gazebo) StdoutLine: {'line': b'-- Up-to-date symlink: /home/ubuntu/ros_ws/ros2/project/turtlebot3_gazebo/install/turtlebot3_gazebo/share/turtlebot3_gazebo//models/turtlebot3_house/model.config\n'}
[16.876263] (-) TimerEvent: {}
[16.940673] (turtlebot3_gazebo) StdoutLine: {'line': b'-- Up-to-date symlink: /home/ubuntu/ros_ws/ros2/project/turtlebot3_gazebo/install/turtlebot3_gazebo/share/turtlebot3_gazebo//models/turtlebot3_house/model.sdf\n'}
[16.977890] (-) TimerEvent: {}
[17.081232] (-) TimerEvent: {}
[17.160216] (turtlebot3_gazebo) StdoutLine: {'line': b'-- Up-to-date symlink: /home/ubuntu/ros_ws/ros2/project/turtlebot3_gazebo/install/turtlebot3_gazebo/share/turtlebot3_gazebo//models/turtlebot3_waffle/model-1_4.sdf\n'}
[17.181571] (-) TimerEvent: {}
[17.284113] (-) TimerEvent: {}
[17.284872] (turtlebot3_gazebo) StdoutLine: {'line': b'-- Up-to-date symlink: /home/ubuntu/ros_ws/ros2/project/turtlebot3_gazebo/install/turtlebot3_gazebo/share/turtlebot3_gazebo//models/turtlebot3_waffle/model.config\n'}
[17.384301] (-) TimerEvent: {}
[17.388222] (turtlebot3_gazebo) StdoutLine: {'line': b'-- Up-to-date symlink: /home/ubuntu/ros_ws/ros2/project/turtlebot3_gazebo/install/turtlebot3_gazebo/share/turtlebot3_gazebo//models/turtlebot3_waffle/model.sdf\n'}
[17.485426] (-) TimerEvent: {}
[17.490099] (turtlebot3_gazebo) StdoutLine: {'line': b'-- Up-to-date symlink: /home/ubuntu/ros_ws/ros2/project/turtlebot3_gazebo/install/turtlebot3_gazebo/share/turtlebot3_gazebo//models/turtlebot3_waffle_pi/model-1_4_.sdf\n'}
[17.586054] (-) TimerEvent: {}
[17.588156] (turtlebot3_gazebo) StdoutLine: {'line': b'-- Up-to-date symlink: /home/ubuntu/ros_ws/ros2/project/turtlebot3_gazebo/install/turtlebot3_gazebo/share/turtlebot3_gazebo//models/turtlebot3_waffle_pi/model.config\n'}
[17.684013] (turtlebot3_gazebo) StdoutLine: {'line': b'-- Up-to-date symlink: /home/ubuntu/ros_ws/ros2/project/turtlebot3_gazebo/install/turtlebot3_gazebo/share/turtlebot3_gazebo//models/turtlebot3_waffle_pi/model.sdf\n'}
[17.686271] (-) TimerEvent: {}
[17.787530] (-) TimerEvent: {}
[17.816371] (turtlebot3_gazebo) StdoutLine: {'line': b'-- Up-to-date symlink: /home/ubuntu/ros_ws/ros2/project/turtlebot3_gazebo/install/turtlebot3_gazebo/share/turtlebot3_gazebo//models/turtlebot3_world/meshes/hexagon.dae\n'}
[17.887875] (-) TimerEvent: {}
[17.915043] (turtlebot3_gazebo) StdoutLine: {'line': b'-- Up-to-date symlink: /home/ubuntu/ros_ws/ros2/project/turtlebot3_gazebo/install/turtlebot3_gazebo/share/turtlebot3_gazebo//models/turtlebot3_world/meshes/wall.dae\n'}
[17.985454] (turtlebot3_gazebo) StdoutLine: {'line': b'-- Up-to-date symlink: /home/ubuntu/ros_ws/ros2/project/turtlebot3_gazebo/install/turtlebot3_gazebo/share/turtlebot3_gazebo//models/turtlebot3_world/model-1_4.sdf\n'}
[17.988052] (-) TimerEvent: {}
[18.045158] (turtlebot3_gazebo) StdoutLine: {'line': b'-- Up-to-date symlink: /home/ubuntu/ros_ws/ros2/project/turtlebot3_gazebo/install/turtlebot3_gazebo/share/turtlebot3_gazebo//models/turtlebot3_world/model.config\n'}
[18.088857] (-) TimerEvent: {}
[18.169729] (turtlebot3_gazebo) StdoutLine: {'line': b'-- Up-to-date symlink: /home/ubuntu/ros_ws/ros2/project/turtlebot3_gazebo/install/turtlebot3_gazebo/share/turtlebot3_gazebo//models/turtlebot3_world/model.sdf\n'}
[18.189295] (-) TimerEvent: {}
[18.285969] (turtlebot3_gazebo) StdoutLine: {'line': b'-- Up-to-date symlink: /home/ubuntu/ros_ws/ros2/project/turtlebot3_gazebo/install/turtlebot3_gazebo/share/turtlebot3_gazebo//rviz/tb3_gazebo.rviz\n'}
[18.289413] (-) TimerEvent: {}
[18.390511] (-) TimerEvent: {}
[18.430243] (turtlebot3_gazebo) StdoutLine: {'line': b'-- Up-to-date symlink: /home/ubuntu/ros_ws/ros2/project/turtlebot3_gazebo/install/turtlebot3_gazebo/share/turtlebot3_gazebo//urdf/common_properties.urdf\n'}
[18.491803] (-) TimerEvent: {}
[18.504119] (turtlebot3_gazebo) StdoutLine: {'line': b'-- Up-to-date symlink: /home/ubuntu/ros_ws/ros2/project/turtlebot3_gazebo/install/turtlebot3_gazebo/share/turtlebot3_gazebo//urdf/turtlebot3_burger.urdf\n'}
[18.588076] (turtlebot3_gazebo) StdoutLine: {'line': b'-- Up-to-date symlink: /home/ubuntu/ros_ws/ros2/project/turtlebot3_gazebo/install/turtlebot3_gazebo/share/turtlebot3_gazebo//urdf/turtlebot3_burger_cam.urdf\n'}
[18.591976] (-) TimerEvent: {}
[18.669606] (turtlebot3_gazebo) StdoutLine: {'line': b'-- Up-to-date symlink: /home/ubuntu/ros_ws/ros2/project/turtlebot3_gazebo/install/turtlebot3_gazebo/share/turtlebot3_gazebo//urdf/turtlebot3_waffle.urdf\n'}
[18.692182] (-) TimerEvent: {}
[18.720480] (turtlebot3_gazebo) StdoutLine: {'line': b'-- Up-to-date symlink: /home/ubuntu/ros_ws/ros2/project/turtlebot3_gazebo/install/turtlebot3_gazebo/share/turtlebot3_gazebo//urdf/turtlebot3_waffle_pi.urdf\n'}
[18.792911] (-) TimerEvent: {}
[18.830560] (turtlebot3_gazebo) StdoutLine: {'line': b'-- Up-to-date symlink: /home/ubuntu/ros_ws/ros2/project/turtlebot3_gazebo/install/turtlebot3_gazebo/share/turtlebot3_gazebo//worlds/empty_world.world\n'}
[18.893325] (-) TimerEvent: {}
[18.944307] (turtlebot3_gazebo) StdoutLine: {'line': b'-- Up-to-date symlink: /home/ubuntu/ros_ws/ros2/project/turtlebot3_gazebo/install/turtlebot3_gazebo/share/turtlebot3_gazebo//worlds/turtlebot3_autorace_2020.world\n'}
[18.993737] (-) TimerEvent: {}
[19.056722] (turtlebot3_gazebo) StdoutLine: {'line': b'-- Up-to-date symlink: /home/ubuntu/ros_ws/ros2/project/turtlebot3_gazebo/install/turtlebot3_gazebo/share/turtlebot3_gazebo//worlds/turtlebot3_dqn_stage1.world\n'}
[19.094155] (-) TimerEvent: {}
[19.166570] (turtlebot3_gazebo) StdoutLine: {'line': b'-- Up-to-date symlink: /home/ubuntu/ros_ws/ros2/project/turtlebot3_gazebo/install/turtlebot3_gazebo/share/turtlebot3_gazebo//worlds/turtlebot3_dqn_stage2.world\n'}
[19.195348] (-) TimerEvent: {}
[19.263527] (turtlebot3_gazebo) StdoutLine: {'line': b'-- Up-to-date symlink: /home/ubuntu/ros_ws/ros2/project/turtlebot3_gazebo/install/turtlebot3_gazebo/share/turtlebot3_gazebo//worlds/turtlebot3_dqn_stage3.world\n'}
[19.296025] (-) TimerEvent: {}
[19.313036] (turtlebot3_gazebo) StdoutLine: {'line': b'-- Up-to-date symlink: /home/ubuntu/ros_ws/ros2/project/turtlebot3_gazebo/install/turtlebot3_gazebo/share/turtlebot3_gazebo//worlds/turtlebot3_dqn_stage4.world\n'}
[19.397007] (-) TimerEvent: {}
[19.400025] (turtlebot3_gazebo) StdoutLine: {'line': b'-- Up-to-date symlink: /home/ubuntu/ros_ws/ros2/project/turtlebot3_gazebo/install/turtlebot3_gazebo/share/turtlebot3_gazebo//worlds/turtlebot3_house.world\n'}
[19.480548] (turtlebot3_gazebo) StdoutLine: {'line': b'-- Up-to-date symlink: /home/ubuntu/ros_ws/ros2/project/turtlebot3_gazebo/install/turtlebot3_gazebo/share/turtlebot3_gazebo//worlds/turtlebot3_world.world\n'}
[19.497237] (-) TimerEvent: {}
[19.598714] (-) TimerEvent: {}
[19.608822] (turtlebot3_gazebo) StdoutLine: {'line': b'-- Up-to-date symlink: /home/ubuntu/ros_ws/ros2/project/turtlebot3_gazebo/install/turtlebot3_gazebo/include//turtlebot3_gazebo/obstacle1.hpp\n'}
[19.678705] (turtlebot3_gazebo) StdoutLine: {'line': b'-- Up-to-date symlink: /home/ubuntu/ros_ws/ros2/project/turtlebot3_gazebo/install/turtlebot3_gazebo/include//turtlebot3_gazebo/obstacle2.hpp\n'}
[19.699188] (-) TimerEvent: {}
[19.743751] (turtlebot3_gazebo) StdoutLine: {'line': b'-- Up-to-date symlink: /home/ubuntu/ros_ws/ros2/project/turtlebot3_gazebo/install/turtlebot3_gazebo/include//turtlebot3_gazebo/obstacles.hpp\n'}
[19.801228] (-) TimerEvent: {}
[19.808099] (turtlebot3_gazebo) StdoutLine: {'line': b'-- Up-to-date symlink: /home/ubuntu/ros_ws/ros2/project/turtlebot3_gazebo/install/turtlebot3_gazebo/include//turtlebot3_gazebo/traffic_bar_plugin.hpp\n'}
[19.873351] (turtlebot3_gazebo) StdoutLine: {'line': b'-- Up-to-date symlink: /home/ubuntu/ros_ws/ros2/project/turtlebot3_gazebo/install/turtlebot3_gazebo/include//turtlebot3_gazebo/traffic_light_plugin.hpp\n'}
[19.901694] (-) TimerEvent: {}
[19.942279] (turtlebot3_gazebo) StdoutLine: {'line': b'-- Up-to-date symlink: /home/ubuntu/ros_ws/ros2/project/turtlebot3_gazebo/install/turtlebot3_gazebo/include//turtlebot3_gazebo/turtlebot3_drive.hpp\n'}
[20.002062] (-) TimerEvent: {}
[20.123674] (-) TimerEvent: {}
[20.130575] (turtlebot3_gazebo) StdoutLine: {'line': b'-- Up-to-date symlink: /home/ubuntu/ros_ws/ros2/project/turtlebot3_gazebo/install/turtlebot3_gazebo/share/ament_index/resource_index/package_run_dependencies/turtlebot3_gazebo\n'}
[20.224249] (-) TimerEvent: {}
[20.326380] (-) TimerEvent: {}
[20.360655] (turtlebot3_gazebo) StdoutLine: {'line': b'-- Up-to-date symlink: /home/ubuntu/ros_ws/ros2/project/turtlebot3_gazebo/install/turtlebot3_gazebo/share/ament_index/resource_index/parent_prefix_path/turtlebot3_gazebo\n'}
[20.422557] (turtlebot3_gazebo) StdoutLine: {'line': b'-- Up-to-date symlink: /home/ubuntu/ros_ws/ros2/project/turtlebot3_gazebo/install/turtlebot3_gazebo/share/turtlebot3_gazebo/environment/ament_prefix_path.sh\n'}
[20.426624] (-) TimerEvent: {}
[20.512231] (turtlebot3_gazebo) StdoutLine: {'line': b'-- Up-to-date symlink: /home/ubuntu/ros_ws/ros2/project/turtlebot3_gazebo/install/turtlebot3_gazebo/share/turtlebot3_gazebo/environment/ament_prefix_path.dsv\n'}
[20.527626] (-) TimerEvent: {}
[20.594871] (turtlebot3_gazebo) StdoutLine: {'line': b'-- Up-to-date symlink: /home/ubuntu/ros_ws/ros2/project/turtlebot3_gazebo/install/turtlebot3_gazebo/share/turtlebot3_gazebo/environment/path.sh\n'}
[20.628993] (-) TimerEvent: {}
[20.679575] (turtlebot3_gazebo) StdoutLine: {'line': b'-- Up-to-date symlink: /home/ubuntu/ros_ws/ros2/project/turtlebot3_gazebo/install/turtlebot3_gazebo/share/turtlebot3_gazebo/environment/path.dsv\n'}
[20.730915] (-) TimerEvent: {}
[20.757376] (turtlebot3_gazebo) StdoutLine: {'line': b'-- Up-to-date symlink: /home/ubuntu/ros_ws/ros2/project/turtlebot3_gazebo/install/turtlebot3_gazebo/share/turtlebot3_gazebo/local_setup.bash\n'}
[20.824491] (turtlebot3_gazebo) StdoutLine: {'line': b'-- Up-to-date symlink: /home/ubuntu/ros_ws/ros2/project/turtlebot3_gazebo/install/turtlebot3_gazebo/share/turtlebot3_gazebo/local_setup.sh\n'}
[20.831272] (-) TimerEvent: {}
[20.881826] (turtlebot3_gazebo) StdoutLine: {'line': b'-- Up-to-date symlink: /home/ubuntu/ros_ws/ros2/project/turtlebot3_gazebo/install/turtlebot3_gazebo/share/turtlebot3_gazebo/local_setup.zsh\n'}
[20.932886] (-) TimerEvent: {}
[20.943816] (turtlebot3_gazebo) StdoutLine: {'line': b'-- Up-to-date symlink: /home/ubuntu/ros_ws/ros2/project/turtlebot3_gazebo/install/turtlebot3_gazebo/share/turtlebot3_gazebo/local_setup.dsv\n'}
[20.975725] (turtlebot3_gazebo) StdoutLine: {'line': b'-- Symlinking: /home/ubuntu/ros_ws/ros2/project/turtlebot3_gazebo/install/turtlebot3_gazebo/share/turtlebot3_gazebo/package.dsv\n'}
[21.033266] (-) TimerEvent: {}
[21.135555] (-) TimerEvent: {}
[21.238488] (-) TimerEvent: {}
[21.273636] (turtlebot3_gazebo) StdoutLine: {'line': b'-- Up-to-date symlink: /home/ubuntu/ros_ws/ros2/project/turtlebot3_gazebo/install/turtlebot3_gazebo/share/ament_index/resource_index/packages/turtlebot3_gazebo\n'}
[21.340107] (-) TimerEvent: {}
[21.360270] (turtlebot3_gazebo) StdoutLine: {'line': b'-- Up-to-date symlink: /home/ubuntu/ros_ws/ros2/project/turtlebot3_gazebo/install/turtlebot3_gazebo/share/turtlebot3_gazebo/cmake/ament_cmake_export_include_directories-extras.cmake\n'}
[21.402249] (turtlebot3_gazebo) StdoutLine: {'line': b'-- Up-to-date symlink: /home/ubuntu/ros_ws/ros2/project/turtlebot3_gazebo/install/turtlebot3_gazebo/share/turtlebot3_gazebo/cmake/ament_cmake_export_dependencies-extras.cmake\n'}
[21.442082] (-) TimerEvent: {}
[21.480054] (turtlebot3_gazebo) StdoutLine: {'line': b'-- Up-to-date symlink: /home/ubuntu/ros_ws/ros2/project/turtlebot3_gazebo/install/turtlebot3_gazebo/share/turtlebot3_gazebo/cmake/turtlebot3_gazeboConfig.cmake\n'}
[21.542515] (-) TimerEvent: {}
[21.554873] (turtlebot3_gazebo) StdoutLine: {'line': b'-- Up-to-date symlink: /home/ubuntu/ros_ws/ros2/project/turtlebot3_gazebo/install/turtlebot3_gazebo/share/turtlebot3_gazebo/cmake/turtlebot3_gazeboConfig-version.cmake\n'}
[21.610365] (turtlebot3_gazebo) StdoutLine: {'line': b'-- Up-to-date symlink: /home/ubuntu/ros_ws/ros2/project/turtlebot3_gazebo/install/turtlebot3_gazebo/share/turtlebot3_gazebo/package.xml\n'}
[21.621921] (turtlebot3_gazebo) CommandEnded: {'returncode': 0}
[21.642930] (-) TimerEvent: {}
[21.745983] (-) TimerEvent: {}
[21.847878] (-) TimerEvent: {}
[21.952744] (-) TimerEvent: {}
[22.055793] (-) TimerEvent: {}
[22.172404] (-) TimerEvent: {}
[22.284011] (-) TimerEvent: {}
[22.386772] (-) TimerEvent: {}
[22.488216] (-) TimerEvent: {}
[22.590670] (-) TimerEvent: {}
[22.693189] (-) TimerEvent: {}
[22.796258] (-) TimerEvent: {}
[22.898114] (-) TimerEvent: {}
[23.031843] (-) TimerEvent: {}
[23.134075] (-) TimerEvent: {}
[23.243445] (-) TimerEvent: {}
[23.361751] (-) TimerEvent: {}
[23.469011] (-) TimerEvent: {}
[23.571772] (-) TimerEvent: {}
[23.674648] (-) TimerEvent: {}
[23.777051] (-) TimerEvent: {}
[23.869870] (turtlebot3_gazebo) JobEnded: {'identifier': 'turtlebot3_gazebo', 'rc': 0}
[23.899608] (-) TimerEvent: {}
[23.901099] (-) EventReactorShutdown: {}
