[0.000000] (-) TimerEvent: {}
[0.001982] (turtlebot3_gazebo) JobQueued: {'identifier': 'turtlebot3_gazebo', 'dependencies': OrderedDict()}
[0.004289] (turtlebot3_gazebo) JobStarted: {'identifier': 'turtlebot3_gazebo'}
[0.092570] (-) TimerEvent: {}
[0.194575] (-) TimerEvent: {}
[0.276614] (turtlebot3_gazebo) JobProgress: {'identifier': 'turtlebot3_gazebo', 'progress': 'cmake'}
[0.295160] (-) TimerEvent: {}
[0.358445] (turtlebot3_gazebo) JobProgress: {'identifier': 'turtlebot3_gazebo', 'progress': 'build'}
[0.372981] (turtlebot3_gazebo) Command: {'cmd': ['/usr/bin/cmake', '--build', '/home/ubuntu/ros_ws/ros2/project/turtlebot3_gazebo/build/turtlebot3_gazebo', '--', '-j12', '-l12'], 'cwd': '/home/ubuntu/ros_ws/ros2/project/turtlebot3_gazebo/build/turtlebot3_gazebo', 'env': OrderedDict([('USER', 'ubuntu'), ('HOSTNAME', 'b150323c0b6d'), ('GIT_ASKPASS', '/home/ubuntu/.vscode-server/bin/8b640eef5a6c6089c029249d48efa5c99adf7d51/extensions/git/dist/askpass.sh'), ('SHLVL', '2'), ('LD_LIBRARY_PATH', '/usr/lib/x86_64-linux-gnu/gazebo-11/plugins:/opt/ros/humble/opt/rviz_ogre_vendor/lib:/opt/ros/humble/lib/x86_64-linux-gnu:/opt/ros/humble/lib'), ('BROWSER', '/home/ubuntu/.vscode-server/bin/8b640eef5a6c6089c029249d48efa5c99adf7d51/bin/helpers/browser.sh'), ('HOME', '/home/ubuntu'), ('OLDPWD', '/home/ubuntu/ros_ws/ros2/project'), ('TERM_PROGRAM_VERSION', '1.119.0'), ('VSCODE_IPC_HOOK_CLI', '/tmp/vscode-ipc-0fa137ad-5b8a-4fa1-80ee-8fac8ea28a79.sock'), ('ROS_PYTHON_VERSION', '3'), ('GTK_MODULES', 'appmenu-gtk-module'), ('VSCODE_GIT_ASKPASS_MAIN', '/home/ubuntu/.vscode-server/bin/8b640eef5a6c6089c029249d48efa5c99adf7d51/extensions/git/dist/askpass-main.js'), ('VSCODE_GIT_ASKPASS_NODE', '/home/ubuntu/.vscode-server/bin/8b640eef5a6c6089c029249d48efa5c99adf7d51/node'), ('LC_CTYPE', 'C.UTF-8'), ('VSCODE_PYTHON_AUTOACTIVATE_GUARD', '1'), ('COLORTERM', 'truecolor'), ('REMOTE_CONTAINERS', 'true'), ('UBUNTU_MENUPROXY', '1'), ('COLCON_PREFIX_PATH', '/home/ubuntu/ros_ws/ros2/project/turtlebot3_gazebo/install'), ('ROS_DISTRO', 'humble'), ('REMOTE_CONTAINERS_IPC', '/tmp/vscode-remote-containers-ipc-23d825ec-b171-49e9-be9a-eb78ec22de4b.sock'), ('_', '/usr/bin/colcon'), ('ROS_VERSION', '2'), ('TERM', 'xterm-256color'), ('ROS_LOCALHOST_ONLY', '0'), ('PATH', '/opt/ros/humble/bin:/home/ubuntu/.vscode-server/bin/8b640eef5a6c6089c029249d48efa5c99adf7d51/bin/remote-cli:/usr/local/sbin:/usr/local/bin:/usr/sbin:/usr/bin:/sbin:/bin:/snap/bin'), ('REMOTE_CONTAINERS_SOCKETS', '["/tmp/.X11-unix/X6","/home/ubuntu/.gnupg/S.gpg-agent"]'), ('DISPLAY', ':6'), ('LANG', 'en_US.UTF-8'), ('VSCODE_GIT_IPC_HANDLE', '/tmp/vscode-git-d39315ff29.sock'), ('TERM_PROGRAM', 'vscode'), ('AMENT_PREFIX_PATH', '/home/ubuntu/ros_ws/ros2/project/turtlebot3_gazebo/install/turtlebot3_gazebo:/opt/ros/humble'), ('REMOTE_CONTAINERS_DISPLAY_SOCK', '/tmp/.X11-unix/X6'), ('SHELL', '/bin/bash'), ('PASSWD', 'ubuntu'), ('VSCODE_GIT_ASKPASS_EXTRA_ARGS', ''), ('PWD', '/home/ubuntu/ros_ws/ros2/project/turtlebot3_gazebo/build/turtlebot3_gazebo'), ('TURTLEBOT3_MODEL', 'waffle_pi'), ('XDG_DATA_DIRS', '/usr/share/gnome:/home/ubuntu/.local/share/flatpak/exports/share:/var/lib/flatpak/exports/share:/usr/local/share:/usr/share:/var/lib/snapd/desktop'), ('PYTHONPATH', '/opt/ros/humble/lib/python3.10/site-packages:/opt/ros/humble/local/lib/python3.10/dist-packages'), ('COLCON', '1'), ('CMAKE_PREFIX_PATH', '/home/ubuntu/ros_ws/ros2/project/turtlebot3_gazebo/install/turtlebot3_gazebo:/opt/ros/humble')]), 'shell': False}
[0.432402] (-) TimerEvent: {}
[0.535495] (-) TimerEvent: {}
[0.637726] (-) TimerEvent: {}
[0.740352] (-) TimerEvent: {}
[0.845152] (-) TimerEvent: {}
[0.948155] (-) TimerEvent: {}
[1.061361] (-) TimerEvent: {}
[1.166047] (-) TimerEvent: {}
[1.272325] (-) TimerEvent: {}
[1.379641] (-) TimerEvent: {}
[1.485903] (-) TimerEvent: {}
[1.589328] (-) TimerEvent: {}
[1.693042] (-) TimerEvent: {}
[1.796772] (-) TimerEvent: {}
[1.901098] (-) TimerEvent: {}
[2.003795] (-) TimerEvent: {}
[2.086497] (turtlebot3_gazebo) StdoutLine: {'line': b'[ 16%] Built target turtlebot3_drive\n'}
[2.104353] (-) TimerEvent: {}
[2.208535] (-) TimerEvent: {}
[2.311698] (-) TimerEvent: {}
[2.401588] (turtlebot3_gazebo) StdoutLine: {'line': b'[ 91%] Built target obstacle2\n'}
[2.411682] (turtlebot3_gazebo) StdoutLine: {'line': b'[100%] Built target traffic_bar_plugin\n'}
[2.417783] (-) TimerEvent: {}
[2.419428] (turtlebot3_gazebo) StdoutLine: {'line': b'[100%] Built target obstacle1\n'}
[2.429110] (turtlebot3_gazebo) StdoutLine: {'line': b'[100%] Built target traffic_light_plugin\n'}
[2.436452] (turtlebot3_gazebo) StdoutLine: {'line': b'[100%] Built target obstacles\n'}
[2.518075] (-) TimerEvent: {}
[2.623013] (-) TimerEvent: {}
[2.726062] (-) TimerEvent: {}
[2.796489] (turtlebot3_gazebo) CommandEnded: {'returncode': 0}
[2.838832] (-) TimerEvent: {}
[2.911590] (turtlebot3_gazebo) JobProgress: {'identifier': 'turtlebot3_gazebo', 'progress': 'install'}
[2.940784] (-) TimerEvent: {}
[3.020480] (turtlebot3_gazebo) Command: {'cmd': ['/usr/bin/cmake', '--install', '/home/ubuntu/ros_ws/ros2/project/turtlebot3_gazebo/build/turtlebot3_gazebo'], 'cwd': '/home/ubuntu/ros_ws/ros2/project/turtlebot3_gazebo/build/turtlebot3_gazebo', 'env': OrderedDict([('USER', 'ubuntu'), ('HOSTNAME', 'b150323c0b6d'), ('GIT_ASKPASS', '/home/ubuntu/.vscode-server/bin/8b640eef5a6c6089c029249d48efa5c99adf7d51/extensions/git/dist/askpass.sh'), ('SHLVL', '2'), ('LD_LIBRARY_PATH', '/usr/lib/x86_64-linux-gnu/gazebo-11/plugins:/opt/ros/humble/opt/rviz_ogre_vendor/lib:/opt/ros/humble/lib/x86_64-linux-gnu:/opt/ros/humble/lib'), ('BROWSER', '/home/ubuntu/.vscode-server/bin/8b640eef5a6c6089c029249d48efa5c99adf7d51/bin/helpers/browser.sh'), ('HOME', '/home/ubuntu'), ('OLDPWD', '/home/ubuntu/ros_ws/ros2/project'), ('TERM_PROGRAM_VERSION', '1.119.0'), ('VSCODE_IPC_HOOK_CLI', '/tmp/vscode-ipc-0fa137ad-5b8a-4fa1-80ee-8fac8ea28a79.sock'), ('ROS_PYTHON_VERSION', '3'), ('GTK_MODULES', 'appmenu-gtk-module'), ('VSCODE_GIT_ASKPASS_MAIN', '/home/ubuntu/.vscode-server/bin/8b640eef5a6c6089c029249d48efa5c99adf7d51/extensions/git/dist/askpass-main.js'), ('VSCODE_GIT_ASKPASS_NODE', '/home/ubuntu/.vscode-server/bin/8b640eef5a6c6089c029249d48efa5c99adf7d51/node'), ('LC_CTYPE', 'C.UTF-8'), ('VSCODE_PYTHON_AUTOACTIVATE_GUARD', '1'), ('COLORTERM', 'truecolor'), ('REMOTE_CONTAINERS', 'true'), ('UBUNTU_MENUPROXY', '1'), ('COLCON_PREFIX_PATH', '/home/ubuntu/ros_ws/ros2/project/turtlebot3_gazebo/install'), ('ROS_DISTRO', 'humble'), ('REMOTE_CONTAINERS_IPC', '/tmp/vscode-remote-containers-ipc-23d825ec-b171-49e9-be9a-eb78ec22de4b.sock'), ('_', '/usr/bin/colcon'), ('ROS_VERSION', '2'), ('TERM', 'xterm-256color'), ('ROS_LOCALHOST_ONLY', '0'), ('PATH', '/opt/ros/humble/bin:/home/ubuntu/.vscode-server/bin/8b640eef5a6c6089c029249d48efa5c99adf7d51/bin/remote-cli:/usr/local/sbin:/usr/local/bin:/usr/sbin:/usr/bin:/sbin:/bin:/snap/bin'), ('REMOTE_CONTAINERS_SOCKETS', '["/tmp/.X11-unix/X6","/home/ubuntu/.gnupg/S.gpg-agent"]'), ('DISPLAY', ':6'), ('LANG', 'en_US.UTF-8'), ('VSCODE_GIT_IPC_HANDLE', '/tmp/vscode-git-d39315ff29.sock'), ('TERM_PROGRAM', 'vscode'), ('AMENT_PREFIX_PATH', '/home/ubuntu/ros_ws/ros2/project/turtlebot3_gazebo/install/turtlebot3_gazebo:/opt/ros/humble'), ('REMOTE_CONTAINERS_DISPLAY_SOCK', '/tmp/.X11-unix/X6'), ('SHELL', '/bin/bash'), ('PASSWD', 'ubuntu'), ('VSCODE_GIT_ASKPASS_EXTRA_ARGS', ''), ('PWD', '/home/ubuntu/ros_ws/ros2/project/turtlebot3_gazebo/build/turtlebot3_gazebo'), ('TURTLEBOT3_MODEL', 'waffle_pi'), ('XDG_DATA_DIRS', '/usr/share/gnome:/home/ubuntu/.local/share/flatpak/exports/share:/var/lib/flatpak/exports/share:/usr/local/share:/usr/share:/var/lib/snapd/desktop'), ('PYTHONPATH', '/opt/ros/humble/lib/python3.10/site-packages:/opt/ros/humble/local/lib/python3.10/dist-packages'), ('COLCON', '1'), ('CMAKE_PREFIX_PATH', '/home/ubuntu/ros_ws/ros2/project/turtlebot3_gazebo/install/turtlebot3_gazebo:/opt/ros/humble')]), 'shell': False}
[3.070069] (-) TimerEvent: {}
[3.081007] (turtlebot3_gazebo) StdoutLine: {'line': b'-- Install configuration: ""\n'}
[3.176202] (-) TimerEvent: {}
[3.188910] (turtlebot3_gazebo) StdoutLine: {'line': b'-- Execute custom install script\n'}
[3.284834] (-) TimerEvent: {}
[3.390725] (-) TimerEvent: {}
[3.494196] (turtlebot3_gazebo) StdoutLine: {'line': b'-- Up-to-date symlink: /home/ubuntu/ros_ws/ros2/project/turtlebot3_gazebo/install/turtlebot3_gazebo/lib/turtlebot3_gazebo/turtlebot3_drive\n'}
[3.503396] (-) TimerEvent: {}
[3.606842] (-) TimerEvent: {}
[3.709710] (-) TimerEvent: {}
[3.813978] (-) TimerEvent: {}
[3.919524] (-) TimerEvent: {}
[4.017167] (turtlebot3_gazebo) StdoutLine: {'line': b'-- Up-to-date symlink: /home/ubuntu/ros_ws/ros2/project/turtlebot3_gazebo/install/turtlebot3_gazebo/share/turtlebot3_gazebo//launch/empty_world.launch.py\n'}
[4.058859] (-) TimerEvent: {}
[4.124622] (turtlebot3_gazebo) StdoutLine: {'line': b'-- Up-to-date symlink: /home/ubuntu/ros_ws/ros2/project/turtlebot3_gazebo/install/turtlebot3_gazebo/share/turtlebot3_gazebo//launch/multi_robot.launch.py\n'}
[4.159370] (-) TimerEvent: {}
[4.261733] (-) TimerEvent: {}
[4.267602] (turtlebot3_gazebo) StdoutLine: {'line': b'-- Up-to-date symlink: /home/ubuntu/ros_ws/ros2/project/turtlebot3_gazebo/install/turtlebot3_gazebo/share/turtlebot3_gazebo//launch/multi_spawn_turtlebot3.launch.py\n'}
[4.362350] (-) TimerEvent: {}
[4.430883] (turtlebot3_gazebo) StdoutLine: {'line': b'-- Up-to-date symlink: /home/ubuntu/ros_ws/ros2/project/turtlebot3_gazebo/install/turtlebot3_gazebo/share/turtlebot3_gazebo//launch/robot_state_publisher.launch.py\n'}
[4.463513] (-) TimerEvent: {}
[4.566836] (-) TimerEvent: {}
[4.604869] (turtlebot3_gazebo) StdoutLine: {'line': b'-- Up-to-date symlink: /home/ubuntu/ros_ws/ros2/project/turtlebot3_gazebo/install/turtlebot3_gazebo/share/turtlebot3_gazebo//launch/spawn_turtlebot3.launch.py\n'}
[4.668949] (-) TimerEvent: {}
[4.773217] (-) TimerEvent: {}
[4.779580] (turtlebot3_gazebo) StdoutLine: {'line': b'-- Up-to-date symlink: /home/ubuntu/ros_ws/ros2/project/turtlebot3_gazebo/install/turtlebot3_gazebo/share/turtlebot3_gazebo//launch/turtlebot3_autorace_2020.launch.py\n'}
[4.874346] (-) TimerEvent: {}
[4.942186] (turtlebot3_gazebo) StdoutLine: {'line': b'-- Up-to-date symlink: /home/ubuntu/ros_ws/ros2/project/turtlebot3_gazebo/install/turtlebot3_gazebo/share/turtlebot3_gazebo//launch/turtlebot3_dqn_stage1.launch.py\n'}
[4.974987] (-) TimerEvent: {}
[5.077389] (-) TimerEvent: {}
[5.091790] (turtlebot3_gazebo) StdoutLine: {'line': b'-- Up-to-date symlink: /home/ubuntu/ros_ws/ros2/project/turtlebot3_gazebo/install/turtlebot3_gazebo/share/turtlebot3_gazebo//launch/turtlebot3_dqn_stage2.launch.py\n'}
[5.178083] (-) TimerEvent: {}
[5.248760] (turtlebot3_gazebo) StdoutLine: {'line': b'-- Up-to-date symlink: /home/ubuntu/ros_ws/ros2/project/turtlebot3_gazebo/install/turtlebot3_gazebo/share/turtlebot3_gazebo//launch/turtlebot3_dqn_stage3.launch.py\n'}
[5.278449] (-) TimerEvent: {}
[5.356177] (turtlebot3_gazebo) StdoutLine: {'line': b'-- Up-to-date symlink: /home/ubuntu/ros_ws/ros2/project/turtlebot3_gazebo/install/turtlebot3_gazebo/share/turtlebot3_gazebo//launch/turtlebot3_dqn_stage4.launch.py\n'}
[5.378981] (-) TimerEvent: {}
[5.481207] (-) TimerEvent: {}
[5.491349] (turtlebot3_gazebo) StdoutLine: {'line': b'-- Up-to-date symlink: /home/ubuntu/ros_ws/ros2/project/turtlebot3_gazebo/install/turtlebot3_gazebo/share/turtlebot3_gazebo//launch/turtlebot3_house.launch.py\n'}
[5.581558] (-) TimerEvent: {}
[5.628548] (turtlebot3_gazebo) StdoutLine: {'line': b'-- Up-to-date symlink: /home/ubuntu/ros_ws/ros2/project/turtlebot3_gazebo/install/turtlebot3_gazebo/share/turtlebot3_gazebo//launch/turtlebot3_world.launch.py\n'}
[5.682800] (-) TimerEvent: {}
[5.785905] (-) TimerEvent: {}
[5.890778] (-) TimerEvent: {}
[5.994164] (-) TimerEvent: {}
[6.096855] (-) TimerEvent: {}
[6.199710] (-) TimerEvent: {}
[6.301488] (-) TimerEvent: {}
[6.404020] (-) TimerEvent: {}
[6.505747] (-) TimerEvent: {}
[6.608884] (-) TimerEvent: {}
[6.711270] (-) TimerEvent: {}
[6.813917] (-) TimerEvent: {}
[6.916316] (-) TimerEvent: {}
[7.017968] (-) TimerEvent: {}
[7.122368] (-) TimerEvent: {}
[7.225707] (-) TimerEvent: {}
[7.328710] (-) TimerEvent: {}
[7.431185] (-) TimerEvent: {}
[7.534057] (-) TimerEvent: {}
[7.635941] (-) TimerEvent: {}
[7.738543] (-) TimerEvent: {}
[7.841418] (-) TimerEvent: {}
[7.944781] (-) TimerEvent: {}
[8.048239] (-) TimerEvent: {}
[8.150546] (-) TimerEvent: {}
[8.254394] (-) TimerEvent: {}
[8.356536] (-) TimerEvent: {}
[8.458412] (-) TimerEvent: {}
[8.561579] (-) TimerEvent: {}
[8.680619] (-) TimerEvent: {}
[8.786336] (-) TimerEvent: {}
[8.889560] (-) TimerEvent: {}
[8.992243] (-) TimerEvent: {}
[9.095647] (-) TimerEvent: {}
[9.197692] (-) TimerEvent: {}
[9.299773] (-) TimerEvent: {}
[9.401999] (-) TimerEvent: {}
[9.503967] (-) TimerEvent: {}
[9.605701] (-) TimerEvent: {}
[9.708619] (-) TimerEvent: {}
[9.811095] (-) TimerEvent: {}
[9.913718] (-) TimerEvent: {}
[10.016949] (-) TimerEvent: {}
[10.119121] (-) TimerEvent: {}
[10.221511] (-) TimerEvent: {}
[10.322528] (-) TimerEvent: {}
[10.424217] (-) TimerEvent: {}
[10.527123] (-) TimerEvent: {}
[10.617853] (turtlebot3_gazebo) StdoutLine: {'line': b'-- Up-to-date symlink: /home/ubuntu/ros_ws/ros2/project/turtlebot3_gazebo/install/turtlebot3_gazebo/share/turtlebot3_gazebo//models/turtlebot3_autorace_2020/checker/materials/checker.png\n'}
[10.627634] (-) TimerEvent: {}
[10.734087] (-) TimerEvent: {}
[10.837129] (-) TimerEvent: {}
[10.850873] (turtlebot3_gazebo) StdoutLine: {'line': b'-- Up-to-date symlink: /home/ubuntu/ros_ws/ros2/project/turtlebot3_gazebo/install/turtlebot3_gazebo/share/turtlebot3_gazebo//models/turtlebot3_autorace_2020/checker/materials/scripts/checker.material\n'}
[10.938261] (-) TimerEvent: {}
[11.040296] (-) TimerEvent: {}
[11.123156] (turtlebot3_gazebo) StdoutLine: {'line': b'-- Up-to-date symlink: /home/ubuntu/ros_ws/ros2/project/turtlebot3_gazebo/install/turtlebot3_gazebo/share/turtlebot3_gazebo//models/turtlebot3_autorace_2020/checker/materials/textures/checker.png\n'}
[11.140485] (-) TimerEvent: {}
[11.247720] (-) TimerEvent: {}
[11.281729] (turtlebot3_gazebo) StdoutLine: {'line': b'-- Up-to-date symlink: /home/ubuntu/ros_ws/ros2/project/turtlebot3_gazebo/install/turtlebot3_gazebo/share/turtlebot3_gazebo//models/turtlebot3_autorace_2020/checker/model.config\n'}
[11.348672] (-) TimerEvent: {}
[11.450839] (-) TimerEvent: {}
[11.553804] (-) TimerEvent: {}
[11.557762] (turtlebot3_gazebo) StdoutLine: {'line': b'-- Up-to-date symlink: /home/ubuntu/ros_ws/ros2/project/turtlebot3_gazebo/install/turtlebot3_gazebo/share/turtlebot3_gazebo//models/turtlebot3_autorace_2020/checker/model.sdf\n'}
[11.654502] (-) TimerEvent: {}
[11.758449] (-) TimerEvent: {}
[11.865842] (-) TimerEvent: {}
[11.933992] (turtlebot3_gazebo) StdoutLine: {'line': b'-- Up-to-date symlink: /home/ubuntu/ros_ws/ros2/project/turtlebot3_gazebo/install/turtlebot3_gazebo/share/turtlebot3_gazebo//models/turtlebot3_autorace_2020/course/materials/scripts/course.material\n'}
[11.966352] (-) TimerEvent: {}
[12.068185] (-) TimerEvent: {}
[12.170627] (-) TimerEvent: {}
[12.273373] (-) TimerEvent: {}
[12.293078] (turtlebot3_gazebo) StdoutLine: {'line': b'-- Up-to-date symlink: /home/ubuntu/ros_ws/ros2/project/turtlebot3_gazebo/install/turtlebot3_gazebo/share/turtlebot3_gazebo//models/turtlebot3_autorace_2020/course/materials/textures/course.png\n'}
[12.374496] (-) TimerEvent: {}
[12.477987] (-) TimerEvent: {}
[12.482261] (turtlebot3_gazebo) StdoutLine: {'line': b'-- Up-to-date symlink: /home/ubuntu/ros_ws/ros2/project/turtlebot3_gazebo/install/turtlebot3_gazebo/share/turtlebot3_gazebo//models/turtlebot3_autorace_2020/course/model.config\n'}
[12.579067] (-) TimerEvent: {}
[12.630279] (turtlebot3_gazebo) StdoutLine: {'line': b'-- Up-to-date symlink: /home/ubuntu/ros_ws/ros2/project/turtlebot3_gazebo/install/turtlebot3_gazebo/share/turtlebot3_gazebo//models/turtlebot3_autorace_2020/course/model.sdf\n'}
[12.679949] (-) TimerEvent: {}
[12.783296] (-) TimerEvent: {}
[12.885555] (-) TimerEvent: {}
[12.956429] (turtlebot3_gazebo) StdoutLine: {'line': b'-- Up-to-date symlink: /home/ubuntu/ros_ws/ros2/project/turtlebot3_gazebo/install/turtlebot3_gazebo/share/turtlebot3_gazebo//models/turtlebot3_autorace_2020/traffic_bar/materials/scripts/traffic_bar.material\n'}
[12.985954] (-) TimerEvent: {}
[13.088855] (-) TimerEvent: {}
[13.190715] (-) TimerEvent: {}
[13.292565] (-) TimerEvent: {}
[13.325715] (turtlebot3_gazebo) StdoutLine: {'line': b'-- Up-to-date symlink: /home/ubuntu/ros_ws/ros2/project/turtlebot3_gazebo/install/turtlebot3_gazebo/share/turtlebot3_gazebo//models/turtlebot3_autorace_2020/traffic_bar/materials/textures/traffic_bar.png\n'}
[13.392990] (-) TimerEvent: {}
[13.494948] (-) TimerEvent: {}
[13.598468] (-) TimerEvent: {}
[13.607202] (turtlebot3_gazebo) StdoutLine: {'line': b'-- Up-to-date symlink: /home/ubuntu/ros_ws/ros2/project/turtlebot3_gazebo/install/turtlebot3_gazebo/share/turtlebot3_gazebo//models/turtlebot3_autorace_2020/traffic_bar/model.config\n'}
[13.698980] (-) TimerEvent: {}
[13.818767] (-) TimerEvent: {}
[13.928395] (-) TimerEvent: {}
[14.034829] (-) TimerEvent: {}
[14.139415] (-) TimerEvent: {}
[14.242813] (-) TimerEvent: {}
[14.289086] (turtlebot3_gazebo) StdoutLine: {'line': b'-- Up-to-date symlink: /home/ubuntu/ros_ws/ros2/project/turtlebot3_gazebo/install/turtlebot3_gazebo/share/turtlebot3_gazebo//models/turtlebot3_autorace_2020/traffic_bar/model.sdf\n'}
[14.344638] (-) TimerEvent: {}
[14.447328] (-) TimerEvent: {}
[14.550076] (-) TimerEvent: {}
[14.652596] (-) TimerEvent: {}
[14.755741] (-) TimerEvent: {}
[14.820366] (turtlebot3_gazebo) StdoutLine: {'line': b'-- Up-to-date symlink: /home/ubuntu/ros_ws/ros2/project/turtlebot3_gazebo/install/turtlebot3_gazebo/share/turtlebot3_gazebo//models/turtlebot3_autorace_2020/traffic_construction/materials/scripts/traffic_construction.material\n'}
[14.856650] (-) TimerEvent: {}
[14.960548] (-) TimerEvent: {}
[15.064135] (-) TimerEvent: {}
[15.169104] (-) TimerEvent: {}
[15.272878] (-) TimerEvent: {}
[15.373388] (turtlebot3_gazebo) StdoutLine: {'line': b'-- Up-to-date symlink: /home/ubuntu/ros_ws/ros2/project/turtlebot3_gazebo/install/turtlebot3_gazebo/share/turtlebot3_gazebo//models/turtlebot3_autorace_2020/traffic_construction/materials/textures/traffic_construction.png\n'}
[15.379587] (-) TimerEvent: {}
[15.483108] (-) TimerEvent: {}
[15.586575] (-) TimerEvent: {}
[15.689842] (-) TimerEvent: {}
[15.743553] (turtlebot3_gazebo) StdoutLine: {'line': b'-- Up-to-date symlink: /home/ubuntu/ros_ws/ros2/project/turtlebot3_gazebo/install/turtlebot3_gazebo/share/turtlebot3_gazebo//models/turtlebot3_autorace_2020/traffic_construction/model.config\n'}
[15.793038] (-) TimerEvent: {}
[15.899579] (-) TimerEvent: {}
[16.001987] (-) TimerEvent: {}
[16.036001] (turtlebot3_gazebo) StdoutLine: {'line': b'-- Up-to-date symlink: /home/ubuntu/ros_ws/ros2/project/turtlebot3_gazebo/install/turtlebot3_gazebo/share/turtlebot3_gazebo//models/turtlebot3_autorace_2020/traffic_construction/model.sdf\n'}
[16.103138] (-) TimerEvent: {}
[16.208163] (-) TimerEvent: {}
[16.316515] (-) TimerEvent: {}
[16.420437] (-) TimerEvent: {}
[16.524507] (-) TimerEvent: {}
[16.627547] (-) TimerEvent: {}
[16.661323] (turtlebot3_gazebo) StdoutLine: {'line': b'-- Up-to-date symlink: /home/ubuntu/ros_ws/ros2/project/turtlebot3_gazebo/install/turtlebot3_gazebo/share/turtlebot3_gazebo//models/turtlebot3_autorace_2020/traffic_intersection/materials/scripts/traffic_intersection.material\n'}
[16.728343] (-) TimerEvent: {}
[16.830940] (-) TimerEvent: {}
[16.934174] (-) TimerEvent: {}
[17.036657] (-) TimerEvent: {}
[17.048150] (turtlebot3_gazebo) StdoutLine: {'line': b'-- Up-to-date symlink: /home/ubuntu/ros_ws/ros2/project/turtlebot3_gazebo/install/turtlebot3_gazebo/share/turtlebot3_gazebo//models/turtlebot3_autorace_2020/traffic_intersection/materials/textures/traffic_intersection.png\n'}
[17.137739] (-) TimerEvent: {}
[17.212019] (turtlebot3_gazebo) StdoutLine: {'line': b'-- Up-to-date symlink: /home/ubuntu/ros_ws/ros2/project/turtlebot3_gazebo/install/turtlebot3_gazebo/share/turtlebot3_gazebo//models/turtlebot3_autorace_2020/traffic_intersection/model.config\n'}
[17.238105] (-) TimerEvent: {}
[17.339940] (-) TimerEvent: {}
[17.442857] (-) TimerEvent: {}
[17.446663] (turtlebot3_gazebo) StdoutLine: {'line': b'-- Up-to-date symlink: /home/ubuntu/ros_ws/ros2/project/turtlebot3_gazebo/install/turtlebot3_gazebo/share/turtlebot3_gazebo//models/turtlebot3_autorace_2020/traffic_intersection/model.sdf\n'}
[17.543795] (-) TimerEvent: {}
[17.647437] (-) TimerEvent: {}
[17.760317] (-) TimerEvent: {}
[17.863794] (-) TimerEvent: {}
[17.872759] (turtlebot3_gazebo) StdoutLine: {'line': b'-- Up-to-date symlink: /home/ubuntu/ros_ws/ros2/project/turtlebot3_gazebo/install/turtlebot3_gazebo/share/turtlebot3_gazebo//models/turtlebot3_autorace_2020/traffic_left/materials/scripts/traffic_is_left.material\n'}
[17.964750] (-) TimerEvent: {}
[18.066397] (-) TimerEvent: {}
[18.164264] (turtlebot3_gazebo) StdoutLine: {'line': b'-- Up-to-date symlink: /home/ubuntu/ros_ws/ros2/project/turtlebot3_gazebo/install/turtlebot3_gazebo/share/turtlebot3_gazebo//models/turtlebot3_autorace_2020/traffic_left/materials/textures/traffic_left.png\n'}
[18.169446] (-) TimerEvent: {}
[18.271712] (-) TimerEvent: {}
[18.344988] (turtlebot3_gazebo) StdoutLine: {'line': b'-- Up-to-date symlink: /home/ubuntu/ros_ws/ros2/project/turtlebot3_gazebo/install/turtlebot3_gazebo/share/turtlebot3_gazebo//models/turtlebot3_autorace_2020/traffic_left/model.config\n'}
[18.372314] (-) TimerEvent: {}
[18.473778] (-) TimerEvent: {}
[18.531657] (turtlebot3_gazebo) StdoutLine: {'line': b'-- Up-to-date symlink: /home/ubuntu/ros_ws/ros2/project/turtlebot3_gazebo/install/turtlebot3_gazebo/share/turtlebot3_gazebo//models/turtlebot3_autorace_2020/traffic_left/model.sdf\n'}
[18.574586] (-) TimerEvent: {}
[18.677668] (-) TimerEvent: {}
[18.779573] (-) TimerEvent: {}
[18.883057] (-) TimerEvent: {}
[18.891816] (turtlebot3_gazebo) StdoutLine: {'line': b'-- Up-to-date symlink: /home/ubuntu/ros_ws/ros2/project/turtlebot3_gazebo/install/turtlebot3_gazebo/share/turtlebot3_gazebo//models/turtlebot3_autorace_2020/traffic_light/materials/scripts/traffic_light.material\n'}
[18.984827] (-) TimerEvent: {}
[19.088821] (-) TimerEvent: {}
[19.193583] (-) TimerEvent: {}
[19.296235] (-) TimerEvent: {}
[19.312034] (turtlebot3_gazebo) StdoutLine: {'line': b'-- Up-to-date symlink: /home/ubuntu/ros_ws/ros2/project/turtlebot3_gazebo/install/turtlebot3_gazebo/share/turtlebot3_gazebo//models/turtlebot3_autorace_2020/traffic_light/materials/textures/traffic_light.png\n'}
[19.396627] (-) TimerEvent: {}
[19.498333] (-) TimerEvent: {}
[19.549915] (turtlebot3_gazebo) StdoutLine: {'line': b'-- Up-to-date symlink: /home/ubuntu/ros_ws/ros2/project/turtlebot3_gazebo/install/turtlebot3_gazebo/share/turtlebot3_gazebo//models/turtlebot3_autorace_2020/traffic_light/materials/textures/traffic_light_green.png\n'}
[19.598411] (-) TimerEvent: {}
[19.700131] (-) TimerEvent: {}
[19.777266] (turtlebot3_gazebo) StdoutLine: {'line': b'-- Up-to-date symlink: /home/ubuntu/ros_ws/ros2/project/turtlebot3_gazebo/install/turtlebot3_gazebo/share/turtlebot3_gazebo//models/turtlebot3_autorace_2020/traffic_light/materials/textures/traffic_light_red.png\n'}
[19.800615] (-) TimerEvent: {}
[19.902126] (-) TimerEvent: {}
[20.004530] (-) TimerEvent: {}
[20.106753] (-) TimerEvent: {}
[20.123523] (turtlebot3_gazebo) StdoutLine: {'line': b'-- Up-to-date symlink: /home/ubuntu/ros_ws/ros2/project/turtlebot3_gazebo/install/turtlebot3_gazebo/share/turtlebot3_gazebo//models/turtlebot3_autorace_2020/traffic_light/materials/textures/traffic_light_yellow.png\n'}
[20.208338] (-) TimerEvent: {}
[20.295658] (turtlebot3_gazebo) StdoutLine: {'line': b'-- Up-to-date symlink: /home/ubuntu/ros_ws/ros2/project/turtlebot3_gazebo/install/turtlebot3_gazebo/share/turtlebot3_gazebo//models/turtlebot3_autorace_2020/traffic_light/model.config\n'}
[20.308556] (-) TimerEvent: {}
[20.410009] (-) TimerEvent: {}
[20.465762] (turtlebot3_gazebo) StdoutLine: {'line': b'-- Up-to-date symlink: /home/ubuntu/ros_ws/ros2/project/turtlebot3_gazebo/install/turtlebot3_gazebo/share/turtlebot3_gazebo//models/turtlebot3_autorace_2020/traffic_light/model.sdf\n'}
[20.510699] (-) TimerEvent: {}
[20.612580] (-) TimerEvent: {}
[20.714322] (-) TimerEvent: {}
[20.719726] (turtlebot3_gazebo) StdoutLine: {'line': b'-- Up-to-date symlink: /home/ubuntu/ros_ws/ros2/project/turtlebot3_gazebo/install/turtlebot3_gazebo/share/turtlebot3_gazebo//models/turtlebot3_autorace_2020/traffic_noentry/materials/scripts/traffic_noentry.material\n'}
[20.814757] (-) TimerEvent: {}
[20.916516] (-) TimerEvent: {}
[20.968781] (turtlebot3_gazebo) StdoutLine: {'line': b'-- Up-to-date symlink: /home/ubuntu/ros_ws/ros2/project/turtlebot3_gazebo/install/turtlebot3_gazebo/share/turtlebot3_gazebo//models/turtlebot3_autorace_2020/traffic_noentry/materials/textures/traffic_noentry.png\n'}
[21.018239] (-) TimerEvent: {}
[21.121506] (-) TimerEvent: {}
[21.177135] (turtlebot3_gazebo) StdoutLine: {'line': b'-- Up-to-date symlink: /home/ubuntu/ros_ws/ros2/project/turtlebot3_gazebo/install/turtlebot3_gazebo/share/turtlebot3_gazebo//models/turtlebot3_autorace_2020/traffic_noentry/model.config\n'}
[21.223262] (-) TimerEvent: {}
[21.326047] (-) TimerEvent: {}
[21.344471] (turtlebot3_gazebo) StdoutLine: {'line': b'-- Up-to-date symlink: /home/ubuntu/ros_ws/ros2/project/turtlebot3_gazebo/install/turtlebot3_gazebo/share/turtlebot3_gazebo//models/turtlebot3_autorace_2020/traffic_noentry/model.sdf\n'}
[21.427607] (-) TimerEvent: {}
[21.530194] (-) TimerEvent: {}
[21.597945] (turtlebot3_gazebo) StdoutLine: {'line': b'-- Up-to-date symlink: /home/ubuntu/ros_ws/ros2/project/turtlebot3_gazebo/install/turtlebot3_gazebo/share/turtlebot3_gazebo//models/turtlebot3_autorace_2020/traffic_parking/materials/scripts/traffic_parking.material\n'}
[21.631281] (-) TimerEvent: {}
[21.734189] (-) TimerEvent: {}
[21.773962] (turtlebot3_gazebo) StdoutLine: {'line': b'-- Up-to-date symlink: /home/ubuntu/ros_ws/ros2/project/turtlebot3_gazebo/install/turtlebot3_gazebo/share/turtlebot3_gazebo//models/turtlebot3_autorace_2020/traffic_parking/materials/textures/traffic_parking.png\n'}
[21.835317] (-) TimerEvent: {}
[21.930088] (turtlebot3_gazebo) StdoutLine: {'line': b'-- Up-to-date symlink: /home/ubuntu/ros_ws/ros2/project/turtlebot3_gazebo/install/turtlebot3_gazebo/share/turtlebot3_gazebo//models/turtlebot3_autorace_2020/traffic_parking/model.config\n'}
[21.935742] (-) TimerEvent: {}
[22.038581] (-) TimerEvent: {}
[22.140685] (-) TimerEvent: {}
[22.162648] (turtlebot3_gazebo) StdoutLine: {'line': b'-- Up-to-date symlink: /home/ubuntu/ros_ws/ros2/project/turtlebot3_gazebo/install/turtlebot3_gazebo/share/turtlebot3_gazebo//models/turtlebot3_autorace_2020/traffic_parking/model.sdf\n'}
[22.241066] (-) TimerEvent: {}
[22.343391] (-) TimerEvent: {}
[22.447153] (-) TimerEvent: {}
[22.498660] (turtlebot3_gazebo) StdoutLine: {'line': b'-- Up-to-date symlink: /home/ubuntu/ros_ws/ros2/project/turtlebot3_gazebo/install/turtlebot3_gazebo/share/turtlebot3_gazebo//models/turtlebot3_autorace_2020/traffic_pl_left/materials/scripts/traffic_pl_left.material\n'}
[22.548232] (-) TimerEvent: {}
[22.649763] (-) TimerEvent: {}
[22.740257] (turtlebot3_gazebo) StdoutLine: {'line': b'-- Up-to-date symlink: /home/ubuntu/ros_ws/ros2/project/turtlebot3_gazebo/install/turtlebot3_gazebo/share/turtlebot3_gazebo//models/turtlebot3_autorace_2020/traffic_pl_left/materials/textures/traffic_pl_left.png\n'}
[22.750398] (-) TimerEvent: {}
[22.852579] (-) TimerEvent: {}
[22.892363] (turtlebot3_gazebo) StdoutLine: {'line': b'-- Up-to-date symlink: /home/ubuntu/ros_ws/ros2/project/turtlebot3_gazebo/install/turtlebot3_gazebo/share/turtlebot3_gazebo//models/turtlebot3_autorace_2020/traffic_pl_left/model.config\n'}
[22.954537] (-) TimerEvent: {}
[23.035288] (turtlebot3_gazebo) StdoutLine: {'line': b'-- Up-to-date symlink: /home/ubuntu/ros_ws/ros2/project/turtlebot3_gazebo/install/turtlebot3_gazebo/share/turtlebot3_gazebo//models/turtlebot3_autorace_2020/traffic_pl_left/model.sdf\n'}
[23.055009] (-) TimerEvent: {}
[23.156343] (-) TimerEvent: {}
[23.257735] (-) TimerEvent: {}
[23.270753] (turtlebot3_gazebo) StdoutLine: {'line': b'-- Up-to-date symlink: /home/ubuntu/ros_ws/ros2/project/turtlebot3_gazebo/install/turtlebot3_gazebo/share/turtlebot3_gazebo//models/turtlebot3_autorace_2020/traffic_right/materials/scripts/traffic_right.material\n'}
[23.358227] (-) TimerEvent: {}
[23.460124] (-) TimerEvent: {}
[23.506515] (turtlebot3_gazebo) StdoutLine: {'line': b'-- Up-to-date symlink: /home/ubuntu/ros_ws/ros2/project/turtlebot3_gazebo/install/turtlebot3_gazebo/share/turtlebot3_gazebo//models/turtlebot3_autorace_2020/traffic_right/materials/textures/traffic_right.png\n'}
[23.561386] (-) TimerEvent: {}
[23.633661] (turtlebot3_gazebo) StdoutLine: {'line': b'-- Up-to-date symlink: /home/ubuntu/ros_ws/ros2/project/turtlebot3_gazebo/install/turtlebot3_gazebo/share/turtlebot3_gazebo//models/turtlebot3_autorace_2020/traffic_right/model.config\n'}
[23.662007] (-) TimerEvent: {}
[23.752868] (turtlebot3_gazebo) StdoutLine: {'line': b'-- Up-to-date symlink: /home/ubuntu/ros_ws/ros2/project/turtlebot3_gazebo/install/turtlebot3_gazebo/share/turtlebot3_gazebo//models/turtlebot3_autorace_2020/traffic_right/model.sdf\n'}
[23.762641] (-) TimerEvent: {}
[23.864348] (-) TimerEvent: {}
[23.966841] (-) TimerEvent: {}
[23.968039] (turtlebot3_gazebo) StdoutLine: {'line': b'-- Up-to-date symlink: /home/ubuntu/ros_ws/ros2/project/turtlebot3_gazebo/install/turtlebot3_gazebo/share/turtlebot3_gazebo//models/turtlebot3_autorace_2020/traffic_stop/materials/scripts/traffic_stop.material\n'}
[24.067440] (-) TimerEvent: {}
[24.169130] (-) TimerEvent: {}
[24.170108] (turtlebot3_gazebo) StdoutLine: {'line': b'-- Up-to-date symlink: /home/ubuntu/ros_ws/ros2/project/turtlebot3_gazebo/install/turtlebot3_gazebo/share/turtlebot3_gazebo//models/turtlebot3_autorace_2020/traffic_stop/materials/textures/traffic_stop.png\n'}
[24.269929] (-) TimerEvent: {}
[24.314812] (turtlebot3_gazebo) StdoutLine: {'line': b'-- Up-to-date symlink: /home/ubuntu/ros_ws/ros2/project/turtlebot3_gazebo/install/turtlebot3_gazebo/share/turtlebot3_gazebo//models/turtlebot3_autorace_2020/traffic_stop/model.config\n'}
[24.370573] (-) TimerEvent: {}
[24.473361] (-) TimerEvent: {}
[24.501772] (turtlebot3_gazebo) StdoutLine: {'line': b'-- Up-to-date symlink: /home/ubuntu/ros_ws/ros2/project/turtlebot3_gazebo/install/turtlebot3_gazebo/share/turtlebot3_gazebo//models/turtlebot3_autorace_2020/traffic_stop/model.sdf\n'}
[24.573636] (-) TimerEvent: {}
[24.674911] (-) TimerEvent: {}
[24.777822] (-) TimerEvent: {}
[24.795844] (turtlebot3_gazebo) StdoutLine: {'line': b'-- Up-to-date symlink: /home/ubuntu/ros_ws/ros2/project/turtlebot3_gazebo/install/turtlebot3_gazebo/share/turtlebot3_gazebo//models/turtlebot3_autorace_2020/traffic_tunnel/materials/scripts/tunnel.material\n'}
[24.878309] (-) TimerEvent: {}
[25.013377] (-) TimerEvent: {}
[25.081891] (turtlebot3_gazebo) StdoutLine: {'line': b'-- Up-to-date symlink: /home/ubuntu/ros_ws/ros2/project/turtlebot3_gazebo/install/turtlebot3_gazebo/share/turtlebot3_gazebo//models/turtlebot3_autorace_2020/traffic_tunnel/materials/textures/tunnel.png\n'}
[25.113914] (-) TimerEvent: {}
[25.215586] (-) TimerEvent: {}
[25.249473] (turtlebot3_gazebo) StdoutLine: {'line': b'-- Up-to-date symlink: /home/ubuntu/ros_ws/ros2/project/turtlebot3_gazebo/install/turtlebot3_gazebo/share/turtlebot3_gazebo//models/turtlebot3_autorace_2020/traffic_tunnel/model.config\n'}
[25.316134] (-) TimerEvent: {}
[25.381863] (turtlebot3_gazebo) StdoutLine: {'line': b'-- Up-to-date symlink: /home/ubuntu/ros_ws/ros2/project/turtlebot3_gazebo/install/turtlebot3_gazebo/share/turtlebot3_gazebo//models/turtlebot3_autorace_2020/traffic_tunnel/model.sdf\n'}
[25.416379] (-) TimerEvent: {}
[25.489347] (turtlebot3_gazebo) StdoutLine: {'line': b'-- Up-to-date symlink: /home/ubuntu/ros_ws/ros2/project/turtlebot3_gazebo/install/turtlebot3_gazebo/share/turtlebot3_gazebo//models/turtlebot3_burger/model-1_4.sdf\n'}
[25.516668] (-) TimerEvent: {}
[25.589622] (turtlebot3_gazebo) StdoutLine: {'line': b'-- Up-to-date symlink: /home/ubuntu/ros_ws/ros2/project/turtlebot3_gazebo/install/turtlebot3_gazebo/share/turtlebot3_gazebo//models/turtlebot3_burger/model.config\n'}
[25.617221] (-) TimerEvent: {}
[25.674021] (turtlebot3_gazebo) StdoutLine: {'line': b'-- Up-to-date symlink: /home/ubuntu/ros_ws/ros2/project/turtlebot3_gazebo/install/turtlebot3_gazebo/share/turtlebot3_gazebo//models/turtlebot3_burger/model.sdf\n'}
[25.717535] (-) TimerEvent: {}
[25.752368] (turtlebot3_gazebo) StdoutLine: {'line': b'-- Up-to-date symlink: /home/ubuntu/ros_ws/ros2/project/turtlebot3_gazebo/install/turtlebot3_gazebo/share/turtlebot3_gazebo//models/turtlebot3_burger_cam/model-1_4.sdf\n'}
[25.817833] (-) TimerEvent: {}
[25.831106] (turtlebot3_gazebo) StdoutLine: {'line': b'-- Up-to-date symlink: /home/ubuntu/ros_ws/ros2/project/turtlebot3_gazebo/install/turtlebot3_gazebo/share/turtlebot3_gazebo//models/turtlebot3_burger_cam/model.config\n'}
[25.907615] (turtlebot3_gazebo) StdoutLine: {'line': b'-- Up-to-date symlink: /home/ubuntu/ros_ws/ros2/project/turtlebot3_gazebo/install/turtlebot3_gazebo/share/turtlebot3_gazebo//models/turtlebot3_burger_cam/model.sdf\n'}
[25.918344] (-) TimerEvent: {}
[26.020263] (-) TimerEvent: {}
[26.053898] (turtlebot3_gazebo) StdoutLine: {'line': b'-- Up-to-date symlink: /home/ubuntu/ros_ws/ros2/project/turtlebot3_gazebo/install/turtlebot3_gazebo/share/turtlebot3_gazebo//models/turtlebot3_common/meshes/bases/burger_base.stl\n'}
[26.120771] (-) TimerEvent: {}
[26.222218] (-) TimerEvent: {}
[26.232542] (turtlebot3_gazebo) StdoutLine: {'line': b'-- Up-to-date symlink: /home/ubuntu/ros_ws/ros2/project/turtlebot3_gazebo/install/turtlebot3_gazebo/share/turtlebot3_gazebo//models/turtlebot3_common/meshes/bases/waffle_base.stl\n'}
[26.322581] (-) TimerEvent: {}
[26.444691] (turtlebot3_gazebo) StdoutLine: {'line': b'-- Up-to-date symlink: /home/ubuntu/ros_ws/ros2/project/turtlebot3_gazebo/install/turtlebot3_gazebo/share/turtlebot3_gazebo//models/turtlebot3_common/meshes/bases/waffle_pi_base.stl\n'}
[26.447217] (-) TimerEvent: {}
[26.548284] (-) TimerEvent: {}
[26.549630] (turtlebot3_gazebo) StdoutLine: {'line': b'-- Up-to-date symlink: /home/ubuntu/ros_ws/ros2/project/turtlebot3_gazebo/install/turtlebot3_gazebo/share/turtlebot3_gazebo//models/turtlebot3_common/meshes/burger_base.dae\n'}
[26.648560] (-) TimerEvent: {}
[26.660308] (turtlebot3_gazebo) StdoutLine: {'line': b'-- Up-to-date symlink: /home/ubuntu/ros_ws/ros2/project/turtlebot3_gazebo/install/turtlebot3_gazebo/share/turtlebot3_gazebo//models/turtlebot3_common/meshes/lds.dae\n'}
[26.749220] (-) TimerEvent: {}
[26.800031] (turtlebot3_gazebo) StdoutLine: {'line': b'-- Up-to-date symlink: /home/ubuntu/ros_ws/ros2/project/turtlebot3_gazebo/install/turtlebot3_gazebo/share/turtlebot3_gazebo//models/turtlebot3_common/meshes/r200.dae\n'}
[26.849751] (-) TimerEvent: {}
[26.951484] (-) TimerEvent: {}
[26.972758] (turtlebot3_gazebo) StdoutLine: {'line': b'-- Up-to-date symlink: /home/ubuntu/ros_ws/ros2/project/turtlebot3_gazebo/install/turtlebot3_gazebo/share/turtlebot3_gazebo//models/turtlebot3_common/meshes/sensors/astra.dae\n'}
[27.052220] (-) TimerEvent: {}
[27.128682] (turtlebot3_gazebo) StdoutLine: {'line': b'-- Up-to-date symlink: /home/ubuntu/ros_ws/ros2/project/turtlebot3_gazebo/install/turtlebot3_gazebo/share/turtlebot3_gazebo//models/turtlebot3_common/meshes/sensors/astra.jpg\n'}
[27.152548] (-) TimerEvent: {}
[27.257111] (-) TimerEvent: {}
[27.288964] (turtlebot3_gazebo) StdoutLine: {'line': b'-- Up-to-date symlink: /home/ubuntu/ros_ws/ros2/project/turtlebot3_gazebo/install/turtlebot3_gazebo/share/turtlebot3_gazebo//models/turtlebot3_common/meshes/sensors/lds.stl\n'}
[27.357581] (-) TimerEvent: {}
[27.459559] (-) TimerEvent: {}
[27.460608] (turtlebot3_gazebo) StdoutLine: {'line': b'-- Up-to-date symlink: /home/ubuntu/ros_ws/ros2/project/turtlebot3_gazebo/install/turtlebot3_gazebo/share/turtlebot3_gazebo//models/turtlebot3_common/meshes/sensors/r200.dae\n'}
[27.560297] (-) TimerEvent: {}
[27.618293] (turtlebot3_gazebo) StdoutLine: {'line': b'-- Up-to-date symlink: /home/ubuntu/ros_ws/ros2/project/turtlebot3_gazebo/install/turtlebot3_gazebo/share/turtlebot3_gazebo//models/turtlebot3_common/meshes/sensors/r200.jpg\n'}
[27.661959] (-) TimerEvent: {}
[27.718654] (turtlebot3_gazebo) StdoutLine: {'line': b'-- Up-to-date symlink: /home/ubuntu/ros_ws/ros2/project/turtlebot3_gazebo/install/turtlebot3_gazebo/share/turtlebot3_gazebo//models/turtlebot3_common/meshes/tire.dae\n'}
[27.762879] (-) TimerEvent: {}
[27.823093] (turtlebot3_gazebo) StdoutLine: {'line': b'-- Up-to-date symlink: /home/ubuntu/ros_ws/ros2/project/turtlebot3_gazebo/install/turtlebot3_gazebo/share/turtlebot3_gazebo//models/turtlebot3_common/meshes/waffle_base.dae\n'}
[27.863412] (-) TimerEvent: {}
[27.948705] (turtlebot3_gazebo) StdoutLine: {'line': b'-- Up-to-date symlink: /home/ubuntu/ros_ws/ros2/project/turtlebot3_gazebo/install/turtlebot3_gazebo/share/turtlebot3_gazebo//models/turtlebot3_common/meshes/waffle_pi_base.dae\n'}
[27.963903] (-) TimerEvent: {}
[28.065591] (-) TimerEvent: {}
[28.075671] (turtlebot3_gazebo) StdoutLine: {'line': b'-- Up-to-date symlink: /home/ubuntu/ros_ws/ros2/project/turtlebot3_gazebo/install/turtlebot3_gazebo/share/turtlebot3_gazebo//models/turtlebot3_common/meshes/wheels/left_tire.stl\n'}
[28.166042] (-) TimerEvent: {}
[28.223575] (turtlebot3_gazebo) StdoutLine: {'line': b'-- Up-to-date symlink: /home/ubuntu/ros_ws/ros2/project/turtlebot3_gazebo/install/turtlebot3_gazebo/share/turtlebot3_gazebo//models/turtlebot3_common/meshes/wheels/right_tire.stl\n'}
[28.266955] (-) TimerEvent: {}
[28.301831] (turtlebot3_gazebo) StdoutLine: {'line': b'-- Up-to-date symlink: /home/ubuntu/ros_ws/ros2/project/turtlebot3_gazebo/install/turtlebot3_gazebo/share/turtlebot3_gazebo//models/turtlebot3_common/model.config\n'}
[28.368682] (-) TimerEvent: {}
[28.383961] (turtlebot3_gazebo) StdoutLine: {'line': b'-- Up-to-date symlink: /home/ubuntu/ros_ws/ros2/project/turtlebot3_gazebo/install/turtlebot3_gazebo/share/turtlebot3_gazebo//models/turtlebot3_dqn_world/goal_box/model.config\n'}
[28.470443] (-) TimerEvent: {}
[28.490452] (turtlebot3_gazebo) StdoutLine: {'line': b'-- Up-to-date symlink: /home/ubuntu/ros_ws/ros2/project/turtlebot3_gazebo/install/turtlebot3_gazebo/share/turtlebot3_gazebo//models/turtlebot3_dqn_world/goal_box/model.sdf\n'}
[28.570428] (turtlebot3_gazebo) StdoutLine: {'line': b'-- Up-to-date symlink: /home/ubuntu/ros_ws/ros2/project/turtlebot3_gazebo/install/turtlebot3_gazebo/share/turtlebot3_gazebo//models/turtlebot3_dqn_world/inner_walls/model.config\n'}
[28.573178] (-) TimerEvent: {}
[28.655173] (turtlebot3_gazebo) StdoutLine: {'line': b'-- Up-to-date symlink: /home/ubuntu/ros_ws/ros2/project/turtlebot3_gazebo/install/turtlebot3_gazebo/share/turtlebot3_gazebo//models/turtlebot3_dqn_world/inner_walls/model.sdf\n'}
[28.674426] (-) TimerEvent: {}
[28.734694] (turtlebot3_gazebo) StdoutLine: {'line': b'-- Up-to-date symlink: /home/ubuntu/ros_ws/ros2/project/turtlebot3_gazebo/install/turtlebot3_gazebo/share/turtlebot3_gazebo//models/turtlebot3_dqn_world/model.config\n'}
[28.774806] (-) TimerEvent: {}
[28.812370] (turtlebot3_gazebo) StdoutLine: {'line': b'-- Up-to-date symlink: /home/ubuntu/ros_ws/ros2/project/turtlebot3_gazebo/install/turtlebot3_gazebo/share/turtlebot3_gazebo//models/turtlebot3_dqn_world/model.sdf\n'}
[28.875191] (-) TimerEvent: {}
[28.881836] (turtlebot3_gazebo) StdoutLine: {'line': b'-- Up-to-date symlink: /home/ubuntu/ros_ws/ros2/project/turtlebot3_gazebo/install/turtlebot3_gazebo/share/turtlebot3_gazebo//models/turtlebot3_dqn_world/obstacle1/model.config\n'}
[28.975386] (-) TimerEvent: {}
[28.976511] (turtlebot3_gazebo) StdoutLine: {'line': b'-- Up-to-date symlink: /home/ubuntu/ros_ws/ros2/project/turtlebot3_gazebo/install/turtlebot3_gazebo/share/turtlebot3_gazebo//models/turtlebot3_dqn_world/obstacle1/model.sdf\n'}
[29.076263] (-) TimerEvent: {}
[29.101642] (turtlebot3_gazebo) StdoutLine: {'line': b'-- Up-to-date symlink: /home/ubuntu/ros_ws/ros2/project/turtlebot3_gazebo/install/turtlebot3_gazebo/share/turtlebot3_gazebo//models/turtlebot3_dqn_world/obstacle2/model.config\n'}
[29.176539] (-) TimerEvent: {}
[29.198955] (turtlebot3_gazebo) StdoutLine: {'line': b'-- Up-to-date symlink: /home/ubuntu/ros_ws/ros2/project/turtlebot3_gazebo/install/turtlebot3_gazebo/share/turtlebot3_gazebo//models/turtlebot3_dqn_world/obstacle2/model.sdf\n'}
[29.275987] (turtlebot3_gazebo) StdoutLine: {'line': b'-- Up-to-date symlink: /home/ubuntu/ros_ws/ros2/project/turtlebot3_gazebo/install/turtlebot3_gazebo/share/turtlebot3_gazebo//models/turtlebot3_dqn_world/obstacles/model.config\n'}
[29.277913] (-) TimerEvent: {}
[29.379134] (-) TimerEvent: {}
[29.406132] (turtlebot3_gazebo) StdoutLine: {'line': b'-- Up-to-date symlink: /home/ubuntu/ros_ws/ros2/project/turtlebot3_gazebo/install/turtlebot3_gazebo/share/turtlebot3_gazebo//models/turtlebot3_dqn_world/obstacles/model.sdf\n'}
[29.479979] (-) TimerEvent: {}
[29.525176] (turtlebot3_gazebo) StdoutLine: {'line': b'-- Up-to-date symlink: /home/ubuntu/ros_ws/ros2/project/turtlebot3_gazebo/install/turtlebot3_gazebo/share/turtlebot3_gazebo//models/turtlebot3_house/model.config\n'}
[29.580269] (-) TimerEvent: {}
[29.634824] (turtlebot3_gazebo) StdoutLine: {'line': b'-- Up-to-date symlink: /home/ubuntu/ros_ws/ros2/project/turtlebot3_gazebo/install/turtlebot3_gazebo/share/turtlebot3_gazebo//models/turtlebot3_house/model.sdf\n'}
[29.680705] (-) TimerEvent: {}
[29.741564] (turtlebot3_gazebo) StdoutLine: {'line': b'-- Up-to-date symlink: /home/ubuntu/ros_ws/ros2/project/turtlebot3_gazebo/install/turtlebot3_gazebo/share/turtlebot3_gazebo//models/turtlebot3_waffle/model-1_4.sdf\n'}
[29.781309] (-) TimerEvent: {}
[29.854796] (turtlebot3_gazebo) StdoutLine: {'line': b'-- Up-to-date symlink: /home/ubuntu/ros_ws/ros2/project/turtlebot3_gazebo/install/turtlebot3_gazebo/share/turtlebot3_gazebo//models/turtlebot3_waffle/model.config\n'}
[29.881848] (-) TimerEvent: {}
[29.983920] (-) TimerEvent: {}
[29.989053] (turtlebot3_gazebo) StdoutLine: {'line': b'-- Up-to-date symlink: /home/ubuntu/ros_ws/ros2/project/turtlebot3_gazebo/install/turtlebot3_gazebo/share/turtlebot3_gazebo//models/turtlebot3_waffle/model.sdf\n'}
[30.084438] (-) TimerEvent: {}
[30.118623] (turtlebot3_gazebo) StdoutLine: {'line': b'-- Up-to-date symlink: /home/ubuntu/ros_ws/ros2/project/turtlebot3_gazebo/install/turtlebot3_gazebo/share/turtlebot3_gazebo//models/turtlebot3_waffle_pi/model-1_4_.sdf\n'}
[30.184646] (-) TimerEvent: {}
[30.244790] (turtlebot3_gazebo) StdoutLine: {'line': b'-- Up-to-date symlink: /home/ubuntu/ros_ws/ros2/project/turtlebot3_gazebo/install/turtlebot3_gazebo/share/turtlebot3_gazebo//models/turtlebot3_waffle_pi/model.config\n'}
[30.285019] (-) TimerEvent: {}
[30.368636] (turtlebot3_gazebo) StdoutLine: {'line': b'-- Up-to-date symlink: /home/ubuntu/ros_ws/ros2/project/turtlebot3_gazebo/install/turtlebot3_gazebo/share/turtlebot3_gazebo//models/turtlebot3_waffle_pi/model.sdf\n'}
[30.385475] (-) TimerEvent: {}
[30.487496] (-) TimerEvent: {}
[30.566558] (turtlebot3_gazebo) StdoutLine: {'line': b'-- Up-to-date symlink: /home/ubuntu/ros_ws/ros2/project/turtlebot3_gazebo/install/turtlebot3_gazebo/share/turtlebot3_gazebo//models/turtlebot3_world/meshes/hexagon.dae\n'}
[30.588669] (-) TimerEvent: {}
[30.691003] (-) TimerEvent: {}
[30.792218] (turtlebot3_gazebo) StdoutLine: {'line': b'-- Up-to-date symlink: /home/ubuntu/ros_ws/ros2/project/turtlebot3_gazebo/install/turtlebot3_gazebo/share/turtlebot3_gazebo//models/turtlebot3_world/meshes/wall.dae\n'}
[30.797510] (-) TimerEvent: {}
[30.901185] (-) TimerEvent: {}
[30.946911] (turtlebot3_gazebo) StdoutLine: {'line': b'-- Up-to-date symlink: /home/ubuntu/ros_ws/ros2/project/turtlebot3_gazebo/install/turtlebot3_gazebo/share/turtlebot3_gazebo//models/turtlebot3_world/model-1_4.sdf\n'}
[31.002505] (-) TimerEvent: {}
[31.104819] (-) TimerEvent: {}
[31.107402] (turtlebot3_gazebo) StdoutLine: {'line': b'-- Up-to-date symlink: /home/ubuntu/ros_ws/ros2/project/turtlebot3_gazebo/install/turtlebot3_gazebo/share/turtlebot3_gazebo//models/turtlebot3_world/model.config\n'}
[31.205944] (-) TimerEvent: {}
[31.264699] (turtlebot3_gazebo) StdoutLine: {'line': b'-- Up-to-date symlink: /home/ubuntu/ros_ws/ros2/project/turtlebot3_gazebo/install/turtlebot3_gazebo/share/turtlebot3_gazebo//models/turtlebot3_world/model.sdf\n'}
[31.306251] (-) TimerEvent: {}
[31.408201] (-) TimerEvent: {}
[31.427091] (turtlebot3_gazebo) StdoutLine: {'line': b'-- Up-to-date symlink: /home/ubuntu/ros_ws/ros2/project/turtlebot3_gazebo/install/turtlebot3_gazebo/share/turtlebot3_gazebo//rviz/tb3_gazebo.rviz\n'}
[31.508605] (-) TimerEvent: {}
[31.610552] (-) TimerEvent: {}
[31.628480] (turtlebot3_gazebo) StdoutLine: {'line': b'-- Up-to-date symlink: /home/ubuntu/ros_ws/ros2/project/turtlebot3_gazebo/install/turtlebot3_gazebo/share/turtlebot3_gazebo//urdf/common_properties.urdf\n'}
[31.711261] (-) TimerEvent: {}
[31.798189] (turtlebot3_gazebo) StdoutLine: {'line': b'-- Up-to-date symlink: /home/ubuntu/ros_ws/ros2/project/turtlebot3_gazebo/install/turtlebot3_gazebo/share/turtlebot3_gazebo//urdf/turtlebot3_burger.urdf\n'}
[31.812215] (-) TimerEvent: {}
[31.914625] (-) TimerEvent: {}
[31.953571] (turtlebot3_gazebo) StdoutLine: {'line': b'-- Up-to-date symlink: /home/ubuntu/ros_ws/ros2/project/turtlebot3_gazebo/install/turtlebot3_gazebo/share/turtlebot3_gazebo//urdf/turtlebot3_burger_cam.urdf\n'}
[32.015279] (-) TimerEvent: {}
[32.110266] (turtlebot3_gazebo) StdoutLine: {'line': b'-- Up-to-date symlink: /home/ubuntu/ros_ws/ros2/project/turtlebot3_gazebo/install/turtlebot3_gazebo/share/turtlebot3_gazebo//urdf/turtlebot3_waffle.urdf\n'}
[32.117111] (-) TimerEvent: {}
[32.219590] (-) TimerEvent: {}
[32.282806] (turtlebot3_gazebo) StdoutLine: {'line': b'-- Up-to-date symlink: /home/ubuntu/ros_ws/ros2/project/turtlebot3_gazebo/install/turtlebot3_gazebo/share/turtlebot3_gazebo//urdf/turtlebot3_waffle_pi.urdf\n'}
[32.320527] (-) TimerEvent: {}
[32.422939] (-) TimerEvent: {}
[32.526611] (-) TimerEvent: {}
[32.629277] (-) TimerEvent: {}
[32.644860] (turtlebot3_gazebo) StdoutLine: {'line': b'-- Up-to-date symlink: /home/ubuntu/ros_ws/ros2/project/turtlebot3_gazebo/install/turtlebot3_gazebo/share/turtlebot3_gazebo//worlds/empty_world.world\n'}
[32.730196] (-) TimerEvent: {}
[32.797920] (turtlebot3_gazebo) StdoutLine: {'line': b'-- Up-to-date symlink: /home/ubuntu/ros_ws/ros2/project/turtlebot3_gazebo/install/turtlebot3_gazebo/share/turtlebot3_gazebo//worlds/turtlebot3_autorace_2020.world\n'}
[32.830325] (-) TimerEvent: {}
[32.880366] (turtlebot3_gazebo) StdoutLine: {'line': b'-- Up-to-date symlink: /home/ubuntu/ros_ws/ros2/project/turtlebot3_gazebo/install/turtlebot3_gazebo/share/turtlebot3_gazebo//worlds/turtlebot3_dqn_stage1.world\n'}
[32.930714] (-) TimerEvent: {}
[32.975193] (turtlebot3_gazebo) StdoutLine: {'line': b'-- Up-to-date symlink: /home/ubuntu/ros_ws/ros2/project/turtlebot3_gazebo/install/turtlebot3_gazebo/share/turtlebot3_gazebo//worlds/turtlebot3_dqn_stage2.world\n'}
[33.031284] (-) TimerEvent: {}
[33.106415] (turtlebot3_gazebo) StdoutLine: {'line': b'-- Up-to-date symlink: /home/ubuntu/ros_ws/ros2/project/turtlebot3_gazebo/install/turtlebot3_gazebo/share/turtlebot3_gazebo//worlds/turtlebot3_dqn_stage3.world\n'}
[33.132048] (-) TimerEvent: {}
[33.235340] (-) TimerEvent: {}
[33.273741] (turtlebot3_gazebo) StdoutLine: {'line': b'-- Up-to-date symlink: /home/ubuntu/ros_ws/ros2/project/turtlebot3_gazebo/install/turtlebot3_gazebo/share/turtlebot3_gazebo//worlds/turtlebot3_dqn_stage4.world\n'}
[33.336267] (-) TimerEvent: {}
[33.405120] (turtlebot3_gazebo) StdoutLine: {'line': b'-- Up-to-date symlink: /home/ubuntu/ros_ws/ros2/project/turtlebot3_gazebo/install/turtlebot3_gazebo/share/turtlebot3_gazebo//worlds/turtlebot3_house.world\n'}
[33.436701] (-) TimerEvent: {}
[33.512366] (turtlebot3_gazebo) StdoutLine: {'line': b'-- Up-to-date symlink: /home/ubuntu/ros_ws/ros2/project/turtlebot3_gazebo/install/turtlebot3_gazebo/share/turtlebot3_gazebo//worlds/turtlebot3_world.world\n'}
[33.537085] (-) TimerEvent: {}
[33.639245] (-) TimerEvent: {}
[33.741584] (-) TimerEvent: {}
[33.773910] (turtlebot3_gazebo) StdoutLine: {'line': b'-- Up-to-date symlink: /home/ubuntu/ros_ws/ros2/project/turtlebot3_gazebo/install/turtlebot3_gazebo/include//turtlebot3_gazebo/obstacle1.hpp\n'}
[33.842094] (-) TimerEvent: {}
[33.892156] (turtlebot3_gazebo) StdoutLine: {'line': b'-- Up-to-date symlink: /home/ubuntu/ros_ws/ros2/project/turtlebot3_gazebo/install/turtlebot3_gazebo/include//turtlebot3_gazebo/obstacle2.hpp\n'}
[33.942523] (-) TimerEvent: {}
[34.015379] (turtlebot3_gazebo) StdoutLine: {'line': b'-- Up-to-date symlink: /home/ubuntu/ros_ws/ros2/project/turtlebot3_gazebo/install/turtlebot3_gazebo/include//turtlebot3_gazebo/obstacles.hpp\n'}
[34.043006] (-) TimerEvent: {}
[34.145731] (turtlebot3_gazebo) StdoutLine: {'line': b'-- Up-to-date symlink: /home/ubuntu/ros_ws/ros2/project/turtlebot3_gazebo/install/turtlebot3_gazebo/include//turtlebot3_gazebo/traffic_bar_plugin.hpp\n'}
[34.150879] (-) TimerEvent: {}
[34.253106] (-) TimerEvent: {}
[34.285619] (turtlebot3_gazebo) StdoutLine: {'line': b'-- Up-to-date symlink: /home/ubuntu/ros_ws/ros2/project/turtlebot3_gazebo/install/turtlebot3_gazebo/include//turtlebot3_gazebo/traffic_light_plugin.hpp\n'}
[34.353568] (-) TimerEvent: {}
[34.415481] (turtlebot3_gazebo) StdoutLine: {'line': b'-- Up-to-date symlink: /home/ubuntu/ros_ws/ros2/project/turtlebot3_gazebo/install/turtlebot3_gazebo/include//turtlebot3_gazebo/turtlebot3_drive.hpp\n'}
[34.453880] (-) TimerEvent: {}
[34.556520] (-) TimerEvent: {}
[34.648613] (turtlebot3_gazebo) StdoutLine: {'line': b'-- Up-to-date symlink: /home/ubuntu/ros_ws/ros2/project/turtlebot3_gazebo/install/turtlebot3_gazebo/share/ament_index/resource_index/package_run_dependencies/turtlebot3_gazebo\n'}
[34.656722] (-) TimerEvent: {}
[34.759124] (-) TimerEvent: {}
[34.860822] (-) TimerEvent: {}
[34.907836] (turtlebot3_gazebo) StdoutLine: {'line': b'-- Up-to-date symlink: /home/ubuntu/ros_ws/ros2/project/turtlebot3_gazebo/install/turtlebot3_gazebo/share/ament_index/resource_index/parent_prefix_path/turtlebot3_gazebo\n'}
[34.961311] (-) TimerEvent: {}
[35.062375] (turtlebot3_gazebo) StdoutLine: {'line': b'-- Up-to-date symlink: /home/ubuntu/ros_ws/ros2/project/turtlebot3_gazebo/install/turtlebot3_gazebo/share/turtlebot3_gazebo/environment/ament_prefix_path.sh\n'}
[35.067850] (-) TimerEvent: {}
[35.170044] (-) TimerEvent: {}
[35.197060] (turtlebot3_gazebo) StdoutLine: {'line': b'-- Up-to-date symlink: /home/ubuntu/ros_ws/ros2/project/turtlebot3_gazebo/install/turtlebot3_gazebo/share/turtlebot3_gazebo/environment/ament_prefix_path.dsv\n'}
[35.265072] (turtlebot3_gazebo) StdoutLine: {'line': b'-- Up-to-date symlink: /home/ubuntu/ros_ws/ros2/project/turtlebot3_gazebo/install/turtlebot3_gazebo/share/turtlebot3_gazebo/environment/path.sh\n'}
[35.270357] (-) TimerEvent: {}
[35.313231] (turtlebot3_gazebo) StdoutLine: {'line': b'-- Up-to-date symlink: /home/ubuntu/ros_ws/ros2/project/turtlebot3_gazebo/install/turtlebot3_gazebo/share/turtlebot3_gazebo/environment/path.dsv\n'}
[35.355052] (turtlebot3_gazebo) StdoutLine: {'line': b'-- Up-to-date symlink: /home/ubuntu/ros_ws/ros2/project/turtlebot3_gazebo/install/turtlebot3_gazebo/share/turtlebot3_gazebo/local_setup.bash\n'}
[35.371505] (-) TimerEvent: {}
[35.447307] (turtlebot3_gazebo) StdoutLine: {'line': b'-- Up-to-date symlink: /home/ubuntu/ros_ws/ros2/project/turtlebot3_gazebo/install/turtlebot3_gazebo/share/turtlebot3_gazebo/local_setup.sh\n'}
[35.472935] (-) TimerEvent: {}
[35.550331] (turtlebot3_gazebo) StdoutLine: {'line': b'-- Up-to-date symlink: /home/ubuntu/ros_ws/ros2/project/turtlebot3_gazebo/install/turtlebot3_gazebo/share/turtlebot3_gazebo/local_setup.zsh\n'}
[35.573558] (-) TimerEvent: {}
[35.652663] (turtlebot3_gazebo) StdoutLine: {'line': b'-- Up-to-date symlink: /home/ubuntu/ros_ws/ros2/project/turtlebot3_gazebo/install/turtlebot3_gazebo/share/turtlebot3_gazebo/local_setup.dsv\n'}
[35.674492] (-) TimerEvent: {}
[35.707348] (turtlebot3_gazebo) StdoutLine: {'line': b'-- Symlinking: /home/ubuntu/ros_ws/ros2/project/turtlebot3_gazebo/install/turtlebot3_gazebo/share/turtlebot3_gazebo/package.dsv\n'}
[35.775675] (-) TimerEvent: {}
[35.878985] (-) TimerEvent: {}
[35.981312] (-) TimerEvent: {}
[36.073141] (turtlebot3_gazebo) StdoutLine: {'line': b'-- Up-to-date symlink: /home/ubuntu/ros_ws/ros2/project/turtlebot3_gazebo/install/turtlebot3_gazebo/share/ament_index/resource_index/packages/turtlebot3_gazebo\n'}
[36.081815] (-) TimerEvent: {}
[36.184252] (-) TimerEvent: {}
[36.202308] (turtlebot3_gazebo) StdoutLine: {'line': b'-- Up-to-date symlink: /home/ubuntu/ros_ws/ros2/project/turtlebot3_gazebo/install/turtlebot3_gazebo/share/turtlebot3_gazebo/cmake/ament_cmake_export_include_directories-extras.cmake\n'}
[36.285636] (-) TimerEvent: {}
[36.316748] (turtlebot3_gazebo) StdoutLine: {'line': b'-- Up-to-date symlink: /home/ubuntu/ros_ws/ros2/project/turtlebot3_gazebo/install/turtlebot3_gazebo/share/turtlebot3_gazebo/cmake/ament_cmake_export_dependencies-extras.cmake\n'}
[36.386756] (-) TimerEvent: {}
[36.438694] (turtlebot3_gazebo) StdoutLine: {'line': b'-- Up-to-date symlink: /home/ubuntu/ros_ws/ros2/project/turtlebot3_gazebo/install/turtlebot3_gazebo/share/turtlebot3_gazebo/cmake/turtlebot3_gazeboConfig.cmake\n'}
[36.487397] (-) TimerEvent: {}
[36.560565] (turtlebot3_gazebo) StdoutLine: {'line': b'-- Up-to-date symlink: /home/ubuntu/ros_ws/ros2/project/turtlebot3_gazebo/install/turtlebot3_gazebo/share/turtlebot3_gazebo/cmake/turtlebot3_gazeboConfig-version.cmake\n'}
[36.589234] (-) TimerEvent: {}
[36.676552] (turtlebot3_gazebo) StdoutLine: {'line': b'-- Up-to-date symlink: /home/ubuntu/ros_ws/ros2/project/turtlebot3_gazebo/install/turtlebot3_gazebo/share/turtlebot3_gazebo/package.xml\n'}
[36.690106] (-) TimerEvent: {}
[36.702262] (turtlebot3_gazebo) CommandEnded: {'returncode': 0}
[36.791380] (-) TimerEvent: {}
[36.895675] (-) TimerEvent: {}
[36.998583] (-) TimerEvent: {}
[37.100326] (-) TimerEvent: {}
[37.203797] (-) TimerEvent: {}
[37.306362] (-) TimerEvent: {}
[37.409198] (-) TimerEvent: {}
[37.511935] (-) TimerEvent: {}
[37.613539] (-) TimerEvent: {}
[37.715615] (-) TimerEvent: {}
[37.817483] (-) TimerEvent: {}
[37.919548] (-) TimerEvent: {}
[38.050442] (-) TimerEvent: {}
[38.153842] (-) TimerEvent: {}
[38.257257] (-) TimerEvent: {}
[38.361593] (-) TimerEvent: {}
[38.464558] (-) TimerEvent: {}
[38.566531] (-) TimerEvent: {}
[38.668774] (-) TimerEvent: {}
[38.772341] (-) TimerEvent: {}
[38.874873] (-) TimerEvent: {}
[38.976865] (-) TimerEvent: {}
[39.080118] (-) TimerEvent: {}
[39.182676] (-) TimerEvent: {}
[39.285995] (-) TimerEvent: {}
[39.398197] (-) TimerEvent: {}
[39.503491] (-) TimerEvent: {}
[39.624391] (-) TimerEvent: {}
[39.727014] (-) TimerEvent: {}
[39.832411] (-) TimerEvent: {}
[39.935885] (-) TimerEvent: {}
[40.038481] (-) TimerEvent: {}
[40.140798] (-) TimerEvent: {}
[40.242225] (-) TimerEvent: {}
[40.346447] (-) TimerEvent: {}
[40.397677] (turtlebot3_gazebo) JobEnded: {'identifier': 'turtlebot3_gazebo', 'rc': 0}
[40.430662] (-) EventReactorShutdown: {}
