[0.000000] (-) TimerEvent: {}
[0.000630] (turtlebot3_gazebo) JobQueued: {'identifier': 'turtlebot3_gazebo', 'dependencies': OrderedDict()}
[0.000995] (turtlebot3_gazebo) JobStarted: {'identifier': 'turtlebot3_gazebo'}
[0.077076] (turtlebot3_gazebo) JobProgress: {'identifier': 'turtlebot3_gazebo', 'progress': 'cmake'}
[0.098566] (-) TimerEvent: {}
[0.104074] (turtlebot3_gazebo) JobProgress: {'identifier': 'turtlebot3_gazebo', 'progress': 'build'}
[0.111405] (turtlebot3_gazebo) Command: {'cmd': ['/usr/bin/cmake', '--build', '/home/ubuntu/ros_ws/ros2/project/turtlebot3_gazebo/build/turtlebot3_gazebo', '--', '-j12', '-l12'], 'cwd': '/home/ubuntu/ros_ws/ros2/project/turtlebot3_gazebo/build/turtlebot3_gazebo', 'env': OrderedDict([('USER', 'ubuntu'), ('HOSTNAME', 'b150323c0b6d'), ('GIT_ASKPASS', '/home/ubuntu/.vscode-server/bin/8b640eef5a6c6089c029249d48efa5c99adf7d51/extensions/git/dist/askpass.sh'), ('SHLVL', '2'), ('LD_LIBRARY_PATH', '/usr/lib/x86_64-linux-gnu/gazebo-11/plugins:/opt/ros/humble/opt/rviz_ogre_vendor/lib:/opt/ros/humble/lib/x86_64-linux-gnu:/opt/ros/humble/lib'), ('BROWSER', '/home/ubuntu/.vscode-server/bin/8b640eef5a6c6089c029249d48efa5c99adf7d51/bin/helpers/browser.sh'), ('HOME', '/home/ubuntu'), ('OLDPWD', '/home/ubuntu/ros_ws/ros2/project'), ('TERM_PROGRAM_VERSION', '1.119.0'), ('VSCODE_IPC_HOOK_CLI', '/tmp/vscode-ipc-0fa137ad-5b8a-4fa1-80ee-8fac8ea28a79.sock'), ('ROS_PYTHON_VERSION', '3'), ('GTK_MODULES', 'appmenu-gtk-module'), ('VSCODE_GIT_ASKPASS_MAIN', '/home/ubuntu/.vscode-server/bin/8b640eef5a6c6089c029249d48efa5c99adf7d51/extensions/git/dist/askpass-main.js'), ('VSCODE_GIT_ASKPASS_NODE', '/home/ubuntu/.vscode-server/bin/8b640eef5a6c6089c029249d48efa5c99adf7d51/node'), ('LC_CTYPE', 'C.UTF-8'), ('VSCODE_PYTHON_AUTOACTIVATE_GUARD', '1'), ('COLORTERM', 'truecolor'), ('REMOTE_CONTAINERS', 'true'), ('UBUNTU_MENUPROXY', '1'), ('COLCON_PREFIX_PATH', '/home/ubuntu/ros_ws/ros2/project/turtlebot3_gazebo/install'), ('ROS_DISTRO', 'humble'), ('REMOTE_CONTAINERS_IPC', '/tmp/vscode-remote-containers-ipc-23d825ec-b171-49e9-be9a-eb78ec22de4b.sock'), ('_', '/usr/bin/colcon'), ('ROS_VERSION', '2'), ('TERM', 'xterm-256color'), ('ROS_LOCALHOST_ONLY', '0'), ('PATH', '/opt/ros/humble/bin:/home/ubuntu/.vscode-server/bin/8b640eef5a6c6089c029249d48efa5c99adf7d51/bin/remote-cli:/usr/local/sbin:/usr/local/bin:/usr/sbin:/usr/bin:/sbin:/bin:/snap/bin'), ('REMOTE_CONTAINERS_SOCKETS', '["/tmp/.X11-unix/X6","/home/ubuntu/.gnupg/S.gpg-agent"]'), ('DISPLAY', ':6'), ('LANG', 'en_US.UTF-8'), ('VSCODE_GIT_IPC_HANDLE', '/tmp/vscode-git-d39315ff29.sock'), ('TERM_PROGRAM', 'vscode'), ('AMENT_PREFIX_PATH', '/home/ubuntu/ros_ws/ros2/project/turtlebot3_gazebo/install/turtlebot3_gazebo:/opt/ros/humble'), ('REMOTE_CONTAINERS_DISPLAY_SOCK', '/tmp/.X11-unix/X6'), ('SHELL', '/bin/bash'), ('PASSWD', 'ubuntu'), ('VSCODE_GIT_ASKPASS_EXTRA_ARGS', ''), ('PWD', '/home/ubuntu/ros_ws/ros2/project/turtlebot3_gazebo/build/turtlebot3_gazebo'), ('TURTLEBOT3_MODEL', 'waffle_pi'), ('XDG_DATA_DIRS', '/usr/share/gnome:/home/ubuntu/.local/share/flatpak/exports/share:/var/lib/flatpak/exports/share:/usr/local/share:/usr/share:/var/lib/snapd/desktop'), ('PYTHONPATH', '/opt/ros/humble/lib/python3.10/site-packages:/opt/ros/humble/local/lib/python3.10/dist-packages'), ('COLCON', '1'), ('CMAKE_PREFIX_PATH', '/home/ubuntu/ros_ws/ros2/project/turtlebot3_gazebo/install/turtlebot3_gazebo:/opt/ros/humble')]), 'shell': False}
[0.200261] (-) TimerEvent: {}
[0.300976] (-) TimerEvent: {}
[0.402150] (-) TimerEvent: {}
[0.407150] (turtlebot3_gazebo) StdoutLine: {'line': b'[ 16%] Built target turtlebot3_drive\n'}
[0.469187] (turtlebot3_gazebo) StdoutLine: {'line': b'[ 91%] Built target traffic_bar_plugin\n'}
[0.470770] (turtlebot3_gazebo) StdoutLine: {'line': b'[ 91%] Built target traffic_light_plugin\n'}
[0.472697] (turtlebot3_gazebo) StdoutLine: {'line': b'[ 91%] Built target obstacle2\n'}
[0.474037] (turtlebot3_gazebo) StdoutLine: {'line': b'[ 91%] Built target obstacle1\n'}
[0.476260] (turtlebot3_gazebo) StdoutLine: {'line': b'[100%] Built target obstacles\n'}
[0.502359] (-) TimerEvent: {}
[0.555479] (turtlebot3_gazebo) CommandEnded: {'returncode': 0}
[0.572199] (turtlebot3_gazebo) JobProgress: {'identifier': 'turtlebot3_gazebo', 'progress': 'install'}
[0.586916] (turtlebot3_gazebo) Command: {'cmd': ['/usr/bin/cmake', '--install', '/home/ubuntu/ros_ws/ros2/project/turtlebot3_gazebo/build/turtlebot3_gazebo'], 'cwd': '/home/ubuntu/ros_ws/ros2/project/turtlebot3_gazebo/build/turtlebot3_gazebo', 'env': OrderedDict([('USER', 'ubuntu'), ('HOSTNAME', 'b150323c0b6d'), ('GIT_ASKPASS', '/home/ubuntu/.vscode-server/bin/8b640eef5a6c6089c029249d48efa5c99adf7d51/extensions/git/dist/askpass.sh'), ('SHLVL', '2'), ('LD_LIBRARY_PATH', '/usr/lib/x86_64-linux-gnu/gazebo-11/plugins:/opt/ros/humble/opt/rviz_ogre_vendor/lib:/opt/ros/humble/lib/x86_64-linux-gnu:/opt/ros/humble/lib'), ('BROWSER', '/home/ubuntu/.vscode-server/bin/8b640eef5a6c6089c029249d48efa5c99adf7d51/bin/helpers/browser.sh'), ('HOME', '/home/ubuntu'), ('OLDPWD', '/home/ubuntu/ros_ws/ros2/project'), ('TERM_PROGRAM_VERSION', '1.119.0'), ('VSCODE_IPC_HOOK_CLI', '/tmp/vscode-ipc-0fa137ad-5b8a-4fa1-80ee-8fac8ea28a79.sock'), ('ROS_PYTHON_VERSION', '3'), ('GTK_MODULES', 'appmenu-gtk-module'), ('VSCODE_GIT_ASKPASS_MAIN', '/home/ubuntu/.vscode-server/bin/8b640eef5a6c6089c029249d48efa5c99adf7d51/extensions/git/dist/askpass-main.js'), ('VSCODE_GIT_ASKPASS_NODE', '/home/ubuntu/.vscode-server/bin/8b640eef5a6c6089c029249d48efa5c99adf7d51/node'), ('LC_CTYPE', 'C.UTF-8'), ('VSCODE_PYTHON_AUTOACTIVATE_GUARD', '1'), ('COLORTERM', 'truecolor'), ('REMOTE_CONTAINERS', 'true'), ('UBUNTU_MENUPROXY', '1'), ('COLCON_PREFIX_PATH', '/home/ubuntu/ros_ws/ros2/project/turtlebot3_gazebo/install'), ('ROS_DISTRO', 'humble'), ('REMOTE_CONTAINERS_IPC', '/tmp/vscode-remote-containers-ipc-23d825ec-b171-49e9-be9a-eb78ec22de4b.sock'), ('_', '/usr/bin/colcon'), ('ROS_VERSION', '2'), ('TERM', 'xterm-256color'), ('ROS_LOCALHOST_ONLY', '0'), ('PATH', '/opt/ros/humble/bin:/home/ubuntu/.vscode-server/bin/8b640eef5a6c6089c029249d48efa5c99adf7d51/bin/remote-cli:/usr/local/sbin:/usr/local/bin:/usr/sbin:/usr/bin:/sbin:/bin:/snap/bin'), ('REMOTE_CONTAINERS_SOCKETS', '["/tmp/.X11-unix/X6","/home/ubuntu/.gnupg/S.gpg-agent"]'), ('DISPLAY', ':6'), ('LANG', 'en_US.UTF-8'), ('VSCODE_GIT_IPC_HANDLE', '/tmp/vscode-git-d39315ff29.sock'), ('TERM_PROGRAM', 'vscode'), ('AMENT_PREFIX_PATH', '/home/ubuntu/ros_ws/ros2/project/turtlebot3_gazebo/install/turtlebot3_gazebo:/opt/ros/humble'), ('REMOTE_CONTAINERS_DISPLAY_SOCK', '/tmp/.X11-unix/X6'), ('SHELL', '/bin/bash'), ('PASSWD', 'ubuntu'), ('VSCODE_GIT_ASKPASS_EXTRA_ARGS', ''), ('PWD', '/home/ubuntu/ros_ws/ros2/project/turtlebot3_gazebo/build/turtlebot3_gazebo'), ('TURTLEBOT3_MODEL', 'waffle_pi'), ('XDG_DATA_DIRS', '/usr/share/gnome:/home/ubuntu/.local/share/flatpak/exports/share:/var/lib/flatpak/exports/share:/usr/local/share:/usr/share:/var/lib/snapd/desktop'), ('PYTHONPATH', '/opt/ros/humble/lib/python3.10/site-packages:/opt/ros/humble/local/lib/python3.10/dist-packages'), ('COLCON', '1'), ('CMAKE_PREFIX_PATH', '/home/ubuntu/ros_ws/ros2/project/turtlebot3_gazebo/install/turtlebot3_gazebo:/opt/ros/humble')]), 'shell': False}
[0.596253] (turtlebot3_gazebo) StdoutLine: {'line': b'-- Install configuration: ""\n'}
[0.602494] (-) TimerEvent: {}
[0.605648] (turtlebot3_gazebo) StdoutLine: {'line': b'-- Execute custom install script\n'}
[0.634299] (turtlebot3_gazebo) StdoutLine: {'line': b'-- Up-to-date symlink: /home/ubuntu/ros_ws/ros2/project/turtlebot3_gazebo/install/turtlebot3_gazebo/lib/turtlebot3_gazebo/turtlebot3_drive\n'}
[0.701766] (turtlebot3_gazebo) StdoutLine: {'line': b'-- Up-to-date symlink: /home/ubuntu/ros_ws/ros2/project/turtlebot3_gazebo/install/turtlebot3_gazebo/share/turtlebot3_gazebo//launch/empty_world.launch.py\n'}
[0.703237] (-) TimerEvent: {}
[0.729209] (turtlebot3_gazebo) StdoutLine: {'line': b'-- Up-to-date symlink: /home/ubuntu/ros_ws/ros2/project/turtlebot3_gazebo/install/turtlebot3_gazebo/share/turtlebot3_gazebo//launch/multi_robot.launch.py\n'}
[0.753272] (turtlebot3_gazebo) StdoutLine: {'line': b'-- Up-to-date symlink: /home/ubuntu/ros_ws/ros2/project/turtlebot3_gazebo/install/turtlebot3_gazebo/share/turtlebot3_gazebo//launch/multi_spawn_turtlebot3.launch.py\n'}
[0.778687] (turtlebot3_gazebo) StdoutLine: {'line': b'-- Up-to-date symlink: /home/ubuntu/ros_ws/ros2/project/turtlebot3_gazebo/install/turtlebot3_gazebo/share/turtlebot3_gazebo//launch/robot_state_publisher.launch.py\n'}
[0.800708] (turtlebot3_gazebo) StdoutLine: {'line': b'-- Up-to-date symlink: /home/ubuntu/ros_ws/ros2/project/turtlebot3_gazebo/install/turtlebot3_gazebo/share/turtlebot3_gazebo//launch/spawn_turtlebot3.launch.py\n'}
[0.803527] (-) TimerEvent: {}
[0.827670] (turtlebot3_gazebo) StdoutLine: {'line': b'-- Up-to-date symlink: /home/ubuntu/ros_ws/ros2/project/turtlebot3_gazebo/install/turtlebot3_gazebo/share/turtlebot3_gazebo//launch/turtlebot3_autorace_2020.launch.py\n'}
[0.851187] (turtlebot3_gazebo) StdoutLine: {'line': b'-- Up-to-date symlink: /home/ubuntu/ros_ws/ros2/project/turtlebot3_gazebo/install/turtlebot3_gazebo/share/turtlebot3_gazebo//launch/turtlebot3_dqn_stage1.launch.py\n'}
[0.875084] (turtlebot3_gazebo) StdoutLine: {'line': b'-- Up-to-date symlink: /home/ubuntu/ros_ws/ros2/project/turtlebot3_gazebo/install/turtlebot3_gazebo/share/turtlebot3_gazebo//launch/turtlebot3_dqn_stage2.launch.py\n'}
[0.900226] (turtlebot3_gazebo) StdoutLine: {'line': b'-- Up-to-date symlink: /home/ubuntu/ros_ws/ros2/project/turtlebot3_gazebo/install/turtlebot3_gazebo/share/turtlebot3_gazebo//launch/turtlebot3_dqn_stage3.launch.py\n'}
[0.903776] (-) TimerEvent: {}
[0.930774] (turtlebot3_gazebo) StdoutLine: {'line': b'-- Up-to-date symlink: /home/ubuntu/ros_ws/ros2/project/turtlebot3_gazebo/install/turtlebot3_gazebo/share/turtlebot3_gazebo//launch/turtlebot3_dqn_stage4.launch.py\n'}
[0.958715] (turtlebot3_gazebo) StdoutLine: {'line': b'-- Up-to-date symlink: /home/ubuntu/ros_ws/ros2/project/turtlebot3_gazebo/install/turtlebot3_gazebo/share/turtlebot3_gazebo//launch/turtlebot3_house.launch.py\n'}
[0.986281] (turtlebot3_gazebo) StdoutLine: {'line': b'-- Up-to-date symlink: /home/ubuntu/ros_ws/ros2/project/turtlebot3_gazebo/install/turtlebot3_gazebo/share/turtlebot3_gazebo//launch/turtlebot3_world.launch.py\n'}
[1.004615] (-) TimerEvent: {}
[1.105418] (-) TimerEvent: {}
[1.206850] (-) TimerEvent: {}
[1.307459] (-) TimerEvent: {}
[1.409409] (-) TimerEvent: {}
[1.510324] (-) TimerEvent: {}
[1.611392] (-) TimerEvent: {}
[1.712500] (-) TimerEvent: {}
[1.813361] (-) TimerEvent: {}
[1.913970] (-) TimerEvent: {}
[2.014662] (-) TimerEvent: {}
[2.100840] (turtlebot3_gazebo) StdoutLine: {'line': b'-- Up-to-date symlink: /home/ubuntu/ros_ws/ros2/project/turtlebot3_gazebo/install/turtlebot3_gazebo/share/turtlebot3_gazebo//models/turtlebot3_autorace_2020/checker/materials/checker.png\n'}
[2.115652] (-) TimerEvent: {}
[2.171604] (turtlebot3_gazebo) StdoutLine: {'line': b'-- Up-to-date symlink: /home/ubuntu/ros_ws/ros2/project/turtlebot3_gazebo/install/turtlebot3_gazebo/share/turtlebot3_gazebo//models/turtlebot3_autorace_2020/checker/materials/scripts/checker.material\n'}
[2.215973] (-) TimerEvent: {}
[2.244141] (turtlebot3_gazebo) StdoutLine: {'line': b'-- Up-to-date symlink: /home/ubuntu/ros_ws/ros2/project/turtlebot3_gazebo/install/turtlebot3_gazebo/share/turtlebot3_gazebo//models/turtlebot3_autorace_2020/checker/materials/textures/checker.png\n'}
[2.288692] (turtlebot3_gazebo) StdoutLine: {'line': b'-- Up-to-date symlink: /home/ubuntu/ros_ws/ros2/project/turtlebot3_gazebo/install/turtlebot3_gazebo/share/turtlebot3_gazebo//models/turtlebot3_autorace_2020/checker/model.config\n'}
[2.316978] (-) TimerEvent: {}
[2.336769] (turtlebot3_gazebo) StdoutLine: {'line': b'-- Up-to-date symlink: /home/ubuntu/ros_ws/ros2/project/turtlebot3_gazebo/install/turtlebot3_gazebo/share/turtlebot3_gazebo//models/turtlebot3_autorace_2020/checker/model.sdf\n'}
[2.404349] (turtlebot3_gazebo) StdoutLine: {'line': b'-- Up-to-date symlink: /home/ubuntu/ros_ws/ros2/project/turtlebot3_gazebo/install/turtlebot3_gazebo/share/turtlebot3_gazebo//models/turtlebot3_autorace_2020/course/materials/scripts/course.material\n'}
[2.417869] (-) TimerEvent: {}
[2.473067] (turtlebot3_gazebo) StdoutLine: {'line': b'-- Up-to-date symlink: /home/ubuntu/ros_ws/ros2/project/turtlebot3_gazebo/install/turtlebot3_gazebo/share/turtlebot3_gazebo//models/turtlebot3_autorace_2020/course/materials/textures/course.png\n'}
[2.517071] (turtlebot3_gazebo) StdoutLine: {'line': b'-- Up-to-date symlink: /home/ubuntu/ros_ws/ros2/project/turtlebot3_gazebo/install/turtlebot3_gazebo/share/turtlebot3_gazebo//models/turtlebot3_autorace_2020/course/model.config\n'}
[2.519215] (-) TimerEvent: {}
[2.568793] (turtlebot3_gazebo) StdoutLine: {'line': b'-- Up-to-date symlink: /home/ubuntu/ros_ws/ros2/project/turtlebot3_gazebo/install/turtlebot3_gazebo/share/turtlebot3_gazebo//models/turtlebot3_autorace_2020/course/model.sdf\n'}
[2.619930] (-) TimerEvent: {}
[2.649098] (turtlebot3_gazebo) StdoutLine: {'line': b'-- Up-to-date symlink: /home/ubuntu/ros_ws/ros2/project/turtlebot3_gazebo/install/turtlebot3_gazebo/share/turtlebot3_gazebo//models/turtlebot3_autorace_2020/traffic_bar/materials/scripts/traffic_bar.material\n'}
[2.721603] (-) TimerEvent: {}
[2.725177] (turtlebot3_gazebo) StdoutLine: {'line': b'-- Up-to-date symlink: /home/ubuntu/ros_ws/ros2/project/turtlebot3_gazebo/install/turtlebot3_gazebo/share/turtlebot3_gazebo//models/turtlebot3_autorace_2020/traffic_bar/materials/textures/traffic_bar.png\n'}
[2.773219] (turtlebot3_gazebo) StdoutLine: {'line': b'-- Up-to-date symlink: /home/ubuntu/ros_ws/ros2/project/turtlebot3_gazebo/install/turtlebot3_gazebo/share/turtlebot3_gazebo//models/turtlebot3_autorace_2020/traffic_bar/model.config\n'}
[2.818207] (turtlebot3_gazebo) StdoutLine: {'line': b'-- Up-to-date symlink: /home/ubuntu/ros_ws/ros2/project/turtlebot3_gazebo/install/turtlebot3_gazebo/share/turtlebot3_gazebo//models/turtlebot3_autorace_2020/traffic_bar/model.sdf\n'}
[2.821818] (-) TimerEvent: {}
[2.885907] (turtlebot3_gazebo) StdoutLine: {'line': b'-- Up-to-date symlink: /home/ubuntu/ros_ws/ros2/project/turtlebot3_gazebo/install/turtlebot3_gazebo/share/turtlebot3_gazebo//models/turtlebot3_autorace_2020/traffic_construction/materials/scripts/traffic_construction.material\n'}
[2.922471] (-) TimerEvent: {}
[2.951870] (turtlebot3_gazebo) StdoutLine: {'line': b'-- Up-to-date symlink: /home/ubuntu/ros_ws/ros2/project/turtlebot3_gazebo/install/turtlebot3_gazebo/share/turtlebot3_gazebo//models/turtlebot3_autorace_2020/traffic_construction/materials/textures/traffic_construction.png\n'}
[2.996250] (turtlebot3_gazebo) StdoutLine: {'line': b'-- Up-to-date symlink: /home/ubuntu/ros_ws/ros2/project/turtlebot3_gazebo/install/turtlebot3_gazebo/share/turtlebot3_gazebo//models/turtlebot3_autorace_2020/traffic_construction/model.config\n'}
[3.023360] (-) TimerEvent: {}
[3.044745] (turtlebot3_gazebo) StdoutLine: {'line': b'-- Up-to-date symlink: /home/ubuntu/ros_ws/ros2/project/turtlebot3_gazebo/install/turtlebot3_gazebo/share/turtlebot3_gazebo//models/turtlebot3_autorace_2020/traffic_construction/model.sdf\n'}
[3.111783] (turtlebot3_gazebo) StdoutLine: {'line': b'-- Up-to-date symlink: /home/ubuntu/ros_ws/ros2/project/turtlebot3_gazebo/install/turtlebot3_gazebo/share/turtlebot3_gazebo//models/turtlebot3_autorace_2020/traffic_intersection/materials/scripts/traffic_intersection.material\n'}
[3.123565] (-) TimerEvent: {}
[3.187056] (turtlebot3_gazebo) StdoutLine: {'line': b'-- Up-to-date symlink: /home/ubuntu/ros_ws/ros2/project/turtlebot3_gazebo/install/turtlebot3_gazebo/share/turtlebot3_gazebo//models/turtlebot3_autorace_2020/traffic_intersection/materials/textures/traffic_intersection.png\n'}
[3.225411] (-) TimerEvent: {}
[3.234730] (turtlebot3_gazebo) StdoutLine: {'line': b'-- Up-to-date symlink: /home/ubuntu/ros_ws/ros2/project/turtlebot3_gazebo/install/turtlebot3_gazebo/share/turtlebot3_gazebo//models/turtlebot3_autorace_2020/traffic_intersection/model.config\n'}
[3.279970] (turtlebot3_gazebo) StdoutLine: {'line': b'-- Up-to-date symlink: /home/ubuntu/ros_ws/ros2/project/turtlebot3_gazebo/install/turtlebot3_gazebo/share/turtlebot3_gazebo//models/turtlebot3_autorace_2020/traffic_intersection/model.sdf\n'}
[3.325622] (-) TimerEvent: {}
[3.348095] (turtlebot3_gazebo) StdoutLine: {'line': b'-- Up-to-date symlink: /home/ubuntu/ros_ws/ros2/project/turtlebot3_gazebo/install/turtlebot3_gazebo/share/turtlebot3_gazebo//models/turtlebot3_autorace_2020/traffic_left/materials/scripts/traffic_is_left.material\n'}
[3.417507] (turtlebot3_gazebo) StdoutLine: {'line': b'-- Up-to-date symlink: /home/ubuntu/ros_ws/ros2/project/turtlebot3_gazebo/install/turtlebot3_gazebo/share/turtlebot3_gazebo//models/turtlebot3_autorace_2020/traffic_left/materials/textures/traffic_left.png\n'}
[3.426189] (-) TimerEvent: {}
[3.465447] (turtlebot3_gazebo) StdoutLine: {'line': b'-- Up-to-date symlink: /home/ubuntu/ros_ws/ros2/project/turtlebot3_gazebo/install/turtlebot3_gazebo/share/turtlebot3_gazebo//models/turtlebot3_autorace_2020/traffic_left/model.config\n'}
[3.514321] (turtlebot3_gazebo) StdoutLine: {'line': b'-- Up-to-date symlink: /home/ubuntu/ros_ws/ros2/project/turtlebot3_gazebo/install/turtlebot3_gazebo/share/turtlebot3_gazebo//models/turtlebot3_autorace_2020/traffic_left/model.sdf\n'}
[3.526456] (-) TimerEvent: {}
[3.597586] (turtlebot3_gazebo) StdoutLine: {'line': b'-- Up-to-date symlink: /home/ubuntu/ros_ws/ros2/project/turtlebot3_gazebo/install/turtlebot3_gazebo/share/turtlebot3_gazebo//models/turtlebot3_autorace_2020/traffic_light/materials/scripts/traffic_light.material\n'}
[3.627133] (-) TimerEvent: {}
[3.678043] (turtlebot3_gazebo) StdoutLine: {'line': b'-- Up-to-date symlink: /home/ubuntu/ros_ws/ros2/project/turtlebot3_gazebo/install/turtlebot3_gazebo/share/turtlebot3_gazebo//models/turtlebot3_autorace_2020/traffic_light/materials/textures/traffic_light.png\n'}
[3.728642] (-) TimerEvent: {}
[3.756266] (turtlebot3_gazebo) StdoutLine: {'line': b'-- Up-to-date symlink: /home/ubuntu/ros_ws/ros2/project/turtlebot3_gazebo/install/turtlebot3_gazebo/share/turtlebot3_gazebo//models/turtlebot3_autorace_2020/traffic_light/materials/textures/traffic_light_green.png\n'}
[3.828962] (-) TimerEvent: {}
[3.834673] (turtlebot3_gazebo) StdoutLine: {'line': b'-- Up-to-date symlink: /home/ubuntu/ros_ws/ros2/project/turtlebot3_gazebo/install/turtlebot3_gazebo/share/turtlebot3_gazebo//models/turtlebot3_autorace_2020/traffic_light/materials/textures/traffic_light_red.png\n'}
[3.916094] (turtlebot3_gazebo) StdoutLine: {'line': b'-- Up-to-date symlink: /home/ubuntu/ros_ws/ros2/project/turtlebot3_gazebo/install/turtlebot3_gazebo/share/turtlebot3_gazebo//models/turtlebot3_autorace_2020/traffic_light/materials/textures/traffic_light_yellow.png\n'}
[3.929863] (-) TimerEvent: {}
[3.968271] (turtlebot3_gazebo) StdoutLine: {'line': b'-- Up-to-date symlink: /home/ubuntu/ros_ws/ros2/project/turtlebot3_gazebo/install/turtlebot3_gazebo/share/turtlebot3_gazebo//models/turtlebot3_autorace_2020/traffic_light/model.config\n'}
[4.019031] (turtlebot3_gazebo) StdoutLine: {'line': b'-- Up-to-date symlink: /home/ubuntu/ros_ws/ros2/project/turtlebot3_gazebo/install/turtlebot3_gazebo/share/turtlebot3_gazebo//models/turtlebot3_autorace_2020/traffic_light/model.sdf\n'}
[4.030397] (-) TimerEvent: {}
[4.088614] (turtlebot3_gazebo) StdoutLine: {'line': b'-- Up-to-date symlink: /home/ubuntu/ros_ws/ros2/project/turtlebot3_gazebo/install/turtlebot3_gazebo/share/turtlebot3_gazebo//models/turtlebot3_autorace_2020/traffic_noentry/materials/scripts/traffic_noentry.material\n'}
[4.130886] (-) TimerEvent: {}
[4.160119] (turtlebot3_gazebo) StdoutLine: {'line': b'-- Up-to-date symlink: /home/ubuntu/ros_ws/ros2/project/turtlebot3_gazebo/install/turtlebot3_gazebo/share/turtlebot3_gazebo//models/turtlebot3_autorace_2020/traffic_noentry/materials/textures/traffic_noentry.png\n'}
[4.209690] (turtlebot3_gazebo) StdoutLine: {'line': b'-- Up-to-date symlink: /home/ubuntu/ros_ws/ros2/project/turtlebot3_gazebo/install/turtlebot3_gazebo/share/turtlebot3_gazebo//models/turtlebot3_autorace_2020/traffic_noentry/model.config\n'}
[4.232270] (-) TimerEvent: {}
[4.259945] (turtlebot3_gazebo) StdoutLine: {'line': b'-- Up-to-date symlink: /home/ubuntu/ros_ws/ros2/project/turtlebot3_gazebo/install/turtlebot3_gazebo/share/turtlebot3_gazebo//models/turtlebot3_autorace_2020/traffic_noentry/model.sdf\n'}
[4.337090] (-) TimerEvent: {}
[4.338388] (turtlebot3_gazebo) StdoutLine: {'line': b'-- Up-to-date symlink: /home/ubuntu/ros_ws/ros2/project/turtlebot3_gazebo/install/turtlebot3_gazebo/share/turtlebot3_gazebo//models/turtlebot3_autorace_2020/traffic_parking/materials/scripts/traffic_parking.material\n'}
[4.414422] (turtlebot3_gazebo) StdoutLine: {'line': b'-- Up-to-date symlink: /home/ubuntu/ros_ws/ros2/project/turtlebot3_gazebo/install/turtlebot3_gazebo/share/turtlebot3_gazebo//models/turtlebot3_autorace_2020/traffic_parking/materials/textures/traffic_parking.png\n'}
[4.438038] (-) TimerEvent: {}
[4.465621] (turtlebot3_gazebo) StdoutLine: {'line': b'-- Up-to-date symlink: /home/ubuntu/ros_ws/ros2/project/turtlebot3_gazebo/install/turtlebot3_gazebo/share/turtlebot3_gazebo//models/turtlebot3_autorace_2020/traffic_parking/model.config\n'}
[4.513577] (turtlebot3_gazebo) StdoutLine: {'line': b'-- Up-to-date symlink: /home/ubuntu/ros_ws/ros2/project/turtlebot3_gazebo/install/turtlebot3_gazebo/share/turtlebot3_gazebo//models/turtlebot3_autorace_2020/traffic_parking/model.sdf\n'}
[4.538942] (-) TimerEvent: {}
[4.588173] (turtlebot3_gazebo) StdoutLine: {'line': b'-- Up-to-date symlink: /home/ubuntu/ros_ws/ros2/project/turtlebot3_gazebo/install/turtlebot3_gazebo/share/turtlebot3_gazebo//models/turtlebot3_autorace_2020/traffic_pl_left/materials/scripts/traffic_pl_left.material\n'}
[4.639881] (-) TimerEvent: {}
[4.664732] (turtlebot3_gazebo) StdoutLine: {'line': b'-- Up-to-date symlink: /home/ubuntu/ros_ws/ros2/project/turtlebot3_gazebo/install/turtlebot3_gazebo/share/turtlebot3_gazebo//models/turtlebot3_autorace_2020/traffic_pl_left/materials/textures/traffic_pl_left.png\n'}
[4.713902] (turtlebot3_gazebo) StdoutLine: {'line': b'-- Up-to-date symlink: /home/ubuntu/ros_ws/ros2/project/turtlebot3_gazebo/install/turtlebot3_gazebo/share/turtlebot3_gazebo//models/turtlebot3_autorace_2020/traffic_pl_left/model.config\n'}
[4.741622] (-) TimerEvent: {}
[4.763191] (turtlebot3_gazebo) StdoutLine: {'line': b'-- Up-to-date symlink: /home/ubuntu/ros_ws/ros2/project/turtlebot3_gazebo/install/turtlebot3_gazebo/share/turtlebot3_gazebo//models/turtlebot3_autorace_2020/traffic_pl_left/model.sdf\n'}
[4.835397] (turtlebot3_gazebo) StdoutLine: {'line': b'-- Up-to-date symlink: /home/ubuntu/ros_ws/ros2/project/turtlebot3_gazebo/install/turtlebot3_gazebo/share/turtlebot3_gazebo//models/turtlebot3_autorace_2020/traffic_right/materials/scripts/traffic_right.material\n'}
[4.842100] (-) TimerEvent: {}
[4.908010] (turtlebot3_gazebo) StdoutLine: {'line': b'-- Up-to-date symlink: /home/ubuntu/ros_ws/ros2/project/turtlebot3_gazebo/install/turtlebot3_gazebo/share/turtlebot3_gazebo//models/turtlebot3_autorace_2020/traffic_right/materials/textures/traffic_right.png\n'}
[4.944410] (-) TimerEvent: {}
[4.958351] (turtlebot3_gazebo) StdoutLine: {'line': b'-- Up-to-date symlink: /home/ubuntu/ros_ws/ros2/project/turtlebot3_gazebo/install/turtlebot3_gazebo/share/turtlebot3_gazebo//models/turtlebot3_autorace_2020/traffic_right/model.config\n'}
[5.009362] (turtlebot3_gazebo) StdoutLine: {'line': b'-- Up-to-date symlink: /home/ubuntu/ros_ws/ros2/project/turtlebot3_gazebo/install/turtlebot3_gazebo/share/turtlebot3_gazebo//models/turtlebot3_autorace_2020/traffic_right/model.sdf\n'}
[5.046795] (-) TimerEvent: {}
[5.093769] (turtlebot3_gazebo) StdoutLine: {'line': b'-- Up-to-date symlink: /home/ubuntu/ros_ws/ros2/project/turtlebot3_gazebo/install/turtlebot3_gazebo/share/turtlebot3_gazebo//models/turtlebot3_autorace_2020/traffic_stop/materials/scripts/traffic_stop.material\n'}
[5.150407] (-) TimerEvent: {}
[5.169134] (turtlebot3_gazebo) StdoutLine: {'line': b'-- Up-to-date symlink: /home/ubuntu/ros_ws/ros2/project/turtlebot3_gazebo/install/turtlebot3_gazebo/share/turtlebot3_gazebo//models/turtlebot3_autorace_2020/traffic_stop/materials/textures/traffic_stop.png\n'}
[5.221403] (turtlebot3_gazebo) StdoutLine: {'line': b'-- Up-to-date symlink: /home/ubuntu/ros_ws/ros2/project/turtlebot3_gazebo/install/turtlebot3_gazebo/share/turtlebot3_gazebo//models/turtlebot3_autorace_2020/traffic_stop/model.config\n'}
[5.252402] (-) TimerEvent: {}
[5.275775] (turtlebot3_gazebo) StdoutLine: {'line': b'-- Up-to-date symlink: /home/ubuntu/ros_ws/ros2/project/turtlebot3_gazebo/install/turtlebot3_gazebo/share/turtlebot3_gazebo//models/turtlebot3_autorace_2020/traffic_stop/model.sdf\n'}
[5.354756] (turtlebot3_gazebo) StdoutLine: {'line': b'-- Up-to-date symlink: /home/ubuntu/ros_ws/ros2/project/turtlebot3_gazebo/install/turtlebot3_gazebo/share/turtlebot3_gazebo//models/turtlebot3_autorace_2020/traffic_tunnel/materials/scripts/tunnel.material\n'}
[5.355811] (-) TimerEvent: {}
[5.428102] (turtlebot3_gazebo) StdoutLine: {'line': b'-- Up-to-date symlink: /home/ubuntu/ros_ws/ros2/project/turtlebot3_gazebo/install/turtlebot3_gazebo/share/turtlebot3_gazebo//models/turtlebot3_autorace_2020/traffic_tunnel/materials/textures/tunnel.png\n'}
[5.456327] (-) TimerEvent: {}
[5.477474] (turtlebot3_gazebo) StdoutLine: {'line': b'-- Up-to-date symlink: /home/ubuntu/ros_ws/ros2/project/turtlebot3_gazebo/install/turtlebot3_gazebo/share/turtlebot3_gazebo//models/turtlebot3_autorace_2020/traffic_tunnel/model.config\n'}
[5.527393] (turtlebot3_gazebo) StdoutLine: {'line': b'-- Up-to-date symlink: /home/ubuntu/ros_ws/ros2/project/turtlebot3_gazebo/install/turtlebot3_gazebo/share/turtlebot3_gazebo//models/turtlebot3_autorace_2020/traffic_tunnel/model.sdf\n'}
[5.558391] (-) TimerEvent: {}
[5.569398] (turtlebot3_gazebo) StdoutLine: {'line': b'-- Up-to-date symlink: /home/ubuntu/ros_ws/ros2/project/turtlebot3_gazebo/install/turtlebot3_gazebo/share/turtlebot3_gazebo//models/turtlebot3_burger/model-1_4.sdf\n'}
[5.609930] (turtlebot3_gazebo) StdoutLine: {'line': b'-- Up-to-date symlink: /home/ubuntu/ros_ws/ros2/project/turtlebot3_gazebo/install/turtlebot3_gazebo/share/turtlebot3_gazebo//models/turtlebot3_burger/model.config\n'}
[5.644674] (turtlebot3_gazebo) StdoutLine: {'line': b'-- Up-to-date symlink: /home/ubuntu/ros_ws/ros2/project/turtlebot3_gazebo/install/turtlebot3_gazebo/share/turtlebot3_gazebo//models/turtlebot3_burger/model.sdf\n'}
[5.659344] (-) TimerEvent: {}
[5.684376] (turtlebot3_gazebo) StdoutLine: {'line': b'-- Up-to-date symlink: /home/ubuntu/ros_ws/ros2/project/turtlebot3_gazebo/install/turtlebot3_gazebo/share/turtlebot3_gazebo//models/turtlebot3_burger_cam/model-1_4.sdf\n'}
[5.718763] (turtlebot3_gazebo) StdoutLine: {'line': b'-- Up-to-date symlink: /home/ubuntu/ros_ws/ros2/project/turtlebot3_gazebo/install/turtlebot3_gazebo/share/turtlebot3_gazebo//models/turtlebot3_burger_cam/model.config\n'}
[5.753158] (turtlebot3_gazebo) StdoutLine: {'line': b'-- Up-to-date symlink: /home/ubuntu/ros_ws/ros2/project/turtlebot3_gazebo/install/turtlebot3_gazebo/share/turtlebot3_gazebo//models/turtlebot3_burger_cam/model.sdf\n'}
[5.759857] (-) TimerEvent: {}
[5.812969] (turtlebot3_gazebo) StdoutLine: {'line': b'-- Up-to-date symlink: /home/ubuntu/ros_ws/ros2/project/turtlebot3_gazebo/install/turtlebot3_gazebo/share/turtlebot3_gazebo//models/turtlebot3_common/meshes/bases/burger_base.stl\n'}
[5.861119] (-) TimerEvent: {}
[5.871744] (turtlebot3_gazebo) StdoutLine: {'line': b'-- Up-to-date symlink: /home/ubuntu/ros_ws/ros2/project/turtlebot3_gazebo/install/turtlebot3_gazebo/share/turtlebot3_gazebo//models/turtlebot3_common/meshes/bases/waffle_base.stl\n'}
[5.931481] (turtlebot3_gazebo) StdoutLine: {'line': b'-- Up-to-date symlink: /home/ubuntu/ros_ws/ros2/project/turtlebot3_gazebo/install/turtlebot3_gazebo/share/turtlebot3_gazebo//models/turtlebot3_common/meshes/bases/waffle_pi_base.stl\n'}
[5.962917] (-) TimerEvent: {}
[5.984819] (turtlebot3_gazebo) StdoutLine: {'line': b'-- Up-to-date symlink: /home/ubuntu/ros_ws/ros2/project/turtlebot3_gazebo/install/turtlebot3_gazebo/share/turtlebot3_gazebo//models/turtlebot3_common/meshes/burger_base.dae\n'}
[6.035416] (turtlebot3_gazebo) StdoutLine: {'line': b'-- Up-to-date symlink: /home/ubuntu/ros_ws/ros2/project/turtlebot3_gazebo/install/turtlebot3_gazebo/share/turtlebot3_gazebo//models/turtlebot3_common/meshes/lds.dae\n'}
[6.064084] (-) TimerEvent: {}
[6.087835] (turtlebot3_gazebo) StdoutLine: {'line': b'-- Up-to-date symlink: /home/ubuntu/ros_ws/ros2/project/turtlebot3_gazebo/install/turtlebot3_gazebo/share/turtlebot3_gazebo//models/turtlebot3_common/meshes/r200.dae\n'}
[6.151040] (turtlebot3_gazebo) StdoutLine: {'line': b'-- Up-to-date symlink: /home/ubuntu/ros_ws/ros2/project/turtlebot3_gazebo/install/turtlebot3_gazebo/share/turtlebot3_gazebo//models/turtlebot3_common/meshes/sensors/astra.dae\n'}
[6.165005] (-) TimerEvent: {}
[6.209588] (turtlebot3_gazebo) StdoutLine: {'line': b'-- Up-to-date symlink: /home/ubuntu/ros_ws/ros2/project/turtlebot3_gazebo/install/turtlebot3_gazebo/share/turtlebot3_gazebo//models/turtlebot3_common/meshes/sensors/astra.jpg\n'}
[6.268761] (-) TimerEvent: {}
[6.271985] (turtlebot3_gazebo) StdoutLine: {'line': b'-- Up-to-date symlink: /home/ubuntu/ros_ws/ros2/project/turtlebot3_gazebo/install/turtlebot3_gazebo/share/turtlebot3_gazebo//models/turtlebot3_common/meshes/sensors/lds.stl\n'}
[6.338390] (turtlebot3_gazebo) StdoutLine: {'line': b'-- Up-to-date symlink: /home/ubuntu/ros_ws/ros2/project/turtlebot3_gazebo/install/turtlebot3_gazebo/share/turtlebot3_gazebo//models/turtlebot3_common/meshes/sensors/r200.dae\n'}
[6.370810] (-) TimerEvent: {}
[6.394706] (turtlebot3_gazebo) StdoutLine: {'line': b'-- Up-to-date symlink: /home/ubuntu/ros_ws/ros2/project/turtlebot3_gazebo/install/turtlebot3_gazebo/share/turtlebot3_gazebo//models/turtlebot3_common/meshes/sensors/r200.jpg\n'}
[6.440378] (turtlebot3_gazebo) StdoutLine: {'line': b'-- Up-to-date symlink: /home/ubuntu/ros_ws/ros2/project/turtlebot3_gazebo/install/turtlebot3_gazebo/share/turtlebot3_gazebo//models/turtlebot3_common/meshes/tire.dae\n'}
[6.472302] (-) TimerEvent: {}
[6.486712] (turtlebot3_gazebo) StdoutLine: {'line': b'-- Up-to-date symlink: /home/ubuntu/ros_ws/ros2/project/turtlebot3_gazebo/install/turtlebot3_gazebo/share/turtlebot3_gazebo//models/turtlebot3_common/meshes/waffle_base.dae\n'}
[6.531942] (turtlebot3_gazebo) StdoutLine: {'line': b'-- Up-to-date symlink: /home/ubuntu/ros_ws/ros2/project/turtlebot3_gazebo/install/turtlebot3_gazebo/share/turtlebot3_gazebo//models/turtlebot3_common/meshes/waffle_pi_base.dae\n'}
[6.573495] (-) TimerEvent: {}
[6.594042] (turtlebot3_gazebo) StdoutLine: {'line': b'-- Up-to-date symlink: /home/ubuntu/ros_ws/ros2/project/turtlebot3_gazebo/install/turtlebot3_gazebo/share/turtlebot3_gazebo//models/turtlebot3_common/meshes/wheels/left_tire.stl\n'}
[6.656754] (turtlebot3_gazebo) StdoutLine: {'line': b'-- Up-to-date symlink: /home/ubuntu/ros_ws/ros2/project/turtlebot3_gazebo/install/turtlebot3_gazebo/share/turtlebot3_gazebo//models/turtlebot3_common/meshes/wheels/right_tire.stl\n'}
[6.673869] (-) TimerEvent: {}
[6.696780] (turtlebot3_gazebo) StdoutLine: {'line': b'-- Up-to-date symlink: /home/ubuntu/ros_ws/ros2/project/turtlebot3_gazebo/install/turtlebot3_gazebo/share/turtlebot3_gazebo//models/turtlebot3_common/model.config\n'}
[6.742354] (turtlebot3_gazebo) StdoutLine: {'line': b'-- Up-to-date symlink: /home/ubuntu/ros_ws/ros2/project/turtlebot3_gazebo/install/turtlebot3_gazebo/share/turtlebot3_gazebo//models/turtlebot3_dqn_world/goal_box/model.config\n'}
[6.774622] (-) TimerEvent: {}
[6.792004] (turtlebot3_gazebo) StdoutLine: {'line': b'-- Up-to-date symlink: /home/ubuntu/ros_ws/ros2/project/turtlebot3_gazebo/install/turtlebot3_gazebo/share/turtlebot3_gazebo//models/turtlebot3_dqn_world/goal_box/model.sdf\n'}
[6.846218] (turtlebot3_gazebo) StdoutLine: {'line': b'-- Up-to-date symlink: /home/ubuntu/ros_ws/ros2/project/turtlebot3_gazebo/install/turtlebot3_gazebo/share/turtlebot3_gazebo//models/turtlebot3_dqn_world/inner_walls/model.config\n'}
[6.876356] (-) TimerEvent: {}
[6.904141] (turtlebot3_gazebo) StdoutLine: {'line': b'-- Up-to-date symlink: /home/ubuntu/ros_ws/ros2/project/turtlebot3_gazebo/install/turtlebot3_gazebo/share/turtlebot3_gazebo//models/turtlebot3_dqn_world/inner_walls/model.sdf\n'}
[6.943716] (turtlebot3_gazebo) StdoutLine: {'line': b'-- Up-to-date symlink: /home/ubuntu/ros_ws/ros2/project/turtlebot3_gazebo/install/turtlebot3_gazebo/share/turtlebot3_gazebo//models/turtlebot3_dqn_world/model.config\n'}
[6.976615] (-) TimerEvent: {}
[7.000015] (turtlebot3_gazebo) StdoutLine: {'line': b'-- Up-to-date symlink: /home/ubuntu/ros_ws/ros2/project/turtlebot3_gazebo/install/turtlebot3_gazebo/share/turtlebot3_gazebo//models/turtlebot3_dqn_world/model.sdf\n'}
[7.065406] (turtlebot3_gazebo) StdoutLine: {'line': b'-- Up-to-date symlink: /home/ubuntu/ros_ws/ros2/project/turtlebot3_gazebo/install/turtlebot3_gazebo/share/turtlebot3_gazebo//models/turtlebot3_dqn_world/obstacle1/model.config\n'}
[7.077369] (-) TimerEvent: {}
[7.124476] (turtlebot3_gazebo) StdoutLine: {'line': b'-- Up-to-date symlink: /home/ubuntu/ros_ws/ros2/project/turtlebot3_gazebo/install/turtlebot3_gazebo/share/turtlebot3_gazebo//models/turtlebot3_dqn_world/obstacle1/model.sdf\n'}
[7.177548] (-) TimerEvent: {}
[7.179298] (turtlebot3_gazebo) StdoutLine: {'line': b'-- Up-to-date symlink: /home/ubuntu/ros_ws/ros2/project/turtlebot3_gazebo/install/turtlebot3_gazebo/share/turtlebot3_gazebo//models/turtlebot3_dqn_world/obstacle2/model.config\n'}
[7.238673] (turtlebot3_gazebo) StdoutLine: {'line': b'-- Up-to-date symlink: /home/ubuntu/ros_ws/ros2/project/turtlebot3_gazebo/install/turtlebot3_gazebo/share/turtlebot3_gazebo//models/turtlebot3_dqn_world/obstacle2/model.sdf\n'}
[7.277954] (-) TimerEvent: {}
[7.305296] (turtlebot3_gazebo) StdoutLine: {'line': b'-- Up-to-date symlink: /home/ubuntu/ros_ws/ros2/project/turtlebot3_gazebo/install/turtlebot3_gazebo/share/turtlebot3_gazebo//models/turtlebot3_dqn_world/obstacles/model.config\n'}
[7.361276] (turtlebot3_gazebo) StdoutLine: {'line': b'-- Up-to-date symlink: /home/ubuntu/ros_ws/ros2/project/turtlebot3_gazebo/install/turtlebot3_gazebo/share/turtlebot3_gazebo//models/turtlebot3_dqn_world/obstacles/model.sdf\n'}
[7.378346] (-) TimerEvent: {}
[7.413024] (turtlebot3_gazebo) StdoutLine: {'line': b'-- Up-to-date symlink: /home/ubuntu/ros_ws/ros2/project/turtlebot3_gazebo/install/turtlebot3_gazebo/share/turtlebot3_gazebo//models/turtlebot3_house/model.config\n'}
[7.448546] (turtlebot3_gazebo) StdoutLine: {'line': b'-- Up-to-date symlink: /home/ubuntu/ros_ws/ros2/project/turtlebot3_gazebo/install/turtlebot3_gazebo/share/turtlebot3_gazebo//models/turtlebot3_house/model.sdf\n'}
[7.479802] (-) TimerEvent: {}
[7.487831] (turtlebot3_gazebo) StdoutLine: {'line': b'-- Up-to-date symlink: /home/ubuntu/ros_ws/ros2/project/turtlebot3_gazebo/install/turtlebot3_gazebo/share/turtlebot3_gazebo//models/turtlebot3_waffle/model-1_4.sdf\n'}
[7.530256] (turtlebot3_gazebo) StdoutLine: {'line': b'-- Up-to-date symlink: /home/ubuntu/ros_ws/ros2/project/turtlebot3_gazebo/install/turtlebot3_gazebo/share/turtlebot3_gazebo//models/turtlebot3_waffle/model.config\n'}
[7.569131] (turtlebot3_gazebo) StdoutLine: {'line': b'-- Up-to-date symlink: /home/ubuntu/ros_ws/ros2/project/turtlebot3_gazebo/install/turtlebot3_gazebo/share/turtlebot3_gazebo//models/turtlebot3_waffle/model.sdf\n'}
[7.580048] (-) TimerEvent: {}
[7.604998] (turtlebot3_gazebo) StdoutLine: {'line': b'-- Up-to-date symlink: /home/ubuntu/ros_ws/ros2/project/turtlebot3_gazebo/install/turtlebot3_gazebo/share/turtlebot3_gazebo//models/turtlebot3_waffle_pi/model-1_4_.sdf\n'}
[7.641136] (turtlebot3_gazebo) StdoutLine: {'line': b'-- Up-to-date symlink: /home/ubuntu/ros_ws/ros2/project/turtlebot3_gazebo/install/turtlebot3_gazebo/share/turtlebot3_gazebo//models/turtlebot3_waffle_pi/model.config\n'}
[7.674854] (turtlebot3_gazebo) StdoutLine: {'line': b'-- Up-to-date symlink: /home/ubuntu/ros_ws/ros2/project/turtlebot3_gazebo/install/turtlebot3_gazebo/share/turtlebot3_gazebo//models/turtlebot3_waffle_pi/model.sdf\n'}
[7.680439] (-) TimerEvent: {}
[7.722281] (turtlebot3_gazebo) StdoutLine: {'line': b'-- Up-to-date symlink: /home/ubuntu/ros_ws/ros2/project/turtlebot3_gazebo/install/turtlebot3_gazebo/share/turtlebot3_gazebo//models/turtlebot3_world/meshes/hexagon.dae\n'}
[7.768506] (turtlebot3_gazebo) StdoutLine: {'line': b'-- Up-to-date symlink: /home/ubuntu/ros_ws/ros2/project/turtlebot3_gazebo/install/turtlebot3_gazebo/share/turtlebot3_gazebo//models/turtlebot3_world/meshes/wall.dae\n'}
[7.780733] (-) TimerEvent: {}
[7.807245] (turtlebot3_gazebo) StdoutLine: {'line': b'-- Up-to-date symlink: /home/ubuntu/ros_ws/ros2/project/turtlebot3_gazebo/install/turtlebot3_gazebo/share/turtlebot3_gazebo//models/turtlebot3_world/model-1_4.sdf\n'}
[7.842962] (turtlebot3_gazebo) StdoutLine: {'line': b'-- Up-to-date symlink: /home/ubuntu/ros_ws/ros2/project/turtlebot3_gazebo/install/turtlebot3_gazebo/share/turtlebot3_gazebo//models/turtlebot3_world/model.config\n'}
[7.877870] (turtlebot3_gazebo) StdoutLine: {'line': b'-- Up-to-date symlink: /home/ubuntu/ros_ws/ros2/project/turtlebot3_gazebo/install/turtlebot3_gazebo/share/turtlebot3_gazebo//models/turtlebot3_world/model.sdf\n'}
[7.880921] (-) TimerEvent: {}
[7.918455] (turtlebot3_gazebo) StdoutLine: {'line': b'-- Up-to-date symlink: /home/ubuntu/ros_ws/ros2/project/turtlebot3_gazebo/install/turtlebot3_gazebo/share/turtlebot3_gazebo//rviz/tb3_gazebo.rviz\n'}
[7.969362] (turtlebot3_gazebo) StdoutLine: {'line': b'-- Up-to-date symlink: /home/ubuntu/ros_ws/ros2/project/turtlebot3_gazebo/install/turtlebot3_gazebo/share/turtlebot3_gazebo//urdf/common_properties.urdf\n'}
[7.981279] (-) TimerEvent: {}
[7.998763] (turtlebot3_gazebo) StdoutLine: {'line': b'-- Up-to-date symlink: /home/ubuntu/ros_ws/ros2/project/turtlebot3_gazebo/install/turtlebot3_gazebo/share/turtlebot3_gazebo//urdf/turtlebot3_burger.urdf\n'}
[8.029075] (turtlebot3_gazebo) StdoutLine: {'line': b'-- Up-to-date symlink: /home/ubuntu/ros_ws/ros2/project/turtlebot3_gazebo/install/turtlebot3_gazebo/share/turtlebot3_gazebo//urdf/turtlebot3_burger_cam.urdf\n'}
[8.057308] (turtlebot3_gazebo) StdoutLine: {'line': b'-- Up-to-date symlink: /home/ubuntu/ros_ws/ros2/project/turtlebot3_gazebo/install/turtlebot3_gazebo/share/turtlebot3_gazebo//urdf/turtlebot3_waffle.urdf\n'}
[8.081638] (-) TimerEvent: {}
[8.086608] (turtlebot3_gazebo) StdoutLine: {'line': b'-- Up-to-date symlink: /home/ubuntu/ros_ws/ros2/project/turtlebot3_gazebo/install/turtlebot3_gazebo/share/turtlebot3_gazebo//urdf/turtlebot3_waffle_pi.urdf\n'}
[8.151437] (turtlebot3_gazebo) StdoutLine: {'line': b'-- Up-to-date symlink: /home/ubuntu/ros_ws/ros2/project/turtlebot3_gazebo/install/turtlebot3_gazebo/share/turtlebot3_gazebo//worlds/empty_world.world\n'}
[8.179946] (turtlebot3_gazebo) StdoutLine: {'line': b'-- Up-to-date symlink: /home/ubuntu/ros_ws/ros2/project/turtlebot3_gazebo/install/turtlebot3_gazebo/share/turtlebot3_gazebo//worlds/turtlebot3_autorace_2020.world\n'}
[8.181772] (-) TimerEvent: {}
[8.215573] (turtlebot3_gazebo) StdoutLine: {'line': b'-- Up-to-date symlink: /home/ubuntu/ros_ws/ros2/project/turtlebot3_gazebo/install/turtlebot3_gazebo/share/turtlebot3_gazebo//worlds/turtlebot3_dqn_stage1.world\n'}
[8.244105] (turtlebot3_gazebo) StdoutLine: {'line': b'-- Up-to-date symlink: /home/ubuntu/ros_ws/ros2/project/turtlebot3_gazebo/install/turtlebot3_gazebo/share/turtlebot3_gazebo//worlds/turtlebot3_dqn_stage2.world\n'}
[8.271267] (turtlebot3_gazebo) StdoutLine: {'line': b'-- Up-to-date symlink: /home/ubuntu/ros_ws/ros2/project/turtlebot3_gazebo/install/turtlebot3_gazebo/share/turtlebot3_gazebo//worlds/turtlebot3_dqn_stage3.world\n'}
[8.282187] (-) TimerEvent: {}
[8.298435] (turtlebot3_gazebo) StdoutLine: {'line': b'-- Up-to-date symlink: /home/ubuntu/ros_ws/ros2/project/turtlebot3_gazebo/install/turtlebot3_gazebo/share/turtlebot3_gazebo//worlds/turtlebot3_dqn_stage4.world\n'}
[8.325939] (turtlebot3_gazebo) StdoutLine: {'line': b'-- Up-to-date symlink: /home/ubuntu/ros_ws/ros2/project/turtlebot3_gazebo/install/turtlebot3_gazebo/share/turtlebot3_gazebo//worlds/turtlebot3_house.world\n'}
[8.352095] (turtlebot3_gazebo) StdoutLine: {'line': b'-- Up-to-date symlink: /home/ubuntu/ros_ws/ros2/project/turtlebot3_gazebo/install/turtlebot3_gazebo/share/turtlebot3_gazebo//worlds/turtlebot3_world.world\n'}
[8.382526] (-) TimerEvent: {}
[8.414115] (turtlebot3_gazebo) StdoutLine: {'line': b'-- Up-to-date symlink: /home/ubuntu/ros_ws/ros2/project/turtlebot3_gazebo/install/turtlebot3_gazebo/include//turtlebot3_gazebo/obstacle1.hpp\n'}
[8.439640] (turtlebot3_gazebo) StdoutLine: {'line': b'-- Up-to-date symlink: /home/ubuntu/ros_ws/ros2/project/turtlebot3_gazebo/install/turtlebot3_gazebo/include//turtlebot3_gazebo/obstacle2.hpp\n'}
[8.464412] (turtlebot3_gazebo) StdoutLine: {'line': b'-- Up-to-date symlink: /home/ubuntu/ros_ws/ros2/project/turtlebot3_gazebo/install/turtlebot3_gazebo/include//turtlebot3_gazebo/obstacles.hpp\n'}
[8.482952] (-) TimerEvent: {}
[8.489004] (turtlebot3_gazebo) StdoutLine: {'line': b'-- Up-to-date symlink: /home/ubuntu/ros_ws/ros2/project/turtlebot3_gazebo/install/turtlebot3_gazebo/include//turtlebot3_gazebo/traffic_bar_plugin.hpp\n'}
[8.515246] (turtlebot3_gazebo) StdoutLine: {'line': b'-- Up-to-date symlink: /home/ubuntu/ros_ws/ros2/project/turtlebot3_gazebo/install/turtlebot3_gazebo/include//turtlebot3_gazebo/traffic_light_plugin.hpp\n'}
[8.542527] (turtlebot3_gazebo) StdoutLine: {'line': b'-- Up-to-date symlink: /home/ubuntu/ros_ws/ros2/project/turtlebot3_gazebo/install/turtlebot3_gazebo/include//turtlebot3_gazebo/turtlebot3_drive.hpp\n'}
[8.583502] (-) TimerEvent: {}
[8.599059] (turtlebot3_gazebo) StdoutLine: {'line': b'-- Up-to-date symlink: /home/ubuntu/ros_ws/ros2/project/turtlebot3_gazebo/install/turtlebot3_gazebo/share/ament_index/resource_index/package_run_dependencies/turtlebot3_gazebo\n'}
[8.655564] (turtlebot3_gazebo) StdoutLine: {'line': b'-- Up-to-date symlink: /home/ubuntu/ros_ws/ros2/project/turtlebot3_gazebo/install/turtlebot3_gazebo/share/ament_index/resource_index/parent_prefix_path/turtlebot3_gazebo\n'}
[8.677307] (turtlebot3_gazebo) StdoutLine: {'line': b'-- Up-to-date symlink: /home/ubuntu/ros_ws/ros2/project/turtlebot3_gazebo/install/turtlebot3_gazebo/share/turtlebot3_gazebo/environment/ament_prefix_path.sh\n'}
[8.683746] (-) TimerEvent: {}
[8.709079] (turtlebot3_gazebo) StdoutLine: {'line': b'-- Up-to-date symlink: /home/ubuntu/ros_ws/ros2/project/turtlebot3_gazebo/install/turtlebot3_gazebo/share/turtlebot3_gazebo/environment/ament_prefix_path.dsv\n'}
[8.733364] (turtlebot3_gazebo) StdoutLine: {'line': b'-- Up-to-date symlink: /home/ubuntu/ros_ws/ros2/project/turtlebot3_gazebo/install/turtlebot3_gazebo/share/turtlebot3_gazebo/environment/path.sh\n'}
[8.763490] (turtlebot3_gazebo) StdoutLine: {'line': b'-- Up-to-date symlink: /home/ubuntu/ros_ws/ros2/project/turtlebot3_gazebo/install/turtlebot3_gazebo/share/turtlebot3_gazebo/environment/path.dsv\n'}
[8.784215] (-) TimerEvent: {}
[8.794827] (turtlebot3_gazebo) StdoutLine: {'line': b'-- Up-to-date symlink: /home/ubuntu/ros_ws/ros2/project/turtlebot3_gazebo/install/turtlebot3_gazebo/share/turtlebot3_gazebo/local_setup.bash\n'}
[8.823113] (turtlebot3_gazebo) StdoutLine: {'line': b'-- Up-to-date symlink: /home/ubuntu/ros_ws/ros2/project/turtlebot3_gazebo/install/turtlebot3_gazebo/share/turtlebot3_gazebo/local_setup.sh\n'}
[8.846739] (turtlebot3_gazebo) StdoutLine: {'line': b'-- Up-to-date symlink: /home/ubuntu/ros_ws/ros2/project/turtlebot3_gazebo/install/turtlebot3_gazebo/share/turtlebot3_gazebo/local_setup.zsh\n'}
[8.869537] (turtlebot3_gazebo) StdoutLine: {'line': b'-- Up-to-date symlink: /home/ubuntu/ros_ws/ros2/project/turtlebot3_gazebo/install/turtlebot3_gazebo/share/turtlebot3_gazebo/local_setup.dsv\n'}
[8.881054] (turtlebot3_gazebo) StdoutLine: {'line': b'-- Symlinking: /home/ubuntu/ros_ws/ros2/project/turtlebot3_gazebo/install/turtlebot3_gazebo/share/turtlebot3_gazebo/package.dsv\n'}
[8.884399] (-) TimerEvent: {}
[8.975664] (turtlebot3_gazebo) StdoutLine: {'line': b'-- Up-to-date symlink: /home/ubuntu/ros_ws/ros2/project/turtlebot3_gazebo/install/turtlebot3_gazebo/share/ament_index/resource_index/packages/turtlebot3_gazebo\n'}
[8.984895] (-) TimerEvent: {}
[9.012124] (turtlebot3_gazebo) StdoutLine: {'line': b'-- Up-to-date symlink: /home/ubuntu/ros_ws/ros2/project/turtlebot3_gazebo/install/turtlebot3_gazebo/share/turtlebot3_gazebo/cmake/ament_cmake_export_include_directories-extras.cmake\n'}
[9.044980] (turtlebot3_gazebo) StdoutLine: {'line': b'-- Up-to-date symlink: /home/ubuntu/ros_ws/ros2/project/turtlebot3_gazebo/install/turtlebot3_gazebo/share/turtlebot3_gazebo/cmake/ament_cmake_export_dependencies-extras.cmake\n'}
[9.073455] (turtlebot3_gazebo) StdoutLine: {'line': b'-- Up-to-date symlink: /home/ubuntu/ros_ws/ros2/project/turtlebot3_gazebo/install/turtlebot3_gazebo/share/turtlebot3_gazebo/cmake/turtlebot3_gazeboConfig.cmake\n'}
[9.085554] (-) TimerEvent: {}
[9.099347] (turtlebot3_gazebo) StdoutLine: {'line': b'-- Up-to-date symlink: /home/ubuntu/ros_ws/ros2/project/turtlebot3_gazebo/install/turtlebot3_gazebo/share/turtlebot3_gazebo/cmake/turtlebot3_gazeboConfig-version.cmake\n'}
[9.123103] (turtlebot3_gazebo) StdoutLine: {'line': b'-- Up-to-date symlink: /home/ubuntu/ros_ws/ros2/project/turtlebot3_gazebo/install/turtlebot3_gazebo/share/turtlebot3_gazebo/package.xml\n'}
[9.128798] (turtlebot3_gazebo) CommandEnded: {'returncode': 0}
[9.185764] (-) TimerEvent: {}
[9.287659] (-) TimerEvent: {}
[9.389901] (-) TimerEvent: {}
[9.490552] (-) TimerEvent: {}
[9.591222] (-) TimerEvent: {}
[9.692128] (-) TimerEvent: {}
[9.793140] (-) TimerEvent: {}
[9.894654] (-) TimerEvent: {}
[9.995448] (-) TimerEvent: {}
[10.090665] (turtlebot3_gazebo) JobEnded: {'identifier': 'turtlebot3_gazebo', 'rc': 0}
[10.101029] (-) TimerEvent: {}
[10.101359] (-) EventReactorShutdown: {}
