[0.649s] DEBUG:colcon:Command line arguments: ['/usr/bin/colcon', 'build', '--symlink-install']
[0.652s] DEBUG:colcon:Parsed command line arguments: Namespace(log_base=None, log_level=None, verb_name='build', build_base='build', install_base='install', merge_install=False, symlink_install=True, test_result_base=None, continue_on_error=False, executor='parallel', parallel_workers=12, event_handlers=None, ignore_user_meta=False, metas=['./colcon.meta'], base_paths=['.'], packages_ignore=None, packages_ignore_regex=None, paths=None, packages_up_to=None, packages_up_to_regex=None, packages_above=None, packages_above_and_dependencies=None, packages_above_depth=None, packages_select_by_dep=None, packages_skip_by_dep=None, packages_skip_up_to=None, packages_select_build_failed=False, packages_skip_build_finished=False, packages_select_test_failures=False, packages_skip_test_passed=False, packages_select=None, packages_skip=None, packages_select_regex=None, packages_skip_regex=None, packages_start=None, packages_end=None, allow_overriding=[], cmake_args=None, cmake_target=None, cmake_target_skip_unavailable=False, cmake_clean_cache=False, cmake_clean_first=False, cmake_force_configure=False, ament_cmake_args=None, catkin_cmake_args=None, catkin_skip_building_tests=False, verb_parser=<colcon_defaults.argument_parser.defaults.DefaultArgumentsDecorator object at 0x7b9efed630a0>, verb_extension=<colcon_core.verb.build.BuildVerb object at 0x7b9efef344c0>, main=<bound method BuildVerb.main of <colcon_core.verb.build.BuildVerb object at 0x7b9efef344c0>>)
[1.247s] Level 1:colcon.colcon_core.package_discovery:discover_packages(colcon_meta) check parameters
[1.249s] Level 1:colcon.colcon_core.package_discovery:discover_packages(recursive) check parameters
[1.250s] Level 1:colcon.colcon_core.package_discovery:discover_packages(ignore) check parameters
[1.252s] Level 1:colcon.colcon_core.package_discovery:discover_packages(path) check parameters
[1.254s] Level 1:colcon.colcon_core.package_discovery:discover_packages(colcon_meta) discover
[1.255s] Level 1:colcon.colcon_core.package_discovery:discover_packages(recursive) discover
[1.257s] INFO:colcon.colcon_core.package_discovery:Crawling recursively for packages in '/home/ubuntu/ros_ws/ros2/project/turtlebot3_gazebo'
[1.269s] Level 1:colcon.colcon_core.package_identification:_identify(.) by extensions ['ignore', 'ignore_ament_install']
[1.271s] Level 1:colcon.colcon_core.package_identification:_identify(.) by extension 'ignore'
[1.274s] Level 1:colcon.colcon_core.package_identification:_identify(.) by extension 'ignore_ament_install'
[1.280s] Level 1:colcon.colcon_core.package_identification:_identify(.) by extensions ['colcon_pkg']
[1.281s] Level 1:colcon.colcon_core.package_identification:_identify(.) by extension 'colcon_pkg'
[1.285s] Level 1:colcon.colcon_core.package_identification:_identify(.) by extensions ['colcon_meta']
[1.286s] Level 1:colcon.colcon_core.package_identification:_identify(.) by extension 'colcon_meta'
[1.288s] Level 1:colcon.colcon_core.package_identification:_identify(.) by extensions ['ros']
[1.290s] Level 1:colcon.colcon_core.package_identification:_identify(.) by extension 'ros'
[1.364s] DEBUG:colcon.colcon_core.package_identification:Package '.' with type 'ros.ament_cmake' and name 'turtlebot3_gazebo'
[1.365s] Level 1:colcon.colcon_core.package_discovery:discover_packages(recursive) using defaults
[1.367s] Level 1:colcon.colcon_core.package_discovery:discover_packages(ignore) discover
[1.368s] Level 1:colcon.colcon_core.package_discovery:discover_packages(ignore) using defaults
[1.369s] Level 1:colcon.colcon_core.package_discovery:discover_packages(path) discover
[1.370s] Level 1:colcon.colcon_core.package_discovery:discover_packages(path) using defaults
[1.475s] Level 1:colcon.colcon_core.package_discovery:discover_packages(prefix_path) check parameters
[1.476s] Level 1:colcon.colcon_core.package_discovery:discover_packages(prefix_path) discover
[1.741s] DEBUG:colcon.colcon_installed_package_information.package_discovery:Found 1 installed packages in /home/ubuntu/ros_ws/ros2/project/turtlebot3_gazebo/install
[1.752s] DEBUG:colcon.colcon_installed_package_information.package_discovery:Found 302 installed packages in /opt/ros/humble
[1.802s] Level 1:colcon.colcon_core.package_discovery:discover_packages(prefix_path) using defaults
[2.080s] Level 5:colcon.colcon_core.verb:set package 'turtlebot3_gazebo' build argument 'cmake_args' from command line to 'None'
[2.082s] Level 5:colcon.colcon_core.verb:set package 'turtlebot3_gazebo' build argument 'cmake_target' from command line to 'None'
[2.084s] Level 5:colcon.colcon_core.verb:set package 'turtlebot3_gazebo' build argument 'cmake_target_skip_unavailable' from command line to 'False'
[2.085s] Level 5:colcon.colcon_core.verb:set package 'turtlebot3_gazebo' build argument 'cmake_clean_cache' from command line to 'False'
[2.087s] Level 5:colcon.colcon_core.verb:set package 'turtlebot3_gazebo' build argument 'cmake_clean_first' from command line to 'False'
[2.089s] Level 5:colcon.colcon_core.verb:set package 'turtlebot3_gazebo' build argument 'cmake_force_configure' from command line to 'False'
[2.091s] Level 5:colcon.colcon_core.verb:set package 'turtlebot3_gazebo' build argument 'ament_cmake_args' from command line to 'None'
[2.093s] Level 5:colcon.colcon_core.verb:set package 'turtlebot3_gazebo' build argument 'catkin_cmake_args' from command line to 'None'
[2.096s] Level 5:colcon.colcon_core.verb:set package 'turtlebot3_gazebo' build argument 'catkin_skip_building_tests' from command line to 'False'
[2.099s] DEBUG:colcon.colcon_core.verb:Building package 'turtlebot3_gazebo' with the following arguments: {'ament_cmake_args': None, 'build_base': '/home/ubuntu/ros_ws/ros2/project/turtlebot3_gazebo/build/turtlebot3_gazebo', 'catkin_cmake_args': None, 'catkin_skip_building_tests': False, 'cmake_args': None, 'cmake_clean_cache': False, 'cmake_clean_first': False, 'cmake_force_configure': False, 'cmake_target': None, 'cmake_target_skip_unavailable': False, 'install_base': '/home/ubuntu/ros_ws/ros2/project/turtlebot3_gazebo/install/turtlebot3_gazebo', 'merge_install': False, 'path': '/home/ubuntu/ros_ws/ros2/project/turtlebot3_gazebo', 'symlink_install': True, 'test_result_base': None}
[2.101s] INFO:colcon.colcon_core.executor:Executing jobs using 'parallel' executor
[2.105s] DEBUG:colcon.colcon_parallel_executor.executor.parallel:run_until_complete
[2.108s] INFO:colcon.colcon_ros.task.ament_cmake.build:Building ROS package in '/home/ubuntu/ros_ws/ros2/project/turtlebot3_gazebo' with build type 'ament_cmake'
[2.111s] INFO:colcon.colcon_cmake.task.cmake.build:Building CMake package in '/home/ubuntu/ros_ws/ros2/project/turtlebot3_gazebo'
[2.124s] INFO:colcon.colcon_core.plugin_system:Skipping extension 'colcon_core.shell.bat': Not used on non-Windows systems
[2.126s] INFO:colcon.colcon_core.shell:Skip shell extension 'powershell' for command environment: Not usable outside of PowerShell
[2.129s] DEBUG:colcon.colcon_core.shell:Skip shell extension 'dsv' for command environment
[2.927s] DEBUG:colcon.colcon_core.event_handler.log_command:Invoking command in '/home/ubuntu/ros_ws/ros2/project/turtlebot3_gazebo/build/turtlebot3_gazebo': CMAKE_PREFIX_PATH=${CMAKE_PREFIX_PATH}:/opt/ros/humble /usr/bin/cmake --build /home/ubuntu/ros_ws/ros2/project/turtlebot3_gazebo/build/turtlebot3_gazebo -- -j12 -l12
[4.384s] DEBUG:colcon.colcon_core.event_handler.log_command:Invoked command in '/home/ubuntu/ros_ws/ros2/project/turtlebot3_gazebo/build/turtlebot3_gazebo' returned '0': CMAKE_PREFIX_PATH=${CMAKE_PREFIX_PATH}:/opt/ros/humble /usr/bin/cmake --build /home/ubuntu/ros_ws/ros2/project/turtlebot3_gazebo/build/turtlebot3_gazebo -- -j12 -l12
[4.479s] DEBUG:colcon.colcon_core.event_handler.log_command:Invoking command in '/home/ubuntu/ros_ws/ros2/project/turtlebot3_gazebo/build/turtlebot3_gazebo': CMAKE_PREFIX_PATH=${CMAKE_PREFIX_PATH}:/opt/ros/humble /usr/bin/cmake --install /home/ubuntu/ros_ws/ros2/project/turtlebot3_gazebo/build/turtlebot3_gazebo
[25.081s] Level 1:colcon.colcon_core.environment:create_environment_scripts_only(turtlebot3_gazebo)
[25.087s] DEBUG:colcon.colcon_core.event_handler.log_command:Invoked command in '/home/ubuntu/ros_ws/ros2/project/turtlebot3_gazebo/build/turtlebot3_gazebo' returned '0': CMAKE_PREFIX_PATH=${CMAKE_PREFIX_PATH}:/opt/ros/humble /usr/bin/cmake --install /home/ubuntu/ros_ws/ros2/project/turtlebot3_gazebo/build/turtlebot3_gazebo
[25.093s] Level 1:colcon.colcon_core.environment:checking '/home/ubuntu/ros_ws/ros2/project/turtlebot3_gazebo/install/turtlebot3_gazebo' for CMake module files
[25.516s] Level 1:colcon.colcon_core.environment:checking '/home/ubuntu/ros_ws/ros2/project/turtlebot3_gazebo/install/turtlebot3_gazebo' for CMake config files
[26.004s] Level 1:colcon.colcon_core.shell:create_environment_hook('turtlebot3_gazebo', 'cmake_prefix_path')
[26.005s] INFO:colcon.colcon_core.shell:Creating environment hook '/home/ubuntu/ros_ws/ros2/project/turtlebot3_gazebo/install/turtlebot3_gazebo/share/turtlebot3_gazebo/hook/cmake_prefix_path.ps1'
[26.044s] INFO:colcon.colcon_core.shell:Creating environment descriptor '/home/ubuntu/ros_ws/ros2/project/turtlebot3_gazebo/install/turtlebot3_gazebo/share/turtlebot3_gazebo/hook/cmake_prefix_path.dsv'
[26.086s] INFO:colcon.colcon_core.shell:Creating environment hook '/home/ubuntu/ros_ws/ros2/project/turtlebot3_gazebo/install/turtlebot3_gazebo/share/turtlebot3_gazebo/hook/cmake_prefix_path.sh'
[26.140s] Level 1:colcon.colcon_core.environment:checking '/home/ubuntu/ros_ws/ros2/project/turtlebot3_gazebo/install/turtlebot3_gazebo/lib'
[26.162s] Level 1:colcon.colcon_core.environment:checking '/home/ubuntu/ros_ws/ros2/project/turtlebot3_gazebo/install/turtlebot3_gazebo/bin'
[26.164s] Level 1:colcon.colcon_core.environment:checking '/home/ubuntu/ros_ws/ros2/project/turtlebot3_gazebo/install/turtlebot3_gazebo/lib/pkgconfig/turtlebot3_gazebo.pc'
[26.166s] Level 1:colcon.colcon_core.environment:checking '/home/ubuntu/ros_ws/ros2/project/turtlebot3_gazebo/install/turtlebot3_gazebo/lib/python3.10/site-packages'
[26.170s] Level 1:colcon.colcon_core.environment:checking '/home/ubuntu/ros_ws/ros2/project/turtlebot3_gazebo/install/turtlebot3_gazebo/bin'
[26.174s] INFO:colcon.colcon_core.shell:Creating package script '/home/ubuntu/ros_ws/ros2/project/turtlebot3_gazebo/install/turtlebot3_gazebo/share/turtlebot3_gazebo/package.ps1'
[26.202s] INFO:colcon.colcon_core.shell:Creating package descriptor '/home/ubuntu/ros_ws/ros2/project/turtlebot3_gazebo/install/turtlebot3_gazebo/share/turtlebot3_gazebo/package.dsv'
[26.268s] INFO:colcon.colcon_core.shell:Creating package script '/home/ubuntu/ros_ws/ros2/project/turtlebot3_gazebo/install/turtlebot3_gazebo/share/turtlebot3_gazebo/package.sh'
[26.296s] INFO:colcon.colcon_core.shell:Creating package script '/home/ubuntu/ros_ws/ros2/project/turtlebot3_gazebo/install/turtlebot3_gazebo/share/turtlebot3_gazebo/package.bash'
[26.323s] INFO:colcon.colcon_core.shell:Creating package script '/home/ubuntu/ros_ws/ros2/project/turtlebot3_gazebo/install/turtlebot3_gazebo/share/turtlebot3_gazebo/package.zsh'
[26.346s] Level 1:colcon.colcon_core.environment:create_file_with_runtime_dependencies(/home/ubuntu/ros_ws/ros2/project/turtlebot3_gazebo/install/turtlebot3_gazebo/share/colcon-core/packages/turtlebot3_gazebo)
[26.433s] Level 1:colcon.colcon_core.environment:create_environment_scripts_only(turtlebot3_gazebo)
[26.435s] Level 1:colcon.colcon_core.environment:checking '/home/ubuntu/ros_ws/ros2/project/turtlebot3_gazebo/install/turtlebot3_gazebo' for CMake module files
[27.156s] Level 1:colcon.colcon_core.environment:checking '/home/ubuntu/ros_ws/ros2/project/turtlebot3_gazebo/install/turtlebot3_gazebo' for CMake config files
[27.678s] Level 1:colcon.colcon_core.shell:create_environment_hook('turtlebot3_gazebo', 'cmake_prefix_path')
[27.680s] INFO:colcon.colcon_core.shell:Creating environment hook '/home/ubuntu/ros_ws/ros2/project/turtlebot3_gazebo/install/turtlebot3_gazebo/share/turtlebot3_gazebo/hook/cmake_prefix_path.ps1'
[27.751s] INFO:colcon.colcon_core.shell:Creating environment descriptor '/home/ubuntu/ros_ws/ros2/project/turtlebot3_gazebo/install/turtlebot3_gazebo/share/turtlebot3_gazebo/hook/cmake_prefix_path.dsv'
[27.793s] INFO:colcon.colcon_core.shell:Creating environment hook '/home/ubuntu/ros_ws/ros2/project/turtlebot3_gazebo/install/turtlebot3_gazebo/share/turtlebot3_gazebo/hook/cmake_prefix_path.sh'
[27.894s] Level 1:colcon.colcon_core.environment:checking '/home/ubuntu/ros_ws/ros2/project/turtlebot3_gazebo/install/turtlebot3_gazebo/lib'
[27.906s] Level 1:colcon.colcon_core.environment:checking '/home/ubuntu/ros_ws/ros2/project/turtlebot3_gazebo/install/turtlebot3_gazebo/bin'
[27.911s] Level 1:colcon.colcon_core.environment:checking '/home/ubuntu/ros_ws/ros2/project/turtlebot3_gazebo/install/turtlebot3_gazebo/lib/pkgconfig/turtlebot3_gazebo.pc'
[27.916s] Level 1:colcon.colcon_core.environment:checking '/home/ubuntu/ros_ws/ros2/project/turtlebot3_gazebo/install/turtlebot3_gazebo/lib/python3.10/site-packages'
[27.925s] Level 1:colcon.colcon_core.environment:checking '/home/ubuntu/ros_ws/ros2/project/turtlebot3_gazebo/install/turtlebot3_gazebo/bin'
[27.932s] INFO:colcon.colcon_core.shell:Creating package script '/home/ubuntu/ros_ws/ros2/project/turtlebot3_gazebo/install/turtlebot3_gazebo/share/turtlebot3_gazebo/package.ps1'
[27.960s] INFO:colcon.colcon_core.shell:Creating package descriptor '/home/ubuntu/ros_ws/ros2/project/turtlebot3_gazebo/install/turtlebot3_gazebo/share/turtlebot3_gazebo/package.dsv'
[27.990s] INFO:colcon.colcon_core.shell:Creating package script '/home/ubuntu/ros_ws/ros2/project/turtlebot3_gazebo/install/turtlebot3_gazebo/share/turtlebot3_gazebo/package.sh'
[28.016s] INFO:colcon.colcon_core.shell:Creating package script '/home/ubuntu/ros_ws/ros2/project/turtlebot3_gazebo/install/turtlebot3_gazebo/share/turtlebot3_gazebo/package.bash'
[28.052s] INFO:colcon.colcon_core.shell:Creating package script '/home/ubuntu/ros_ws/ros2/project/turtlebot3_gazebo/install/turtlebot3_gazebo/share/turtlebot3_gazebo/package.zsh'
[28.097s] Level 1:colcon.colcon_core.environment:create_file_with_runtime_dependencies(/home/ubuntu/ros_ws/ros2/project/turtlebot3_gazebo/install/turtlebot3_gazebo/share/colcon-core/packages/turtlebot3_gazebo)
[28.118s] DEBUG:colcon.colcon_parallel_executor.executor.parallel:closing loop
[28.120s] DEBUG:colcon.colcon_parallel_executor.executor.parallel:loop closed
[28.120s] DEBUG:colcon.colcon_parallel_executor.executor.parallel:run_until_complete finished with '0'
[28.121s] DEBUG:colcon.colcon_core.event_reactor:joining thread
[28.185s] INFO:colcon.colcon_core.plugin_system:Skipping extension 'colcon_notification.desktop_notification.terminal_notifier': Not used on non-Darwin systems
[28.187s] INFO:colcon.colcon_core.plugin_system:Skipping extension 'colcon_notification.desktop_notification.win32': Not used on non-Windows systems
[28.188s] INFO:colcon.colcon_notification.desktop_notification:Sending desktop notification using 'notify2'
[28.911s] DEBUG:colcon.colcon_core.event_reactor:joined thread
[28.913s] INFO:colcon.colcon_core.shell:Creating prefix script '/home/ubuntu/ros_ws/ros2/project/turtlebot3_gazebo/install/local_setup.ps1'
[28.936s] INFO:colcon.colcon_core.shell:Creating prefix util module '/home/ubuntu/ros_ws/ros2/project/turtlebot3_gazebo/install/_local_setup_util_ps1.py'
[28.960s] INFO:colcon.colcon_core.shell:Creating prefix chain script '/home/ubuntu/ros_ws/ros2/project/turtlebot3_gazebo/install/setup.ps1'
[29.056s] INFO:colcon.colcon_core.shell:Creating prefix script '/home/ubuntu/ros_ws/ros2/project/turtlebot3_gazebo/install/local_setup.sh'
[29.074s] INFO:colcon.colcon_core.shell:Creating prefix util module '/home/ubuntu/ros_ws/ros2/project/turtlebot3_gazebo/install/_local_setup_util_sh.py'
[29.087s] INFO:colcon.colcon_core.shell:Creating prefix chain script '/home/ubuntu/ros_ws/ros2/project/turtlebot3_gazebo/install/setup.sh'
[29.132s] INFO:colcon.colcon_core.shell:Creating prefix script '/home/ubuntu/ros_ws/ros2/project/turtlebot3_gazebo/install/local_setup.bash'
[29.148s] INFO:colcon.colcon_core.shell:Creating prefix chain script '/home/ubuntu/ros_ws/ros2/project/turtlebot3_gazebo/install/setup.bash'
[29.184s] INFO:colcon.colcon_core.shell:Creating prefix script '/home/ubuntu/ros_ws/ros2/project/turtlebot3_gazebo/install/local_setup.zsh'
[29.199s] INFO:colcon.colcon_core.shell:Creating prefix chain script '/home/ubuntu/ros_ws/ros2/project/turtlebot3_gazebo/install/setup.zsh'
