[0.619s] Invoking command in '/home/ubuntu/ros_ws/ros2/project/turtlebot3_gazebo/build/turtlebot3_gazebo': CMAKE_PREFIX_PATH=${CMAKE_PREFIX_PATH}:/opt/ros/humble /usr/bin/cmake --build /home/ubuntu/ros_ws/ros2/project/turtlebot3_gazebo/build/turtlebot3_gazebo -- -j12 -l12
[1.991s] [ 16%] Built target turtlebot3_drive
[2.271s] [ 91%] Built target obstacle1
[2.282s] [ 91%] Built target obstacles
[2.288s] [ 91%] Built target traffic_bar_plugin
[2.294s] [ 91%] Built target obstacle2
[2.305s] [100%] Built target traffic_light_plugin
[2.580s] Invoked command in '/home/ubuntu/ros_ws/ros2/project/turtlebot3_gazebo/build/turtlebot3_gazebo' returned '0': CMAKE_PREFIX_PATH=${CMAKE_PREFIX_PATH}:/opt/ros/humble /usr/bin/cmake --build /home/ubuntu/ros_ws/ros2/project/turtlebot3_gazebo/build/turtlebot3_gazebo -- -j12 -l12
[2.804s] Invoking command in '/home/ubuntu/ros_ws/ros2/project/turtlebot3_gazebo/build/turtlebot3_gazebo': CMAKE_PREFIX_PATH=${CMAKE_PREFIX_PATH}:/opt/ros/humble /usr/bin/cmake --install /home/ubuntu/ros_ws/ros2/project/turtlebot3_gazebo/build/turtlebot3_gazebo
[2.820s] -- Install configuration: ""
[2.884s] -- Execute custom install script
[3.035s] -- Up-to-date symlink: /home/ubuntu/ros_ws/ros2/project/turtlebot3_gazebo/install/turtlebot3_gazebo/lib/turtlebot3_gazebo/turtlebot3_drive
[3.422s] -- Up-to-date symlink: /home/ubuntu/ros_ws/ros2/project/turtlebot3_gazebo/install/turtlebot3_gazebo/share/turtlebot3_gazebo//launch/empty_world.launch.py
[3.522s] -- Up-to-date symlink: /home/ubuntu/ros_ws/ros2/project/turtlebot3_gazebo/install/turtlebot3_gazebo/share/turtlebot3_gazebo//launch/multi_robot.launch.py
[3.602s] -- Up-to-date symlink: /home/ubuntu/ros_ws/ros2/project/turtlebot3_gazebo/install/turtlebot3_gazebo/share/turtlebot3_gazebo//launch/multi_spawn_turtlebot3.launch.py
[3.725s] -- Up-to-date symlink: /home/ubuntu/ros_ws/ros2/project/turtlebot3_gazebo/install/turtlebot3_gazebo/share/turtlebot3_gazebo//launch/robot_state_publisher.launch.py
[3.830s] -- Up-to-date symlink: /home/ubuntu/ros_ws/ros2/project/turtlebot3_gazebo/install/turtlebot3_gazebo/share/turtlebot3_gazebo//launch/spawn_turtlebot3.launch.py
[3.896s] -- Up-to-date symlink: /home/ubuntu/ros_ws/ros2/project/turtlebot3_gazebo/install/turtlebot3_gazebo/share/turtlebot3_gazebo//launch/turtlebot3_autorace_2020.launch.py
[3.991s] -- Up-to-date symlink: /home/ubuntu/ros_ws/ros2/project/turtlebot3_gazebo/install/turtlebot3_gazebo/share/turtlebot3_gazebo//launch/turtlebot3_dqn_stage1.launch.py
[4.075s] -- Up-to-date symlink: /home/ubuntu/ros_ws/ros2/project/turtlebot3_gazebo/install/turtlebot3_gazebo/share/turtlebot3_gazebo//launch/turtlebot3_dqn_stage2.launch.py
[4.126s] -- Up-to-date symlink: /home/ubuntu/ros_ws/ros2/project/turtlebot3_gazebo/install/turtlebot3_gazebo/share/turtlebot3_gazebo//launch/turtlebot3_dqn_stage3.launch.py
[4.179s] -- Up-to-date symlink: /home/ubuntu/ros_ws/ros2/project/turtlebot3_gazebo/install/turtlebot3_gazebo/share/turtlebot3_gazebo//launch/turtlebot3_dqn_stage4.launch.py
[4.232s] -- Up-to-date symlink: /home/ubuntu/ros_ws/ros2/project/turtlebot3_gazebo/install/turtlebot3_gazebo/share/turtlebot3_gazebo//launch/turtlebot3_house.launch.py
[4.294s] -- Up-to-date symlink: /home/ubuntu/ros_ws/ros2/project/turtlebot3_gazebo/install/turtlebot3_gazebo/share/turtlebot3_gazebo//launch/turtlebot3_world.launch.py
[7.666s] -- Up-to-date symlink: /home/ubuntu/ros_ws/ros2/project/turtlebot3_gazebo/install/turtlebot3_gazebo/share/turtlebot3_gazebo//models/turtlebot3_autorace_2020/checker/materials/checker.png
[7.866s] -- Up-to-date symlink: /home/ubuntu/ros_ws/ros2/project/turtlebot3_gazebo/install/turtlebot3_gazebo/share/turtlebot3_gazebo//models/turtlebot3_autorace_2020/checker/materials/scripts/checker.material
[8.008s] -- Up-to-date symlink: /home/ubuntu/ros_ws/ros2/project/turtlebot3_gazebo/install/turtlebot3_gazebo/share/turtlebot3_gazebo//models/turtlebot3_autorace_2020/checker/materials/textures/checker.png
[8.100s] -- Up-to-date symlink: /home/ubuntu/ros_ws/ros2/project/turtlebot3_gazebo/install/turtlebot3_gazebo/share/turtlebot3_gazebo//models/turtlebot3_autorace_2020/checker/model.config
[8.187s] -- Up-to-date symlink: /home/ubuntu/ros_ws/ros2/project/turtlebot3_gazebo/install/turtlebot3_gazebo/share/turtlebot3_gazebo//models/turtlebot3_autorace_2020/checker/model.sdf
[8.415s] -- Up-to-date symlink: /home/ubuntu/ros_ws/ros2/project/turtlebot3_gazebo/install/turtlebot3_gazebo/share/turtlebot3_gazebo//models/turtlebot3_autorace_2020/course/materials/scripts/course.material
[8.883s] -- Up-to-date symlink: /home/ubuntu/ros_ws/ros2/project/turtlebot3_gazebo/install/turtlebot3_gazebo/share/turtlebot3_gazebo//models/turtlebot3_autorace_2020/course/materials/textures/course.png
[9.020s] -- Up-to-date symlink: /home/ubuntu/ros_ws/ros2/project/turtlebot3_gazebo/install/turtlebot3_gazebo/share/turtlebot3_gazebo//models/turtlebot3_autorace_2020/course/model.config
[9.216s] -- Up-to-date symlink: /home/ubuntu/ros_ws/ros2/project/turtlebot3_gazebo/install/turtlebot3_gazebo/share/turtlebot3_gazebo//models/turtlebot3_autorace_2020/course/model.sdf
[9.517s] -- Up-to-date symlink: /home/ubuntu/ros_ws/ros2/project/turtlebot3_gazebo/install/turtlebot3_gazebo/share/turtlebot3_gazebo//models/turtlebot3_autorace_2020/traffic_bar/materials/scripts/traffic_bar.material
[9.734s] -- Up-to-date symlink: /home/ubuntu/ros_ws/ros2/project/turtlebot3_gazebo/install/turtlebot3_gazebo/share/turtlebot3_gazebo//models/turtlebot3_autorace_2020/traffic_bar/materials/textures/traffic_bar.png
[9.845s] -- Up-to-date symlink: /home/ubuntu/ros_ws/ros2/project/turtlebot3_gazebo/install/turtlebot3_gazebo/share/turtlebot3_gazebo//models/turtlebot3_autorace_2020/traffic_bar/model.config
[9.982s] -- Up-to-date symlink: /home/ubuntu/ros_ws/ros2/project/turtlebot3_gazebo/install/turtlebot3_gazebo/share/turtlebot3_gazebo//models/turtlebot3_autorace_2020/traffic_bar/model.sdf
[10.194s] -- Up-to-date symlink: /home/ubuntu/ros_ws/ros2/project/turtlebot3_gazebo/install/turtlebot3_gazebo/share/turtlebot3_gazebo//models/turtlebot3_autorace_2020/traffic_construction/materials/scripts/traffic_construction.material
[10.409s] -- Up-to-date symlink: /home/ubuntu/ros_ws/ros2/project/turtlebot3_gazebo/install/turtlebot3_gazebo/share/turtlebot3_gazebo//models/turtlebot3_autorace_2020/traffic_construction/materials/textures/traffic_construction.png
[10.506s] -- Up-to-date symlink: /home/ubuntu/ros_ws/ros2/project/turtlebot3_gazebo/install/turtlebot3_gazebo/share/turtlebot3_gazebo//models/turtlebot3_autorace_2020/traffic_construction/model.config
[10.601s] -- Up-to-date symlink: /home/ubuntu/ros_ws/ros2/project/turtlebot3_gazebo/install/turtlebot3_gazebo/share/turtlebot3_gazebo//models/turtlebot3_autorace_2020/traffic_construction/model.sdf
[10.725s] -- Up-to-date symlink: /home/ubuntu/ros_ws/ros2/project/turtlebot3_gazebo/install/turtlebot3_gazebo/share/turtlebot3_gazebo//models/turtlebot3_autorace_2020/traffic_intersection/materials/scripts/traffic_intersection.material
[10.858s] -- Up-to-date symlink: /home/ubuntu/ros_ws/ros2/project/turtlebot3_gazebo/install/turtlebot3_gazebo/share/turtlebot3_gazebo//models/turtlebot3_autorace_2020/traffic_intersection/materials/textures/traffic_intersection.png
[10.967s] -- Up-to-date symlink: /home/ubuntu/ros_ws/ros2/project/turtlebot3_gazebo/install/turtlebot3_gazebo/share/turtlebot3_gazebo//models/turtlebot3_autorace_2020/traffic_intersection/model.config
[11.085s] -- Up-to-date symlink: /home/ubuntu/ros_ws/ros2/project/turtlebot3_gazebo/install/turtlebot3_gazebo/share/turtlebot3_gazebo//models/turtlebot3_autorace_2020/traffic_intersection/model.sdf
[11.249s] -- Up-to-date symlink: /home/ubuntu/ros_ws/ros2/project/turtlebot3_gazebo/install/turtlebot3_gazebo/share/turtlebot3_gazebo//models/turtlebot3_autorace_2020/traffic_left/materials/scripts/traffic_is_left.material
[11.397s] -- Up-to-date symlink: /home/ubuntu/ros_ws/ros2/project/turtlebot3_gazebo/install/turtlebot3_gazebo/share/turtlebot3_gazebo//models/turtlebot3_autorace_2020/traffic_left/materials/textures/traffic_left.png
[11.488s] -- Up-to-date symlink: /home/ubuntu/ros_ws/ros2/project/turtlebot3_gazebo/install/turtlebot3_gazebo/share/turtlebot3_gazebo//models/turtlebot3_autorace_2020/traffic_left/model.config
[11.593s] -- Up-to-date symlink: /home/ubuntu/ros_ws/ros2/project/turtlebot3_gazebo/install/turtlebot3_gazebo/share/turtlebot3_gazebo//models/turtlebot3_autorace_2020/traffic_left/model.sdf
[11.738s] -- Up-to-date symlink: /home/ubuntu/ros_ws/ros2/project/turtlebot3_gazebo/install/turtlebot3_gazebo/share/turtlebot3_gazebo//models/turtlebot3_autorace_2020/traffic_light/materials/scripts/traffic_light.material
[11.904s] -- Up-to-date symlink: /home/ubuntu/ros_ws/ros2/project/turtlebot3_gazebo/install/turtlebot3_gazebo/share/turtlebot3_gazebo//models/turtlebot3_autorace_2020/traffic_light/materials/textures/traffic_light.png
[12.046s] -- Up-to-date symlink: /home/ubuntu/ros_ws/ros2/project/turtlebot3_gazebo/install/turtlebot3_gazebo/share/turtlebot3_gazebo//models/turtlebot3_autorace_2020/traffic_light/materials/textures/traffic_light_green.png
[12.285s] -- Up-to-date symlink: /home/ubuntu/ros_ws/ros2/project/turtlebot3_gazebo/install/turtlebot3_gazebo/share/turtlebot3_gazebo//models/turtlebot3_autorace_2020/traffic_light/materials/textures/traffic_light_red.png
[12.617s] -- Up-to-date symlink: /home/ubuntu/ros_ws/ros2/project/turtlebot3_gazebo/install/turtlebot3_gazebo/share/turtlebot3_gazebo//models/turtlebot3_autorace_2020/traffic_light/materials/textures/traffic_light_yellow.png
[12.886s] -- Up-to-date symlink: /home/ubuntu/ros_ws/ros2/project/turtlebot3_gazebo/install/turtlebot3_gazebo/share/turtlebot3_gazebo//models/turtlebot3_autorace_2020/traffic_light/model.config
[13.116s] -- Up-to-date symlink: /home/ubuntu/ros_ws/ros2/project/turtlebot3_gazebo/install/turtlebot3_gazebo/share/turtlebot3_gazebo//models/turtlebot3_autorace_2020/traffic_light/model.sdf
[13.313s] -- Up-to-date symlink: /home/ubuntu/ros_ws/ros2/project/turtlebot3_gazebo/install/turtlebot3_gazebo/share/turtlebot3_gazebo//models/turtlebot3_autorace_2020/traffic_noentry/materials/scripts/traffic_noentry.material
[13.514s] -- Up-to-date symlink: /home/ubuntu/ros_ws/ros2/project/turtlebot3_gazebo/install/turtlebot3_gazebo/share/turtlebot3_gazebo//models/turtlebot3_autorace_2020/traffic_noentry/materials/textures/traffic_noentry.png
[13.644s] -- Up-to-date symlink: /home/ubuntu/ros_ws/ros2/project/turtlebot3_gazebo/install/turtlebot3_gazebo/share/turtlebot3_gazebo//models/turtlebot3_autorace_2020/traffic_noentry/model.config
[13.792s] -- Up-to-date symlink: /home/ubuntu/ros_ws/ros2/project/turtlebot3_gazebo/install/turtlebot3_gazebo/share/turtlebot3_gazebo//models/turtlebot3_autorace_2020/traffic_noentry/model.sdf
[14.218s] -- Up-to-date symlink: /home/ubuntu/ros_ws/ros2/project/turtlebot3_gazebo/install/turtlebot3_gazebo/share/turtlebot3_gazebo//models/turtlebot3_autorace_2020/traffic_parking/materials/scripts/traffic_parking.material
[14.539s] -- Up-to-date symlink: /home/ubuntu/ros_ws/ros2/project/turtlebot3_gazebo/install/turtlebot3_gazebo/share/turtlebot3_gazebo//models/turtlebot3_autorace_2020/traffic_parking/materials/textures/traffic_parking.png
[14.719s] -- Up-to-date symlink: /home/ubuntu/ros_ws/ros2/project/turtlebot3_gazebo/install/turtlebot3_gazebo/share/turtlebot3_gazebo//models/turtlebot3_autorace_2020/traffic_parking/model.config
[14.979s] -- Up-to-date symlink: /home/ubuntu/ros_ws/ros2/project/turtlebot3_gazebo/install/turtlebot3_gazebo/share/turtlebot3_gazebo//models/turtlebot3_autorace_2020/traffic_parking/model.sdf
[15.346s] -- Up-to-date symlink: /home/ubuntu/ros_ws/ros2/project/turtlebot3_gazebo/install/turtlebot3_gazebo/share/turtlebot3_gazebo//models/turtlebot3_autorace_2020/traffic_pl_left/materials/scripts/traffic_pl_left.material
[15.722s] -- Up-to-date symlink: /home/ubuntu/ros_ws/ros2/project/turtlebot3_gazebo/install/turtlebot3_gazebo/share/turtlebot3_gazebo//models/turtlebot3_autorace_2020/traffic_pl_left/materials/textures/traffic_pl_left.png
[15.944s] -- Up-to-date symlink: /home/ubuntu/ros_ws/ros2/project/turtlebot3_gazebo/install/turtlebot3_gazebo/share/turtlebot3_gazebo//models/turtlebot3_autorace_2020/traffic_pl_left/model.config
[16.222s] -- Up-to-date symlink: /home/ubuntu/ros_ws/ros2/project/turtlebot3_gazebo/install/turtlebot3_gazebo/share/turtlebot3_gazebo//models/turtlebot3_autorace_2020/traffic_pl_left/model.sdf
[16.674s] -- Up-to-date symlink: /home/ubuntu/ros_ws/ros2/project/turtlebot3_gazebo/install/turtlebot3_gazebo/share/turtlebot3_gazebo//models/turtlebot3_autorace_2020/traffic_right/materials/scripts/traffic_right.material
[17.072s] -- Up-to-date symlink: /home/ubuntu/ros_ws/ros2/project/turtlebot3_gazebo/install/turtlebot3_gazebo/share/turtlebot3_gazebo//models/turtlebot3_autorace_2020/traffic_right/materials/textures/traffic_right.png
[17.311s] -- Up-to-date symlink: /home/ubuntu/ros_ws/ros2/project/turtlebot3_gazebo/install/turtlebot3_gazebo/share/turtlebot3_gazebo//models/turtlebot3_autorace_2020/traffic_right/model.config
[17.555s] -- Up-to-date symlink: /home/ubuntu/ros_ws/ros2/project/turtlebot3_gazebo/install/turtlebot3_gazebo/share/turtlebot3_gazebo//models/turtlebot3_autorace_2020/traffic_right/model.sdf
[18.017s] -- Up-to-date symlink: /home/ubuntu/ros_ws/ros2/project/turtlebot3_gazebo/install/turtlebot3_gazebo/share/turtlebot3_gazebo//models/turtlebot3_autorace_2020/traffic_stop/materials/scripts/traffic_stop.material
[18.315s] -- Up-to-date symlink: /home/ubuntu/ros_ws/ros2/project/turtlebot3_gazebo/install/turtlebot3_gazebo/share/turtlebot3_gazebo//models/turtlebot3_autorace_2020/traffic_stop/materials/textures/traffic_stop.png
[18.548s] -- Up-to-date symlink: /home/ubuntu/ros_ws/ros2/project/turtlebot3_gazebo/install/turtlebot3_gazebo/share/turtlebot3_gazebo//models/turtlebot3_autorace_2020/traffic_stop/model.config
[18.777s] -- Up-to-date symlink: /home/ubuntu/ros_ws/ros2/project/turtlebot3_gazebo/install/turtlebot3_gazebo/share/turtlebot3_gazebo//models/turtlebot3_autorace_2020/traffic_stop/model.sdf
[19.118s] -- Up-to-date symlink: /home/ubuntu/ros_ws/ros2/project/turtlebot3_gazebo/install/turtlebot3_gazebo/share/turtlebot3_gazebo//models/turtlebot3_autorace_2020/traffic_tunnel/materials/scripts/tunnel.material
[19.413s] -- Up-to-date symlink: /home/ubuntu/ros_ws/ros2/project/turtlebot3_gazebo/install/turtlebot3_gazebo/share/turtlebot3_gazebo//models/turtlebot3_autorace_2020/traffic_tunnel/materials/textures/tunnel.png
[19.606s] -- Up-to-date symlink: /home/ubuntu/ros_ws/ros2/project/turtlebot3_gazebo/install/turtlebot3_gazebo/share/turtlebot3_gazebo//models/turtlebot3_autorace_2020/traffic_tunnel/model.config
[19.772s] -- Up-to-date symlink: /home/ubuntu/ros_ws/ros2/project/turtlebot3_gazebo/install/turtlebot3_gazebo/share/turtlebot3_gazebo//models/turtlebot3_autorace_2020/traffic_tunnel/model.sdf
[19.881s] -- Up-to-date symlink: /home/ubuntu/ros_ws/ros2/project/turtlebot3_gazebo/install/turtlebot3_gazebo/share/turtlebot3_gazebo//models/turtlebot3_burger/model-1_4.sdf
[20.029s] -- Up-to-date symlink: /home/ubuntu/ros_ws/ros2/project/turtlebot3_gazebo/install/turtlebot3_gazebo/share/turtlebot3_gazebo//models/turtlebot3_burger/model.config
[20.127s] -- Up-to-date symlink: /home/ubuntu/ros_ws/ros2/project/turtlebot3_gazebo/install/turtlebot3_gazebo/share/turtlebot3_gazebo//models/turtlebot3_burger/model.sdf
[20.285s] -- Up-to-date symlink: /home/ubuntu/ros_ws/ros2/project/turtlebot3_gazebo/install/turtlebot3_gazebo/share/turtlebot3_gazebo//models/turtlebot3_burger_cam/model-1_4.sdf
[20.425s] -- Up-to-date symlink: /home/ubuntu/ros_ws/ros2/project/turtlebot3_gazebo/install/turtlebot3_gazebo/share/turtlebot3_gazebo//models/turtlebot3_burger_cam/model.config
[20.548s] -- Up-to-date symlink: /home/ubuntu/ros_ws/ros2/project/turtlebot3_gazebo/install/turtlebot3_gazebo/share/turtlebot3_gazebo//models/turtlebot3_burger_cam/model.sdf
[20.804s] -- Up-to-date symlink: /home/ubuntu/ros_ws/ros2/project/turtlebot3_gazebo/install/turtlebot3_gazebo/share/turtlebot3_gazebo//models/turtlebot3_common/meshes/bases/burger_base.stl
[21.054s] -- Up-to-date symlink: /home/ubuntu/ros_ws/ros2/project/turtlebot3_gazebo/install/turtlebot3_gazebo/share/turtlebot3_gazebo//models/turtlebot3_common/meshes/bases/waffle_base.stl
[21.275s] -- Up-to-date symlink: /home/ubuntu/ros_ws/ros2/project/turtlebot3_gazebo/install/turtlebot3_gazebo/share/turtlebot3_gazebo//models/turtlebot3_common/meshes/bases/waffle_pi_base.stl
[21.396s] -- Up-to-date symlink: /home/ubuntu/ros_ws/ros2/project/turtlebot3_gazebo/install/turtlebot3_gazebo/share/turtlebot3_gazebo//models/turtlebot3_common/meshes/burger_base.dae
[21.582s] -- Up-to-date symlink: /home/ubuntu/ros_ws/ros2/project/turtlebot3_gazebo/install/turtlebot3_gazebo/share/turtlebot3_gazebo//models/turtlebot3_common/meshes/lds.dae
[21.728s] -- Up-to-date symlink: /home/ubuntu/ros_ws/ros2/project/turtlebot3_gazebo/install/turtlebot3_gazebo/share/turtlebot3_gazebo//models/turtlebot3_common/meshes/r200.dae
[21.871s] -- Up-to-date symlink: /home/ubuntu/ros_ws/ros2/project/turtlebot3_gazebo/install/turtlebot3_gazebo/share/turtlebot3_gazebo//models/turtlebot3_common/meshes/sensors/astra.dae
[22.050s] -- Up-to-date symlink: /home/ubuntu/ros_ws/ros2/project/turtlebot3_gazebo/install/turtlebot3_gazebo/share/turtlebot3_gazebo//models/turtlebot3_common/meshes/sensors/astra.jpg
[22.265s] -- Up-to-date symlink: /home/ubuntu/ros_ws/ros2/project/turtlebot3_gazebo/install/turtlebot3_gazebo/share/turtlebot3_gazebo//models/turtlebot3_common/meshes/sensors/lds.stl
[22.492s] -- Up-to-date symlink: /home/ubuntu/ros_ws/ros2/project/turtlebot3_gazebo/install/turtlebot3_gazebo/share/turtlebot3_gazebo//models/turtlebot3_common/meshes/sensors/r200.dae
[22.706s] -- Up-to-date symlink: /home/ubuntu/ros_ws/ros2/project/turtlebot3_gazebo/install/turtlebot3_gazebo/share/turtlebot3_gazebo//models/turtlebot3_common/meshes/sensors/r200.jpg
[22.847s] -- Up-to-date symlink: /home/ubuntu/ros_ws/ros2/project/turtlebot3_gazebo/install/turtlebot3_gazebo/share/turtlebot3_gazebo//models/turtlebot3_common/meshes/tire.dae
[22.992s] -- Up-to-date symlink: /home/ubuntu/ros_ws/ros2/project/turtlebot3_gazebo/install/turtlebot3_gazebo/share/turtlebot3_gazebo//models/turtlebot3_common/meshes/waffle_base.dae
[23.207s] -- Up-to-date symlink: /home/ubuntu/ros_ws/ros2/project/turtlebot3_gazebo/install/turtlebot3_gazebo/share/turtlebot3_gazebo//models/turtlebot3_common/meshes/waffle_pi_base.dae
[23.430s] -- Up-to-date symlink: /home/ubuntu/ros_ws/ros2/project/turtlebot3_gazebo/install/turtlebot3_gazebo/share/turtlebot3_gazebo//models/turtlebot3_common/meshes/wheels/left_tire.stl
[23.559s] -- Up-to-date symlink: /home/ubuntu/ros_ws/ros2/project/turtlebot3_gazebo/install/turtlebot3_gazebo/share/turtlebot3_gazebo//models/turtlebot3_common/meshes/wheels/right_tire.stl
[23.654s] -- Up-to-date symlink: /home/ubuntu/ros_ws/ros2/project/turtlebot3_gazebo/install/turtlebot3_gazebo/share/turtlebot3_gazebo//models/turtlebot3_common/model.config
[23.770s] -- Up-to-date symlink: /home/ubuntu/ros_ws/ros2/project/turtlebot3_gazebo/install/turtlebot3_gazebo/share/turtlebot3_gazebo//models/turtlebot3_dqn_world/goal_box/model.config
[23.876s] -- Up-to-date symlink: /home/ubuntu/ros_ws/ros2/project/turtlebot3_gazebo/install/turtlebot3_gazebo/share/turtlebot3_gazebo//models/turtlebot3_dqn_world/goal_box/model.sdf
[23.993s] -- Up-to-date symlink: /home/ubuntu/ros_ws/ros2/project/turtlebot3_gazebo/install/turtlebot3_gazebo/share/turtlebot3_gazebo//models/turtlebot3_dqn_world/inner_walls/model.config
[24.129s] -- Up-to-date symlink: /home/ubuntu/ros_ws/ros2/project/turtlebot3_gazebo/install/turtlebot3_gazebo/share/turtlebot3_gazebo//models/turtlebot3_dqn_world/inner_walls/model.sdf
[24.241s] -- Up-to-date symlink: /home/ubuntu/ros_ws/ros2/project/turtlebot3_gazebo/install/turtlebot3_gazebo/share/turtlebot3_gazebo//models/turtlebot3_dqn_world/model.config
[24.376s] -- Up-to-date symlink: /home/ubuntu/ros_ws/ros2/project/turtlebot3_gazebo/install/turtlebot3_gazebo/share/turtlebot3_gazebo//models/turtlebot3_dqn_world/model.sdf
[24.592s] -- Up-to-date symlink: /home/ubuntu/ros_ws/ros2/project/turtlebot3_gazebo/install/turtlebot3_gazebo/share/turtlebot3_gazebo//models/turtlebot3_dqn_world/obstacle1/model.config
[24.787s] -- Up-to-date symlink: /home/ubuntu/ros_ws/ros2/project/turtlebot3_gazebo/install/turtlebot3_gazebo/share/turtlebot3_gazebo//models/turtlebot3_dqn_world/obstacle1/model.sdf
[24.918s] -- Up-to-date symlink: /home/ubuntu/ros_ws/ros2/project/turtlebot3_gazebo/install/turtlebot3_gazebo/share/turtlebot3_gazebo//models/turtlebot3_dqn_world/obstacle2/model.config
[25.019s] -- Up-to-date symlink: /home/ubuntu/ros_ws/ros2/project/turtlebot3_gazebo/install/turtlebot3_gazebo/share/turtlebot3_gazebo//models/turtlebot3_dqn_world/obstacle2/model.sdf
[25.149s] -- Up-to-date symlink: /home/ubuntu/ros_ws/ros2/project/turtlebot3_gazebo/install/turtlebot3_gazebo/share/turtlebot3_gazebo//models/turtlebot3_dqn_world/obstacles/model.config
[25.250s] -- Up-to-date symlink: /home/ubuntu/ros_ws/ros2/project/turtlebot3_gazebo/install/turtlebot3_gazebo/share/turtlebot3_gazebo//models/turtlebot3_dqn_world/obstacles/model.sdf
[25.359s] -- Up-to-date symlink: /home/ubuntu/ros_ws/ros2/project/turtlebot3_gazebo/install/turtlebot3_gazebo/share/turtlebot3_gazebo//models/turtlebot3_house/model.config
[25.465s] -- Up-to-date symlink: /home/ubuntu/ros_ws/ros2/project/turtlebot3_gazebo/install/turtlebot3_gazebo/share/turtlebot3_gazebo//models/turtlebot3_house/model.sdf
[25.580s] -- Up-to-date symlink: /home/ubuntu/ros_ws/ros2/project/turtlebot3_gazebo/install/turtlebot3_gazebo/share/turtlebot3_gazebo//models/turtlebot3_waffle/model-1_4.sdf
[25.668s] -- Up-to-date symlink: /home/ubuntu/ros_ws/ros2/project/turtlebot3_gazebo/install/turtlebot3_gazebo/share/turtlebot3_gazebo//models/turtlebot3_waffle/model.config
[25.749s] -- Up-to-date symlink: /home/ubuntu/ros_ws/ros2/project/turtlebot3_gazebo/install/turtlebot3_gazebo/share/turtlebot3_gazebo//models/turtlebot3_waffle/model.sdf
[25.835s] -- Up-to-date symlink: /home/ubuntu/ros_ws/ros2/project/turtlebot3_gazebo/install/turtlebot3_gazebo/share/turtlebot3_gazebo//models/turtlebot3_waffle_pi/model-1_4_.sdf
[25.943s] -- Up-to-date symlink: /home/ubuntu/ros_ws/ros2/project/turtlebot3_gazebo/install/turtlebot3_gazebo/share/turtlebot3_gazebo//models/turtlebot3_waffle_pi/model.config
[26.026s] -- Up-to-date symlink: /home/ubuntu/ros_ws/ros2/project/turtlebot3_gazebo/install/turtlebot3_gazebo/share/turtlebot3_gazebo//models/turtlebot3_waffle_pi/model.sdf
[26.129s] -- Up-to-date symlink: /home/ubuntu/ros_ws/ros2/project/turtlebot3_gazebo/install/turtlebot3_gazebo/share/turtlebot3_gazebo//models/turtlebot3_world/meshes/hexagon.dae
[26.200s] -- Up-to-date symlink: /home/ubuntu/ros_ws/ros2/project/turtlebot3_gazebo/install/turtlebot3_gazebo/share/turtlebot3_gazebo//models/turtlebot3_world/meshes/wall.dae
[26.260s] -- Up-to-date symlink: /home/ubuntu/ros_ws/ros2/project/turtlebot3_gazebo/install/turtlebot3_gazebo/share/turtlebot3_gazebo//models/turtlebot3_world/model-1_4.sdf
[26.318s] -- Up-to-date symlink: /home/ubuntu/ros_ws/ros2/project/turtlebot3_gazebo/install/turtlebot3_gazebo/share/turtlebot3_gazebo//models/turtlebot3_world/model.config
[26.413s] -- Up-to-date symlink: /home/ubuntu/ros_ws/ros2/project/turtlebot3_gazebo/install/turtlebot3_gazebo/share/turtlebot3_gazebo//models/turtlebot3_world/model.sdf
[26.544s] -- Up-to-date symlink: /home/ubuntu/ros_ws/ros2/project/turtlebot3_gazebo/install/turtlebot3_gazebo/share/turtlebot3_gazebo//rviz/tb3_gazebo.rviz
[26.652s] -- Up-to-date symlink: /home/ubuntu/ros_ws/ros2/project/turtlebot3_gazebo/install/turtlebot3_gazebo/share/turtlebot3_gazebo//urdf/common_properties.urdf
[26.729s] -- Up-to-date symlink: /home/ubuntu/ros_ws/ros2/project/turtlebot3_gazebo/install/turtlebot3_gazebo/share/turtlebot3_gazebo//urdf/turtlebot3_burger.urdf
[26.832s] -- Up-to-date symlink: /home/ubuntu/ros_ws/ros2/project/turtlebot3_gazebo/install/turtlebot3_gazebo/share/turtlebot3_gazebo//urdf/turtlebot3_burger_cam.urdf
[26.937s] -- Up-to-date symlink: /home/ubuntu/ros_ws/ros2/project/turtlebot3_gazebo/install/turtlebot3_gazebo/share/turtlebot3_gazebo//urdf/turtlebot3_waffle.urdf
[27.055s] -- Up-to-date symlink: /home/ubuntu/ros_ws/ros2/project/turtlebot3_gazebo/install/turtlebot3_gazebo/share/turtlebot3_gazebo//urdf/turtlebot3_waffle_pi.urdf
[27.331s] -- Up-to-date symlink: /home/ubuntu/ros_ws/ros2/project/turtlebot3_gazebo/install/turtlebot3_gazebo/share/turtlebot3_gazebo//worlds/empty_world.world
[27.455s] -- Up-to-date symlink: /home/ubuntu/ros_ws/ros2/project/turtlebot3_gazebo/install/turtlebot3_gazebo/share/turtlebot3_gazebo//worlds/turtlebot3_autorace_2020.world
[27.562s] -- Up-to-date symlink: /home/ubuntu/ros_ws/ros2/project/turtlebot3_gazebo/install/turtlebot3_gazebo/share/turtlebot3_gazebo//worlds/turtlebot3_dqn_stage1.world
[27.643s] -- Up-to-date symlink: /home/ubuntu/ros_ws/ros2/project/turtlebot3_gazebo/install/turtlebot3_gazebo/share/turtlebot3_gazebo//worlds/turtlebot3_dqn_stage2.world
[27.721s] -- Up-to-date symlink: /home/ubuntu/ros_ws/ros2/project/turtlebot3_gazebo/install/turtlebot3_gazebo/share/turtlebot3_gazebo//worlds/turtlebot3_dqn_stage3.world
[27.805s] -- Up-to-date symlink: /home/ubuntu/ros_ws/ros2/project/turtlebot3_gazebo/install/turtlebot3_gazebo/share/turtlebot3_gazebo//worlds/turtlebot3_dqn_stage4.world
[27.873s] -- Up-to-date symlink: /home/ubuntu/ros_ws/ros2/project/turtlebot3_gazebo/install/turtlebot3_gazebo/share/turtlebot3_gazebo//worlds/turtlebot3_house.world
[27.928s] -- Up-to-date symlink: /home/ubuntu/ros_ws/ros2/project/turtlebot3_gazebo/install/turtlebot3_gazebo/share/turtlebot3_gazebo//worlds/turtlebot3_world.world
[28.022s] -- Up-to-date symlink: /home/ubuntu/ros_ws/ros2/project/turtlebot3_gazebo/install/turtlebot3_gazebo/include//turtlebot3_gazebo/obstacle1.hpp
[28.060s] -- Up-to-date symlink: /home/ubuntu/ros_ws/ros2/project/turtlebot3_gazebo/install/turtlebot3_gazebo/include//turtlebot3_gazebo/obstacle2.hpp
[28.101s] -- Up-to-date symlink: /home/ubuntu/ros_ws/ros2/project/turtlebot3_gazebo/install/turtlebot3_gazebo/include//turtlebot3_gazebo/obstacles.hpp
[28.145s] -- Up-to-date symlink: /home/ubuntu/ros_ws/ros2/project/turtlebot3_gazebo/install/turtlebot3_gazebo/include//turtlebot3_gazebo/traffic_bar_plugin.hpp
[28.197s] -- Up-to-date symlink: /home/ubuntu/ros_ws/ros2/project/turtlebot3_gazebo/install/turtlebot3_gazebo/include//turtlebot3_gazebo/traffic_light_plugin.hpp
[28.240s] -- Up-to-date symlink: /home/ubuntu/ros_ws/ros2/project/turtlebot3_gazebo/install/turtlebot3_gazebo/include//turtlebot3_gazebo/turtlebot3_drive.hpp
[28.362s] -- Up-to-date symlink: /home/ubuntu/ros_ws/ros2/project/turtlebot3_gazebo/install/turtlebot3_gazebo/share/ament_index/resource_index/package_run_dependencies/turtlebot3_gazebo
[28.456s] -- Up-to-date symlink: /home/ubuntu/ros_ws/ros2/project/turtlebot3_gazebo/install/turtlebot3_gazebo/share/ament_index/resource_index/parent_prefix_path/turtlebot3_gazebo
[28.528s] -- Up-to-date symlink: /home/ubuntu/ros_ws/ros2/project/turtlebot3_gazebo/install/turtlebot3_gazebo/share/turtlebot3_gazebo/environment/ament_prefix_path.sh
[28.614s] -- Up-to-date symlink: /home/ubuntu/ros_ws/ros2/project/turtlebot3_gazebo/install/turtlebot3_gazebo/share/turtlebot3_gazebo/environment/ament_prefix_path.dsv
[28.680s] -- Up-to-date symlink: /home/ubuntu/ros_ws/ros2/project/turtlebot3_gazebo/install/turtlebot3_gazebo/share/turtlebot3_gazebo/environment/path.sh
[28.752s] -- Up-to-date symlink: /home/ubuntu/ros_ws/ros2/project/turtlebot3_gazebo/install/turtlebot3_gazebo/share/turtlebot3_gazebo/environment/path.dsv
[28.819s] -- Up-to-date symlink: /home/ubuntu/ros_ws/ros2/project/turtlebot3_gazebo/install/turtlebot3_gazebo/share/turtlebot3_gazebo/local_setup.bash
[28.886s] -- Up-to-date symlink: /home/ubuntu/ros_ws/ros2/project/turtlebot3_gazebo/install/turtlebot3_gazebo/share/turtlebot3_gazebo/local_setup.sh
[28.951s] -- Up-to-date symlink: /home/ubuntu/ros_ws/ros2/project/turtlebot3_gazebo/install/turtlebot3_gazebo/share/turtlebot3_gazebo/local_setup.zsh
[29.011s] -- Up-to-date symlink: /home/ubuntu/ros_ws/ros2/project/turtlebot3_gazebo/install/turtlebot3_gazebo/share/turtlebot3_gazebo/local_setup.dsv
[29.033s] -- Symlinking: /home/ubuntu/ros_ws/ros2/project/turtlebot3_gazebo/install/turtlebot3_gazebo/share/turtlebot3_gazebo/package.dsv
[29.269s] -- Up-to-date symlink: /home/ubuntu/ros_ws/ros2/project/turtlebot3_gazebo/install/turtlebot3_gazebo/share/ament_index/resource_index/packages/turtlebot3_gazebo
[29.354s] -- Up-to-date symlink: /home/ubuntu/ros_ws/ros2/project/turtlebot3_gazebo/install/turtlebot3_gazebo/share/turtlebot3_gazebo/cmake/ament_cmake_export_include_directories-extras.cmake
[29.436s] -- Up-to-date symlink: /home/ubuntu/ros_ws/ros2/project/turtlebot3_gazebo/install/turtlebot3_gazebo/share/turtlebot3_gazebo/cmake/ament_cmake_export_dependencies-extras.cmake
[29.517s] -- Up-to-date symlink: /home/ubuntu/ros_ws/ros2/project/turtlebot3_gazebo/install/turtlebot3_gazebo/share/turtlebot3_gazebo/cmake/turtlebot3_gazeboConfig.cmake
[29.611s] -- Up-to-date symlink: /home/ubuntu/ros_ws/ros2/project/turtlebot3_gazebo/install/turtlebot3_gazebo/share/turtlebot3_gazebo/cmake/turtlebot3_gazeboConfig-version.cmake
[29.687s] -- Up-to-date symlink: /home/ubuntu/ros_ws/ros2/project/turtlebot3_gazebo/install/turtlebot3_gazebo/share/turtlebot3_gazebo/package.xml
[29.703s] Invoked command in '/home/ubuntu/ros_ws/ros2/project/turtlebot3_gazebo/build/turtlebot3_gazebo' returned '0': CMAKE_PREFIX_PATH=${CMAKE_PREFIX_PATH}:/opt/ros/humble /usr/bin/cmake --install /home/ubuntu/ros_ws/ros2/project/turtlebot3_gazebo/build/turtlebot3_gazebo
