[0.000000] (-) TimerEvent: {}
[0.000671] (turtlebot3_gazebo) JobQueued: {'identifier': 'turtlebot3_gazebo', 'dependencies': OrderedDict()}
[0.001163] (turtlebot3_gazebo) JobStarted: {'identifier': 'turtlebot3_gazebo'}
[0.074513] (turtlebot3_gazebo) JobProgress: {'identifier': 'turtlebot3_gazebo', 'progress': 'cmake'}
[0.096437] (turtlebot3_gazebo) JobProgress: {'identifier': 'turtlebot3_gazebo', 'progress': 'build'}
[0.097678] (-) TimerEvent: {}
[0.102516] (turtlebot3_gazebo) Command: {'cmd': ['/usr/bin/cmake', '--build', '/home/ubuntu/ros_ws/ros2/project/turtlebot3_gazebo/build/turtlebot3_gazebo', '--', '-j12', '-l12'], 'cwd': '/home/ubuntu/ros_ws/ros2/project/turtlebot3_gazebo/build/turtlebot3_gazebo', 'env': OrderedDict([('USER', 'ubuntu'), ('HOSTNAME', 'b150323c0b6d'), ('GIT_ASKPASS', '/home/ubuntu/.vscode-server/bin/8b640eef5a6c6089c029249d48efa5c99adf7d51/extensions/git/dist/askpass.sh'), ('SHLVL', '2'), ('LD_LIBRARY_PATH', '/usr/lib/x86_64-linux-gnu/gazebo-11/plugins:/opt/ros/humble/opt/rviz_ogre_vendor/lib:/opt/ros/humble/lib/x86_64-linux-gnu:/opt/ros/humble/lib'), ('BROWSER', '/home/ubuntu/.vscode-server/bin/8b640eef5a6c6089c029249d48efa5c99adf7d51/bin/helpers/browser.sh'), ('HOME', '/home/ubuntu'), ('OLDPWD', '/home/ubuntu/ros_ws/ros2/project'), ('TERM_PROGRAM_VERSION', '1.119.0'), ('VSCODE_IPC_HOOK_CLI', '/tmp/vscode-ipc-0fa137ad-5b8a-4fa1-80ee-8fac8ea28a79.sock'), ('ROS_PYTHON_VERSION', '3'), ('GTK_MODULES', 'appmenu-gtk-module'), ('VSCODE_GIT_ASKPASS_MAIN', '/home/ubuntu/.vscode-server/bin/8b640eef5a6c6089c029249d48efa5c99adf7d51/extensions/git/dist/askpass-main.js'), ('VSCODE_GIT_ASKPASS_NODE', '/home/ubuntu/.vscode-server/bin/8b640eef5a6c6089c029249d48efa5c99adf7d51/node'), ('LC_CTYPE', 'C.UTF-8'), ('VSCODE_PYTHON_AUTOACTIVATE_GUARD', '1'), ('COLORTERM', 'truecolor'), ('REMOTE_CONTAINERS', 'true'), ('UBUNTU_MENUPROXY', '1'), ('COLCON_PREFIX_PATH', '/home/ubuntu/ros_ws/ros2/project/turtlebot3_gazebo/install'), ('ROS_DISTRO', 'humble'), ('REMOTE_CONTAINERS_IPC', '/tmp/vscode-remote-containers-ipc-23d825ec-b171-49e9-be9a-eb78ec22de4b.sock'), ('_', '/usr/bin/colcon'), ('ROS_VERSION', '2'), ('TERM', 'xterm-256color'), ('ROS_LOCALHOST_ONLY', '0'), ('PATH', '/opt/ros/humble/bin:/home/ubuntu/.vscode-server/bin/8b640eef5a6c6089c029249d48efa5c99adf7d51/bin/remote-cli:/usr/local/sbin:/usr/local/bin:/usr/sbin:/usr/bin:/sbin:/bin:/snap/bin'), ('REMOTE_CONTAINERS_SOCKETS', '["/tmp/.X11-unix/X6","/home/ubuntu/.gnupg/S.gpg-agent"]'), ('DISPLAY', ':6'), ('LANG', 'en_US.UTF-8'), ('VSCODE_GIT_IPC_HANDLE', '/tmp/vscode-git-d39315ff29.sock'), ('TERM_PROGRAM', 'vscode'), ('AMENT_PREFIX_PATH', '/home/ubuntu/ros_ws/ros2/project/turtlebot3_gazebo/install/turtlebot3_gazebo:/opt/ros/humble'), ('REMOTE_CONTAINERS_DISPLAY_SOCK', '/tmp/.X11-unix/X6'), ('SHELL', '/bin/bash'), ('PASSWD', 'ubuntu'), ('VSCODE_GIT_ASKPASS_EXTRA_ARGS', ''), ('PWD', '/home/ubuntu/ros_ws/ros2/project/turtlebot3_gazebo/build/turtlebot3_gazebo'), ('TURTLEBOT3_MODEL', 'waffle_pi'), ('XDG_DATA_DIRS', '/usr/share/gnome:/home/ubuntu/.local/share/flatpak/exports/share:/var/lib/flatpak/exports/share:/usr/local/share:/usr/share:/var/lib/snapd/desktop'), ('PYTHONPATH', '/opt/ros/humble/lib/python3.10/site-packages:/opt/ros/humble/local/lib/python3.10/dist-packages'), ('COLCON', '1'), ('CMAKE_PREFIX_PATH', '/home/ubuntu/ros_ws/ros2/project/turtlebot3_gazebo/install/turtlebot3_gazebo:/opt/ros/humble')]), 'shell': False}
[0.197893] (-) TimerEvent: {}
[0.298470] (-) TimerEvent: {}
[0.400002] (-) TimerEvent: {}
[0.419708] (turtlebot3_gazebo) StdoutLine: {'line': b'[ 16%] Built target turtlebot3_drive\n'}
[0.469651] (turtlebot3_gazebo) StdoutLine: {'line': b'[ 75%] Built target traffic_bar_plugin\n'}
[0.476718] (turtlebot3_gazebo) StdoutLine: {'line': b'[100%] Built target obstacle2\n'}
[0.478888] (turtlebot3_gazebo) StdoutLine: {'line': b'[100%] Built target traffic_light_plugin\n'}
[0.480234] (turtlebot3_gazebo) StdoutLine: {'line': b'[100%] Built target obstacles\n'}
[0.481754] (turtlebot3_gazebo) StdoutLine: {'line': b'[100%] Built target obstacle1\n'}
[0.500380] (-) TimerEvent: {}
[0.548875] (turtlebot3_gazebo) CommandEnded: {'returncode': 0}
[0.573126] (turtlebot3_gazebo) JobProgress: {'identifier': 'turtlebot3_gazebo', 'progress': 'install'}
[0.588346] (turtlebot3_gazebo) Command: {'cmd': ['/usr/bin/cmake', '--install', '/home/ubuntu/ros_ws/ros2/project/turtlebot3_gazebo/build/turtlebot3_gazebo'], 'cwd': '/home/ubuntu/ros_ws/ros2/project/turtlebot3_gazebo/build/turtlebot3_gazebo', 'env': OrderedDict([('USER', 'ubuntu'), ('HOSTNAME', 'b150323c0b6d'), ('GIT_ASKPASS', '/home/ubuntu/.vscode-server/bin/8b640eef5a6c6089c029249d48efa5c99adf7d51/extensions/git/dist/askpass.sh'), ('SHLVL', '2'), ('LD_LIBRARY_PATH', '/usr/lib/x86_64-linux-gnu/gazebo-11/plugins:/opt/ros/humble/opt/rviz_ogre_vendor/lib:/opt/ros/humble/lib/x86_64-linux-gnu:/opt/ros/humble/lib'), ('BROWSER', '/home/ubuntu/.vscode-server/bin/8b640eef5a6c6089c029249d48efa5c99adf7d51/bin/helpers/browser.sh'), ('HOME', '/home/ubuntu'), ('OLDPWD', '/home/ubuntu/ros_ws/ros2/project'), ('TERM_PROGRAM_VERSION', '1.119.0'), ('VSCODE_IPC_HOOK_CLI', '/tmp/vscode-ipc-0fa137ad-5b8a-4fa1-80ee-8fac8ea28a79.sock'), ('ROS_PYTHON_VERSION', '3'), ('GTK_MODULES', 'appmenu-gtk-module'), ('VSCODE_GIT_ASKPASS_MAIN', '/home/ubuntu/.vscode-server/bin/8b640eef5a6c6089c029249d48efa5c99adf7d51/extensions/git/dist/askpass-main.js'), ('VSCODE_GIT_ASKPASS_NODE', '/home/ubuntu/.vscode-server/bin/8b640eef5a6c6089c029249d48efa5c99adf7d51/node'), ('LC_CTYPE', 'C.UTF-8'), ('VSCODE_PYTHON_AUTOACTIVATE_GUARD', '1'), ('COLORTERM', 'truecolor'), ('REMOTE_CONTAINERS', 'true'), ('UBUNTU_MENUPROXY', '1'), ('COLCON_PREFIX_PATH', '/home/ubuntu/ros_ws/ros2/project/turtlebot3_gazebo/install'), ('ROS_DISTRO', 'humble'), ('REMOTE_CONTAINERS_IPC', '/tmp/vscode-remote-containers-ipc-23d825ec-b171-49e9-be9a-eb78ec22de4b.sock'), ('_', '/usr/bin/colcon'), ('ROS_VERSION', '2'), ('TERM', 'xterm-256color'), ('ROS_LOCALHOST_ONLY', '0'), ('PATH', '/opt/ros/humble/bin:/home/ubuntu/.vscode-server/bin/8b640eef5a6c6089c029249d48efa5c99adf7d51/bin/remote-cli:/usr/local/sbin:/usr/local/bin:/usr/sbin:/usr/bin:/sbin:/bin:/snap/bin'), ('REMOTE_CONTAINERS_SOCKETS', '["/tmp/.X11-unix/X6","/home/ubuntu/.gnupg/S.gpg-agent"]'), ('DISPLAY', ':6'), ('LANG', 'en_US.UTF-8'), ('VSCODE_GIT_IPC_HANDLE', '/tmp/vscode-git-d39315ff29.sock'), ('TERM_PROGRAM', 'vscode'), ('AMENT_PREFIX_PATH', '/home/ubuntu/ros_ws/ros2/project/turtlebot3_gazebo/install/turtlebot3_gazebo:/opt/ros/humble'), ('REMOTE_CONTAINERS_DISPLAY_SOCK', '/tmp/.X11-unix/X6'), ('SHELL', '/bin/bash'), ('PASSWD', 'ubuntu'), ('VSCODE_GIT_ASKPASS_EXTRA_ARGS', ''), ('PWD', '/home/ubuntu/ros_ws/ros2/project/turtlebot3_gazebo/build/turtlebot3_gazebo'), ('TURTLEBOT3_MODEL', 'waffle_pi'), ('XDG_DATA_DIRS', '/usr/share/gnome:/home/ubuntu/.local/share/flatpak/exports/share:/var/lib/flatpak/exports/share:/usr/local/share:/usr/share:/var/lib/snapd/desktop'), ('PYTHONPATH', '/opt/ros/humble/lib/python3.10/site-packages:/opt/ros/humble/local/lib/python3.10/dist-packages'), ('COLCON', '1'), ('CMAKE_PREFIX_PATH', '/home/ubuntu/ros_ws/ros2/project/turtlebot3_gazebo/install/turtlebot3_gazebo:/opt/ros/humble')]), 'shell': False}
[0.597684] (turtlebot3_gazebo) StdoutLine: {'line': b'-- Install configuration: ""\n'}
[0.600681] (-) TimerEvent: {}
[0.610743] (turtlebot3_gazebo) StdoutLine: {'line': b'-- Execute custom install script\n'}
[0.641558] (turtlebot3_gazebo) StdoutLine: {'line': b'-- Up-to-date symlink: /home/ubuntu/ros_ws/ros2/project/turtlebot3_gazebo/install/turtlebot3_gazebo/lib/turtlebot3_gazebo/turtlebot3_drive\n'}
[0.700848] (-) TimerEvent: {}
[0.727591] (turtlebot3_gazebo) StdoutLine: {'line': b'-- Up-to-date symlink: /home/ubuntu/ros_ws/ros2/project/turtlebot3_gazebo/install/turtlebot3_gazebo/share/turtlebot3_gazebo//launch/empty_world.launch.py\n'}
[0.757273] (turtlebot3_gazebo) StdoutLine: {'line': b'-- Up-to-date symlink: /home/ubuntu/ros_ws/ros2/project/turtlebot3_gazebo/install/turtlebot3_gazebo/share/turtlebot3_gazebo//launch/multi_robot.launch.py\n'}
[0.781862] (turtlebot3_gazebo) StdoutLine: {'line': b'-- Up-to-date symlink: /home/ubuntu/ros_ws/ros2/project/turtlebot3_gazebo/install/turtlebot3_gazebo/share/turtlebot3_gazebo//launch/multi_spawn_turtlebot3.launch.py\n'}
[0.802200] (-) TimerEvent: {}
[0.806761] (turtlebot3_gazebo) StdoutLine: {'line': b'-- Up-to-date symlink: /home/ubuntu/ros_ws/ros2/project/turtlebot3_gazebo/install/turtlebot3_gazebo/share/turtlebot3_gazebo//launch/robot_state_publisher.launch.py\n'}
[0.837938] (turtlebot3_gazebo) StdoutLine: {'line': b'-- Up-to-date symlink: /home/ubuntu/ros_ws/ros2/project/turtlebot3_gazebo/install/turtlebot3_gazebo/share/turtlebot3_gazebo//launch/spawn_turtlebot3.launch.py\n'}
[0.868021] (turtlebot3_gazebo) StdoutLine: {'line': b'-- Up-to-date symlink: /home/ubuntu/ros_ws/ros2/project/turtlebot3_gazebo/install/turtlebot3_gazebo/share/turtlebot3_gazebo//launch/turtlebot3_autorace_2020.launch.py\n'}
[0.901476] (turtlebot3_gazebo) StdoutLine: {'line': b'-- Up-to-date symlink: /home/ubuntu/ros_ws/ros2/project/turtlebot3_gazebo/install/turtlebot3_gazebo/share/turtlebot3_gazebo//launch/turtlebot3_dqn_stage1.launch.py\n'}
[0.902783] (-) TimerEvent: {}
[0.932999] (turtlebot3_gazebo) StdoutLine: {'line': b'-- Up-to-date symlink: /home/ubuntu/ros_ws/ros2/project/turtlebot3_gazebo/install/turtlebot3_gazebo/share/turtlebot3_gazebo//launch/turtlebot3_dqn_stage2.launch.py\n'}
[0.964538] (turtlebot3_gazebo) StdoutLine: {'line': b'-- Up-to-date symlink: /home/ubuntu/ros_ws/ros2/project/turtlebot3_gazebo/install/turtlebot3_gazebo/share/turtlebot3_gazebo//launch/turtlebot3_dqn_stage3.launch.py\n'}
[1.000153] (turtlebot3_gazebo) StdoutLine: {'line': b'-- Up-to-date symlink: /home/ubuntu/ros_ws/ros2/project/turtlebot3_gazebo/install/turtlebot3_gazebo/share/turtlebot3_gazebo//launch/turtlebot3_dqn_stage4.launch.py\n'}
[1.003071] (-) TimerEvent: {}
[1.037842] (turtlebot3_gazebo) StdoutLine: {'line': b'-- Up-to-date symlink: /home/ubuntu/ros_ws/ros2/project/turtlebot3_gazebo/install/turtlebot3_gazebo/share/turtlebot3_gazebo//launch/turtlebot3_house.launch.py\n'}
[1.079315] (turtlebot3_gazebo) StdoutLine: {'line': b'-- Up-to-date symlink: /home/ubuntu/ros_ws/ros2/project/turtlebot3_gazebo/install/turtlebot3_gazebo/share/turtlebot3_gazebo//launch/turtlebot3_world.launch.py\n'}
[1.103402] (-) TimerEvent: {}
[1.204873] (-) TimerEvent: {}
[1.305709] (-) TimerEvent: {}
[1.406494] (-) TimerEvent: {}
[1.507412] (-) TimerEvent: {}
[1.608402] (-) TimerEvent: {}
[1.709703] (-) TimerEvent: {}
[1.811094] (-) TimerEvent: {}
[1.911943] (-) TimerEvent: {}
[2.013037] (-) TimerEvent: {}
[2.113871] (-) TimerEvent: {}
[2.214884] (-) TimerEvent: {}
[2.315711] (-) TimerEvent: {}
[2.319165] (turtlebot3_gazebo) StdoutLine: {'line': b'-- Up-to-date symlink: /home/ubuntu/ros_ws/ros2/project/turtlebot3_gazebo/install/turtlebot3_gazebo/share/turtlebot3_gazebo//models/turtlebot3_autorace_2020/checker/materials/checker.png\n'}
[2.394344] (turtlebot3_gazebo) StdoutLine: {'line': b'-- Up-to-date symlink: /home/ubuntu/ros_ws/ros2/project/turtlebot3_gazebo/install/turtlebot3_gazebo/share/turtlebot3_gazebo//models/turtlebot3_autorace_2020/checker/materials/scripts/checker.material\n'}
[2.417167] (-) TimerEvent: {}
[2.467645] (turtlebot3_gazebo) StdoutLine: {'line': b'-- Up-to-date symlink: /home/ubuntu/ros_ws/ros2/project/turtlebot3_gazebo/install/turtlebot3_gazebo/share/turtlebot3_gazebo//models/turtlebot3_autorace_2020/checker/materials/textures/checker.png\n'}
[2.515422] (turtlebot3_gazebo) StdoutLine: {'line': b'-- Up-to-date symlink: /home/ubuntu/ros_ws/ros2/project/turtlebot3_gazebo/install/turtlebot3_gazebo/share/turtlebot3_gazebo//models/turtlebot3_autorace_2020/checker/model.config\n'}
[2.517308] (-) TimerEvent: {}
[2.564239] (turtlebot3_gazebo) StdoutLine: {'line': b'-- Up-to-date symlink: /home/ubuntu/ros_ws/ros2/project/turtlebot3_gazebo/install/turtlebot3_gazebo/share/turtlebot3_gazebo//models/turtlebot3_autorace_2020/checker/model.sdf\n'}
[2.617522] (-) TimerEvent: {}
[2.640977] (turtlebot3_gazebo) StdoutLine: {'line': b'-- Up-to-date symlink: /home/ubuntu/ros_ws/ros2/project/turtlebot3_gazebo/install/turtlebot3_gazebo/share/turtlebot3_gazebo//models/turtlebot3_autorace_2020/course/materials/scripts/course.material\n'}
[2.716962] (turtlebot3_gazebo) StdoutLine: {'line': b'-- Up-to-date symlink: /home/ubuntu/ros_ws/ros2/project/turtlebot3_gazebo/install/turtlebot3_gazebo/share/turtlebot3_gazebo//models/turtlebot3_autorace_2020/course/materials/textures/course.png\n'}
[2.718325] (-) TimerEvent: {}
[2.768908] (turtlebot3_gazebo) StdoutLine: {'line': b'-- Up-to-date symlink: /home/ubuntu/ros_ws/ros2/project/turtlebot3_gazebo/install/turtlebot3_gazebo/share/turtlebot3_gazebo//models/turtlebot3_autorace_2020/course/model.config\n'}
[2.816044] (turtlebot3_gazebo) StdoutLine: {'line': b'-- Up-to-date symlink: /home/ubuntu/ros_ws/ros2/project/turtlebot3_gazebo/install/turtlebot3_gazebo/share/turtlebot3_gazebo//models/turtlebot3_autorace_2020/course/model.sdf\n'}
[2.818491] (-) TimerEvent: {}
[2.890064] (turtlebot3_gazebo) StdoutLine: {'line': b'-- Up-to-date symlink: /home/ubuntu/ros_ws/ros2/project/turtlebot3_gazebo/install/turtlebot3_gazebo/share/turtlebot3_gazebo//models/turtlebot3_autorace_2020/traffic_bar/materials/scripts/traffic_bar.material\n'}
[2.918948] (-) TimerEvent: {}
[2.969982] (turtlebot3_gazebo) StdoutLine: {'line': b'-- Up-to-date symlink: /home/ubuntu/ros_ws/ros2/project/turtlebot3_gazebo/install/turtlebot3_gazebo/share/turtlebot3_gazebo//models/turtlebot3_autorace_2020/traffic_bar/materials/textures/traffic_bar.png\n'}
[3.020030] (-) TimerEvent: {}
[3.023938] (turtlebot3_gazebo) StdoutLine: {'line': b'-- Up-to-date symlink: /home/ubuntu/ros_ws/ros2/project/turtlebot3_gazebo/install/turtlebot3_gazebo/share/turtlebot3_gazebo//models/turtlebot3_autorace_2020/traffic_bar/model.config\n'}
[3.068269] (turtlebot3_gazebo) StdoutLine: {'line': b'-- Up-to-date symlink: /home/ubuntu/ros_ws/ros2/project/turtlebot3_gazebo/install/turtlebot3_gazebo/share/turtlebot3_gazebo//models/turtlebot3_autorace_2020/traffic_bar/model.sdf\n'}
[3.120658] (-) TimerEvent: {}
[3.147691] (turtlebot3_gazebo) StdoutLine: {'line': b'-- Up-to-date symlink: /home/ubuntu/ros_ws/ros2/project/turtlebot3_gazebo/install/turtlebot3_gazebo/share/turtlebot3_gazebo//models/turtlebot3_autorace_2020/traffic_construction/materials/scripts/traffic_construction.material\n'}
[3.221923] (-) TimerEvent: {}
[3.225449] (turtlebot3_gazebo) StdoutLine: {'line': b'-- Up-to-date symlink: /home/ubuntu/ros_ws/ros2/project/turtlebot3_gazebo/install/turtlebot3_gazebo/share/turtlebot3_gazebo//models/turtlebot3_autorace_2020/traffic_construction/materials/textures/traffic_construction.png\n'}
[3.286230] (turtlebot3_gazebo) StdoutLine: {'line': b'-- Up-to-date symlink: /home/ubuntu/ros_ws/ros2/project/turtlebot3_gazebo/install/turtlebot3_gazebo/share/turtlebot3_gazebo//models/turtlebot3_autorace_2020/traffic_construction/model.config\n'}
[3.322180] (-) TimerEvent: {}
[3.339720] (turtlebot3_gazebo) StdoutLine: {'line': b'-- Up-to-date symlink: /home/ubuntu/ros_ws/ros2/project/turtlebot3_gazebo/install/turtlebot3_gazebo/share/turtlebot3_gazebo//models/turtlebot3_autorace_2020/traffic_construction/model.sdf\n'}
[3.422568] (turtlebot3_gazebo) StdoutLine: {'line': b'-- Up-to-date symlink: /home/ubuntu/ros_ws/ros2/project/turtlebot3_gazebo/install/turtlebot3_gazebo/share/turtlebot3_gazebo//models/turtlebot3_autorace_2020/traffic_intersection/materials/scripts/traffic_intersection.material\n'}
[3.423888] (-) TimerEvent: {}
[3.515123] (turtlebot3_gazebo) StdoutLine: {'line': b'-- Up-to-date symlink: /home/ubuntu/ros_ws/ros2/project/turtlebot3_gazebo/install/turtlebot3_gazebo/share/turtlebot3_gazebo//models/turtlebot3_autorace_2020/traffic_intersection/materials/textures/traffic_intersection.png\n'}
[3.524567] (-) TimerEvent: {}
[3.577538] (turtlebot3_gazebo) StdoutLine: {'line': b'-- Up-to-date symlink: /home/ubuntu/ros_ws/ros2/project/turtlebot3_gazebo/install/turtlebot3_gazebo/share/turtlebot3_gazebo//models/turtlebot3_autorace_2020/traffic_intersection/model.config\n'}
[3.622182] (turtlebot3_gazebo) StdoutLine: {'line': b'-- Up-to-date symlink: /home/ubuntu/ros_ws/ros2/project/turtlebot3_gazebo/install/turtlebot3_gazebo/share/turtlebot3_gazebo//models/turtlebot3_autorace_2020/traffic_intersection/model.sdf\n'}
[3.624750] (-) TimerEvent: {}
[3.697501] (turtlebot3_gazebo) StdoutLine: {'line': b'-- Up-to-date symlink: /home/ubuntu/ros_ws/ros2/project/turtlebot3_gazebo/install/turtlebot3_gazebo/share/turtlebot3_gazebo//models/turtlebot3_autorace_2020/traffic_left/materials/scripts/traffic_is_left.material\n'}
[3.725149] (-) TimerEvent: {}
[3.771627] (turtlebot3_gazebo) StdoutLine: {'line': b'-- Up-to-date symlink: /home/ubuntu/ros_ws/ros2/project/turtlebot3_gazebo/install/turtlebot3_gazebo/share/turtlebot3_gazebo//models/turtlebot3_autorace_2020/traffic_left/materials/textures/traffic_left.png\n'}
[3.817323] (turtlebot3_gazebo) StdoutLine: {'line': b'-- Up-to-date symlink: /home/ubuntu/ros_ws/ros2/project/turtlebot3_gazebo/install/turtlebot3_gazebo/share/turtlebot3_gazebo//models/turtlebot3_autorace_2020/traffic_left/model.config\n'}
[3.825732] (-) TimerEvent: {}
[3.864176] (turtlebot3_gazebo) StdoutLine: {'line': b'-- Up-to-date symlink: /home/ubuntu/ros_ws/ros2/project/turtlebot3_gazebo/install/turtlebot3_gazebo/share/turtlebot3_gazebo//models/turtlebot3_autorace_2020/traffic_left/model.sdf\n'}
[3.927716] (-) TimerEvent: {}
[3.931839] (turtlebot3_gazebo) StdoutLine: {'line': b'-- Up-to-date symlink: /home/ubuntu/ros_ws/ros2/project/turtlebot3_gazebo/install/turtlebot3_gazebo/share/turtlebot3_gazebo//models/turtlebot3_autorace_2020/traffic_light/materials/scripts/traffic_light.material\n'}
[4.012277] (turtlebot3_gazebo) StdoutLine: {'line': b'-- Up-to-date symlink: /home/ubuntu/ros_ws/ros2/project/turtlebot3_gazebo/install/turtlebot3_gazebo/share/turtlebot3_gazebo//models/turtlebot3_autorace_2020/traffic_light/materials/textures/traffic_light.png\n'}
[4.029035] (-) TimerEvent: {}
[4.096290] (turtlebot3_gazebo) StdoutLine: {'line': b'-- Up-to-date symlink: /home/ubuntu/ros_ws/ros2/project/turtlebot3_gazebo/install/turtlebot3_gazebo/share/turtlebot3_gazebo//models/turtlebot3_autorace_2020/traffic_light/materials/textures/traffic_light_green.png\n'}
[4.129163] (-) TimerEvent: {}
[4.164859] (turtlebot3_gazebo) StdoutLine: {'line': b'-- Up-to-date symlink: /home/ubuntu/ros_ws/ros2/project/turtlebot3_gazebo/install/turtlebot3_gazebo/share/turtlebot3_gazebo//models/turtlebot3_autorace_2020/traffic_light/materials/textures/traffic_light_red.png\n'}
[4.229312] (-) TimerEvent: {}
[4.249409] (turtlebot3_gazebo) StdoutLine: {'line': b'-- Up-to-date symlink: /home/ubuntu/ros_ws/ros2/project/turtlebot3_gazebo/install/turtlebot3_gazebo/share/turtlebot3_gazebo//models/turtlebot3_autorace_2020/traffic_light/materials/textures/traffic_light_yellow.png\n'}
[4.295270] (turtlebot3_gazebo) StdoutLine: {'line': b'-- Up-to-date symlink: /home/ubuntu/ros_ws/ros2/project/turtlebot3_gazebo/install/turtlebot3_gazebo/share/turtlebot3_gazebo//models/turtlebot3_autorace_2020/traffic_light/model.config\n'}
[4.329498] (-) TimerEvent: {}
[4.344725] (turtlebot3_gazebo) StdoutLine: {'line': b'-- Up-to-date symlink: /home/ubuntu/ros_ws/ros2/project/turtlebot3_gazebo/install/turtlebot3_gazebo/share/turtlebot3_gazebo//models/turtlebot3_autorace_2020/traffic_light/model.sdf\n'}
[4.422134] (turtlebot3_gazebo) StdoutLine: {'line': b'-- Up-to-date symlink: /home/ubuntu/ros_ws/ros2/project/turtlebot3_gazebo/install/turtlebot3_gazebo/share/turtlebot3_gazebo//models/turtlebot3_autorace_2020/traffic_noentry/materials/scripts/traffic_noentry.material\n'}
[4.430110] (-) TimerEvent: {}
[4.495858] (turtlebot3_gazebo) StdoutLine: {'line': b'-- Up-to-date symlink: /home/ubuntu/ros_ws/ros2/project/turtlebot3_gazebo/install/turtlebot3_gazebo/share/turtlebot3_gazebo//models/turtlebot3_autorace_2020/traffic_noentry/materials/textures/traffic_noentry.png\n'}
[4.532194] (-) TimerEvent: {}
[4.554732] (turtlebot3_gazebo) StdoutLine: {'line': b'-- Up-to-date symlink: /home/ubuntu/ros_ws/ros2/project/turtlebot3_gazebo/install/turtlebot3_gazebo/share/turtlebot3_gazebo//models/turtlebot3_autorace_2020/traffic_noentry/model.config\n'}
[4.600887] (turtlebot3_gazebo) StdoutLine: {'line': b'-- Up-to-date symlink: /home/ubuntu/ros_ws/ros2/project/turtlebot3_gazebo/install/turtlebot3_gazebo/share/turtlebot3_gazebo//models/turtlebot3_autorace_2020/traffic_noentry/model.sdf\n'}
[4.633612] (-) TimerEvent: {}
[4.677197] (turtlebot3_gazebo) StdoutLine: {'line': b'-- Up-to-date symlink: /home/ubuntu/ros_ws/ros2/project/turtlebot3_gazebo/install/turtlebot3_gazebo/share/turtlebot3_gazebo//models/turtlebot3_autorace_2020/traffic_parking/materials/scripts/traffic_parking.material\n'}
[4.733950] (-) TimerEvent: {}
[4.749193] (turtlebot3_gazebo) StdoutLine: {'line': b'-- Up-to-date symlink: /home/ubuntu/ros_ws/ros2/project/turtlebot3_gazebo/install/turtlebot3_gazebo/share/turtlebot3_gazebo//models/turtlebot3_autorace_2020/traffic_parking/materials/textures/traffic_parking.png\n'}
[4.804676] (turtlebot3_gazebo) StdoutLine: {'line': b'-- Up-to-date symlink: /home/ubuntu/ros_ws/ros2/project/turtlebot3_gazebo/install/turtlebot3_gazebo/share/turtlebot3_gazebo//models/turtlebot3_autorace_2020/traffic_parking/model.config\n'}
[4.835926] (-) TimerEvent: {}
[4.852382] (turtlebot3_gazebo) StdoutLine: {'line': b'-- Up-to-date symlink: /home/ubuntu/ros_ws/ros2/project/turtlebot3_gazebo/install/turtlebot3_gazebo/share/turtlebot3_gazebo//models/turtlebot3_autorace_2020/traffic_parking/model.sdf\n'}
[4.928919] (turtlebot3_gazebo) StdoutLine: {'line': b'-- Up-to-date symlink: /home/ubuntu/ros_ws/ros2/project/turtlebot3_gazebo/install/turtlebot3_gazebo/share/turtlebot3_gazebo//models/turtlebot3_autorace_2020/traffic_pl_left/materials/scripts/traffic_pl_left.material\n'}
[4.936260] (-) TimerEvent: {}
[5.003716] (turtlebot3_gazebo) StdoutLine: {'line': b'-- Up-to-date symlink: /home/ubuntu/ros_ws/ros2/project/turtlebot3_gazebo/install/turtlebot3_gazebo/share/turtlebot3_gazebo//models/turtlebot3_autorace_2020/traffic_pl_left/materials/textures/traffic_pl_left.png\n'}
[5.036511] (-) TimerEvent: {}
[5.056603] (turtlebot3_gazebo) StdoutLine: {'line': b'-- Up-to-date symlink: /home/ubuntu/ros_ws/ros2/project/turtlebot3_gazebo/install/turtlebot3_gazebo/share/turtlebot3_gazebo//models/turtlebot3_autorace_2020/traffic_pl_left/model.config\n'}
[5.106943] (turtlebot3_gazebo) StdoutLine: {'line': b'-- Up-to-date symlink: /home/ubuntu/ros_ws/ros2/project/turtlebot3_gazebo/install/turtlebot3_gazebo/share/turtlebot3_gazebo//models/turtlebot3_autorace_2020/traffic_pl_left/model.sdf\n'}
[5.136837] (-) TimerEvent: {}
[5.183108] (turtlebot3_gazebo) StdoutLine: {'line': b'-- Up-to-date symlink: /home/ubuntu/ros_ws/ros2/project/turtlebot3_gazebo/install/turtlebot3_gazebo/share/turtlebot3_gazebo//models/turtlebot3_autorace_2020/traffic_right/materials/scripts/traffic_right.material\n'}
[5.237176] (-) TimerEvent: {}
[5.260919] (turtlebot3_gazebo) StdoutLine: {'line': b'-- Up-to-date symlink: /home/ubuntu/ros_ws/ros2/project/turtlebot3_gazebo/install/turtlebot3_gazebo/share/turtlebot3_gazebo//models/turtlebot3_autorace_2020/traffic_right/materials/textures/traffic_right.png\n'}
[5.315681] (turtlebot3_gazebo) StdoutLine: {'line': b'-- Up-to-date symlink: /home/ubuntu/ros_ws/ros2/project/turtlebot3_gazebo/install/turtlebot3_gazebo/share/turtlebot3_gazebo//models/turtlebot3_autorace_2020/traffic_right/model.config\n'}
[5.337651] (-) TimerEvent: {}
[5.371881] (turtlebot3_gazebo) StdoutLine: {'line': b'-- Up-to-date symlink: /home/ubuntu/ros_ws/ros2/project/turtlebot3_gazebo/install/turtlebot3_gazebo/share/turtlebot3_gazebo//models/turtlebot3_autorace_2020/traffic_right/model.sdf\n'}
[5.437966] (-) TimerEvent: {}
[5.460904] (turtlebot3_gazebo) StdoutLine: {'line': b'-- Up-to-date symlink: /home/ubuntu/ros_ws/ros2/project/turtlebot3_gazebo/install/turtlebot3_gazebo/share/turtlebot3_gazebo//models/turtlebot3_autorace_2020/traffic_stop/materials/scripts/traffic_stop.material\n'}
[5.538185] (-) TimerEvent: {}
[5.562036] (turtlebot3_gazebo) StdoutLine: {'line': b'-- Up-to-date symlink: /home/ubuntu/ros_ws/ros2/project/turtlebot3_gazebo/install/turtlebot3_gazebo/share/turtlebot3_gazebo//models/turtlebot3_autorace_2020/traffic_stop/materials/textures/traffic_stop.png\n'}
[5.627773] (turtlebot3_gazebo) StdoutLine: {'line': b'-- Up-to-date symlink: /home/ubuntu/ros_ws/ros2/project/turtlebot3_gazebo/install/turtlebot3_gazebo/share/turtlebot3_gazebo//models/turtlebot3_autorace_2020/traffic_stop/model.config\n'}
[5.638480] (-) TimerEvent: {}
[5.683711] (turtlebot3_gazebo) StdoutLine: {'line': b'-- Up-to-date symlink: /home/ubuntu/ros_ws/ros2/project/turtlebot3_gazebo/install/turtlebot3_gazebo/share/turtlebot3_gazebo//models/turtlebot3_autorace_2020/traffic_stop/model.sdf\n'}
[5.738735] (-) TimerEvent: {}
[5.774502] (turtlebot3_gazebo) StdoutLine: {'line': b'-- Up-to-date symlink: /home/ubuntu/ros_ws/ros2/project/turtlebot3_gazebo/install/turtlebot3_gazebo/share/turtlebot3_gazebo//models/turtlebot3_autorace_2020/traffic_tunnel/materials/scripts/tunnel.material\n'}
[5.839030] (-) TimerEvent: {}
[5.859926] (turtlebot3_gazebo) StdoutLine: {'line': b'-- Up-to-date symlink: /home/ubuntu/ros_ws/ros2/project/turtlebot3_gazebo/install/turtlebot3_gazebo/share/turtlebot3_gazebo//models/turtlebot3_autorace_2020/traffic_tunnel/materials/textures/tunnel.png\n'}
[5.914953] (turtlebot3_gazebo) StdoutLine: {'line': b'-- Up-to-date symlink: /home/ubuntu/ros_ws/ros2/project/turtlebot3_gazebo/install/turtlebot3_gazebo/share/turtlebot3_gazebo//models/turtlebot3_autorace_2020/traffic_tunnel/model.config\n'}
[5.939369] (-) TimerEvent: {}
[5.986690] (turtlebot3_gazebo) StdoutLine: {'line': b'-- Up-to-date symlink: /home/ubuntu/ros_ws/ros2/project/turtlebot3_gazebo/install/turtlebot3_gazebo/share/turtlebot3_gazebo//models/turtlebot3_autorace_2020/traffic_tunnel/model.sdf\n'}
[6.036807] (turtlebot3_gazebo) StdoutLine: {'line': b'-- Up-to-date symlink: /home/ubuntu/ros_ws/ros2/project/turtlebot3_gazebo/install/turtlebot3_gazebo/share/turtlebot3_gazebo//models/turtlebot3_burger/model-1_4.sdf\n'}
[6.039533] (-) TimerEvent: {}
[6.083850] (turtlebot3_gazebo) StdoutLine: {'line': b'-- Up-to-date symlink: /home/ubuntu/ros_ws/ros2/project/turtlebot3_gazebo/install/turtlebot3_gazebo/share/turtlebot3_gazebo//models/turtlebot3_burger/model.config\n'}
[6.132621] (turtlebot3_gazebo) StdoutLine: {'line': b'-- Up-to-date symlink: /home/ubuntu/ros_ws/ros2/project/turtlebot3_gazebo/install/turtlebot3_gazebo/share/turtlebot3_gazebo//models/turtlebot3_burger/model.sdf\n'}
[6.139886] (-) TimerEvent: {}
[6.177979] (turtlebot3_gazebo) StdoutLine: {'line': b'-- Up-to-date symlink: /home/ubuntu/ros_ws/ros2/project/turtlebot3_gazebo/install/turtlebot3_gazebo/share/turtlebot3_gazebo//models/turtlebot3_burger_cam/model-1_4.sdf\n'}
[6.223735] (turtlebot3_gazebo) StdoutLine: {'line': b'-- Up-to-date symlink: /home/ubuntu/ros_ws/ros2/project/turtlebot3_gazebo/install/turtlebot3_gazebo/share/turtlebot3_gazebo//models/turtlebot3_burger_cam/model.config\n'}
[6.240477] (-) TimerEvent: {}
[6.282518] (turtlebot3_gazebo) StdoutLine: {'line': b'-- Up-to-date symlink: /home/ubuntu/ros_ws/ros2/project/turtlebot3_gazebo/install/turtlebot3_gazebo/share/turtlebot3_gazebo//models/turtlebot3_burger_cam/model.sdf\n'}
[6.340887] (-) TimerEvent: {}
[6.377383] (turtlebot3_gazebo) StdoutLine: {'line': b'-- Up-to-date symlink: /home/ubuntu/ros_ws/ros2/project/turtlebot3_gazebo/install/turtlebot3_gazebo/share/turtlebot3_gazebo//models/turtlebot3_common/meshes/bases/burger_base.stl\n'}
[6.441094] (-) TimerEvent: {}
[6.460357] (turtlebot3_gazebo) StdoutLine: {'line': b'-- Up-to-date symlink: /home/ubuntu/ros_ws/ros2/project/turtlebot3_gazebo/install/turtlebot3_gazebo/share/turtlebot3_gazebo//models/turtlebot3_common/meshes/bases/waffle_base.stl\n'}
[6.530316] (turtlebot3_gazebo) StdoutLine: {'line': b'-- Up-to-date symlink: /home/ubuntu/ros_ws/ros2/project/turtlebot3_gazebo/install/turtlebot3_gazebo/share/turtlebot3_gazebo//models/turtlebot3_common/meshes/bases/waffle_pi_base.stl\n'}
[6.541466] (-) TimerEvent: {}
[6.608945] (turtlebot3_gazebo) StdoutLine: {'line': b'-- Up-to-date symlink: /home/ubuntu/ros_ws/ros2/project/turtlebot3_gazebo/install/turtlebot3_gazebo/share/turtlebot3_gazebo//models/turtlebot3_common/meshes/burger_base.dae\n'}
[6.641569] (-) TimerEvent: {}
[6.680700] (turtlebot3_gazebo) StdoutLine: {'line': b'-- Up-to-date symlink: /home/ubuntu/ros_ws/ros2/project/turtlebot3_gazebo/install/turtlebot3_gazebo/share/turtlebot3_gazebo//models/turtlebot3_common/meshes/lds.dae\n'}
[6.743123] (turtlebot3_gazebo) StdoutLine: {'line': b'-- Up-to-date symlink: /home/ubuntu/ros_ws/ros2/project/turtlebot3_gazebo/install/turtlebot3_gazebo/share/turtlebot3_gazebo//models/turtlebot3_common/meshes/r200.dae\n'}
[6.744438] (-) TimerEvent: {}
[6.818173] (turtlebot3_gazebo) StdoutLine: {'line': b'-- Up-to-date symlink: /home/ubuntu/ros_ws/ros2/project/turtlebot3_gazebo/install/turtlebot3_gazebo/share/turtlebot3_gazebo//models/turtlebot3_common/meshes/sensors/astra.dae\n'}
[6.846406] (-) TimerEvent: {}
[6.930218] (turtlebot3_gazebo) StdoutLine: {'line': b'-- Up-to-date symlink: /home/ubuntu/ros_ws/ros2/project/turtlebot3_gazebo/install/turtlebot3_gazebo/share/turtlebot3_gazebo//models/turtlebot3_common/meshes/sensors/astra.jpg\n'}
[6.946534] (-) TimerEvent: {}
[7.007986] (turtlebot3_gazebo) StdoutLine: {'line': b'-- Up-to-date symlink: /home/ubuntu/ros_ws/ros2/project/turtlebot3_gazebo/install/turtlebot3_gazebo/share/turtlebot3_gazebo//models/turtlebot3_common/meshes/sensors/lds.stl\n'}
[7.047071] (-) TimerEvent: {}
[7.101540] (turtlebot3_gazebo) StdoutLine: {'line': b'-- Up-to-date symlink: /home/ubuntu/ros_ws/ros2/project/turtlebot3_gazebo/install/turtlebot3_gazebo/share/turtlebot3_gazebo//models/turtlebot3_common/meshes/sensors/r200.dae\n'}
[7.147263] (-) TimerEvent: {}
[7.176212] (turtlebot3_gazebo) StdoutLine: {'line': b'-- Up-to-date symlink: /home/ubuntu/ros_ws/ros2/project/turtlebot3_gazebo/install/turtlebot3_gazebo/share/turtlebot3_gazebo//models/turtlebot3_common/meshes/sensors/r200.jpg\n'}
[7.243748] (turtlebot3_gazebo) StdoutLine: {'line': b'-- Up-to-date symlink: /home/ubuntu/ros_ws/ros2/project/turtlebot3_gazebo/install/turtlebot3_gazebo/share/turtlebot3_gazebo//models/turtlebot3_common/meshes/tire.dae\n'}
[7.247524] (-) TimerEvent: {}
[7.301636] (turtlebot3_gazebo) StdoutLine: {'line': b'-- Up-to-date symlink: /home/ubuntu/ros_ws/ros2/project/turtlebot3_gazebo/install/turtlebot3_gazebo/share/turtlebot3_gazebo//models/turtlebot3_common/meshes/waffle_base.dae\n'}
[7.347864] (-) TimerEvent: {}
[7.366338] (turtlebot3_gazebo) StdoutLine: {'line': b'-- Up-to-date symlink: /home/ubuntu/ros_ws/ros2/project/turtlebot3_gazebo/install/turtlebot3_gazebo/share/turtlebot3_gazebo//models/turtlebot3_common/meshes/waffle_pi_base.dae\n'}
[7.433073] (turtlebot3_gazebo) StdoutLine: {'line': b'-- Up-to-date symlink: /home/ubuntu/ros_ws/ros2/project/turtlebot3_gazebo/install/turtlebot3_gazebo/share/turtlebot3_gazebo//models/turtlebot3_common/meshes/wheels/left_tire.stl\n'}
[7.448253] (-) TimerEvent: {}
[7.497177] (turtlebot3_gazebo) StdoutLine: {'line': b'-- Up-to-date symlink: /home/ubuntu/ros_ws/ros2/project/turtlebot3_gazebo/install/turtlebot3_gazebo/share/turtlebot3_gazebo//models/turtlebot3_common/meshes/wheels/right_tire.stl\n'}
[7.542441] (turtlebot3_gazebo) StdoutLine: {'line': b'-- Up-to-date symlink: /home/ubuntu/ros_ws/ros2/project/turtlebot3_gazebo/install/turtlebot3_gazebo/share/turtlebot3_gazebo//models/turtlebot3_common/model.config\n'}
[7.548429] (-) TimerEvent: {}
[7.609999] (turtlebot3_gazebo) StdoutLine: {'line': b'-- Up-to-date symlink: /home/ubuntu/ros_ws/ros2/project/turtlebot3_gazebo/install/turtlebot3_gazebo/share/turtlebot3_gazebo//models/turtlebot3_dqn_world/goal_box/model.config\n'}
[7.648804] (-) TimerEvent: {}
[7.678880] (turtlebot3_gazebo) StdoutLine: {'line': b'-- Up-to-date symlink: /home/ubuntu/ros_ws/ros2/project/turtlebot3_gazebo/install/turtlebot3_gazebo/share/turtlebot3_gazebo//models/turtlebot3_dqn_world/goal_box/model.sdf\n'}
[7.744184] (turtlebot3_gazebo) StdoutLine: {'line': b'-- Up-to-date symlink: /home/ubuntu/ros_ws/ros2/project/turtlebot3_gazebo/install/turtlebot3_gazebo/share/turtlebot3_gazebo//models/turtlebot3_dqn_world/inner_walls/model.config\n'}
[7.749173] (-) TimerEvent: {}
[7.804361] (turtlebot3_gazebo) StdoutLine: {'line': b'-- Up-to-date symlink: /home/ubuntu/ros_ws/ros2/project/turtlebot3_gazebo/install/turtlebot3_gazebo/share/turtlebot3_gazebo//models/turtlebot3_dqn_world/inner_walls/model.sdf\n'}
[7.850841] (-) TimerEvent: {}
[7.861335] (turtlebot3_gazebo) StdoutLine: {'line': b'-- Up-to-date symlink: /home/ubuntu/ros_ws/ros2/project/turtlebot3_gazebo/install/turtlebot3_gazebo/share/turtlebot3_gazebo//models/turtlebot3_dqn_world/model.config\n'}
[7.906533] (turtlebot3_gazebo) StdoutLine: {'line': b'-- Up-to-date symlink: /home/ubuntu/ros_ws/ros2/project/turtlebot3_gazebo/install/turtlebot3_gazebo/share/turtlebot3_gazebo//models/turtlebot3_dqn_world/model.sdf\n'}
[7.951163] (-) TimerEvent: {}
[7.968627] (turtlebot3_gazebo) StdoutLine: {'line': b'-- Up-to-date symlink: /home/ubuntu/ros_ws/ros2/project/turtlebot3_gazebo/install/turtlebot3_gazebo/share/turtlebot3_gazebo//models/turtlebot3_dqn_world/obstacle1/model.config\n'}
[8.025134] (turtlebot3_gazebo) StdoutLine: {'line': b'-- Up-to-date symlink: /home/ubuntu/ros_ws/ros2/project/turtlebot3_gazebo/install/turtlebot3_gazebo/share/turtlebot3_gazebo//models/turtlebot3_dqn_world/obstacle1/model.sdf\n'}
[8.051654] (-) TimerEvent: {}
[8.102619] (turtlebot3_gazebo) StdoutLine: {'line': b'-- Up-to-date symlink: /home/ubuntu/ros_ws/ros2/project/turtlebot3_gazebo/install/turtlebot3_gazebo/share/turtlebot3_gazebo//models/turtlebot3_dqn_world/obstacle2/model.config\n'}
[8.152204] (-) TimerEvent: {}
[8.169550] (turtlebot3_gazebo) StdoutLine: {'line': b'-- Up-to-date symlink: /home/ubuntu/ros_ws/ros2/project/turtlebot3_gazebo/install/turtlebot3_gazebo/share/turtlebot3_gazebo//models/turtlebot3_dqn_world/obstacle2/model.sdf\n'}
[8.221831] (turtlebot3_gazebo) StdoutLine: {'line': b'-- Up-to-date symlink: /home/ubuntu/ros_ws/ros2/project/turtlebot3_gazebo/install/turtlebot3_gazebo/share/turtlebot3_gazebo//models/turtlebot3_dqn_world/obstacles/model.config\n'}
[8.252590] (-) TimerEvent: {}
[8.292954] (turtlebot3_gazebo) StdoutLine: {'line': b'-- Up-to-date symlink: /home/ubuntu/ros_ws/ros2/project/turtlebot3_gazebo/install/turtlebot3_gazebo/share/turtlebot3_gazebo//models/turtlebot3_dqn_world/obstacles/model.sdf\n'}
[8.335749] (turtlebot3_gazebo) StdoutLine: {'line': b'-- Up-to-date symlink: /home/ubuntu/ros_ws/ros2/project/turtlebot3_gazebo/install/turtlebot3_gazebo/share/turtlebot3_gazebo//models/turtlebot3_house/model.config\n'}
[8.352916] (-) TimerEvent: {}
[8.380742] (turtlebot3_gazebo) StdoutLine: {'line': b'-- Up-to-date symlink: /home/ubuntu/ros_ws/ros2/project/turtlebot3_gazebo/install/turtlebot3_gazebo/share/turtlebot3_gazebo//models/turtlebot3_house/model.sdf\n'}
[8.420321] (turtlebot3_gazebo) StdoutLine: {'line': b'-- Up-to-date symlink: /home/ubuntu/ros_ws/ros2/project/turtlebot3_gazebo/install/turtlebot3_gazebo/share/turtlebot3_gazebo//models/turtlebot3_waffle/model-1_4.sdf\n'}
[8.453078] (-) TimerEvent: {}
[8.461301] (turtlebot3_gazebo) StdoutLine: {'line': b'-- Up-to-date symlink: /home/ubuntu/ros_ws/ros2/project/turtlebot3_gazebo/install/turtlebot3_gazebo/share/turtlebot3_gazebo//models/turtlebot3_waffle/model.config\n'}
[8.513534] (turtlebot3_gazebo) StdoutLine: {'line': b'-- Up-to-date symlink: /home/ubuntu/ros_ws/ros2/project/turtlebot3_gazebo/install/turtlebot3_gazebo/share/turtlebot3_gazebo//models/turtlebot3_waffle/model.sdf\n'}
[8.553493] (-) TimerEvent: {}
[8.566735] (turtlebot3_gazebo) StdoutLine: {'line': b'-- Up-to-date symlink: /home/ubuntu/ros_ws/ros2/project/turtlebot3_gazebo/install/turtlebot3_gazebo/share/turtlebot3_gazebo//models/turtlebot3_waffle_pi/model-1_4_.sdf\n'}
[8.618254] (turtlebot3_gazebo) StdoutLine: {'line': b'-- Up-to-date symlink: /home/ubuntu/ros_ws/ros2/project/turtlebot3_gazebo/install/turtlebot3_gazebo/share/turtlebot3_gazebo//models/turtlebot3_waffle_pi/model.config\n'}
[8.653657] (-) TimerEvent: {}
[8.660686] (turtlebot3_gazebo) StdoutLine: {'line': b'-- Up-to-date symlink: /home/ubuntu/ros_ws/ros2/project/turtlebot3_gazebo/install/turtlebot3_gazebo/share/turtlebot3_gazebo//models/turtlebot3_waffle_pi/model.sdf\n'}
[8.725695] (turtlebot3_gazebo) StdoutLine: {'line': b'-- Up-to-date symlink: /home/ubuntu/ros_ws/ros2/project/turtlebot3_gazebo/install/turtlebot3_gazebo/share/turtlebot3_gazebo//models/turtlebot3_world/meshes/hexagon.dae\n'}
[8.753872] (-) TimerEvent: {}
[8.790606] (turtlebot3_gazebo) StdoutLine: {'line': b'-- Up-to-date symlink: /home/ubuntu/ros_ws/ros2/project/turtlebot3_gazebo/install/turtlebot3_gazebo/share/turtlebot3_gazebo//models/turtlebot3_world/meshes/wall.dae\n'}
[8.834691] (turtlebot3_gazebo) StdoutLine: {'line': b'-- Up-to-date symlink: /home/ubuntu/ros_ws/ros2/project/turtlebot3_gazebo/install/turtlebot3_gazebo/share/turtlebot3_gazebo//models/turtlebot3_world/model-1_4.sdf\n'}
[8.854137] (-) TimerEvent: {}
[8.906812] (turtlebot3_gazebo) StdoutLine: {'line': b'-- Up-to-date symlink: /home/ubuntu/ros_ws/ros2/project/turtlebot3_gazebo/install/turtlebot3_gazebo/share/turtlebot3_gazebo//models/turtlebot3_world/model.config\n'}
[8.951007] (turtlebot3_gazebo) StdoutLine: {'line': b'-- Up-to-date symlink: /home/ubuntu/ros_ws/ros2/project/turtlebot3_gazebo/install/turtlebot3_gazebo/share/turtlebot3_gazebo//models/turtlebot3_world/model.sdf\n'}
[8.954311] (-) TimerEvent: {}
[9.005536] (turtlebot3_gazebo) StdoutLine: {'line': b'-- Up-to-date symlink: /home/ubuntu/ros_ws/ros2/project/turtlebot3_gazebo/install/turtlebot3_gazebo/share/turtlebot3_gazebo//rviz/tb3_gazebo.rviz\n'}
[9.054752] (-) TimerEvent: {}
[9.071726] (turtlebot3_gazebo) StdoutLine: {'line': b'-- Up-to-date symlink: /home/ubuntu/ros_ws/ros2/project/turtlebot3_gazebo/install/turtlebot3_gazebo/share/turtlebot3_gazebo//urdf/common_properties.urdf\n'}
[9.110111] (turtlebot3_gazebo) StdoutLine: {'line': b'-- Up-to-date symlink: /home/ubuntu/ros_ws/ros2/project/turtlebot3_gazebo/install/turtlebot3_gazebo/share/turtlebot3_gazebo//urdf/turtlebot3_burger.urdf\n'}
[9.143297] (turtlebot3_gazebo) StdoutLine: {'line': b'-- Up-to-date symlink: /home/ubuntu/ros_ws/ros2/project/turtlebot3_gazebo/install/turtlebot3_gazebo/share/turtlebot3_gazebo//urdf/turtlebot3_burger_cam.urdf\n'}
[9.155588] (-) TimerEvent: {}
[9.173975] (turtlebot3_gazebo) StdoutLine: {'line': b'-- Up-to-date symlink: /home/ubuntu/ros_ws/ros2/project/turtlebot3_gazebo/install/turtlebot3_gazebo/share/turtlebot3_gazebo//urdf/turtlebot3_waffle.urdf\n'}
[9.202012] (turtlebot3_gazebo) StdoutLine: {'line': b'-- Up-to-date symlink: /home/ubuntu/ros_ws/ros2/project/turtlebot3_gazebo/install/turtlebot3_gazebo/share/turtlebot3_gazebo//urdf/turtlebot3_waffle_pi.urdf\n'}
[9.256291] (-) TimerEvent: {}
[9.270084] (turtlebot3_gazebo) StdoutLine: {'line': b'-- Up-to-date symlink: /home/ubuntu/ros_ws/ros2/project/turtlebot3_gazebo/install/turtlebot3_gazebo/share/turtlebot3_gazebo//worlds/empty_world.world\n'}
[9.300625] (turtlebot3_gazebo) StdoutLine: {'line': b'-- Up-to-date symlink: /home/ubuntu/ros_ws/ros2/project/turtlebot3_gazebo/install/turtlebot3_gazebo/share/turtlebot3_gazebo//worlds/turtlebot3_autorace_2020.world\n'}
[9.327433] (turtlebot3_gazebo) StdoutLine: {'line': b'-- Up-to-date symlink: /home/ubuntu/ros_ws/ros2/project/turtlebot3_gazebo/install/turtlebot3_gazebo/share/turtlebot3_gazebo//worlds/turtlebot3_dqn_stage1.world\n'}
[9.356655] (-) TimerEvent: {}
[9.358225] (turtlebot3_gazebo) StdoutLine: {'line': b'-- Up-to-date symlink: /home/ubuntu/ros_ws/ros2/project/turtlebot3_gazebo/install/turtlebot3_gazebo/share/turtlebot3_gazebo//worlds/turtlebot3_dqn_stage2.world\n'}
[9.388568] (turtlebot3_gazebo) StdoutLine: {'line': b'-- Up-to-date symlink: /home/ubuntu/ros_ws/ros2/project/turtlebot3_gazebo/install/turtlebot3_gazebo/share/turtlebot3_gazebo//worlds/turtlebot3_dqn_stage3.world\n'}
[9.414539] (turtlebot3_gazebo) StdoutLine: {'line': b'-- Up-to-date symlink: /home/ubuntu/ros_ws/ros2/project/turtlebot3_gazebo/install/turtlebot3_gazebo/share/turtlebot3_gazebo//worlds/turtlebot3_dqn_stage4.world\n'}
[9.442575] (turtlebot3_gazebo) StdoutLine: {'line': b'-- Up-to-date symlink: /home/ubuntu/ros_ws/ros2/project/turtlebot3_gazebo/install/turtlebot3_gazebo/share/turtlebot3_gazebo//worlds/turtlebot3_house.world\n'}
[9.456841] (-) TimerEvent: {}
[9.473165] (turtlebot3_gazebo) StdoutLine: {'line': b'-- Up-to-date symlink: /home/ubuntu/ros_ws/ros2/project/turtlebot3_gazebo/install/turtlebot3_gazebo/share/turtlebot3_gazebo//worlds/turtlebot3_world.world\n'}
[9.548853] (turtlebot3_gazebo) StdoutLine: {'line': b'-- Up-to-date symlink: /home/ubuntu/ros_ws/ros2/project/turtlebot3_gazebo/install/turtlebot3_gazebo/include//turtlebot3_gazebo/obstacle1.hpp\n'}
[9.556997] (-) TimerEvent: {}
[9.581750] (turtlebot3_gazebo) StdoutLine: {'line': b'-- Up-to-date symlink: /home/ubuntu/ros_ws/ros2/project/turtlebot3_gazebo/install/turtlebot3_gazebo/include//turtlebot3_gazebo/obstacle2.hpp\n'}
[9.613794] (turtlebot3_gazebo) StdoutLine: {'line': b'-- Up-to-date symlink: /home/ubuntu/ros_ws/ros2/project/turtlebot3_gazebo/install/turtlebot3_gazebo/include//turtlebot3_gazebo/obstacles.hpp\n'}
[9.644820] (turtlebot3_gazebo) StdoutLine: {'line': b'-- Up-to-date symlink: /home/ubuntu/ros_ws/ros2/project/turtlebot3_gazebo/install/turtlebot3_gazebo/include//turtlebot3_gazebo/traffic_bar_plugin.hpp\n'}
[9.657866] (-) TimerEvent: {}
[9.674619] (turtlebot3_gazebo) StdoutLine: {'line': b'-- Up-to-date symlink: /home/ubuntu/ros_ws/ros2/project/turtlebot3_gazebo/install/turtlebot3_gazebo/include//turtlebot3_gazebo/traffic_light_plugin.hpp\n'}
[9.708340] (turtlebot3_gazebo) StdoutLine: {'line': b'-- Up-to-date symlink: /home/ubuntu/ros_ws/ros2/project/turtlebot3_gazebo/install/turtlebot3_gazebo/include//turtlebot3_gazebo/turtlebot3_drive.hpp\n'}
[9.758143] (-) TimerEvent: {}
[9.777902] (turtlebot3_gazebo) StdoutLine: {'line': b'-- Up-to-date symlink: /home/ubuntu/ros_ws/ros2/project/turtlebot3_gazebo/install/turtlebot3_gazebo/share/ament_index/resource_index/package_run_dependencies/turtlebot3_gazebo\n'}
[9.848225] (turtlebot3_gazebo) StdoutLine: {'line': b'-- Up-to-date symlink: /home/ubuntu/ros_ws/ros2/project/turtlebot3_gazebo/install/turtlebot3_gazebo/share/ament_index/resource_index/parent_prefix_path/turtlebot3_gazebo\n'}
[9.858526] (-) TimerEvent: {}
[9.881567] (turtlebot3_gazebo) StdoutLine: {'line': b'-- Up-to-date symlink: /home/ubuntu/ros_ws/ros2/project/turtlebot3_gazebo/install/turtlebot3_gazebo/share/turtlebot3_gazebo/environment/ament_prefix_path.sh\n'}
[9.917487] (turtlebot3_gazebo) StdoutLine: {'line': b'-- Up-to-date symlink: /home/ubuntu/ros_ws/ros2/project/turtlebot3_gazebo/install/turtlebot3_gazebo/share/turtlebot3_gazebo/environment/ament_prefix_path.dsv\n'}
[9.953549] (turtlebot3_gazebo) StdoutLine: {'line': b'-- Up-to-date symlink: /home/ubuntu/ros_ws/ros2/project/turtlebot3_gazebo/install/turtlebot3_gazebo/share/turtlebot3_gazebo/environment/path.sh\n'}
[9.958750] (-) TimerEvent: {}
[9.988329] (turtlebot3_gazebo) StdoutLine: {'line': b'-- Up-to-date symlink: /home/ubuntu/ros_ws/ros2/project/turtlebot3_gazebo/install/turtlebot3_gazebo/share/turtlebot3_gazebo/environment/path.dsv\n'}
[10.017222] (turtlebot3_gazebo) StdoutLine: {'line': b'-- Up-to-date symlink: /home/ubuntu/ros_ws/ros2/project/turtlebot3_gazebo/install/turtlebot3_gazebo/share/turtlebot3_gazebo/local_setup.bash\n'}
[10.044661] (turtlebot3_gazebo) StdoutLine: {'line': b'-- Up-to-date symlink: /home/ubuntu/ros_ws/ros2/project/turtlebot3_gazebo/install/turtlebot3_gazebo/share/turtlebot3_gazebo/local_setup.sh\n'}
[10.059049] (-) TimerEvent: {}
[10.076139] (turtlebot3_gazebo) StdoutLine: {'line': b'-- Up-to-date symlink: /home/ubuntu/ros_ws/ros2/project/turtlebot3_gazebo/install/turtlebot3_gazebo/share/turtlebot3_gazebo/local_setup.zsh\n'}
[10.108317] (turtlebot3_gazebo) StdoutLine: {'line': b'-- Up-to-date symlink: /home/ubuntu/ros_ws/ros2/project/turtlebot3_gazebo/install/turtlebot3_gazebo/share/turtlebot3_gazebo/local_setup.dsv\n'}
[10.123013] (turtlebot3_gazebo) StdoutLine: {'line': b'-- Symlinking: /home/ubuntu/ros_ws/ros2/project/turtlebot3_gazebo/install/turtlebot3_gazebo/share/turtlebot3_gazebo/package.dsv\n'}
[10.160303] (-) TimerEvent: {}
[10.239382] (turtlebot3_gazebo) StdoutLine: {'line': b'-- Up-to-date symlink: /home/ubuntu/ros_ws/ros2/project/turtlebot3_gazebo/install/turtlebot3_gazebo/share/ament_index/resource_index/packages/turtlebot3_gazebo\n'}
[10.260694] (-) TimerEvent: {}
[10.269655] (turtlebot3_gazebo) StdoutLine: {'line': b'-- Up-to-date symlink: /home/ubuntu/ros_ws/ros2/project/turtlebot3_gazebo/install/turtlebot3_gazebo/share/turtlebot3_gazebo/cmake/ament_cmake_export_include_directories-extras.cmake\n'}
[10.305283] (turtlebot3_gazebo) StdoutLine: {'line': b'-- Up-to-date symlink: /home/ubuntu/ros_ws/ros2/project/turtlebot3_gazebo/install/turtlebot3_gazebo/share/turtlebot3_gazebo/cmake/ament_cmake_export_dependencies-extras.cmake\n'}
[10.335380] (turtlebot3_gazebo) StdoutLine: {'line': b'-- Up-to-date symlink: /home/ubuntu/ros_ws/ros2/project/turtlebot3_gazebo/install/turtlebot3_gazebo/share/turtlebot3_gazebo/cmake/turtlebot3_gazeboConfig.cmake\n'}
[10.361125] (-) TimerEvent: {}
[10.365998] (turtlebot3_gazebo) StdoutLine: {'line': b'-- Up-to-date symlink: /home/ubuntu/ros_ws/ros2/project/turtlebot3_gazebo/install/turtlebot3_gazebo/share/turtlebot3_gazebo/cmake/turtlebot3_gazeboConfig-version.cmake\n'}
[10.387683] (turtlebot3_gazebo) StdoutLine: {'line': b'-- Up-to-date symlink: /home/ubuntu/ros_ws/ros2/project/turtlebot3_gazebo/install/turtlebot3_gazebo/share/turtlebot3_gazebo/package.xml\n'}
[10.393550] (turtlebot3_gazebo) CommandEnded: {'returncode': 0}
[10.461292] (-) TimerEvent: {}
[10.561867] (-) TimerEvent: {}
[10.663031] (-) TimerEvent: {}
[10.763929] (-) TimerEvent: {}
[10.866840] (-) TimerEvent: {}
[10.967641] (-) TimerEvent: {}
[11.083773] (-) TimerEvent: {}
[11.188036] (-) TimerEvent: {}
[11.289103] (-) TimerEvent: {}
[11.360309] (turtlebot3_gazebo) JobEnded: {'identifier': 'turtlebot3_gazebo', 'rc': 0}
[11.370970] (-) EventReactorShutdown: {}
