[0.000000] (-) TimerEvent: {}
[0.001118] (turtlebot3_gazebo) JobQueued: {'identifier': 'turtlebot3_gazebo', 'dependencies': OrderedDict()}
[0.001782] (turtlebot3_gazebo) JobStarted: {'identifier': 'turtlebot3_gazebo'}
[0.092817] (-) TimerEvent: {}
[0.194778] (-) TimerEvent: {}
[0.217570] (turtlebot3_gazebo) JobProgress: {'identifier': 'turtlebot3_gazebo', 'progress': 'cmake'}
[0.295213] (-) TimerEvent: {}
[0.359003] (turtlebot3_gazebo) JobProgress: {'identifier': 'turtlebot3_gazebo', 'progress': 'build'}
[0.375424] (turtlebot3_gazebo) Command: {'cmd': ['/usr/bin/cmake', '--build', '/home/ubuntu/ros_ws/ros2/project/turtlebot3_gazebo/build/turtlebot3_gazebo', '--', '-j12', '-l12'], 'cwd': '/home/ubuntu/ros_ws/ros2/project/turtlebot3_gazebo/build/turtlebot3_gazebo', 'env': OrderedDict([('USER', 'ubuntu'), ('HOSTNAME', 'b150323c0b6d'), ('GIT_ASKPASS', '/home/ubuntu/.vscode-server/bin/8b640eef5a6c6089c029249d48efa5c99adf7d51/extensions/git/dist/askpass.sh'), ('SHLVL', '2'), ('LD_LIBRARY_PATH', '/usr/lib/x86_64-linux-gnu/gazebo-11/plugins:/opt/ros/humble/opt/rviz_ogre_vendor/lib:/opt/ros/humble/lib/x86_64-linux-gnu:/opt/ros/humble/lib'), ('BROWSER', '/home/ubuntu/.vscode-server/bin/8b640eef5a6c6089c029249d48efa5c99adf7d51/bin/helpers/browser.sh'), ('HOME', '/home/ubuntu'), ('OLDPWD', '/home/ubuntu/ros_ws/ros2/project'), ('TERM_PROGRAM_VERSION', '1.119.0'), ('VSCODE_IPC_HOOK_CLI', '/tmp/vscode-ipc-0fa137ad-5b8a-4fa1-80ee-8fac8ea28a79.sock'), ('ROS_PYTHON_VERSION', '3'), ('GTK_MODULES', 'appmenu-gtk-module'), ('VSCODE_GIT_ASKPASS_MAIN', '/home/ubuntu/.vscode-server/bin/8b640eef5a6c6089c029249d48efa5c99adf7d51/extensions/git/dist/askpass-main.js'), ('VSCODE_GIT_ASKPASS_NODE', '/home/ubuntu/.vscode-server/bin/8b640eef5a6c6089c029249d48efa5c99adf7d51/node'), ('LC_CTYPE', 'C.UTF-8'), ('VSCODE_PYTHON_AUTOACTIVATE_GUARD', '1'), ('COLORTERM', 'truecolor'), ('REMOTE_CONTAINERS', 'true'), ('UBUNTU_MENUPROXY', '1'), ('COLCON_PREFIX_PATH', '/home/ubuntu/ros_ws/ros2/project/turtlebot3_gazebo/install'), ('ROS_DISTRO', 'humble'), ('REMOTE_CONTAINERS_IPC', '/tmp/vscode-remote-containers-ipc-23d825ec-b171-49e9-be9a-eb78ec22de4b.sock'), ('_', '/usr/bin/colcon'), ('ROS_VERSION', '2'), ('TERM', 'xterm-256color'), ('ROS_LOCALHOST_ONLY', '0'), ('PATH', '/opt/ros/humble/bin:/home/ubuntu/.vscode-server/bin/8b640eef5a6c6089c029249d48efa5c99adf7d51/bin/remote-cli:/usr/local/sbin:/usr/local/bin:/usr/sbin:/usr/bin:/sbin:/bin:/snap/bin'), ('REMOTE_CONTAINERS_SOCKETS', '["/tmp/.X11-unix/X6","/home/ubuntu/.gnupg/S.gpg-agent"]'), ('DISPLAY', ':6'), ('LANG', 'en_US.UTF-8'), ('VSCODE_GIT_IPC_HANDLE', '/tmp/vscode-git-d39315ff29.sock'), ('TERM_PROGRAM', 'vscode'), ('AMENT_PREFIX_PATH', '/home/ubuntu/ros_ws/ros2/project/turtlebot3_gazebo/install/turtlebot3_gazebo:/opt/ros/humble'), ('REMOTE_CONTAINERS_DISPLAY_SOCK', '/tmp/.X11-unix/X6'), ('SHELL', '/bin/bash'), ('PASSWD', 'ubuntu'), ('VSCODE_GIT_ASKPASS_EXTRA_ARGS', ''), ('PWD', '/home/ubuntu/ros_ws/ros2/project/turtlebot3_gazebo/build/turtlebot3_gazebo'), ('TURTLEBOT3_MODEL', 'waffle_pi'), ('XDG_DATA_DIRS', '/usr/share/gnome:/home/ubuntu/.local/share/flatpak/exports/share:/var/lib/flatpak/exports/share:/usr/local/share:/usr/share:/var/lib/snapd/desktop'), ('PYTHONPATH', '/opt/ros/humble/lib/python3.10/site-packages:/opt/ros/humble/local/lib/python3.10/dist-packages'), ('COLCON', '1'), ('CMAKE_PREFIX_PATH', '/home/ubuntu/ros_ws/ros2/project/turtlebot3_gazebo/install/turtlebot3_gazebo:/opt/ros/humble')]), 'shell': False}
[0.455611] (-) TimerEvent: {}
[0.556881] (-) TimerEvent: {}
[0.658358] (-) TimerEvent: {}
[0.759312] (-) TimerEvent: {}
[0.861858] (-) TimerEvent: {}
[0.966317] (-) TimerEvent: {}
[1.067684] (-) TimerEvent: {}
[1.172145] (-) TimerEvent: {}
[1.238429] (turtlebot3_gazebo) StdoutLine: {'line': b'[ 16%] Built target turtlebot3_drive\n'}
[1.272447] (-) TimerEvent: {}
[1.374664] (-) TimerEvent: {}
[1.430590] (turtlebot3_gazebo) StdoutLine: {'line': b'[ 91%] Built target traffic_light_plugin\n'}
[1.439563] (turtlebot3_gazebo) StdoutLine: {'line': b'[100%] Built target obstacle2\n'}
[1.445094] (turtlebot3_gazebo) StdoutLine: {'line': b'[100%] Built target traffic_bar_plugin\n'}
[1.448138] (turtlebot3_gazebo) StdoutLine: {'line': b'[100%] Built target obstacle1\n'}
[1.451152] (turtlebot3_gazebo) StdoutLine: {'line': b'[100%] Built target obstacles\n'}
[1.474933] (-) TimerEvent: {}
[1.577095] (-) TimerEvent: {}
[1.679083] (-) TimerEvent: {}
[1.739739] (turtlebot3_gazebo) CommandEnded: {'returncode': 0}
[1.782117] (-) TimerEvent: {}
[1.802874] (turtlebot3_gazebo) JobProgress: {'identifier': 'turtlebot3_gazebo', 'progress': 'install'}
[1.829485] (turtlebot3_gazebo) Command: {'cmd': ['/usr/bin/cmake', '--install', '/home/ubuntu/ros_ws/ros2/project/turtlebot3_gazebo/build/turtlebot3_gazebo'], 'cwd': '/home/ubuntu/ros_ws/ros2/project/turtlebot3_gazebo/build/turtlebot3_gazebo', 'env': OrderedDict([('USER', 'ubuntu'), ('HOSTNAME', 'b150323c0b6d'), ('GIT_ASKPASS', '/home/ubuntu/.vscode-server/bin/8b640eef5a6c6089c029249d48efa5c99adf7d51/extensions/git/dist/askpass.sh'), ('SHLVL', '2'), ('LD_LIBRARY_PATH', '/usr/lib/x86_64-linux-gnu/gazebo-11/plugins:/opt/ros/humble/opt/rviz_ogre_vendor/lib:/opt/ros/humble/lib/x86_64-linux-gnu:/opt/ros/humble/lib'), ('BROWSER', '/home/ubuntu/.vscode-server/bin/8b640eef5a6c6089c029249d48efa5c99adf7d51/bin/helpers/browser.sh'), ('HOME', '/home/ubuntu'), ('OLDPWD', '/home/ubuntu/ros_ws/ros2/project'), ('TERM_PROGRAM_VERSION', '1.119.0'), ('VSCODE_IPC_HOOK_CLI', '/tmp/vscode-ipc-0fa137ad-5b8a-4fa1-80ee-8fac8ea28a79.sock'), ('ROS_PYTHON_VERSION', '3'), ('GTK_MODULES', 'appmenu-gtk-module'), ('VSCODE_GIT_ASKPASS_MAIN', '/home/ubuntu/.vscode-server/bin/8b640eef5a6c6089c029249d48efa5c99adf7d51/extensions/git/dist/askpass-main.js'), ('VSCODE_GIT_ASKPASS_NODE', '/home/ubuntu/.vscode-server/bin/8b640eef5a6c6089c029249d48efa5c99adf7d51/node'), ('LC_CTYPE', 'C.UTF-8'), ('VSCODE_PYTHON_AUTOACTIVATE_GUARD', '1'), ('COLORTERM', 'truecolor'), ('REMOTE_CONTAINERS', 'true'), ('UBUNTU_MENUPROXY', '1'), ('COLCON_PREFIX_PATH', '/home/ubuntu/ros_ws/ros2/project/turtlebot3_gazebo/install'), ('ROS_DISTRO', 'humble'), ('REMOTE_CONTAINERS_IPC', '/tmp/vscode-remote-containers-ipc-23d825ec-b171-49e9-be9a-eb78ec22de4b.sock'), ('_', '/usr/bin/colcon'), ('ROS_VERSION', '2'), ('TERM', 'xterm-256color'), ('ROS_LOCALHOST_ONLY', '0'), ('PATH', '/opt/ros/humble/bin:/home/ubuntu/.vscode-server/bin/8b640eef5a6c6089c029249d48efa5c99adf7d51/bin/remote-cli:/usr/local/sbin:/usr/local/bin:/usr/sbin:/usr/bin:/sbin:/bin:/snap/bin'), ('REMOTE_CONTAINERS_SOCKETS', '["/tmp/.X11-unix/X6","/home/ubuntu/.gnupg/S.gpg-agent"]'), ('DISPLAY', ':6'), ('LANG', 'en_US.UTF-8'), ('VSCODE_GIT_IPC_HANDLE', '/tmp/vscode-git-d39315ff29.sock'), ('TERM_PROGRAM', 'vscode'), ('AMENT_PREFIX_PATH', '/home/ubuntu/ros_ws/ros2/project/turtlebot3_gazebo/install/turtlebot3_gazebo:/opt/ros/humble'), ('REMOTE_CONTAINERS_DISPLAY_SOCK', '/tmp/.X11-unix/X6'), ('SHELL', '/bin/bash'), ('PASSWD', 'ubuntu'), ('VSCODE_GIT_ASKPASS_EXTRA_ARGS', ''), ('PWD', '/home/ubuntu/ros_ws/ros2/project/turtlebot3_gazebo/build/turtlebot3_gazebo'), ('TURTLEBOT3_MODEL', 'waffle_pi'), ('XDG_DATA_DIRS', '/usr/share/gnome:/home/ubuntu/.local/share/flatpak/exports/share:/var/lib/flatpak/exports/share:/usr/local/share:/usr/share:/var/lib/snapd/desktop'), ('PYTHONPATH', '/opt/ros/humble/lib/python3.10/site-packages:/opt/ros/humble/local/lib/python3.10/dist-packages'), ('COLCON', '1'), ('CMAKE_PREFIX_PATH', '/home/ubuntu/ros_ws/ros2/project/turtlebot3_gazebo/install/turtlebot3_gazebo:/opt/ros/humble')]), 'shell': False}
[1.850012] (turtlebot3_gazebo) StdoutLine: {'line': b'-- Install configuration: ""\n'}
[1.875441] (turtlebot3_gazebo) StdoutLine: {'line': b'-- Execute custom install script\n'}
[1.882553] (-) TimerEvent: {}
[1.944019] (turtlebot3_gazebo) StdoutLine: {'line': b'-- Up-to-date symlink: /home/ubuntu/ros_ws/ros2/project/turtlebot3_gazebo/install/turtlebot3_gazebo/lib/turtlebot3_gazebo/turtlebot3_drive\n'}
[1.984277] (-) TimerEvent: {}
[2.053018] (turtlebot3_gazebo) StdoutLine: {'line': b'-- Up-to-date symlink: /home/ubuntu/ros_ws/ros2/project/turtlebot3_gazebo/install/turtlebot3_gazebo/share/turtlebot3_gazebo//launch/empty_world.launch.py\n'}
[2.091162] (-) TimerEvent: {}
[2.095189] (turtlebot3_gazebo) StdoutLine: {'line': b'-- Up-to-date symlink: /home/ubuntu/ros_ws/ros2/project/turtlebot3_gazebo/install/turtlebot3_gazebo/share/turtlebot3_gazebo//launch/multi_robot.launch.py\n'}
[2.135855] (turtlebot3_gazebo) StdoutLine: {'line': b'-- Up-to-date symlink: /home/ubuntu/ros_ws/ros2/project/turtlebot3_gazebo/install/turtlebot3_gazebo/share/turtlebot3_gazebo//launch/multi_spawn_turtlebot3.launch.py\n'}
[2.181850] (turtlebot3_gazebo) StdoutLine: {'line': b'-- Up-to-date symlink: /home/ubuntu/ros_ws/ros2/project/turtlebot3_gazebo/install/turtlebot3_gazebo/share/turtlebot3_gazebo//launch/robot_state_publisher.launch.py\n'}
[2.191878] (-) TimerEvent: {}
[2.236676] (turtlebot3_gazebo) StdoutLine: {'line': b'-- Up-to-date symlink: /home/ubuntu/ros_ws/ros2/project/turtlebot3_gazebo/install/turtlebot3_gazebo/share/turtlebot3_gazebo//launch/spawn_turtlebot3.launch.py\n'}
[2.280964] (turtlebot3_gazebo) StdoutLine: {'line': b'-- Up-to-date symlink: /home/ubuntu/ros_ws/ros2/project/turtlebot3_gazebo/install/turtlebot3_gazebo/share/turtlebot3_gazebo//launch/turtlebot3_autorace_2020.launch.py\n'}
[2.292141] (-) TimerEvent: {}
[2.331831] (turtlebot3_gazebo) StdoutLine: {'line': b'-- Up-to-date symlink: /home/ubuntu/ros_ws/ros2/project/turtlebot3_gazebo/install/turtlebot3_gazebo/share/turtlebot3_gazebo//launch/turtlebot3_dqn_stage1.launch.py\n'}
[2.378583] (turtlebot3_gazebo) StdoutLine: {'line': b'-- Up-to-date symlink: /home/ubuntu/ros_ws/ros2/project/turtlebot3_gazebo/install/turtlebot3_gazebo/share/turtlebot3_gazebo//launch/turtlebot3_dqn_stage2.launch.py\n'}
[2.393059] (-) TimerEvent: {}
[2.420871] (turtlebot3_gazebo) StdoutLine: {'line': b'-- Up-to-date symlink: /home/ubuntu/ros_ws/ros2/project/turtlebot3_gazebo/install/turtlebot3_gazebo/share/turtlebot3_gazebo//launch/turtlebot3_dqn_stage3.launch.py\n'}
[2.484060] (turtlebot3_gazebo) StdoutLine: {'line': b'-- Up-to-date symlink: /home/ubuntu/ros_ws/ros2/project/turtlebot3_gazebo/install/turtlebot3_gazebo/share/turtlebot3_gazebo//launch/turtlebot3_dqn_stage4.launch.py\n'}
[2.493695] (-) TimerEvent: {}
[2.590656] (turtlebot3_gazebo) StdoutLine: {'line': b'-- Up-to-date symlink: /home/ubuntu/ros_ws/ros2/project/turtlebot3_gazebo/install/turtlebot3_gazebo/share/turtlebot3_gazebo//launch/turtlebot3_house.launch.py\n'}
[2.593865] (-) TimerEvent: {}
[2.643347] (turtlebot3_gazebo) StdoutLine: {'line': b'-- Up-to-date symlink: /home/ubuntu/ros_ws/ros2/project/turtlebot3_gazebo/install/turtlebot3_gazebo/share/turtlebot3_gazebo//launch/turtlebot3_world.launch.py\n'}
[2.696046] (-) TimerEvent: {}
[2.798773] (-) TimerEvent: {}
[2.901270] (-) TimerEvent: {}
[3.003672] (-) TimerEvent: {}
[3.104876] (-) TimerEvent: {}
[3.207417] (-) TimerEvent: {}
[3.310348] (-) TimerEvent: {}
[3.413556] (-) TimerEvent: {}
[3.520312] (-) TimerEvent: {}
[3.622598] (-) TimerEvent: {}
[3.724487] (-) TimerEvent: {}
[3.826917] (-) TimerEvent: {}
[3.930566] (-) TimerEvent: {}
[4.032557] (-) TimerEvent: {}
[4.134600] (-) TimerEvent: {}
[4.237443] (-) TimerEvent: {}
[4.340130] (-) TimerEvent: {}
[4.443065] (-) TimerEvent: {}
[4.545969] (-) TimerEvent: {}
[4.647185] (-) TimerEvent: {}
[4.748956] (-) TimerEvent: {}
[4.850785] (-) TimerEvent: {}
[4.952465] (-) TimerEvent: {}
[5.054739] (-) TimerEvent: {}
[5.170949] (-) TimerEvent: {}
[5.272574] (-) TimerEvent: {}
[5.375044] (-) TimerEvent: {}
[5.477332] (-) TimerEvent: {}
[5.578831] (-) TimerEvent: {}
[5.680737] (-) TimerEvent: {}
[5.782565] (-) TimerEvent: {}
[5.884986] (-) TimerEvent: {}
[5.986979] (-) TimerEvent: {}
[6.069602] (turtlebot3_gazebo) CommandEnded: {'returncode': -2}
[6.087529] (-) TimerEvent: {}
[6.189330] (-) TimerEvent: {}
[6.291809] (-) TimerEvent: {}
[6.394050] (-) TimerEvent: {}
[6.496917] (-) TimerEvent: {}
[6.599814] (-) TimerEvent: {}
[6.701576] (-) TimerEvent: {}
[6.804324] (-) TimerEvent: {}
[6.906604] (-) TimerEvent: {}
[7.017886] (-) TimerEvent: {}
[7.137372] (-) TimerEvent: {}
[7.239975] (-) TimerEvent: {}
[7.343006] (-) TimerEvent: {}
[7.445204] (-) TimerEvent: {}
[7.547514] (-) TimerEvent: {}
[7.649508] (-) TimerEvent: {}
[7.750832] (-) TimerEvent: {}
[7.852559] (-) TimerEvent: {}
[7.956203] (-) TimerEvent: {}
[8.058456] (-) TimerEvent: {}
[8.160716] (-) TimerEvent: {}
[8.265248] (-) TimerEvent: {}
[8.368065] (-) TimerEvent: {}
[8.381429] (turtlebot3_gazebo) JobEnded: {'identifier': 'turtlebot3_gazebo', 'rc': 'SIGINT'}
[8.431977] (-) EventReactorShutdown: {}
